ERROR - 2023-11-04 02:14:47 --> Error connecting to the database: mysqli_sql_exception: Connection refused in /Users/mymac/Documents/semester 5/ecomer/Bimbel-ecom/system/Database/MySQLi/Connection.php:170
Stack trace:
#0 /Users/mymac/Documents/semester 5/ecomer/Bimbel-ecom/system/Database/MySQLi/Connection.php(170): mysqli->real_connect('127.0.0.1', 'root', Object(SensitiveParameterValue), 'bimbel_rangking', 3306, '', 0)
#1 /Users/mymac/Documents/semester 5/ecomer/Bimbel-ecom/system/Database/BaseConnection.php(382): CodeIgniter\Database\MySQLi\Connection->connect(false)
#2 /Users/mymac/Documents/semester 5/ecomer/Bimbel-ecom/system/Database/BaseConnection.php(561): CodeIgniter\Database\BaseConnection->initialize()
#3 /Users/mymac/Documents/semester 5/ecomer/Bimbel-ecom/system/Database/BaseBuilder.php(1585): CodeIgniter\Database\BaseConnection->query('SELECT *\nFROM `...', Array, false)
#4 /Users/mymac/Documents/semester 5/ecomer/Bimbel-ecom/system/Model.php(223): CodeIgniter\Database\BaseBuilder->get()
#5 /Users/mymac/Documents/semester 5/ecomer/Bimbel-ecom/system/BaseModel.php(585): CodeIgniter\Model->doFindAll(0, 0)
#6 /Users/mymac/Documents/semester 5/ecomer/Bimbel-ecom/app/Controllers/User.php(15): CodeIgniter\BaseModel->findAll()
#7 /Users/mymac/Documents/semester 5/ecomer/Bimbel-ecom/system/CodeIgniter.php(927): App\Controllers\User->index()
#8 /Users/mymac/Documents/semester 5/ecomer/Bimbel-ecom/system/CodeIgniter.php(482): CodeIgniter\CodeIgniter->runController(Object(App\Controllers\User))
#9 /Users/mymac/Documents/semester 5/ecomer/Bimbel-ecom/system/CodeIgniter.php(351): CodeIgniter\CodeIgniter->handleRequest(NULL, Object(Config\Cache), false)
#10 /Users/mymac/Documents/semester 5/ecomer/Bimbel-ecom/public/index.php(67): CodeIgniter\CodeIgniter->run()
#11 /Users/mymac/Documents/semester 5/ecomer/Bimbel-ecom/system/Commands/Server/rewrite.php(46): require_once('/Users/mymac/Do...')
#12 {main}

Next CodeIgniter\Database\Exceptions\DatabaseException: Connection refused in /Users/mymac/Documents/semester 5/ecomer/Bimbel-ecom/system/Database/MySQLi/Connection.php:215
Stack trace:
#0 /Users/mymac/Documents/semester 5/ecomer/Bimbel-ecom/system/Database/BaseConnection.php(382): CodeIgniter\Database\MySQLi\Connection->connect(false)
#1 /Users/mymac/Documents/semester 5/ecomer/Bimbel-ecom/system/Database/BaseConnection.php(561): CodeIgniter\Database\BaseConnection->initialize()
#2 /Users/mymac/Documents/semester 5/ecomer/Bimbel-ecom/system/Database/BaseBuilder.php(1585): CodeIgniter\Database\BaseConnection->query('SELECT *\nFROM `...', Array, false)
#3 /Users/mymac/Documents/semester 5/ecomer/Bimbel-ecom/system/Model.php(223): CodeIgniter\Database\BaseBuilder->get()
#4 /Users/mymac/Documents/semester 5/ecomer/Bimbel-ecom/system/BaseModel.php(585): CodeIgniter\Model->doFindAll(0, 0)
#5 /Users/mymac/Documents/semester 5/ecomer/Bimbel-ecom/app/Controllers/User.php(15): CodeIgniter\BaseModel->findAll()
#6 /Users/mymac/Documents/semester 5/ecomer/Bimbel-ecom/system/CodeIgniter.php(927): App\Controllers\User->index()
#7 /Users/mymac/Documents/semester 5/ecomer/Bimbel-ecom/system/CodeIgniter.php(482): CodeIgniter\CodeIgniter->runController(Object(App\Controllers\User))
#8 /Users/mymac/Documents/semester 5/ecomer/Bimbel-ecom/system/CodeIgniter.php(351): CodeIgniter\CodeIgniter->handleRequest(NULL, Object(Config\Cache), false)
#9 /Users/mymac/Documents/semester 5/ecomer/Bimbel-ecom/public/index.php(67): CodeIgniter\CodeIgniter->run()
#10 /Users/mymac/Documents/semester 5/ecomer/Bimbel-ecom/system/Commands/Server/rewrite.php(46): require_once('/Users/mymac/Do...')
#11 {main}
CRITICAL - 2023-11-04 02:14:47 --> Unable to connect to the database.
Main connection [MySQLi]: Connection refused
in SYSTEMPATH/Database/BaseConnection.php on line 418.
 1 SYSTEMPATH/Database/BaseConnection.php(561): CodeIgniter\Database\BaseConnection->initialize()
 2 SYSTEMPATH/Database/BaseBuilder.php(1585): CodeIgniter\Database\BaseConnection->query('SELECT *
FROM `daftar`', [], false)
 3 SYSTEMPATH/Model.php(223): CodeIgniter\Database\BaseBuilder->get()
 4 SYSTEMPATH/BaseModel.php(585): CodeIgniter\Model->doFindAll(0, 0)
 5 APPPATH/Controllers/User.php(15): CodeIgniter\BaseModel->findAll()
 6 SYSTEMPATH/CodeIgniter.php(927): App\Controllers\User->index()
 7 SYSTEMPATH/CodeIgniter.php(482): CodeIgniter\CodeIgniter->runController(Object(App\Controllers\User))
 8 SYSTEMPATH/CodeIgniter.php(351): CodeIgniter\CodeIgniter->handleRequest(null, Object(Config\Cache), false)
 9 FCPATH/index.php(67): CodeIgniter\CodeIgniter->run()
10 SYSTEMPATH/Commands/Server/rewrite.php(46): require_once('FCPATH/index.php')
ERROR - 2023-11-04 02:14:47 --> Error connecting to the database: mysqli_sql_exception: Connection refused in /Users/mymac/Documents/semester 5/ecomer/Bimbel-ecom/system/Database/MySQLi/Connection.php:170
Stack trace:
#0 /Users/mymac/Documents/semester 5/ecomer/Bimbel-ecom/system/Database/MySQLi/Connection.php(170): mysqli->real_connect('127.0.0.1', 'root', Object(SensitiveParameterValue), 'bimbel_rangking', 3306, '', 0)
#1 /Users/mymac/Documents/semester 5/ecomer/Bimbel-ecom/system/Database/BaseConnection.php(382): CodeIgniter\Database\MySQLi\Connection->connect(false)
#2 /Users/mymac/Documents/semester 5/ecomer/Bimbel-ecom/system/Database/BaseConnection.php(561): CodeIgniter\Database\BaseConnection->initialize()
#3 /Users/mymac/Documents/semester 5/ecomer/Bimbel-ecom/system/Database/BaseBuilder.php(1585): CodeIgniter\Database\BaseConnection->query('SELECT *\nFROM `...', Array, false)
#4 /Users/mymac/Documents/semester 5/ecomer/Bimbel-ecom/system/Model.php(223): CodeIgniter\Database\BaseBuilder->get()
#5 /Users/mymac/Documents/semester 5/ecomer/Bimbel-ecom/system/BaseModel.php(585): CodeIgniter\Model->doFindAll(0, 0)
#6 /Users/mymac/Documents/semester 5/ecomer/Bimbel-ecom/app/Controllers/User.php(15): CodeIgniter\BaseModel->findAll()
#7 /Users/mymac/Documents/semester 5/ecomer/Bimbel-ecom/system/CodeIgniter.php(927): App\Controllers\User->index()
#8 /Users/mymac/Documents/semester 5/ecomer/Bimbel-ecom/system/CodeIgniter.php(482): CodeIgniter\CodeIgniter->runController(Object(App\Controllers\User))
#9 /Users/mymac/Documents/semester 5/ecomer/Bimbel-ecom/system/CodeIgniter.php(351): CodeIgniter\CodeIgniter->handleRequest(NULL, Object(Config\Cache), false)
#10 /Users/mymac/Documents/semester 5/ecomer/Bimbel-ecom/public/index.php(67): CodeIgniter\CodeIgniter->run()
#11 /Users/mymac/Documents/semester 5/ecomer/Bimbel-ecom/system/Commands/Server/rewrite.php(46): require_once('/Users/mymac/Do...')
#12 {main}

Next CodeIgniter\Database\Exceptions\DatabaseException: Connection refused in /Users/mymac/Documents/semester 5/ecomer/Bimbel-ecom/system/Database/MySQLi/Connection.php:215
Stack trace:
#0 /Users/mymac/Documents/semester 5/ecomer/Bimbel-ecom/system/Database/BaseConnection.php(382): CodeIgniter\Database\MySQLi\Connection->connect(false)
#1 /Users/mymac/Documents/semester 5/ecomer/Bimbel-ecom/system/Database/BaseConnection.php(561): CodeIgniter\Database\BaseConnection->initialize()
#2 /Users/mymac/Documents/semester 5/ecomer/Bimbel-ecom/system/Database/BaseBuilder.php(1585): CodeIgniter\Database\BaseConnection->query('SELECT *\nFROM `...', Array, false)
#3 /Users/mymac/Documents/semester 5/ecomer/Bimbel-ecom/system/Model.php(223): CodeIgniter\Database\BaseBuilder->get()
#4 /Users/mymac/Documents/semester 5/ecomer/Bimbel-ecom/system/BaseModel.php(585): CodeIgniter\Model->doFindAll(0, 0)
#5 /Users/mymac/Documents/semester 5/ecomer/Bimbel-ecom/app/Controllers/User.php(15): CodeIgniter\BaseModel->findAll()
#6 /Users/mymac/Documents/semester 5/ecomer/Bimbel-ecom/system/CodeIgniter.php(927): App\Controllers\User->index()
#7 /Users/mymac/Documents/semester 5/ecomer/Bimbel-ecom/system/CodeIgniter.php(482): CodeIgniter\CodeIgniter->runController(Object(App\Controllers\User))
#8 /Users/mymac/Documents/semester 5/ecomer/Bimbel-ecom/system/CodeIgniter.php(351): CodeIgniter\CodeIgniter->handleRequest(NULL, Object(Config\Cache), false)
#9 /Users/mymac/Documents/semester 5/ecomer/Bimbel-ecom/public/index.php(67): CodeIgniter\CodeIgniter->run()
#10 /Users/mymac/Documents/semester 5/ecomer/Bimbel-ecom/system/Commands/Server/rewrite.php(46): require_once('/Users/mymac/Do...')
#11 {main}
CRITICAL - 2023-11-04 02:14:47 --> Unable to connect to the database.
Main connection [MySQLi]: Connection refused
in SYSTEMPATH/Database/BaseConnection.php on line 418.
 1 SYSTEMPATH/Database/BaseConnection.php(561): CodeIgniter\Database\BaseConnection->initialize()
 2 SYSTEMPATH/Database/BaseBuilder.php(1585): CodeIgniter\Database\BaseConnection->query('SELECT *
FROM `daftar`', [], false)
 3 SYSTEMPATH/Model.php(223): CodeIgniter\Database\BaseBuilder->get()
 4 SYSTEMPATH/BaseModel.php(585): CodeIgniter\Model->doFindAll(0, 0)
 5 APPPATH/Controllers/User.php(15): CodeIgniter\BaseModel->findAll()
 6 SYSTEMPATH/CodeIgniter.php(927): App\Controllers\User->index()
 7 SYSTEMPATH/CodeIgniter.php(482): CodeIgniter\CodeIgniter->runController(Object(App\Controllers\User))
 8 SYSTEMPATH/CodeIgniter.php(351): CodeIgniter\CodeIgniter->handleRequest(null, Object(Config\Cache), false)
 9 FCPATH/index.php(67): CodeIgniter\CodeIgniter->run()
10 SYSTEMPATH/Commands/Server/rewrite.php(46): require_once('FCPATH/index.php')
CRITICAL - 2023-11-04 02:15:10 --> Trying to access array offset on value of type null
in APPPATH/Views/Admin/formemail.php on line 8.
 1 APPPATH/Views/Admin/formemail.php(8): CodeIgniter\Debug\Exceptions->errorHandler(2, 'Trying to access array offset on value of type null', 'APPPATH/Views/Admin/formemail.php', 8)
 2 SYSTEMPATH/View/View.php(213): include('APPPATH/Views/Admin/formemail.php')
 3 SYSTEMPATH/View/View.php(216): CodeIgniter\View\View->CodeIgniter\View\{closure}()
 4 SYSTEMPATH/Common.php(1134): CodeIgniter\View\View->render('Admin/formemail', [], true)
 5 APPPATH/Controllers/Rangking.php(188): view('Admin/formemail', [...])
 6 SYSTEMPATH/CodeIgniter.php(927): App\Controllers\Rangking->formemail('18')
 7 SYSTEMPATH/CodeIgniter.php(482): CodeIgniter\CodeIgniter->runController(Object(App\Controllers\Rangking))
 8 SYSTEMPATH/CodeIgniter.php(351): CodeIgniter\CodeIgniter->handleRequest(null, Object(Config\Cache), false)
 9 FCPATH/index.php(67): CodeIgniter\CodeIgniter->run()
10 SYSTEMPATH/Commands/Server/rewrite.php(46): require_once('FCPATH/index.php')
CRITICAL - 2023-11-04 05:31:17 --> Trying to access array offset on value of type null
in APPPATH/Views/Admin/formemail.php on line 8.
 1 APPPATH/Views/Admin/formemail.php(8): CodeIgniter\Debug\Exceptions->errorHandler(2, 'Trying to access array offset on value of type null', 'APPPATH/Views/Admin/formemail.php', 8)
 2 SYSTEMPATH/View/View.php(213): include('APPPATH/Views/Admin/formemail.php')
 3 SYSTEMPATH/View/View.php(216): CodeIgniter\View\View->CodeIgniter\View\{closure}()
 4 SYSTEMPATH/Common.php(1134): CodeIgniter\View\View->render('Admin/formemail', [], true)
 5 APPPATH/Controllers/Rangking.php(188): view('Admin/formemail', [...])
 6 SYSTEMPATH/CodeIgniter.php(927): App\Controllers\Rangking->formemail('18')
 7 SYSTEMPATH/CodeIgniter.php(482): CodeIgniter\CodeIgniter->runController(Object(App\Controllers\Rangking))
 8 SYSTEMPATH/CodeIgniter.php(351): CodeIgniter\CodeIgniter->handleRequest(null, Object(Config\Cache), false)
 9 FCPATH/index.php(67): CodeIgniter\CodeIgniter->run()
10 SYSTEMPATH/Commands/Server/rewrite.php(46): require_once('FCPATH/index.php')
CRITICAL - 2023-11-04 05:31:22 --> Trying to access array offset on value of type null
in APPPATH/Views/Admin/formemail.php on line 8.
 1 APPPATH/Views/Admin/formemail.php(8): CodeIgniter\Debug\Exceptions->errorHandler(2, 'Trying to access array offset on value of type null', 'APPPATH/Views/Admin/formemail.php', 8)
 2 SYSTEMPATH/View/View.php(213): include('APPPATH/Views/Admin/formemail.php')
 3 SYSTEMPATH/View/View.php(216): CodeIgniter\View\View->CodeIgniter\View\{closure}()
 4 SYSTEMPATH/Common.php(1134): CodeIgniter\View\View->render('Admin/formemail', [], true)
 5 APPPATH/Controllers/Rangking.php(188): view('Admin/formemail', [...])
 6 SYSTEMPATH/CodeIgniter.php(927): App\Controllers\Rangking->formemail('FCPATH/assets', 'static', 'FCPATH/js', 'initTheme.js')
 7 SYSTEMPATH/CodeIgniter.php(482): CodeIgniter\CodeIgniter->runController(Object(App\Controllers\Rangking))
 8 SYSTEMPATH/CodeIgniter.php(351): CodeIgniter\CodeIgniter->handleRequest(null, Object(Config\Cache), false)
 9 FCPATH/index.php(67): CodeIgniter\CodeIgniter->run()
10 SYSTEMPATH/Commands/Server/rewrite.php(46): require_once('FCPATH/index.php')
CRITICAL - 2023-11-04 05:31:22 --> Trying to access array offset on value of type null
in APPPATH/Views/Admin/formemail.php on line 8.
 1 APPPATH/Views/Admin/formemail.php(8): CodeIgniter\Debug\Exceptions->errorHandler(2, 'Trying to access array offset on value of type null', 'APPPATH/Views/Admin/formemail.php', 8)
 2 SYSTEMPATH/View/View.php(213): include('APPPATH/Views/Admin/formemail.php')
 3 SYSTEMPATH/View/View.php(216): CodeIgniter\View\View->CodeIgniter\View\{closure}()
 4 SYSTEMPATH/Common.php(1134): CodeIgniter\View\View->render('Admin/formemail', [], true)
 5 APPPATH/Controllers/Rangking.php(188): view('Admin/formemail', [...])
 6 SYSTEMPATH/CodeIgniter.php(927): App\Controllers\Rangking->formemail('FCPATH/assets', 'static', 'FCPATH/js', 'components', 'dark.js')
 7 SYSTEMPATH/CodeIgniter.php(482): CodeIgniter\CodeIgniter->runController(Object(App\Controllers\Rangking))
 8 SYSTEMPATH/CodeIgniter.php(351): CodeIgniter\CodeIgniter->handleRequest(null, Object(Config\Cache), false)
 9 FCPATH/index.php(67): CodeIgniter\CodeIgniter->run()
10 SYSTEMPATH/Commands/Server/rewrite.php(46): require_once('FCPATH/index.php')
CRITICAL - 2023-11-04 05:31:22 --> Trying to access array offset on value of type null
in APPPATH/Views/Admin/formemail.php on line 8.
 1 APPPATH/Views/Admin/formemail.php(8): CodeIgniter\Debug\Exceptions->errorHandler(2, 'Trying to access array offset on value of type null', 'APPPATH/Views/Admin/formemail.php', 8)
 2 SYSTEMPATH/View/View.php(213): include('APPPATH/Views/Admin/formemail.php')
 3 SYSTEMPATH/View/View.php(216): CodeIgniter\View\View->CodeIgniter\View\{closure}()
 4 SYSTEMPATH/Common.php(1134): CodeIgniter\View\View->render('Admin/formemail', [], true)
 5 APPPATH/Controllers/Rangking.php(188): view('Admin/formemail', [...])
 6 SYSTEMPATH/CodeIgniter.php(927): App\Controllers\Rangking->formemail('FCPATH/assets', 'extensions', 'perfect-scrollbar', 'perfect-scrollbar.min.js')
 7 SYSTEMPATH/CodeIgniter.php(482): CodeIgniter\CodeIgniter->runController(Object(App\Controllers\Rangking))
 8 SYSTEMPATH/CodeIgniter.php(351): CodeIgniter\CodeIgniter->handleRequest(null, Object(Config\Cache), false)
 9 FCPATH/index.php(67): CodeIgniter\CodeIgniter->run()
10 SYSTEMPATH/Commands/Server/rewrite.php(46): require_once('FCPATH/index.php')
CRITICAL - 2023-11-04 05:31:22 --> Trying to access array offset on value of type null
in APPPATH/Views/Admin/formemail.php on line 8.
 1 APPPATH/Views/Admin/formemail.php(8): CodeIgniter\Debug\Exceptions->errorHandler(2, 'Trying to access array offset on value of type null', 'APPPATH/Views/Admin/formemail.php', 8)
 2 SYSTEMPATH/View/View.php(213): include('APPPATH/Views/Admin/formemail.php')
 3 SYSTEMPATH/View/View.php(216): CodeIgniter\View\View->CodeIgniter\View\{closure}()
 4 SYSTEMPATH/Common.php(1134): CodeIgniter\View\View->render('Admin/formemail', [], true)
 5 APPPATH/Controllers/Rangking.php(188): view('Admin/formemail', [...])
 6 SYSTEMPATH/CodeIgniter.php(927): App\Controllers\Rangking->formemail('FCPATH/assets', 'compiled', 'FCPATH/js', 'app.js')
 7 SYSTEMPATH/CodeIgniter.php(482): CodeIgniter\CodeIgniter->runController(Object(App\Controllers\Rangking))
 8 SYSTEMPATH/CodeIgniter.php(351): CodeIgniter\CodeIgniter->handleRequest(null, Object(Config\Cache), false)
 9 FCPATH/index.php(67): CodeIgniter\CodeIgniter->run()
10 SYSTEMPATH/Commands/Server/rewrite.php(46): require_once('FCPATH/index.php')
CRITICAL - 2023-11-04 05:31:22 --> Trying to access array offset on value of type null
in APPPATH/Views/Admin/formemail.php on line 8.
 1 APPPATH/Views/Admin/formemail.php(8): CodeIgniter\Debug\Exceptions->errorHandler(2, 'Trying to access array offset on value of type null', 'APPPATH/Views/Admin/formemail.php', 8)
 2 SYSTEMPATH/View/View.php(213): include('APPPATH/Views/Admin/formemail.php')
 3 SYSTEMPATH/View/View.php(216): CodeIgniter\View\View->CodeIgniter\View\{closure}()
 4 SYSTEMPATH/Common.php(1134): CodeIgniter\View\View->render('Admin/formemail', [], true)
 5 APPPATH/Controllers/Rangking.php(188): view('Admin/formemail', [...])
 6 SYSTEMPATH/CodeIgniter.php(927): App\Controllers\Rangking->formemail('FCPATH/assets', 'extensions', 'apexcharts', 'apexcharts.min.js')
 7 SYSTEMPATH/CodeIgniter.php(482): CodeIgniter\CodeIgniter->runController(Object(App\Controllers\Rangking))
 8 SYSTEMPATH/CodeIgniter.php(351): CodeIgniter\CodeIgniter->handleRequest(null, Object(Config\Cache), false)
 9 FCPATH/index.php(67): CodeIgniter\CodeIgniter->run()
10 SYSTEMPATH/Commands/Server/rewrite.php(46): require_once('FCPATH/index.php')
CRITICAL - 2023-11-04 05:31:23 --> Trying to access array offset on value of type null
in APPPATH/Views/Admin/formemail.php on line 8.
 1 APPPATH/Views/Admin/formemail.php(8): CodeIgniter\Debug\Exceptions->errorHandler(2, 'Trying to access array offset on value of type null', 'APPPATH/Views/Admin/formemail.php', 8)
 2 SYSTEMPATH/View/View.php(213): include('APPPATH/Views/Admin/formemail.php')
 3 SYSTEMPATH/View/View.php(216): CodeIgniter\View\View->CodeIgniter\View\{closure}()
 4 SYSTEMPATH/Common.php(1134): CodeIgniter\View\View->render('Admin/formemail', [], true)
 5 APPPATH/Controllers/Rangking.php(188): view('Admin/formemail', [...])
 6 SYSTEMPATH/CodeIgniter.php(927): App\Controllers\Rangking->formemail('FCPATH/assets', 'static', 'FCPATH/js', 'pages', 'dashboard.js')
 7 SYSTEMPATH/CodeIgniter.php(482): CodeIgniter\CodeIgniter->runController(Object(App\Controllers\Rangking))
 8 SYSTEMPATH/CodeIgniter.php(351): CodeIgniter\CodeIgniter->handleRequest(null, Object(Config\Cache), false)
 9 FCPATH/index.php(67): CodeIgniter\CodeIgniter->run()
10 SYSTEMPATH/Commands/Server/rewrite.php(46): require_once('FCPATH/index.php')
CRITICAL - 2023-11-04 05:31:29 --> Trying to access array offset on value of type null
in APPPATH/Views/Admin/formemail.php on line 8.
 1 APPPATH/Views/Admin/formemail.php(8): CodeIgniter\Debug\Exceptions->errorHandler(2, 'Trying to access array offset on value of type null', 'APPPATH/Views/Admin/formemail.php', 8)
 2 SYSTEMPATH/View/View.php(213): include('APPPATH/Views/Admin/formemail.php')
 3 SYSTEMPATH/View/View.php(216): CodeIgniter\View\View->CodeIgniter\View\{closure}()
 4 SYSTEMPATH/Common.php(1134): CodeIgniter\View\View->render('Admin/formemail', [], true)
 5 APPPATH/Controllers/Rangking.php(188): view('Admin/formemail', [...])
 6 SYSTEMPATH/CodeIgniter.php(927): App\Controllers\Rangking->formemail('FCPATH/assets', 'static', 'FCPATH/js', 'initTheme.js')
 7 SYSTEMPATH/CodeIgniter.php(482): CodeIgniter\CodeIgniter->runController(Object(App\Controllers\Rangking))
 8 SYSTEMPATH/CodeIgniter.php(351): CodeIgniter\CodeIgniter->handleRequest(null, Object(Config\Cache), false)
 9 FCPATH/index.php(67): CodeIgniter\CodeIgniter->run()
10 SYSTEMPATH/Commands/Server/rewrite.php(46): require_once('FCPATH/index.php')
CRITICAL - 2023-11-04 05:31:29 --> Trying to access array offset on value of type null
in APPPATH/Views/Admin/formemail.php on line 8.
 1 APPPATH/Views/Admin/formemail.php(8): CodeIgniter\Debug\Exceptions->errorHandler(2, 'Trying to access array offset on value of type null', 'APPPATH/Views/Admin/formemail.php', 8)
 2 SYSTEMPATH/View/View.php(213): include('APPPATH/Views/Admin/formemail.php')
 3 SYSTEMPATH/View/View.php(216): CodeIgniter\View\View->CodeIgniter\View\{closure}()
 4 SYSTEMPATH/Common.php(1134): CodeIgniter\View\View->render('Admin/formemail', [], true)
 5 APPPATH/Controllers/Rangking.php(188): view('Admin/formemail', [...])
 6 SYSTEMPATH/CodeIgniter.php(927): App\Controllers\Rangking->formemail('FCPATH/assets', 'static', 'FCPATH/js', 'components', 'dark.js')
 7 SYSTEMPATH/CodeIgniter.php(482): CodeIgniter\CodeIgniter->runController(Object(App\Controllers\Rangking))
 8 SYSTEMPATH/CodeIgniter.php(351): CodeIgniter\CodeIgniter->handleRequest(null, Object(Config\Cache), false)
 9 FCPATH/index.php(67): CodeIgniter\CodeIgniter->run()
10 SYSTEMPATH/Commands/Server/rewrite.php(46): require_once('FCPATH/index.php')
CRITICAL - 2023-11-04 05:31:29 --> Trying to access array offset on value of type null
in APPPATH/Views/Admin/formemail.php on line 8.
 1 APPPATH/Views/Admin/formemail.php(8): CodeIgniter\Debug\Exceptions->errorHandler(2, 'Trying to access array offset on value of type null', 'APPPATH/Views/Admin/formemail.php', 8)
 2 SYSTEMPATH/View/View.php(213): include('APPPATH/Views/Admin/formemail.php')
 3 SYSTEMPATH/View/View.php(216): CodeIgniter\View\View->CodeIgniter\View\{closure}()
 4 SYSTEMPATH/Common.php(1134): CodeIgniter\View\View->render('Admin/formemail', [], true)
 5 APPPATH/Controllers/Rangking.php(188): view('Admin/formemail', [...])
 6 SYSTEMPATH/CodeIgniter.php(927): App\Controllers\Rangking->formemail('FCPATH/assets', 'extensions', 'perfect-scrollbar', 'perfect-scrollbar.min.js')
 7 SYSTEMPATH/CodeIgniter.php(482): CodeIgniter\CodeIgniter->runController(Object(App\Controllers\Rangking))
 8 SYSTEMPATH/CodeIgniter.php(351): CodeIgniter\CodeIgniter->handleRequest(null, Object(Config\Cache), false)
 9 FCPATH/index.php(67): CodeIgniter\CodeIgniter->run()
10 SYSTEMPATH/Commands/Server/rewrite.php(46): require_once('FCPATH/index.php')
CRITICAL - 2023-11-04 05:31:29 --> Trying to access array offset on value of type null
in APPPATH/Views/Admin/formemail.php on line 8.
 1 APPPATH/Views/Admin/formemail.php(8): CodeIgniter\Debug\Exceptions->errorHandler(2, 'Trying to access array offset on value of type null', 'APPPATH/Views/Admin/formemail.php', 8)
 2 SYSTEMPATH/View/View.php(213): include('APPPATH/Views/Admin/formemail.php')
 3 SYSTEMPATH/View/View.php(216): CodeIgniter\View\View->CodeIgniter\View\{closure}()
 4 SYSTEMPATH/Common.php(1134): CodeIgniter\View\View->render('Admin/formemail', [], true)
 5 APPPATH/Controllers/Rangking.php(188): view('Admin/formemail', [...])
 6 SYSTEMPATH/CodeIgniter.php(927): App\Controllers\Rangking->formemail('FCPATH/assets', 'compiled', 'FCPATH/js', 'app.js')
 7 SYSTEMPATH/CodeIgniter.php(482): CodeIgniter\CodeIgniter->runController(Object(App\Controllers\Rangking))
 8 SYSTEMPATH/CodeIgniter.php(351): CodeIgniter\CodeIgniter->handleRequest(null, Object(Config\Cache), false)
 9 FCPATH/index.php(67): CodeIgniter\CodeIgniter->run()
10 SYSTEMPATH/Commands/Server/rewrite.php(46): require_once('FCPATH/index.php')
CRITICAL - 2023-11-04 05:31:29 --> Trying to access array offset on value of type null
in APPPATH/Views/Admin/formemail.php on line 8.
 1 APPPATH/Views/Admin/formemail.php(8): CodeIgniter\Debug\Exceptions->errorHandler(2, 'Trying to access array offset on value of type null', 'APPPATH/Views/Admin/formemail.php', 8)
 2 SYSTEMPATH/View/View.php(213): include('APPPATH/Views/Admin/formemail.php')
 3 SYSTEMPATH/View/View.php(216): CodeIgniter\View\View->CodeIgniter\View\{closure}()
 4 SYSTEMPATH/Common.php(1134): CodeIgniter\View\View->render('Admin/formemail', [], true)
 5 APPPATH/Controllers/Rangking.php(188): view('Admin/formemail', [...])
 6 SYSTEMPATH/CodeIgniter.php(927): App\Controllers\Rangking->formemail('FCPATH/assets', 'extensions', 'apexcharts', 'apexcharts.min.js')
 7 SYSTEMPATH/CodeIgniter.php(482): CodeIgniter\CodeIgniter->runController(Object(App\Controllers\Rangking))
 8 SYSTEMPATH/CodeIgniter.php(351): CodeIgniter\CodeIgniter->handleRequest(null, Object(Config\Cache), false)
 9 FCPATH/index.php(67): CodeIgniter\CodeIgniter->run()
10 SYSTEMPATH/Commands/Server/rewrite.php(46): require_once('FCPATH/index.php')
CRITICAL - 2023-11-04 05:31:29 --> Trying to access array offset on value of type null
in APPPATH/Views/Admin/formemail.php on line 8.
 1 APPPATH/Views/Admin/formemail.php(8): CodeIgniter\Debug\Exceptions->errorHandler(2, 'Trying to access array offset on value of type null', 'APPPATH/Views/Admin/formemail.php', 8)
 2 SYSTEMPATH/View/View.php(213): include('APPPATH/Views/Admin/formemail.php')
 3 SYSTEMPATH/View/View.php(216): CodeIgniter\View\View->CodeIgniter\View\{closure}()
 4 SYSTEMPATH/Common.php(1134): CodeIgniter\View\View->render('Admin/formemail', [], true)
 5 APPPATH/Controllers/Rangking.php(188): view('Admin/formemail', [...])
 6 SYSTEMPATH/CodeIgniter.php(927): App\Controllers\Rangking->formemail('FCPATH/assets', 'static', 'FCPATH/js', 'pages', 'dashboard.js')
 7 SYSTEMPATH/CodeIgniter.php(482): CodeIgniter\CodeIgniter->runController(Object(App\Controllers\Rangking))
 8 SYSTEMPATH/CodeIgniter.php(351): CodeIgniter\CodeIgniter->handleRequest(null, Object(Config\Cache), false)
 9 FCPATH/index.php(67): CodeIgniter\CodeIgniter->run()
10 SYSTEMPATH/Commands/Server/rewrite.php(46): require_once('FCPATH/index.php')
CRITICAL - 2023-11-04 05:33:19 --> Trying to access array offset on value of type null
in APPPATH/Views/Admin/edit.php on line 7.
 1 APPPATH/Views/Admin/edit.php(7): CodeIgniter\Debug\Exceptions->errorHandler(2, 'Trying to access array offset on value of type null', 'APPPATH/Views/Admin/edit.php', 7)
 2 SYSTEMPATH/View/View.php(213): include('APPPATH/Views/Admin/edit.php')
 3 SYSTEMPATH/View/View.php(216): CodeIgniter\View\View->CodeIgniter\View\{closure}()
 4 SYSTEMPATH/Common.php(1134): CodeIgniter\View\View->render('Admin/edit', [], true)
 5 APPPATH/Controllers/Rangking.php(160): view('Admin/edit', [...])
 6 SYSTEMPATH/CodeIgniter.php(927): App\Controllers\Rangking->formedit('FCPATH/assets', 'static', 'FCPATH/js', 'initTheme.js')
 7 SYSTEMPATH/CodeIgniter.php(482): CodeIgniter\CodeIgniter->runController(Object(App\Controllers\Rangking))
 8 SYSTEMPATH/CodeIgniter.php(351): CodeIgniter\CodeIgniter->handleRequest(null, Object(Config\Cache), false)
 9 FCPATH/index.php(67): CodeIgniter\CodeIgniter->run()
10 SYSTEMPATH/Commands/Server/rewrite.php(46): require_once('FCPATH/index.php')
CRITICAL - 2023-11-04 05:33:19 --> Trying to access array offset on value of type null
in APPPATH/Views/Admin/edit.php on line 7.
 1 APPPATH/Views/Admin/edit.php(7): CodeIgniter\Debug\Exceptions->errorHandler(2, 'Trying to access array offset on value of type null', 'APPPATH/Views/Admin/edit.php', 7)
 2 SYSTEMPATH/View/View.php(213): include('APPPATH/Views/Admin/edit.php')
 3 SYSTEMPATH/View/View.php(216): CodeIgniter\View\View->CodeIgniter\View\{closure}()
 4 SYSTEMPATH/Common.php(1134): CodeIgniter\View\View->render('Admin/edit', [], true)
 5 APPPATH/Controllers/Rangking.php(160): view('Admin/edit', [...])
 6 SYSTEMPATH/CodeIgniter.php(927): App\Controllers\Rangking->formedit('FCPATH/assets', 'static', 'FCPATH/js', 'components', 'dark.js')
 7 SYSTEMPATH/CodeIgniter.php(482): CodeIgniter\CodeIgniter->runController(Object(App\Controllers\Rangking))
 8 SYSTEMPATH/CodeIgniter.php(351): CodeIgniter\CodeIgniter->handleRequest(null, Object(Config\Cache), false)
 9 FCPATH/index.php(67): CodeIgniter\CodeIgniter->run()
10 SYSTEMPATH/Commands/Server/rewrite.php(46): require_once('FCPATH/index.php')
CRITICAL - 2023-11-04 05:33:19 --> Trying to access array offset on value of type null
in APPPATH/Views/Admin/edit.php on line 7.
 1 APPPATH/Views/Admin/edit.php(7): CodeIgniter\Debug\Exceptions->errorHandler(2, 'Trying to access array offset on value of type null', 'APPPATH/Views/Admin/edit.php', 7)
 2 SYSTEMPATH/View/View.php(213): include('APPPATH/Views/Admin/edit.php')
 3 SYSTEMPATH/View/View.php(216): CodeIgniter\View\View->CodeIgniter\View\{closure}()
 4 SYSTEMPATH/Common.php(1134): CodeIgniter\View\View->render('Admin/edit', [], true)
 5 APPPATH/Controllers/Rangking.php(160): view('Admin/edit', [...])
 6 SYSTEMPATH/CodeIgniter.php(927): App\Controllers\Rangking->formedit('FCPATH/assets', 'extensions', 'perfect-scrollbar', 'perfect-scrollbar.min.js')
 7 SYSTEMPATH/CodeIgniter.php(482): CodeIgniter\CodeIgniter->runController(Object(App\Controllers\Rangking))
 8 SYSTEMPATH/CodeIgniter.php(351): CodeIgniter\CodeIgniter->handleRequest(null, Object(Config\Cache), false)
 9 FCPATH/index.php(67): CodeIgniter\CodeIgniter->run()
10 SYSTEMPATH/Commands/Server/rewrite.php(46): require_once('FCPATH/index.php')
CRITICAL - 2023-11-04 05:33:19 --> Trying to access array offset on value of type null
in APPPATH/Views/Admin/edit.php on line 7.
 1 APPPATH/Views/Admin/edit.php(7): CodeIgniter\Debug\Exceptions->errorHandler(2, 'Trying to access array offset on value of type null', 'APPPATH/Views/Admin/edit.php', 7)
 2 SYSTEMPATH/View/View.php(213): include('APPPATH/Views/Admin/edit.php')
 3 SYSTEMPATH/View/View.php(216): CodeIgniter\View\View->CodeIgniter\View\{closure}()
 4 SYSTEMPATH/Common.php(1134): CodeIgniter\View\View->render('Admin/edit', [], true)
 5 APPPATH/Controllers/Rangking.php(160): view('Admin/edit', [...])
 6 SYSTEMPATH/CodeIgniter.php(927): App\Controllers\Rangking->formedit('FCPATH/assets', 'compiled', 'FCPATH/js', 'app.js')
 7 SYSTEMPATH/CodeIgniter.php(482): CodeIgniter\CodeIgniter->runController(Object(App\Controllers\Rangking))
 8 SYSTEMPATH/CodeIgniter.php(351): CodeIgniter\CodeIgniter->handleRequest(null, Object(Config\Cache), false)
 9 FCPATH/index.php(67): CodeIgniter\CodeIgniter->run()
10 SYSTEMPATH/Commands/Server/rewrite.php(46): require_once('FCPATH/index.php')
CRITICAL - 2023-11-04 05:33:19 --> Trying to access array offset on value of type null
in APPPATH/Views/Admin/edit.php on line 7.
 1 APPPATH/Views/Admin/edit.php(7): CodeIgniter\Debug\Exceptions->errorHandler(2, 'Trying to access array offset on value of type null', 'APPPATH/Views/Admin/edit.php', 7)
 2 SYSTEMPATH/View/View.php(213): include('APPPATH/Views/Admin/edit.php')
 3 SYSTEMPATH/View/View.php(216): CodeIgniter\View\View->CodeIgniter\View\{closure}()
 4 SYSTEMPATH/Common.php(1134): CodeIgniter\View\View->render('Admin/edit', [], true)
 5 APPPATH/Controllers/Rangking.php(160): view('Admin/edit', [...])
 6 SYSTEMPATH/CodeIgniter.php(927): App\Controllers\Rangking->formedit('FCPATH/assets', 'extensions', 'apexcharts', 'apexcharts.min.js')
 7 SYSTEMPATH/CodeIgniter.php(482): CodeIgniter\CodeIgniter->runController(Object(App\Controllers\Rangking))
 8 SYSTEMPATH/CodeIgniter.php(351): CodeIgniter\CodeIgniter->handleRequest(null, Object(Config\Cache), false)
 9 FCPATH/index.php(67): CodeIgniter\CodeIgniter->run()
10 SYSTEMPATH/Commands/Server/rewrite.php(46): require_once('FCPATH/index.php')
CRITICAL - 2023-11-04 05:33:19 --> Trying to access array offset on value of type null
in APPPATH/Views/Admin/edit.php on line 7.
 1 APPPATH/Views/Admin/edit.php(7): CodeIgniter\Debug\Exceptions->errorHandler(2, 'Trying to access array offset on value of type null', 'APPPATH/Views/Admin/edit.php', 7)
 2 SYSTEMPATH/View/View.php(213): include('APPPATH/Views/Admin/edit.php')
 3 SYSTEMPATH/View/View.php(216): CodeIgniter\View\View->CodeIgniter\View\{closure}()
 4 SYSTEMPATH/Common.php(1134): CodeIgniter\View\View->render('Admin/edit', [], true)
 5 APPPATH/Controllers/Rangking.php(160): view('Admin/edit', [...])
 6 SYSTEMPATH/CodeIgniter.php(927): App\Controllers\Rangking->formedit('FCPATH/assets', 'static', 'FCPATH/js', 'pages', 'dashboard.js')
 7 SYSTEMPATH/CodeIgniter.php(482): CodeIgniter\CodeIgniter->runController(Object(App\Controllers\Rangking))
 8 SYSTEMPATH/CodeIgniter.php(351): CodeIgniter\CodeIgniter->handleRequest(null, Object(Config\Cache), false)
 9 FCPATH/index.php(67): CodeIgniter\CodeIgniter->run()
10 SYSTEMPATH/Commands/Server/rewrite.php(46): require_once('FCPATH/index.php')
ERROR - 2023-11-04 06:07:45 --> mysqli_sql_exception: Table 'bimbel_rangking.data' doesn't exist in /Users/mymac/Documents/semester 5/ecomer/Bimbel-ecom/system/Database/MySQLi/Connection.php:292
Stack trace:
#0 /Users/mymac/Documents/semester 5/ecomer/Bimbel-ecom/system/Database/MySQLi/Connection.php(292): mysqli->query('INSERT INTO `da...', 0)
#1 /Users/mymac/Documents/semester 5/ecomer/Bimbel-ecom/system/Database/BaseConnection.php(666): CodeIgniter\Database\MySQLi\Connection->execute('INSERT INTO `da...')
#2 /Users/mymac/Documents/semester 5/ecomer/Bimbel-ecom/system/Database/BaseConnection.php(593): CodeIgniter\Database\BaseConnection->simpleQuery('INSERT INTO `da...')
#3 /Users/mymac/Documents/semester 5/ecomer/Bimbel-ecom/system/Database/BaseBuilder.php(1778): CodeIgniter\Database\BaseConnection->query('INSERT INTO `da...', NULL, false)
#4 /Users/mymac/Documents/semester 5/ecomer/Bimbel-ecom/app/Database/Seeds/Pesertasead.php(69): CodeIgniter\Database\BaseBuilder->insertBatch(Array)
#5 /Users/mymac/Documents/semester 5/ecomer/Bimbel-ecom/system/Database/Seeder.php(146): App\Database\Seeds\Pesertasead->run()
#6 /Users/mymac/Documents/semester 5/ecomer/Bimbel-ecom/system/Commands/Database/Seed.php(77): CodeIgniter\Database\Seeder->call('App\\Database\\Se...')
#7 /Users/mymac/Documents/semester 5/ecomer/Bimbel-ecom/system/CLI/Commands.php(63): CodeIgniter\Commands\Database\Seed->run(Array)
#8 /Users/mymac/Documents/semester 5/ecomer/Bimbel-ecom/system/CLI/CommandRunner.php(65): CodeIgniter\CLI\Commands->run('db:seed', Array)
#9 /Users/mymac/Documents/semester 5/ecomer/Bimbel-ecom/system/CLI/CommandRunner.php(51): CodeIgniter\CLI\CommandRunner->index(Array)
#10 /Users/mymac/Documents/semester 5/ecomer/Bimbel-ecom/system/CodeIgniter.php(920): CodeIgniter\CLI\CommandRunner->_remap('index', Array)
#11 /Users/mymac/Documents/semester 5/ecomer/Bimbel-ecom/system/CodeIgniter.php(482): CodeIgniter\CodeIgniter->runController(Object(CodeIgniter\CLI\CommandRunner))
#12 /Users/mymac/Documents/semester 5/ecomer/Bimbel-ecom/system/CodeIgniter.php(347): CodeIgniter\CodeIgniter->handleRequest(NULL, Object(Config\Cache), false)
#13 /Users/mymac/Documents/semester 5/ecomer/Bimbel-ecom/system/CLI/Console.php(48): CodeIgniter\CodeIgniter->run()
#14 /Users/mymac/Documents/semester 5/ecomer/Bimbel-ecom/spark(98): CodeIgniter\CLI\Console->run()
#15 {main}
ERROR - 2023-11-04 06:08:10 --> mysqli_sql_exception: Table 'bimbel_rangking.data' doesn't exist in /Users/mymac/Documents/semester 5/ecomer/Bimbel-ecom/system/Database/MySQLi/Connection.php:292
Stack trace:
#0 /Users/mymac/Documents/semester 5/ecomer/Bimbel-ecom/system/Database/MySQLi/Connection.php(292): mysqli->query('INSERT INTO `da...', 0)
#1 /Users/mymac/Documents/semester 5/ecomer/Bimbel-ecom/system/Database/BaseConnection.php(666): CodeIgniter\Database\MySQLi\Connection->execute('INSERT INTO `da...')
#2 /Users/mymac/Documents/semester 5/ecomer/Bimbel-ecom/system/Database/BaseConnection.php(593): CodeIgniter\Database\BaseConnection->simpleQuery('INSERT INTO `da...')
#3 /Users/mymac/Documents/semester 5/ecomer/Bimbel-ecom/system/Database/BaseBuilder.php(1778): CodeIgniter\Database\BaseConnection->query('INSERT INTO `da...', NULL, false)
#4 /Users/mymac/Documents/semester 5/ecomer/Bimbel-ecom/app/Database/Seeds/Pesertasead.php(69): CodeIgniter\Database\BaseBuilder->insertBatch(Array)
#5 /Users/mymac/Documents/semester 5/ecomer/Bimbel-ecom/system/Database/Seeder.php(146): App\Database\Seeds\Pesertasead->run()
#6 /Users/mymac/Documents/semester 5/ecomer/Bimbel-ecom/system/Commands/Database/Seed.php(77): CodeIgniter\Database\Seeder->call('App\\Database\\Se...')
#7 /Users/mymac/Documents/semester 5/ecomer/Bimbel-ecom/system/CLI/Commands.php(63): CodeIgniter\Commands\Database\Seed->run(Array)
#8 /Users/mymac/Documents/semester 5/ecomer/Bimbel-ecom/system/CLI/CommandRunner.php(65): CodeIgniter\CLI\Commands->run('db:seed', Array)
#9 /Users/mymac/Documents/semester 5/ecomer/Bimbel-ecom/system/CLI/CommandRunner.php(51): CodeIgniter\CLI\CommandRunner->index(Array)
#10 /Users/mymac/Documents/semester 5/ecomer/Bimbel-ecom/system/CodeIgniter.php(920): CodeIgniter\CLI\CommandRunner->_remap('index', Array)
#11 /Users/mymac/Documents/semester 5/ecomer/Bimbel-ecom/system/CodeIgniter.php(482): CodeIgniter\CodeIgniter->runController(Object(CodeIgniter\CLI\CommandRunner))
#12 /Users/mymac/Documents/semester 5/ecomer/Bimbel-ecom/system/CodeIgniter.php(347): CodeIgniter\CodeIgniter->handleRequest(NULL, Object(Config\Cache), false)
#13 /Users/mymac/Documents/semester 5/ecomer/Bimbel-ecom/system/CLI/Console.php(48): CodeIgniter\CodeIgniter->run()
#14 /Users/mymac/Documents/semester 5/ecomer/Bimbel-ecom/spark(98): CodeIgniter\CLI\Console->run()
#15 {main}
ERROR - 2023-11-04 06:08:58 --> mysqli_sql_exception: Can't update table 'daftar' in stored function/trigger because it is already used by statement which invoked this stored function/trigger in /Users/mymac/Documents/semester 5/ecomer/Bimbel-ecom/system/Database/MySQLi/Connection.php:292
Stack trace:
#0 /Users/mymac/Documents/semester 5/ecomer/Bimbel-ecom/system/Database/MySQLi/Connection.php(292): mysqli->query('INSERT INTO `da...', 0)
#1 /Users/mymac/Documents/semester 5/ecomer/Bimbel-ecom/system/Database/BaseConnection.php(666): CodeIgniter\Database\MySQLi\Connection->execute('INSERT INTO `da...')
#2 /Users/mymac/Documents/semester 5/ecomer/Bimbel-ecom/system/Database/BaseConnection.php(593): CodeIgniter\Database\BaseConnection->simpleQuery('INSERT INTO `da...')
#3 /Users/mymac/Documents/semester 5/ecomer/Bimbel-ecom/system/Database/BaseBuilder.php(1778): CodeIgniter\Database\BaseConnection->query('INSERT INTO `da...', NULL, false)
#4 /Users/mymac/Documents/semester 5/ecomer/Bimbel-ecom/app/Database/Seeds/Pesertasead.php(69): CodeIgniter\Database\BaseBuilder->insertBatch(Array)
#5 /Users/mymac/Documents/semester 5/ecomer/Bimbel-ecom/system/Database/Seeder.php(146): App\Database\Seeds\Pesertasead->run()
#6 /Users/mymac/Documents/semester 5/ecomer/Bimbel-ecom/system/Commands/Database/Seed.php(77): CodeIgniter\Database\Seeder->call('App\\Database\\Se...')
#7 /Users/mymac/Documents/semester 5/ecomer/Bimbel-ecom/system/CLI/Commands.php(63): CodeIgniter\Commands\Database\Seed->run(Array)
#8 /Users/mymac/Documents/semester 5/ecomer/Bimbel-ecom/system/CLI/CommandRunner.php(65): CodeIgniter\CLI\Commands->run('db:seed', Array)
#9 /Users/mymac/Documents/semester 5/ecomer/Bimbel-ecom/system/CLI/CommandRunner.php(51): CodeIgniter\CLI\CommandRunner->index(Array)
#10 /Users/mymac/Documents/semester 5/ecomer/Bimbel-ecom/system/CodeIgniter.php(920): CodeIgniter\CLI\CommandRunner->_remap('index', Array)
#11 /Users/mymac/Documents/semester 5/ecomer/Bimbel-ecom/system/CodeIgniter.php(482): CodeIgniter\CodeIgniter->runController(Object(CodeIgniter\CLI\CommandRunner))
#12 /Users/mymac/Documents/semester 5/ecomer/Bimbel-ecom/system/CodeIgniter.php(347): CodeIgniter\CodeIgniter->handleRequest(NULL, Object(Config\Cache), false)
#13 /Users/mymac/Documents/semester 5/ecomer/Bimbel-ecom/system/CLI/Console.php(48): CodeIgniter\CodeIgniter->run()
#14 /Users/mymac/Documents/semester 5/ecomer/Bimbel-ecom/spark(98): CodeIgniter\CLI\Console->run()
#15 {main}
ERROR - 2023-11-04 06:10:06 --> mysqli_sql_exception: Can't update table 'daftar' in stored function/trigger because it is already used by statement which invoked this stored function/trigger in /Users/mymac/Documents/semester 5/ecomer/Bimbel-ecom/system/Database/MySQLi/Connection.php:292
Stack trace:
#0 /Users/mymac/Documents/semester 5/ecomer/Bimbel-ecom/system/Database/MySQLi/Connection.php(292): mysqli->query('INSERT INTO `da...', 0)
#1 /Users/mymac/Documents/semester 5/ecomer/Bimbel-ecom/system/Database/BaseConnection.php(666): CodeIgniter\Database\MySQLi\Connection->execute('INSERT INTO `da...')
#2 /Users/mymac/Documents/semester 5/ecomer/Bimbel-ecom/system/Database/BaseConnection.php(593): CodeIgniter\Database\BaseConnection->simpleQuery('INSERT INTO `da...')
#3 /Users/mymac/Documents/semester 5/ecomer/Bimbel-ecom/system/Database/BaseBuilder.php(1778): CodeIgniter\Database\BaseConnection->query('INSERT INTO `da...', NULL, false)
#4 /Users/mymac/Documents/semester 5/ecomer/Bimbel-ecom/app/Database/Seeds/Pesertasead.php(69): CodeIgniter\Database\BaseBuilder->insertBatch(Array)
#5 /Users/mymac/Documents/semester 5/ecomer/Bimbel-ecom/system/Database/Seeder.php(146): App\Database\Seeds\Pesertasead->run()
#6 /Users/mymac/Documents/semester 5/ecomer/Bimbel-ecom/system/Commands/Database/Seed.php(77): CodeIgniter\Database\Seeder->call('App\\Database\\Se...')
#7 /Users/mymac/Documents/semester 5/ecomer/Bimbel-ecom/system/CLI/Commands.php(63): CodeIgniter\Commands\Database\Seed->run(Array)
#8 /Users/mymac/Documents/semester 5/ecomer/Bimbel-ecom/system/CLI/CommandRunner.php(65): CodeIgniter\CLI\Commands->run('db:seed', Array)
#9 /Users/mymac/Documents/semester 5/ecomer/Bimbel-ecom/system/CLI/CommandRunner.php(51): CodeIgniter\CLI\CommandRunner->index(Array)
#10 /Users/mymac/Documents/semester 5/ecomer/Bimbel-ecom/system/CodeIgniter.php(920): CodeIgniter\CLI\CommandRunner->_remap('index', Array)
#11 /Users/mymac/Documents/semester 5/ecomer/Bimbel-ecom/system/CodeIgniter.php(482): CodeIgniter\CodeIgniter->runController(Object(CodeIgniter\CLI\CommandRunner))
#12 /Users/mymac/Documents/semester 5/ecomer/Bimbel-ecom/system/CodeIgniter.php(347): CodeIgniter\CodeIgniter->handleRequest(NULL, Object(Config\Cache), false)
#13 /Users/mymac/Documents/semester 5/ecomer/Bimbel-ecom/system/CLI/Console.php(48): CodeIgniter\CodeIgniter->run()
#14 /Users/mymac/Documents/semester 5/ecomer/Bimbel-ecom/spark(98): CodeIgniter\CLI\Console->run()
#15 {main}
CRITICAL - 2023-11-04 06:10:18 --> Undefined variable $s
in APPPATH/Views/Users/index.php on line 275.
 1 APPPATH/Views/Users/index.php(275): CodeIgniter\Debug\Exceptions->errorHandler(2, 'Undefined variable $s', 'APPPATH/Views/Users/index.php', 275)
 2 SYSTEMPATH/View/View.php(213): include('APPPATH/Views/Users/index.php')
 3 SYSTEMPATH/View/View.php(216): CodeIgniter\View\View->CodeIgniter\View\{closure}()
 4 SYSTEMPATH/Common.php(1134): CodeIgniter\View\View->render('Users/index', [], true)
 5 APPPATH/Controllers/User.php(17): view('Users/index', [...])
 6 SYSTEMPATH/CodeIgniter.php(927): App\Controllers\User->index()
 7 SYSTEMPATH/CodeIgniter.php(482): CodeIgniter\CodeIgniter->runController(Object(App\Controllers\User))
 8 SYSTEMPATH/CodeIgniter.php(351): CodeIgniter\CodeIgniter->handleRequest(null, Object(Config\Cache), false)
 9 FCPATH/index.php(67): CodeIgniter\CodeIgniter->run()
10 SYSTEMPATH/Commands/Server/rewrite.php(46): require_once('FCPATH/index.php')
CRITICAL - 2023-11-04 06:11:36 --> Undefined variable $s
in APPPATH/Views/Users/index.php on line 275.
 1 APPPATH/Views/Users/index.php(275): CodeIgniter\Debug\Exceptions->errorHandler(2, 'Undefined variable $s', 'APPPATH/Views/Users/index.php', 275)
 2 SYSTEMPATH/View/View.php(213): include('APPPATH/Views/Users/index.php')
 3 SYSTEMPATH/View/View.php(216): CodeIgniter\View\View->CodeIgniter\View\{closure}()
 4 SYSTEMPATH/Common.php(1134): CodeIgniter\View\View->render('Users/index', [], true)
 5 APPPATH/Controllers/User.php(17): view('Users/index', [...])
 6 SYSTEMPATH/CodeIgniter.php(927): App\Controllers\User->index()
 7 SYSTEMPATH/CodeIgniter.php(482): CodeIgniter\CodeIgniter->runController(Object(App\Controllers\User))
 8 SYSTEMPATH/CodeIgniter.php(351): CodeIgniter\CodeIgniter->handleRequest(null, Object(Config\Cache), false)
 9 FCPATH/index.php(67): CodeIgniter\CodeIgniter->run()
10 SYSTEMPATH/Commands/Server/rewrite.php(46): require_once('FCPATH/index.php')
CRITICAL - 2023-11-04 06:12:16 --> Undefined variable $s
in APPPATH/Views/Users/index.php on line 275.
 1 APPPATH/Views/Users/index.php(275): CodeIgniter\Debug\Exceptions->errorHandler(2, 'Undefined variable $s', 'APPPATH/Views/Users/index.php', 275)
 2 SYSTEMPATH/View/View.php(213): include('APPPATH/Views/Users/index.php')
 3 SYSTEMPATH/View/View.php(216): CodeIgniter\View\View->CodeIgniter\View\{closure}()
 4 SYSTEMPATH/Common.php(1134): CodeIgniter\View\View->render('Users/index', [], true)
 5 APPPATH/Controllers/User.php(17): view('Users/index', [...])
 6 SYSTEMPATH/CodeIgniter.php(927): App\Controllers\User->index()
 7 SYSTEMPATH/CodeIgniter.php(482): CodeIgniter\CodeIgniter->runController(Object(App\Controllers\User))
 8 SYSTEMPATH/CodeIgniter.php(351): CodeIgniter\CodeIgniter->handleRequest(null, Object(Config\Cache), false)
 9 FCPATH/index.php(67): CodeIgniter\CodeIgniter->run()
10 SYSTEMPATH/Commands/Server/rewrite.php(46): require_once('FCPATH/index.php')
