CRITICAL - 2023-10-31 04:23:53 --> Attempt to read property "id_order" on array
in APPPATH/Views/Admin/index.php on line 29.
 1 APPPATH/Views/Admin/index.php(29): CodeIgniter\Debug\Exceptions->errorHandler(2, 'Attempt to read property "id_order" on array', 'APPPATH/Views/Admin/index.php', 29)
 2 SYSTEMPATH/View/View.php(213): include('APPPATH/Views/Admin/index.php')
 3 SYSTEMPATH/View/View.php(216): CodeIgniter\View\View->CodeIgniter\View\{closure}()
 4 SYSTEMPATH/Common.php(1134): CodeIgniter\View\View->render('Admin/index', [], true)
 5 APPPATH/Controllers/Rangking.php(35): view('Admin/index', [...])
 6 SYSTEMPATH/CodeIgniter.php(927): App\Controllers\Rangking->index()
 7 SYSTEMPATH/CodeIgniter.php(482): CodeIgniter\CodeIgniter->runController(Object(App\Controllers\Rangking))
 8 SYSTEMPATH/CodeIgniter.php(351): CodeIgniter\CodeIgniter->handleRequest(null, Object(Config\Cache), false)
 9 FCPATH/index.php(67): CodeIgniter\CodeIgniter->run()
10 SYSTEMPATH/Commands/Server/rewrite.php(46): require_once('FCPATH/index.php')
CRITICAL - 2023-10-31 04:23:53 --> Attempt to read property "id_order" on array
in APPPATH/Views/Admin/index.php on line 29.
 1 APPPATH/Views/Admin/index.php(29): CodeIgniter\Debug\Exceptions->errorHandler(2, 'Attempt to read property "id_order" on array', 'APPPATH/Views/Admin/index.php', 29)
 2 SYSTEMPATH/View/View.php(213): include('APPPATH/Views/Admin/index.php')
 3 SYSTEMPATH/View/View.php(216): CodeIgniter\View\View->CodeIgniter\View\{closure}()
 4 SYSTEMPATH/Common.php(1134): CodeIgniter\View\View->render('Admin/index', [], true)
 5 APPPATH/Controllers/Rangking.php(35): view('Admin/index', [...])
 6 SYSTEMPATH/CodeIgniter.php(927): App\Controllers\Rangking->index()
 7 SYSTEMPATH/CodeIgniter.php(482): CodeIgniter\CodeIgniter->runController(Object(App\Controllers\Rangking))
 8 SYSTEMPATH/CodeIgniter.php(351): CodeIgniter\CodeIgniter->handleRequest(null, Object(Config\Cache), false)
 9 FCPATH/index.php(67): CodeIgniter\CodeIgniter->run()
10 SYSTEMPATH/Commands/Server/rewrite.php(46): require_once('FCPATH/index.php')
CRITICAL - 2023-10-31 04:47:27 --> Attempt to read property "id_order" on array
in APPPATH/Views/Admin/index.php on line 29.
 1 APPPATH/Views/Admin/index.php(29): CodeIgniter\Debug\Exceptions->errorHandler(2, 'Attempt to read property "id_order" on array', 'APPPATH/Views/Admin/index.php', 29)
 2 SYSTEMPATH/View/View.php(213): include('APPPATH/Views/Admin/index.php')
 3 SYSTEMPATH/View/View.php(216): CodeIgniter\View\View->CodeIgniter\View\{closure}()
 4 SYSTEMPATH/Common.php(1134): CodeIgniter\View\View->render('Admin/index', [], true)
 5 APPPATH/Controllers/Rangking.php(35): view('Admin/index', [...])
 6 SYSTEMPATH/CodeIgniter.php(927): App\Controllers\Rangking->index()
 7 SYSTEMPATH/CodeIgniter.php(482): CodeIgniter\CodeIgniter->runController(Object(App\Controllers\Rangking))
 8 SYSTEMPATH/CodeIgniter.php(351): CodeIgniter\CodeIgniter->handleRequest(null, Object(Config\Cache), false)
 9 FCPATH/index.php(67): CodeIgniter\CodeIgniter->run()
10 SYSTEMPATH/Commands/Server/rewrite.php(46): require_once('FCPATH/index.php')
