CRITICAL - 2023-10-18 02:38:09 --> Undefined variable $snapToken
in APPPATH\Views\Users\Create.php on line 97.
 1 APPPATH\Views\Users\Create.php(97): CodeIgniter\Debug\Exceptions->errorHandler(2, 'Undefined variable $snapToken', 'APPPATH\\Views\\Users\\Create.php', 97)
 2 SYSTEMPATH\View\View.php(213): include('APPPATH\\Views\\Users\\Create.php')
 3 SYSTEMPATH\View\View.php(216): CodeIgniter\View\View->CodeIgniter\View\{closure}()
 4 SYSTEMPATH\Common.php(1134): CodeIgniter\View\View->render('Users/Create', [], true)
 5 APPPATH\Controllers\User.php(19): view('Users/Create')
 6 SYSTEMPATH\CodeIgniter.php(927): App\Controllers\User->Create()
 7 SYSTEMPATH\CodeIgniter.php(482): CodeIgniter\CodeIgniter->runController(Object(App\Controllers\User))
 8 SYSTEMPATH\CodeIgniter.php(351): CodeIgniter\CodeIgniter->handleRequest(null, Object(Config\Cache), false)
 9 FCPATH\index.php(67): CodeIgniter\CodeIgniter->run()
10 SYSTEMPATH\Commands\Server\rewrite.php(46): require_once('FCPATH\\index.php')
CRITICAL - 2023-10-18 02:41:39 --> Undefined variable $snap
in APPPATH\Views\Users\Create.php on line 97.
 1 APPPATH\Views\Users\Create.php(97): CodeIgniter\Debug\Exceptions->errorHandler(2, 'Undefined variable $snap', 'APPPATH\\Views\\Users\\Create.php', 97)
 2 SYSTEMPATH\View\View.php(213): include('APPPATH\\Views\\Users\\Create.php')
 3 SYSTEMPATH\View\View.php(216): CodeIgniter\View\View->CodeIgniter\View\{closure}()
 4 SYSTEMPATH\Common.php(1134): CodeIgniter\View\View->render('Users/Create', [], true)
 5 APPPATH\Controllers\User.php(30): view('Users/Create', [...])
 6 SYSTEMPATH\CodeIgniter.php(927): App\Controllers\User->Create()
 7 SYSTEMPATH\CodeIgniter.php(482): CodeIgniter\CodeIgniter->runController(Object(App\Controllers\User))
 8 SYSTEMPATH\CodeIgniter.php(351): CodeIgniter\CodeIgniter->handleRequest(null, Object(Config\Cache), false)
 9 FCPATH\index.php(67): CodeIgniter\CodeIgniter->run()
10 SYSTEMPATH\Commands\Server\rewrite.php(46): require_once('FCPATH\\index.php')
CRITICAL - 2023-10-18 02:41:40 --> Undefined variable $snap
in APPPATH\Views\Users\Create.php on line 97.
 1 APPPATH\Views\Users\Create.php(97): CodeIgniter\Debug\Exceptions->errorHandler(2, 'Undefined variable $snap', 'APPPATH\\Views\\Users\\Create.php', 97)
 2 SYSTEMPATH\View\View.php(213): include('APPPATH\\Views\\Users\\Create.php')
 3 SYSTEMPATH\View\View.php(216): CodeIgniter\View\View->CodeIgniter\View\{closure}()
 4 SYSTEMPATH\Common.php(1134): CodeIgniter\View\View->render('Users/Create', [], true)
 5 APPPATH\Controllers\User.php(30): view('Users/Create', [...])
 6 SYSTEMPATH\CodeIgniter.php(927): App\Controllers\User->Create()
 7 SYSTEMPATH\CodeIgniter.php(482): CodeIgniter\CodeIgniter->runController(Object(App\Controllers\User))
 8 SYSTEMPATH\CodeIgniter.php(351): CodeIgniter\CodeIgniter->handleRequest(null, Object(Config\Cache), false)
 9 FCPATH\index.php(67): CodeIgniter\CodeIgniter->run()
10 SYSTEMPATH\Commands\Server\rewrite.php(46): require_once('FCPATH\\index.php')
CRITICAL - 2023-10-18 02:42:46 --> Undefined variable $snap
in APPPATH\Views\Users\Create.php on line 97.
 1 APPPATH\Views\Users\Create.php(97): CodeIgniter\Debug\Exceptions->errorHandler(2, 'Undefined variable $snap', 'APPPATH\\Views\\Users\\Create.php', 97)
 2 SYSTEMPATH\View\View.php(213): include('APPPATH\\Views\\Users\\Create.php')
 3 SYSTEMPATH\View\View.php(216): CodeIgniter\View\View->CodeIgniter\View\{closure}()
 4 SYSTEMPATH\Common.php(1134): CodeIgniter\View\View->render('Users/Create', [], true)
 5 APPPATH\Controllers\User.php(30): view('Users/Create', [...])
 6 SYSTEMPATH\CodeIgniter.php(927): App\Controllers\User->Create()
 7 SYSTEMPATH\CodeIgniter.php(482): CodeIgniter\CodeIgniter->runController(Object(App\Controllers\User))
 8 SYSTEMPATH\CodeIgniter.php(351): CodeIgniter\CodeIgniter->handleRequest(null, Object(Config\Cache), false)
 9 FCPATH\index.php(67): CodeIgniter\CodeIgniter->run()
10 SYSTEMPATH\Commands\Server\rewrite.php(46): require_once('FCPATH\\index.php')
CRITICAL - 2023-10-18 02:44:22 --> Midtrans API is returning API error. HTTP status code: 400 API response: {"error_messages":["transaction_details.gross_amount is required","transaction_details.gross_amount is not a number"]}
in VENDORPATH\midtrans\midtrans-php\Midtrans\ApiRequestor.php on line 167.
 1 VENDORPATH\midtrans\midtrans-php\Midtrans\ApiRequestor.php(39): Midtrans\ApiRequestor::remoteCall('https://app.sandbox.midtrans.com/snap/v1/transactions', 'SB-Mid-server-II_md8vOI_7aaHmQaiOp0XHZ', [...], 'POST')
 2 VENDORPATH\midtrans\midtrans-php\Midtrans\Snap.php(109): Midtrans\ApiRequestor::post('https://app.sandbox.midtrans.com/snap/v1/transactions', 'SB-Mid-server-II_md8vOI_7aaHmQaiOp0XHZ', [...])
 3 VENDORPATH\midtrans\midtrans-php\Midtrans\Snap.php(36): Midtrans\Snap::createTransaction([...])
 4 APPPATH\Controllers\User.php(37): Midtrans\Snap::getSnapToken([...])
 5 SYSTEMPATH\CodeIgniter.php(927): App\Controllers\User->Create()
 6 SYSTEMPATH\CodeIgniter.php(482): CodeIgniter\CodeIgniter->runController(Object(App\Controllers\User))
 7 SYSTEMPATH\CodeIgniter.php(351): CodeIgniter\CodeIgniter->handleRequest(null, Object(Config\Cache), false)
 8 FCPATH\index.php(67): CodeIgniter\CodeIgniter->run()
 9 SYSTEMPATH\Commands\Server\rewrite.php(46): require_once('FCPATH\\index.php')
CRITICAL - 2023-10-18 02:53:24 --> Midtrans API is returning API error. HTTP status code: 400 API response: {"error_messages":["transaction_details.gross_amount is required","transaction_details.gross_amount is not a number"]}
in VENDORPATH\midtrans\midtrans-php\Midtrans\ApiRequestor.php on line 167.
 1 VENDORPATH\midtrans\midtrans-php\Midtrans\ApiRequestor.php(39): Midtrans\ApiRequestor::remoteCall('https://app.sandbox.midtrans.com/snap/v1/transactions', 'SB-Mid-server-II_md8vOI_7aaHmQaiOp0XHZ', [...], 'POST')
 2 VENDORPATH\midtrans\midtrans-php\Midtrans\Snap.php(109): Midtrans\ApiRequestor::post('https://app.sandbox.midtrans.com/snap/v1/transactions', 'SB-Mid-server-II_md8vOI_7aaHmQaiOp0XHZ', [...])
 3 VENDORPATH\midtrans\midtrans-php\Midtrans\Snap.php(36): Midtrans\Snap::createTransaction([...])
 4 APPPATH\Controllers\User.php(37): Midtrans\Snap::getSnapToken([...])
 5 SYSTEMPATH\CodeIgniter.php(927): App\Controllers\User->Create()
 6 SYSTEMPATH\CodeIgniter.php(482): CodeIgniter\CodeIgniter->runController(Object(App\Controllers\User))
 7 SYSTEMPATH\CodeIgniter.php(351): CodeIgniter\CodeIgniter->handleRequest(null, Object(Config\Cache), false)
 8 FCPATH\index.php(67): CodeIgniter\CodeIgniter->run()
 9 SYSTEMPATH\Commands\Server\rewrite.php(46): require_once('FCPATH\\index.php')
CRITICAL - 2023-10-18 02:54:19 --> Undefined variable $snap
in APPPATH\Views\Users\Create.php on line 97.
 1 APPPATH\Views\Users\Create.php(97): CodeIgniter\Debug\Exceptions->errorHandler(2, 'Undefined variable $snap', 'APPPATH\\Views\\Users\\Create.php', 97)
 2 SYSTEMPATH\View\View.php(213): include('APPPATH\\Views\\Users\\Create.php')
 3 SYSTEMPATH\View\View.php(216): CodeIgniter\View\View->CodeIgniter\View\{closure}()
 4 SYSTEMPATH\Common.php(1134): CodeIgniter\View\View->render('Users/Create', [], true)
 5 APPPATH\Controllers\User.php(30): view('Users/Create', [...])
 6 SYSTEMPATH\CodeIgniter.php(927): App\Controllers\User->Create()
 7 SYSTEMPATH\CodeIgniter.php(482): CodeIgniter\CodeIgniter->runController(Object(App\Controllers\User))
 8 SYSTEMPATH\CodeIgniter.php(351): CodeIgniter\CodeIgniter->handleRequest(null, Object(Config\Cache), false)
 9 FCPATH\index.php(67): CodeIgniter\CodeIgniter->run()
10 SYSTEMPATH\Commands\Server\rewrite.php(46): require_once('FCPATH\\index.php')
CRITICAL - 2023-10-18 03:21:56 --> Undefined variable $nohalaman
in APPPATH\Views\Users\Create.php on line 103.
 1 APPPATH\Views\Users\Create.php(103): CodeIgniter\Debug\Exceptions->errorHandler(2, 'Undefined variable $nohalaman', 'APPPATH\\Views\\Users\\Create.php', 103)
 2 SYSTEMPATH\View\View.php(213): include('APPPATH\\Views\\Users\\Create.php')
 3 SYSTEMPATH\View\View.php(216): CodeIgniter\View\View->CodeIgniter\View\{closure}()
 4 SYSTEMPATH\Common.php(1134): CodeIgniter\View\View->render('Users/Create', [], true)
 5 APPPATH\Controllers\User.php(20): view('Users/Create', [...])
 6 SYSTEMPATH\CodeIgniter.php(927): App\Controllers\User->Create()
 7 SYSTEMPATH\CodeIgniter.php(482): CodeIgniter\CodeIgniter->runController(Object(App\Controllers\User))
 8 SYSTEMPATH\CodeIgniter.php(351): CodeIgniter\CodeIgniter->handleRequest(null, Object(Config\Cache), false)
 9 FCPATH\index.php(67): CodeIgniter\CodeIgniter->run()
10 SYSTEMPATH\Commands\Server\rewrite.php(46): require_once('FCPATH\\index.php')
CRITICAL - 2023-10-18 03:22:26 --> Undefined variable $siswa
in APPPATH\Views\Users\Create.php on line 104.
 1 APPPATH\Views\Users\Create.php(104): CodeIgniter\Debug\Exceptions->errorHandler(2, 'Undefined variable $siswa', 'APPPATH\\Views\\Users\\Create.php', 104)
 2 SYSTEMPATH\View\View.php(213): include('APPPATH\\Views\\Users\\Create.php')
 3 SYSTEMPATH\View\View.php(216): CodeIgniter\View\View->CodeIgniter\View\{closure}()
 4 SYSTEMPATH\Common.php(1134): CodeIgniter\View\View->render('Users/Create', [], true)
 5 APPPATH\Controllers\User.php(20): view('Users/Create', [...])
 6 SYSTEMPATH\CodeIgniter.php(927): App\Controllers\User->Create()
 7 SYSTEMPATH\CodeIgniter.php(482): CodeIgniter\CodeIgniter->runController(Object(App\Controllers\User))
 8 SYSTEMPATH\CodeIgniter.php(351): CodeIgniter\CodeIgniter->handleRequest(null, Object(Config\Cache), false)
 9 FCPATH\index.php(67): CodeIgniter\CodeIgniter->run()
10 SYSTEMPATH\Commands\Server\rewrite.php(46): require_once('FCPATH\\index.php')
CRITICAL - 2023-10-18 03:22:45 --> Undefined variable $pager
in APPPATH\Views\Users\Create.php on line 123.
 1 APPPATH\Views\Users\Create.php(123): CodeIgniter\Debug\Exceptions->errorHandler(2, 'Undefined variable $pager', 'APPPATH\\Views\\Users\\Create.php', 123)
 2 SYSTEMPATH\View\View.php(213): include('APPPATH\\Views\\Users\\Create.php')
 3 SYSTEMPATH\View\View.php(216): CodeIgniter\View\View->CodeIgniter\View\{closure}()
 4 SYSTEMPATH\Common.php(1134): CodeIgniter\View\View->render('Users/Create', [], true)
 5 APPPATH\Controllers\User.php(20): view('Users/Create', [...])
 6 SYSTEMPATH\CodeIgniter.php(927): App\Controllers\User->Create()
 7 SYSTEMPATH\CodeIgniter.php(482): CodeIgniter\CodeIgniter->runController(Object(App\Controllers\User))
 8 SYSTEMPATH\CodeIgniter.php(351): CodeIgniter\CodeIgniter->handleRequest(null, Object(Config\Cache), false)
 9 FCPATH\index.php(67): CodeIgniter\CodeIgniter->run()
10 SYSTEMPATH\Commands\Server\rewrite.php(46): require_once('FCPATH\\index.php')
CRITICAL - 2023-10-18 03:39:55 --> Undefined variable $snapToken
in APPPATH\Views\Users\Create.php on line 97.
 1 APPPATH\Views\Users\Create.php(97): CodeIgniter\Debug\Exceptions->errorHandler(2, 'Undefined variable $snapToken', 'APPPATH\\Views\\Users\\Create.php', 97)
 2 SYSTEMPATH\View\View.php(213): include('APPPATH\\Views\\Users\\Create.php')
 3 SYSTEMPATH\View\View.php(216): CodeIgniter\View\View->CodeIgniter\View\{closure}()
 4 SYSTEMPATH\Common.php(1134): CodeIgniter\View\View->render('Users/Create', [], true)
 5 APPPATH\Controllers\User.php(20): view('Users/Create', [...])
 6 SYSTEMPATH\CodeIgniter.php(927): App\Controllers\User->Create()
 7 SYSTEMPATH\CodeIgniter.php(482): CodeIgniter\CodeIgniter->runController(Object(App\Controllers\User))
 8 SYSTEMPATH\CodeIgniter.php(351): CodeIgniter\CodeIgniter->handleRequest(null, Object(Config\Cache), false)
 9 FCPATH\index.php(67): CodeIgniter\CodeIgniter->run()
10 SYSTEMPATH\Commands\Server\rewrite.php(46): require_once('FCPATH\\index.php')
CRITICAL - 2023-10-18 03:45:28 --> Undefined variable $nohalaman
in APPPATH\Views\Users\Tagihan.php on line 25.
 1 APPPATH\Views\Users\Tagihan.php(25): CodeIgniter\Debug\Exceptions->errorHandler(2, 'Undefined variable $nohalaman', 'APPPATH\\Views\\Users\\Tagihan.php', 25)
 2 SYSTEMPATH\View\View.php(213): include('APPPATH\\Views\\Users\\Tagihan.php')
 3 SYSTEMPATH\View\View.php(216): CodeIgniter\View\View->CodeIgniter\View\{closure}()
 4 SYSTEMPATH\Common.php(1134): CodeIgniter\View\View->render('Users/Tagihan', [], true)
 5 APPPATH\Controllers\User.php(20): view('Users/Tagihan', [...])
 6 SYSTEMPATH\CodeIgniter.php(927): App\Controllers\User->Create()
 7 SYSTEMPATH\CodeIgniter.php(482): CodeIgniter\CodeIgniter->runController(Object(App\Controllers\User))
 8 SYSTEMPATH\CodeIgniter.php(351): CodeIgniter\CodeIgniter->handleRequest(null, Object(Config\Cache), false)
 9 FCPATH\index.php(67): CodeIgniter\CodeIgniter->run()
10 SYSTEMPATH\Commands\Server\rewrite.php(46): require_once('FCPATH\\index.php')
CRITICAL - 2023-10-18 06:56:50 --> Trying to access array offset on value of type null
in APPPATH\Views\Admin\edit.php on line 7.
 1 APPPATH\Views\Admin\edit.php(7): CodeIgniter\Debug\Exceptions->errorHandler(2, 'Trying to access array offset on value of type null', 'APPPATH\\Views\\Admin\\edit.php', 7)
 2 SYSTEMPATH\View\View.php(213): include('APPPATH\\Views\\Admin\\edit.php')
 3 SYSTEMPATH\View\View.php(216): CodeIgniter\View\View->CodeIgniter\View\{closure}()
 4 SYSTEMPATH\Common.php(1134): CodeIgniter\View\View->render('Admin/edit', [], true)
 5 APPPATH\Controllers\Rangking.php(157): view('Admin/edit', [...])
 6 SYSTEMPATH\CodeIgniter.php(927): App\Controllers\Rangking->formedit('FCPATH\\assets', 'static', 'FCPATH\\js', 'initTheme.js')
 7 SYSTEMPATH\CodeIgniter.php(482): CodeIgniter\CodeIgniter->runController(Object(App\Controllers\Rangking))
 8 SYSTEMPATH\CodeIgniter.php(351): CodeIgniter\CodeIgniter->handleRequest(null, Object(Config\Cache), false)
 9 FCPATH\index.php(67): CodeIgniter\CodeIgniter->run()
10 SYSTEMPATH\Commands\Server\rewrite.php(46): require_once('FCPATH\\index.php')
CRITICAL - 2023-10-18 06:56:51 --> Trying to access array offset on value of type null
in APPPATH\Views\Admin\edit.php on line 7.
 1 APPPATH\Views\Admin\edit.php(7): CodeIgniter\Debug\Exceptions->errorHandler(2, 'Trying to access array offset on value of type null', 'APPPATH\\Views\\Admin\\edit.php', 7)
 2 SYSTEMPATH\View\View.php(213): include('APPPATH\\Views\\Admin\\edit.php')
 3 SYSTEMPATH\View\View.php(216): CodeIgniter\View\View->CodeIgniter\View\{closure}()
 4 SYSTEMPATH\Common.php(1134): CodeIgniter\View\View->render('Admin/edit', [], true)
 5 APPPATH\Controllers\Rangking.php(157): view('Admin/edit', [...])
 6 SYSTEMPATH\CodeIgniter.php(927): App\Controllers\Rangking->formedit('FCPATH\\assets', 'static', 'FCPATH\\js', 'components', 'dark.js')
 7 SYSTEMPATH\CodeIgniter.php(482): CodeIgniter\CodeIgniter->runController(Object(App\Controllers\Rangking))
 8 SYSTEMPATH\CodeIgniter.php(351): CodeIgniter\CodeIgniter->handleRequest(null, Object(Config\Cache), false)
 9 FCPATH\index.php(67): CodeIgniter\CodeIgniter->run()
10 SYSTEMPATH\Commands\Server\rewrite.php(46): require_once('FCPATH\\index.php')
CRITICAL - 2023-10-18 06:56:51 --> Trying to access array offset on value of type null
in APPPATH\Views\Admin\edit.php on line 7.
 1 APPPATH\Views\Admin\edit.php(7): CodeIgniter\Debug\Exceptions->errorHandler(2, 'Trying to access array offset on value of type null', 'APPPATH\\Views\\Admin\\edit.php', 7)
 2 SYSTEMPATH\View\View.php(213): include('APPPATH\\Views\\Admin\\edit.php')
 3 SYSTEMPATH\View\View.php(216): CodeIgniter\View\View->CodeIgniter\View\{closure}()
 4 SYSTEMPATH\Common.php(1134): CodeIgniter\View\View->render('Admin/edit', [], true)
 5 APPPATH\Controllers\Rangking.php(157): view('Admin/edit', [...])
 6 SYSTEMPATH\CodeIgniter.php(927): App\Controllers\Rangking->formedit('FCPATH\\assets', 'extensions', 'perfect-scrollbar', 'perfect-scrollbar.min.js')
 7 SYSTEMPATH\CodeIgniter.php(482): CodeIgniter\CodeIgniter->runController(Object(App\Controllers\Rangking))
 8 SYSTEMPATH\CodeIgniter.php(351): CodeIgniter\CodeIgniter->handleRequest(null, Object(Config\Cache), false)
 9 FCPATH\index.php(67): CodeIgniter\CodeIgniter->run()
10 SYSTEMPATH\Commands\Server\rewrite.php(46): require_once('FCPATH\\index.php')
CRITICAL - 2023-10-18 06:56:52 --> Trying to access array offset on value of type null
in APPPATH\Views\Admin\edit.php on line 7.
 1 APPPATH\Views\Admin\edit.php(7): CodeIgniter\Debug\Exceptions->errorHandler(2, 'Trying to access array offset on value of type null', 'APPPATH\\Views\\Admin\\edit.php', 7)
 2 SYSTEMPATH\View\View.php(213): include('APPPATH\\Views\\Admin\\edit.php')
 3 SYSTEMPATH\View\View.php(216): CodeIgniter\View\View->CodeIgniter\View\{closure}()
 4 SYSTEMPATH\Common.php(1134): CodeIgniter\View\View->render('Admin/edit', [], true)
 5 APPPATH\Controllers\Rangking.php(157): view('Admin/edit', [...])
 6 SYSTEMPATH\CodeIgniter.php(927): App\Controllers\Rangking->formedit('FCPATH\\assets', 'compiled', 'FCPATH\\js', 'app.js')
 7 SYSTEMPATH\CodeIgniter.php(482): CodeIgniter\CodeIgniter->runController(Object(App\Controllers\Rangking))
 8 SYSTEMPATH\CodeIgniter.php(351): CodeIgniter\CodeIgniter->handleRequest(null, Object(Config\Cache), false)
 9 FCPATH\index.php(67): CodeIgniter\CodeIgniter->run()
10 SYSTEMPATH\Commands\Server\rewrite.php(46): require_once('FCPATH\\index.php')
CRITICAL - 2023-10-18 06:56:52 --> Trying to access array offset on value of type null
in APPPATH\Views\Admin\edit.php on line 7.
 1 APPPATH\Views\Admin\edit.php(7): CodeIgniter\Debug\Exceptions->errorHandler(2, 'Trying to access array offset on value of type null', 'APPPATH\\Views\\Admin\\edit.php', 7)
 2 SYSTEMPATH\View\View.php(213): include('APPPATH\\Views\\Admin\\edit.php')
 3 SYSTEMPATH\View\View.php(216): CodeIgniter\View\View->CodeIgniter\View\{closure}()
 4 SYSTEMPATH\Common.php(1134): CodeIgniter\View\View->render('Admin/edit', [], true)
 5 APPPATH\Controllers\Rangking.php(157): view('Admin/edit', [...])
 6 SYSTEMPATH\CodeIgniter.php(927): App\Controllers\Rangking->formedit('FCPATH\\assets', 'extensions', 'apexcharts', 'apexcharts.min.js')
 7 SYSTEMPATH\CodeIgniter.php(482): CodeIgniter\CodeIgniter->runController(Object(App\Controllers\Rangking))
 8 SYSTEMPATH\CodeIgniter.php(351): CodeIgniter\CodeIgniter->handleRequest(null, Object(Config\Cache), false)
 9 FCPATH\index.php(67): CodeIgniter\CodeIgniter->run()
10 SYSTEMPATH\Commands\Server\rewrite.php(46): require_once('FCPATH\\index.php')
CRITICAL - 2023-10-18 06:56:53 --> Trying to access array offset on value of type null
in APPPATH\Views\Admin\edit.php on line 7.
 1 APPPATH\Views\Admin\edit.php(7): CodeIgniter\Debug\Exceptions->errorHandler(2, 'Trying to access array offset on value of type null', 'APPPATH\\Views\\Admin\\edit.php', 7)
 2 SYSTEMPATH\View\View.php(213): include('APPPATH\\Views\\Admin\\edit.php')
 3 SYSTEMPATH\View\View.php(216): CodeIgniter\View\View->CodeIgniter\View\{closure}()
 4 SYSTEMPATH\Common.php(1134): CodeIgniter\View\View->render('Admin/edit', [], true)
 5 APPPATH\Controllers\Rangking.php(157): view('Admin/edit', [...])
 6 SYSTEMPATH\CodeIgniter.php(927): App\Controllers\Rangking->formedit('FCPATH\\assets', 'static', 'FCPATH\\js', 'pages', 'dashboard.js')
 7 SYSTEMPATH\CodeIgniter.php(482): CodeIgniter\CodeIgniter->runController(Object(App\Controllers\Rangking))
 8 SYSTEMPATH\CodeIgniter.php(351): CodeIgniter\CodeIgniter->handleRequest(null, Object(Config\Cache), false)
 9 FCPATH\index.php(67): CodeIgniter\CodeIgniter->run()
10 SYSTEMPATH\Commands\Server\rewrite.php(46): require_once('FCPATH\\index.php')
CRITICAL - 2023-10-18 20:45:59 --> Trying to access array offset on value of type null
in APPPATH\Views\Admin\edit.php on line 7.
 1 APPPATH\Views\Admin\edit.php(7): CodeIgniter\Debug\Exceptions->errorHandler(2, 'Trying to access array offset on value of type null', 'APPPATH\\Views\\Admin\\edit.php', 7)
 2 SYSTEMPATH\View\View.php(213): include('APPPATH\\Views\\Admin\\edit.php')
 3 SYSTEMPATH\View\View.php(216): CodeIgniter\View\View->CodeIgniter\View\{closure}()
 4 SYSTEMPATH\Common.php(1134): CodeIgniter\View\View->render('Admin/edit', [], true)
 5 APPPATH\Controllers\Rangking.php(157): view('Admin/edit', [...])
 6 SYSTEMPATH\CodeIgniter.php(927): App\Controllers\Rangking->formedit('FCPATH\\assets', 'static', 'FCPATH\\js', 'initTheme.js')
 7 SYSTEMPATH\CodeIgniter.php(482): CodeIgniter\CodeIgniter->runController(Object(App\Controllers\Rangking))
 8 SYSTEMPATH\CodeIgniter.php(351): CodeIgniter\CodeIgniter->handleRequest(null, Object(Config\Cache), false)
 9 FCPATH\index.php(67): CodeIgniter\CodeIgniter->run()
10 SYSTEMPATH\Commands\Server\rewrite.php(46): require_once('FCPATH\\index.php')
CRITICAL - 2023-10-18 20:46:00 --> Trying to access array offset on value of type null
in APPPATH\Views\Admin\edit.php on line 7.
 1 APPPATH\Views\Admin\edit.php(7): CodeIgniter\Debug\Exceptions->errorHandler(2, 'Trying to access array offset on value of type null', 'APPPATH\\Views\\Admin\\edit.php', 7)
 2 SYSTEMPATH\View\View.php(213): include('APPPATH\\Views\\Admin\\edit.php')
 3 SYSTEMPATH\View\View.php(216): CodeIgniter\View\View->CodeIgniter\View\{closure}()
 4 SYSTEMPATH\Common.php(1134): CodeIgniter\View\View->render('Admin/edit', [], true)
 5 APPPATH\Controllers\Rangking.php(157): view('Admin/edit', [...])
 6 SYSTEMPATH\CodeIgniter.php(927): App\Controllers\Rangking->formedit('FCPATH\\assets', 'static', 'FCPATH\\js', 'components', 'dark.js')
 7 SYSTEMPATH\CodeIgniter.php(482): CodeIgniter\CodeIgniter->runController(Object(App\Controllers\Rangking))
 8 SYSTEMPATH\CodeIgniter.php(351): CodeIgniter\CodeIgniter->handleRequest(null, Object(Config\Cache), false)
 9 FCPATH\index.php(67): CodeIgniter\CodeIgniter->run()
10 SYSTEMPATH\Commands\Server\rewrite.php(46): require_once('FCPATH\\index.php')
CRITICAL - 2023-10-18 20:46:00 --> Trying to access array offset on value of type null
in APPPATH\Views\Admin\edit.php on line 7.
 1 APPPATH\Views\Admin\edit.php(7): CodeIgniter\Debug\Exceptions->errorHandler(2, 'Trying to access array offset on value of type null', 'APPPATH\\Views\\Admin\\edit.php', 7)
 2 SYSTEMPATH\View\View.php(213): include('APPPATH\\Views\\Admin\\edit.php')
 3 SYSTEMPATH\View\View.php(216): CodeIgniter\View\View->CodeIgniter\View\{closure}()
 4 SYSTEMPATH\Common.php(1134): CodeIgniter\View\View->render('Admin/edit', [], true)
 5 APPPATH\Controllers\Rangking.php(157): view('Admin/edit', [...])
 6 SYSTEMPATH\CodeIgniter.php(927): App\Controllers\Rangking->formedit('FCPATH\\assets', 'extensions', 'perfect-scrollbar', 'perfect-scrollbar.min.js')
 7 SYSTEMPATH\CodeIgniter.php(482): CodeIgniter\CodeIgniter->runController(Object(App\Controllers\Rangking))
 8 SYSTEMPATH\CodeIgniter.php(351): CodeIgniter\CodeIgniter->handleRequest(null, Object(Config\Cache), false)
 9 FCPATH\index.php(67): CodeIgniter\CodeIgniter->run()
10 SYSTEMPATH\Commands\Server\rewrite.php(46): require_once('FCPATH\\index.php')
CRITICAL - 2023-10-18 20:46:01 --> Trying to access array offset on value of type null
in APPPATH\Views\Admin\edit.php on line 7.
 1 APPPATH\Views\Admin\edit.php(7): CodeIgniter\Debug\Exceptions->errorHandler(2, 'Trying to access array offset on value of type null', 'APPPATH\\Views\\Admin\\edit.php', 7)
 2 SYSTEMPATH\View\View.php(213): include('APPPATH\\Views\\Admin\\edit.php')
 3 SYSTEMPATH\View\View.php(216): CodeIgniter\View\View->CodeIgniter\View\{closure}()
 4 SYSTEMPATH\Common.php(1134): CodeIgniter\View\View->render('Admin/edit', [], true)
 5 APPPATH\Controllers\Rangking.php(157): view('Admin/edit', [...])
 6 SYSTEMPATH\CodeIgniter.php(927): App\Controllers\Rangking->formedit('FCPATH\\assets', 'compiled', 'FCPATH\\js', 'app.js')
 7 SYSTEMPATH\CodeIgniter.php(482): CodeIgniter\CodeIgniter->runController(Object(App\Controllers\Rangking))
 8 SYSTEMPATH\CodeIgniter.php(351): CodeIgniter\CodeIgniter->handleRequest(null, Object(Config\Cache), false)
 9 FCPATH\index.php(67): CodeIgniter\CodeIgniter->run()
10 SYSTEMPATH\Commands\Server\rewrite.php(46): require_once('FCPATH\\index.php')
CRITICAL - 2023-10-18 20:46:01 --> Trying to access array offset on value of type null
in APPPATH\Views\Admin\edit.php on line 7.
 1 APPPATH\Views\Admin\edit.php(7): CodeIgniter\Debug\Exceptions->errorHandler(2, 'Trying to access array offset on value of type null', 'APPPATH\\Views\\Admin\\edit.php', 7)
 2 SYSTEMPATH\View\View.php(213): include('APPPATH\\Views\\Admin\\edit.php')
 3 SYSTEMPATH\View\View.php(216): CodeIgniter\View\View->CodeIgniter\View\{closure}()
 4 SYSTEMPATH\Common.php(1134): CodeIgniter\View\View->render('Admin/edit', [], true)
 5 APPPATH\Controllers\Rangking.php(157): view('Admin/edit', [...])
 6 SYSTEMPATH\CodeIgniter.php(927): App\Controllers\Rangking->formedit('FCPATH\\assets', 'extensions', 'apexcharts', 'apexcharts.min.js')
 7 SYSTEMPATH\CodeIgniter.php(482): CodeIgniter\CodeIgniter->runController(Object(App\Controllers\Rangking))
 8 SYSTEMPATH\CodeIgniter.php(351): CodeIgniter\CodeIgniter->handleRequest(null, Object(Config\Cache), false)
 9 FCPATH\index.php(67): CodeIgniter\CodeIgniter->run()
10 SYSTEMPATH\Commands\Server\rewrite.php(46): require_once('FCPATH\\index.php')
CRITICAL - 2023-10-18 20:46:01 --> Trying to access array offset on value of type null
in APPPATH\Views\Admin\edit.php on line 7.
 1 APPPATH\Views\Admin\edit.php(7): CodeIgniter\Debug\Exceptions->errorHandler(2, 'Trying to access array offset on value of type null', 'APPPATH\\Views\\Admin\\edit.php', 7)
 2 SYSTEMPATH\View\View.php(213): include('APPPATH\\Views\\Admin\\edit.php')
 3 SYSTEMPATH\View\View.php(216): CodeIgniter\View\View->CodeIgniter\View\{closure}()
 4 SYSTEMPATH\Common.php(1134): CodeIgniter\View\View->render('Admin/edit', [], true)
 5 APPPATH\Controllers\Rangking.php(157): view('Admin/edit', [...])
 6 SYSTEMPATH\CodeIgniter.php(927): App\Controllers\Rangking->formedit('FCPATH\\assets', 'static', 'FCPATH\\js', 'pages', 'dashboard.js')
 7 SYSTEMPATH\CodeIgniter.php(482): CodeIgniter\CodeIgniter->runController(Object(App\Controllers\Rangking))
 8 SYSTEMPATH\CodeIgniter.php(351): CodeIgniter\CodeIgniter->handleRequest(null, Object(Config\Cache), false)
 9 FCPATH\index.php(67): CodeIgniter\CodeIgniter->run()
10 SYSTEMPATH\Commands\Server\rewrite.php(46): require_once('FCPATH\\index.php')
