ERROR - 2023-12-05 04:57:27 --> mysqli_sql_exception: Column 'date' cannot be null in /Users/mymac/Documents/semester 5/ecomer/Bimbel-ecom/system/Database/MySQLi/Connection.php:292
Stack trace:
#0 /Users/mymac/Documents/semester 5/ecomer/Bimbel-ecom/system/Database/MySQLi/Connection.php(292): mysqli->query('INSERT INTO `da...', 0)
#1 /Users/mymac/Documents/semester 5/ecomer/Bimbel-ecom/system/Database/BaseConnection.php(666): CodeIgniter\Database\MySQLi\Connection->execute('INSERT INTO `da...')
#2 /Users/mymac/Documents/semester 5/ecomer/Bimbel-ecom/system/Database/BaseConnection.php(593): CodeIgniter\Database\BaseConnection->simpleQuery('INSERT INTO `da...')
#3 /Users/mymac/Documents/semester 5/ecomer/Bimbel-ecom/system/Database/BaseBuilder.php(1916): CodeIgniter\Database\BaseConnection->query('INSERT INTO `da...', Array, false)
#4 /Users/mymac/Documents/semester 5/ecomer/Bimbel-ecom/system/Model.php(279): CodeIgniter\Database\BaseBuilder->insert()
#5 /Users/mymac/Documents/semester 5/ecomer/Bimbel-ecom/system/BaseModel.php(749): CodeIgniter\Model->doInsert(Array)
#6 /Users/mymac/Documents/semester 5/ecomer/Bimbel-ecom/system/Model.php(667): CodeIgniter\BaseModel->insert(Array, false)
#7 /Users/mymac/Documents/semester 5/ecomer/Bimbel-ecom/system/BaseModel.php(659): CodeIgniter\Model->insert(Array, false)
#8 /Users/mymac/Documents/semester 5/ecomer/Bimbel-ecom/app/Controllers/Rangking.php(148): CodeIgniter\BaseModel->save(Array)
#9 /Users/mymac/Documents/semester 5/ecomer/Bimbel-ecom/system/CodeIgniter.php(927): App\Controllers\Rangking->simpan()
#10 /Users/mymac/Documents/semester 5/ecomer/Bimbel-ecom/system/CodeIgniter.php(482): CodeIgniter\CodeIgniter->runController(Object(App\Controllers\Rangking))
#11 /Users/mymac/Documents/semester 5/ecomer/Bimbel-ecom/system/CodeIgniter.php(351): CodeIgniter\CodeIgniter->handleRequest(NULL, Object(Config\Cache), false)
#12 /Users/mymac/Documents/semester 5/ecomer/Bimbel-ecom/public/index.php(67): CodeIgniter\CodeIgniter->run()
#13 /Users/mymac/Documents/semester 5/ecomer/Bimbel-ecom/system/Commands/Server/rewrite.php(46): require_once('/Users/mymac/Do...')
#14 {main}
CRITICAL - 2023-12-05 04:57:27 --> Column 'date' cannot be null
in SYSTEMPATH/Database/MySQLi/Connection.php on line 292.
 1 SYSTEMPATH/Database/MySQLi/Connection.php(292): mysqli->query('INSERT INTO `daftar` (`nama_lengkap`, `nominal`, `no_hp`, `email`, `alamat`, `asal_sekolah`, `token`, `id_order`, `id_mentor`, `alias`, `tipe_bimbel`, `date`) VALUES (\'Akmal\', \'2000000\', \'08998775433324\', \'akmal@gmail.com\', \'Semarang\', \'SMK Maarif  NU Tirto\', \'1bc60ca5-21de-48b3-98e5-fba130369b85\', 1701773847, \'2\', \'akmal\', \'Class Rangking\', NULL)', 0)
 2 SYSTEMPATH/Database/BaseConnection.php(666): CodeIgniter\Database\MySQLi\Connection->execute('INSERT INTO `daftar` (`nama_lengkap`, `nominal`, `no_hp`, `email`, `alamat`, `asal_sekolah`, `token`, `id_order`, `id_mentor`, `alias`, `tipe_bimbel`, `date`) VALUES (\'Akmal\', \'2000000\', \'08998775433324\', \'akmal@gmail.com\', \'Semarang\', \'SMK Maarif  NU Tirto\', \'1bc60ca5-21de-48b3-98e5-fba130369b85\', 1701773847, \'2\', \'akmal\', \'Class Rangking\', NULL)')
 3 SYSTEMPATH/Database/BaseConnection.php(593): CodeIgniter\Database\BaseConnection->simpleQuery('INSERT INTO `daftar` (`nama_lengkap`, `nominal`, `no_hp`, `email`, `alamat`, `asal_sekolah`, `token`, `id_order`, `id_mentor`, `alias`, `tipe_bimbel`, `date`) VALUES (\'Akmal\', \'2000000\', \'08998775433324\', \'akmal@gmail.com\', \'Semarang\', \'SMK Maarif  NU Tirto\', \'1bc60ca5-21de-48b3-98e5-fba130369b85\', 1701773847, \'2\', \'akmal\', \'Class Rangking\', NULL)')
 4 SYSTEMPATH/Database/BaseBuilder.php(1916): CodeIgniter\Database\BaseConnection->query('INSERT INTO `daftar` (`nama_lengkap`, `nominal`, `no_hp`, `email`, `alamat`, `asal_sekolah`, `token`, `id_order`, `id_mentor`, `alias`, `tipe_bimbel`, `date`) VALUES (:nama_lengkap:, :nominal:, :no_hp:, :email:, :alamat:, :asal_sekolah:, :token:, :id_order:, :id_mentor:, :alias:, :tipe_bimbel:, :date:)', [...], false)
 5 SYSTEMPATH/Model.php(279): CodeIgniter\Database\BaseBuilder->insert()
 6 SYSTEMPATH/BaseModel.php(749): CodeIgniter\Model->doInsert([...])
 7 SYSTEMPATH/Model.php(667): CodeIgniter\BaseModel->insert([...], false)
 8 SYSTEMPATH/BaseModel.php(659): CodeIgniter\Model->insert([...], false)
 9 APPPATH/Controllers/Rangking.php(148): CodeIgniter\BaseModel->save([...])
10 SYSTEMPATH/CodeIgniter.php(927): App\Controllers\Rangking->simpan()
11 SYSTEMPATH/CodeIgniter.php(482): CodeIgniter\CodeIgniter->runController(Object(App\Controllers\Rangking))
12 SYSTEMPATH/CodeIgniter.php(351): CodeIgniter\CodeIgniter->handleRequest(null, Object(Config\Cache), false)
13 FCPATH/index.php(67): CodeIgniter\CodeIgniter->run()
14 SYSTEMPATH/Commands/Server/rewrite.php(46): require_once('FCPATH/index.php')
ERROR - 2023-12-05 05:03:02 --> mysqli_sql_exception: Column 'date' cannot be null in /Users/mymac/Documents/semester 5/ecomer/Bimbel-ecom/system/Database/MySQLi/Connection.php:292
Stack trace:
#0 /Users/mymac/Documents/semester 5/ecomer/Bimbel-ecom/system/Database/MySQLi/Connection.php(292): mysqli->query('INSERT INTO `da...', 0)
#1 /Users/mymac/Documents/semester 5/ecomer/Bimbel-ecom/system/Database/BaseConnection.php(666): CodeIgniter\Database\MySQLi\Connection->execute('INSERT INTO `da...')
#2 /Users/mymac/Documents/semester 5/ecomer/Bimbel-ecom/system/Database/BaseConnection.php(593): CodeIgniter\Database\BaseConnection->simpleQuery('INSERT INTO `da...')
#3 /Users/mymac/Documents/semester 5/ecomer/Bimbel-ecom/system/Database/BaseBuilder.php(1916): CodeIgniter\Database\BaseConnection->query('INSERT INTO `da...', Array, false)
#4 /Users/mymac/Documents/semester 5/ecomer/Bimbel-ecom/system/Model.php(279): CodeIgniter\Database\BaseBuilder->insert()
#5 /Users/mymac/Documents/semester 5/ecomer/Bimbel-ecom/system/BaseModel.php(749): CodeIgniter\Model->doInsert(Array)
#6 /Users/mymac/Documents/semester 5/ecomer/Bimbel-ecom/system/Model.php(667): CodeIgniter\BaseModel->insert(Array, false)
#7 /Users/mymac/Documents/semester 5/ecomer/Bimbel-ecom/system/BaseModel.php(659): CodeIgniter\Model->insert(Array, false)
#8 /Users/mymac/Documents/semester 5/ecomer/Bimbel-ecom/app/Controllers/Rangking.php(148): CodeIgniter\BaseModel->save(Array)
#9 /Users/mymac/Documents/semester 5/ecomer/Bimbel-ecom/system/CodeIgniter.php(927): App\Controllers\Rangking->simpan()
#10 /Users/mymac/Documents/semester 5/ecomer/Bimbel-ecom/system/CodeIgniter.php(482): CodeIgniter\CodeIgniter->runController(Object(App\Controllers\Rangking))
#11 /Users/mymac/Documents/semester 5/ecomer/Bimbel-ecom/system/CodeIgniter.php(351): CodeIgniter\CodeIgniter->handleRequest(NULL, Object(Config\Cache), false)
#12 /Users/mymac/Documents/semester 5/ecomer/Bimbel-ecom/public/index.php(67): CodeIgniter\CodeIgniter->run()
#13 /Users/mymac/Documents/semester 5/ecomer/Bimbel-ecom/system/Commands/Server/rewrite.php(46): require_once('/Users/mymac/Do...')
#14 {main}
CRITICAL - 2023-12-05 05:03:02 --> Column 'date' cannot be null
in SYSTEMPATH/Database/MySQLi/Connection.php on line 292.
 1 SYSTEMPATH/Database/MySQLi/Connection.php(292): mysqli->query('INSERT INTO `daftar` (`nama_lengkap`, `nominal`, `no_hp`, `email`, `alamat`, `asal_sekolah`, `token`, `id_order`, `id_mentor`, `alias`, `tipe_bimbel`, `date`) VALUES (\'Akmal\', \'2000000\', \'08998775433324\', \'akmal@gmail.com\', \'Semarang\', \'SMK Negeri 2 Pekalongan\', \'fa13e00d-ee56-4791-b7db-51be38250e56\', 1701774182, \'2\', \'akmal\', \'Class Rangking\', NULL)', 0)
 2 SYSTEMPATH/Database/BaseConnection.php(666): CodeIgniter\Database\MySQLi\Connection->execute('INSERT INTO `daftar` (`nama_lengkap`, `nominal`, `no_hp`, `email`, `alamat`, `asal_sekolah`, `token`, `id_order`, `id_mentor`, `alias`, `tipe_bimbel`, `date`) VALUES (\'Akmal\', \'2000000\', \'08998775433324\', \'akmal@gmail.com\', \'Semarang\', \'SMK Negeri 2 Pekalongan\', \'fa13e00d-ee56-4791-b7db-51be38250e56\', 1701774182, \'2\', \'akmal\', \'Class Rangking\', NULL)')
 3 SYSTEMPATH/Database/BaseConnection.php(593): CodeIgniter\Database\BaseConnection->simpleQuery('INSERT INTO `daftar` (`nama_lengkap`, `nominal`, `no_hp`, `email`, `alamat`, `asal_sekolah`, `token`, `id_order`, `id_mentor`, `alias`, `tipe_bimbel`, `date`) VALUES (\'Akmal\', \'2000000\', \'08998775433324\', \'akmal@gmail.com\', \'Semarang\', \'SMK Negeri 2 Pekalongan\', \'fa13e00d-ee56-4791-b7db-51be38250e56\', 1701774182, \'2\', \'akmal\', \'Class Rangking\', NULL)')
 4 SYSTEMPATH/Database/BaseBuilder.php(1916): CodeIgniter\Database\BaseConnection->query('INSERT INTO `daftar` (`nama_lengkap`, `nominal`, `no_hp`, `email`, `alamat`, `asal_sekolah`, `token`, `id_order`, `id_mentor`, `alias`, `tipe_bimbel`, `date`) VALUES (:nama_lengkap:, :nominal:, :no_hp:, :email:, :alamat:, :asal_sekolah:, :token:, :id_order:, :id_mentor:, :alias:, :tipe_bimbel:, :date:)', [...], false)
 5 SYSTEMPATH/Model.php(279): CodeIgniter\Database\BaseBuilder->insert()
 6 SYSTEMPATH/BaseModel.php(749): CodeIgniter\Model->doInsert([...])
 7 SYSTEMPATH/Model.php(667): CodeIgniter\BaseModel->insert([...], false)
 8 SYSTEMPATH/BaseModel.php(659): CodeIgniter\Model->insert([...], false)
 9 APPPATH/Controllers/Rangking.php(148): CodeIgniter\BaseModel->save([...])
10 SYSTEMPATH/CodeIgniter.php(927): App\Controllers\Rangking->simpan()
11 SYSTEMPATH/CodeIgniter.php(482): CodeIgniter\CodeIgniter->runController(Object(App\Controllers\Rangking))
12 SYSTEMPATH/CodeIgniter.php(351): CodeIgniter\CodeIgniter->handleRequest(null, Object(Config\Cache), false)
13 FCPATH/index.php(67): CodeIgniter\CodeIgniter->run()
14 SYSTEMPATH/Commands/Server/rewrite.php(46): require_once('FCPATH/index.php')
ERROR - 2023-12-05 05:04:23 --> mysqli_sql_exception: Unknown column 'created_at' in 'field list' in /Users/mymac/Documents/semester 5/ecomer/Bimbel-ecom/system/Database/MySQLi/Connection.php:292
Stack trace:
#0 /Users/mymac/Documents/semester 5/ecomer/Bimbel-ecom/system/Database/MySQLi/Connection.php(292): mysqli->query('INSERT INTO `da...', 0)
#1 /Users/mymac/Documents/semester 5/ecomer/Bimbel-ecom/system/Database/BaseConnection.php(666): CodeIgniter\Database\MySQLi\Connection->execute('INSERT INTO `da...')
#2 /Users/mymac/Documents/semester 5/ecomer/Bimbel-ecom/system/Database/BaseConnection.php(593): CodeIgniter\Database\BaseConnection->simpleQuery('INSERT INTO `da...')
#3 /Users/mymac/Documents/semester 5/ecomer/Bimbel-ecom/system/Database/BaseBuilder.php(1916): CodeIgniter\Database\BaseConnection->query('INSERT INTO `da...', Array, false)
#4 /Users/mymac/Documents/semester 5/ecomer/Bimbel-ecom/system/Model.php(279): CodeIgniter\Database\BaseBuilder->insert()
#5 /Users/mymac/Documents/semester 5/ecomer/Bimbel-ecom/system/BaseModel.php(749): CodeIgniter\Model->doInsert(Array)
#6 /Users/mymac/Documents/semester 5/ecomer/Bimbel-ecom/system/Model.php(667): CodeIgniter\BaseModel->insert(Array, false)
#7 /Users/mymac/Documents/semester 5/ecomer/Bimbel-ecom/system/BaseModel.php(659): CodeIgniter\Model->insert(Array, false)
#8 /Users/mymac/Documents/semester 5/ecomer/Bimbel-ecom/app/Controllers/Rangking.php(148): CodeIgniter\BaseModel->save(Array)
#9 /Users/mymac/Documents/semester 5/ecomer/Bimbel-ecom/system/CodeIgniter.php(927): App\Controllers\Rangking->simpan()
#10 /Users/mymac/Documents/semester 5/ecomer/Bimbel-ecom/system/CodeIgniter.php(482): CodeIgniter\CodeIgniter->runController(Object(App\Controllers\Rangking))
#11 /Users/mymac/Documents/semester 5/ecomer/Bimbel-ecom/system/CodeIgniter.php(351): CodeIgniter\CodeIgniter->handleRequest(NULL, Object(Config\Cache), false)
#12 /Users/mymac/Documents/semester 5/ecomer/Bimbel-ecom/public/index.php(67): CodeIgniter\CodeIgniter->run()
#13 /Users/mymac/Documents/semester 5/ecomer/Bimbel-ecom/system/Commands/Server/rewrite.php(46): require_once('/Users/mymac/Do...')
#14 {main}
CRITICAL - 2023-12-05 05:04:23 --> Unknown column 'created_at' in 'field list'
in SYSTEMPATH/Database/MySQLi/Connection.php on line 292.
 1 SYSTEMPATH/Database/MySQLi/Connection.php(292): mysqli->query('INSERT INTO `daftar` (`nama_lengkap`, `nominal`, `no_hp`, `email`, `alamat`, `asal_sekolah`, `token`, `id_order`, `id_mentor`, `alias`, `tipe_bimbel`, `date`, `created_at`, `updated_at`) VALUES (\'Faykar\', \'1000000\', \'08998775433324\', \'akmal@gmail.com\', \'Semarang\', \'SMK Maarif  NU Tirto\', \'1e380504-74cf-4820-9a9f-8b468ea10734\', 1701774262, \'2\', \'faykar\', \'Class Rangking\', NULL, \'2023-12-05 05:04:23\', \'2023-12-05 05:04:23\')', 0)
 2 SYSTEMPATH/Database/BaseConnection.php(666): CodeIgniter\Database\MySQLi\Connection->execute('INSERT INTO `daftar` (`nama_lengkap`, `nominal`, `no_hp`, `email`, `alamat`, `asal_sekolah`, `token`, `id_order`, `id_mentor`, `alias`, `tipe_bimbel`, `date`, `created_at`, `updated_at`) VALUES (\'Faykar\', \'1000000\', \'08998775433324\', \'akmal@gmail.com\', \'Semarang\', \'SMK Maarif  NU Tirto\', \'1e380504-74cf-4820-9a9f-8b468ea10734\', 1701774262, \'2\', \'faykar\', \'Class Rangking\', NULL, \'2023-12-05 05:04:23\', \'2023-12-05 05:04:23\')')
 3 SYSTEMPATH/Database/BaseConnection.php(593): CodeIgniter\Database\BaseConnection->simpleQuery('INSERT INTO `daftar` (`nama_lengkap`, `nominal`, `no_hp`, `email`, `alamat`, `asal_sekolah`, `token`, `id_order`, `id_mentor`, `alias`, `tipe_bimbel`, `date`, `created_at`, `updated_at`) VALUES (\'Faykar\', \'1000000\', \'08998775433324\', \'akmal@gmail.com\', \'Semarang\', \'SMK Maarif  NU Tirto\', \'1e380504-74cf-4820-9a9f-8b468ea10734\', 1701774262, \'2\', \'faykar\', \'Class Rangking\', NULL, \'2023-12-05 05:04:23\', \'2023-12-05 05:04:23\')')
 4 SYSTEMPATH/Database/BaseBuilder.php(1916): CodeIgniter\Database\BaseConnection->query('INSERT INTO `daftar` (`nama_lengkap`, `nominal`, `no_hp`, `email`, `alamat`, `asal_sekolah`, `token`, `id_order`, `id_mentor`, `alias`, `tipe_bimbel`, `date`, `created_at`, `updated_at`) VALUES (:nama_lengkap:, :nominal:, :no_hp:, :email:, :alamat:, :asal_sekolah:, :token:, :id_order:, :id_mentor:, :alias:, :tipe_bimbel:, :date:, :created_at:, :updated_at:)', [...], false)
 5 SYSTEMPATH/Model.php(279): CodeIgniter\Database\BaseBuilder->insert()
 6 SYSTEMPATH/BaseModel.php(749): CodeIgniter\Model->doInsert([...])
 7 SYSTEMPATH/Model.php(667): CodeIgniter\BaseModel->insert([...], false)
 8 SYSTEMPATH/BaseModel.php(659): CodeIgniter\Model->insert([...], false)
 9 APPPATH/Controllers/Rangking.php(148): CodeIgniter\BaseModel->save([...])
10 SYSTEMPATH/CodeIgniter.php(927): App\Controllers\Rangking->simpan()
11 SYSTEMPATH/CodeIgniter.php(482): CodeIgniter\CodeIgniter->runController(Object(App\Controllers\Rangking))
12 SYSTEMPATH/CodeIgniter.php(351): CodeIgniter\CodeIgniter->handleRequest(null, Object(Config\Cache), false)
13 FCPATH/index.php(67): CodeIgniter\CodeIgniter->run()
14 SYSTEMPATH/Commands/Server/rewrite.php(46): require_once('FCPATH/index.php')
ERROR - 2023-12-05 06:09:43 --> mysqli_sql_exception: Unknown column 'created_at' in 'field list' in /Users/mymac/Documents/semester 5/ecomer/Bimbel-ecom/system/Database/MySQLi/Connection.php:292
Stack trace:
#0 /Users/mymac/Documents/semester 5/ecomer/Bimbel-ecom/system/Database/MySQLi/Connection.php(292): mysqli->query('INSERT INTO `da...', 0)
#1 /Users/mymac/Documents/semester 5/ecomer/Bimbel-ecom/system/Database/BaseConnection.php(666): CodeIgniter\Database\MySQLi\Connection->execute('INSERT INTO `da...')
#2 /Users/mymac/Documents/semester 5/ecomer/Bimbel-ecom/system/Database/BaseConnection.php(593): CodeIgniter\Database\BaseConnection->simpleQuery('INSERT INTO `da...')
#3 /Users/mymac/Documents/semester 5/ecomer/Bimbel-ecom/system/Database/BaseBuilder.php(1916): CodeIgniter\Database\BaseConnection->query('INSERT INTO `da...', Array, false)
#4 /Users/mymac/Documents/semester 5/ecomer/Bimbel-ecom/system/Model.php(279): CodeIgniter\Database\BaseBuilder->insert()
#5 /Users/mymac/Documents/semester 5/ecomer/Bimbel-ecom/system/BaseModel.php(749): CodeIgniter\Model->doInsert(Array)
#6 /Users/mymac/Documents/semester 5/ecomer/Bimbel-ecom/system/Model.php(667): CodeIgniter\BaseModel->insert(Array, false)
#7 /Users/mymac/Documents/semester 5/ecomer/Bimbel-ecom/system/BaseModel.php(659): CodeIgniter\Model->insert(Array, false)
#8 /Users/mymac/Documents/semester 5/ecomer/Bimbel-ecom/app/Controllers/Rangking.php(146): CodeIgniter\BaseModel->save(Array)
#9 /Users/mymac/Documents/semester 5/ecomer/Bimbel-ecom/system/CodeIgniter.php(927): App\Controllers\Rangking->simpan()
#10 /Users/mymac/Documents/semester 5/ecomer/Bimbel-ecom/system/CodeIgniter.php(482): CodeIgniter\CodeIgniter->runController(Object(App\Controllers\Rangking))
#11 /Users/mymac/Documents/semester 5/ecomer/Bimbel-ecom/system/CodeIgniter.php(351): CodeIgniter\CodeIgniter->handleRequest(NULL, Object(Config\Cache), false)
#12 /Users/mymac/Documents/semester 5/ecomer/Bimbel-ecom/public/index.php(67): CodeIgniter\CodeIgniter->run()
#13 /Users/mymac/Documents/semester 5/ecomer/Bimbel-ecom/system/Commands/Server/rewrite.php(46): require_once('/Users/mymac/Do...')
#14 {main}
CRITICAL - 2023-12-05 06:09:43 --> Unknown column 'created_at' in 'field list'
in SYSTEMPATH/Database/MySQLi/Connection.php on line 292.
 1 SYSTEMPATH/Database/MySQLi/Connection.php(292): mysqli->query('INSERT INTO `daftar` (`nama_lengkap`, `nominal`, `no_hp`, `email`, `alamat`, `asal_sekolah`, `token`, `id_order`, `id_mentor`, `alias`, `tipe_bimbel`, `created_at`, `updated_at`) VALUES (\'Jihan\', \'2000000\', \'000\', \'kuyarsal@gmail.com\', \'Harnomio\', \'SMAN 01 PEKALONGAN\', \'8a2219c1-23e4-4985-97ce-a297570ddab9\', 1701778182, \'2\', \'jihan\', \'Class Rangking\', \'2023-12-05 06:09:43\', \'2023-12-05 06:09:43\')', 0)
 2 SYSTEMPATH/Database/BaseConnection.php(666): CodeIgniter\Database\MySQLi\Connection->execute('INSERT INTO `daftar` (`nama_lengkap`, `nominal`, `no_hp`, `email`, `alamat`, `asal_sekolah`, `token`, `id_order`, `id_mentor`, `alias`, `tipe_bimbel`, `created_at`, `updated_at`) VALUES (\'Jihan\', \'2000000\', \'000\', \'kuyarsal@gmail.com\', \'Harnomio\', \'SMAN 01 PEKALONGAN\', \'8a2219c1-23e4-4985-97ce-a297570ddab9\', 1701778182, \'2\', \'jihan\', \'Class Rangking\', \'2023-12-05 06:09:43\', \'2023-12-05 06:09:43\')')
 3 SYSTEMPATH/Database/BaseConnection.php(593): CodeIgniter\Database\BaseConnection->simpleQuery('INSERT INTO `daftar` (`nama_lengkap`, `nominal`, `no_hp`, `email`, `alamat`, `asal_sekolah`, `token`, `id_order`, `id_mentor`, `alias`, `tipe_bimbel`, `created_at`, `updated_at`) VALUES (\'Jihan\', \'2000000\', \'000\', \'kuyarsal@gmail.com\', \'Harnomio\', \'SMAN 01 PEKALONGAN\', \'8a2219c1-23e4-4985-97ce-a297570ddab9\', 1701778182, \'2\', \'jihan\', \'Class Rangking\', \'2023-12-05 06:09:43\', \'2023-12-05 06:09:43\')')
 4 SYSTEMPATH/Database/BaseBuilder.php(1916): CodeIgniter\Database\BaseConnection->query('INSERT INTO `daftar` (`nama_lengkap`, `nominal`, `no_hp`, `email`, `alamat`, `asal_sekolah`, `token`, `id_order`, `id_mentor`, `alias`, `tipe_bimbel`, `created_at`, `updated_at`) VALUES (:nama_lengkap:, :nominal:, :no_hp:, :email:, :alamat:, :asal_sekolah:, :token:, :id_order:, :id_mentor:, :alias:, :tipe_bimbel:, :created_at:, :updated_at:)', [...], false)
 5 SYSTEMPATH/Model.php(279): CodeIgniter\Database\BaseBuilder->insert()
 6 SYSTEMPATH/BaseModel.php(749): CodeIgniter\Model->doInsert([...])
 7 SYSTEMPATH/Model.php(667): CodeIgniter\BaseModel->insert([...], false)
 8 SYSTEMPATH/BaseModel.php(659): CodeIgniter\Model->insert([...], false)
 9 APPPATH/Controllers/Rangking.php(146): CodeIgniter\BaseModel->save([...])
10 SYSTEMPATH/CodeIgniter.php(927): App\Controllers\Rangking->simpan()
11 SYSTEMPATH/CodeIgniter.php(482): CodeIgniter\CodeIgniter->runController(Object(App\Controllers\Rangking))
12 SYSTEMPATH/CodeIgniter.php(351): CodeIgniter\CodeIgniter->handleRequest(null, Object(Config\Cache), false)
13 FCPATH/index.php(67): CodeIgniter\CodeIgniter->run()
14 SYSTEMPATH/Commands/Server/rewrite.php(46): require_once('FCPATH/index.php')
