CRITICAL - 2023-11-08 03:42:51 --> Trying to access array offset on value of type null
in APPPATH/Views/Admin/formemail.php on line 8.
 1 APPPATH/Views/Admin/formemail.php(8): CodeIgniter\Debug\Exceptions->errorHandler(2, 'Trying to access array offset on value of type null', 'APPPATH/Views/Admin/formemail.php', 8)
 2 SYSTEMPATH/View/View.php(213): include('APPPATH/Views/Admin/formemail.php')
 3 SYSTEMPATH/View/View.php(216): CodeIgniter\View\View->CodeIgniter\View\{closure}()
 4 SYSTEMPATH/Common.php(1134): CodeIgniter\View\View->render('Admin/formemail', [], true)
 5 APPPATH/Controllers/Rangking.php(187): view('Admin/formemail', [...])
 6 SYSTEMPATH/CodeIgniter.php(927): App\Controllers\Rangking->formemail('FCPATH/assets', 'static', 'FCPATH/js', 'initTheme.js')
 7 SYSTEMPATH/CodeIgniter.php(482): CodeIgniter\CodeIgniter->runController(Object(App\Controllers\Rangking))
 8 SYSTEMPATH/CodeIgniter.php(351): CodeIgniter\CodeIgniter->handleRequest(null, Object(Config\Cache), false)
 9 FCPATH/index.php(67): CodeIgniter\CodeIgniter->run()
10 SYSTEMPATH/Commands/Server/rewrite.php(46): require_once('FCPATH/index.php')
CRITICAL - 2023-11-08 03:42:51 --> Trying to access array offset on value of type null
in APPPATH/Views/Admin/formemail.php on line 8.
 1 APPPATH/Views/Admin/formemail.php(8): CodeIgniter\Debug\Exceptions->errorHandler(2, 'Trying to access array offset on value of type null', 'APPPATH/Views/Admin/formemail.php', 8)
 2 SYSTEMPATH/View/View.php(213): include('APPPATH/Views/Admin/formemail.php')
 3 SYSTEMPATH/View/View.php(216): CodeIgniter\View\View->CodeIgniter\View\{closure}()
 4 SYSTEMPATH/Common.php(1134): CodeIgniter\View\View->render('Admin/formemail', [], true)
 5 APPPATH/Controllers/Rangking.php(187): view('Admin/formemail', [...])
 6 SYSTEMPATH/CodeIgniter.php(927): App\Controllers\Rangking->formemail('FCPATH/assets', 'static', 'FCPATH/js', 'components', 'dark.js')
 7 SYSTEMPATH/CodeIgniter.php(482): CodeIgniter\CodeIgniter->runController(Object(App\Controllers\Rangking))
 8 SYSTEMPATH/CodeIgniter.php(351): CodeIgniter\CodeIgniter->handleRequest(null, Object(Config\Cache), false)
 9 FCPATH/index.php(67): CodeIgniter\CodeIgniter->run()
10 SYSTEMPATH/Commands/Server/rewrite.php(46): require_once('FCPATH/index.php')
CRITICAL - 2023-11-08 03:42:51 --> Trying to access array offset on value of type null
in APPPATH/Views/Admin/formemail.php on line 8.
 1 APPPATH/Views/Admin/formemail.php(8): CodeIgniter\Debug\Exceptions->errorHandler(2, 'Trying to access array offset on value of type null', 'APPPATH/Views/Admin/formemail.php', 8)
 2 SYSTEMPATH/View/View.php(213): include('APPPATH/Views/Admin/formemail.php')
 3 SYSTEMPATH/View/View.php(216): CodeIgniter\View\View->CodeIgniter\View\{closure}()
 4 SYSTEMPATH/Common.php(1134): CodeIgniter\View\View->render('Admin/formemail', [], true)
 5 APPPATH/Controllers/Rangking.php(187): view('Admin/formemail', [...])
 6 SYSTEMPATH/CodeIgniter.php(927): App\Controllers\Rangking->formemail('FCPATH/assets', 'extensions', 'perfect-scrollbar', 'perfect-scrollbar.min.js')
 7 SYSTEMPATH/CodeIgniter.php(482): CodeIgniter\CodeIgniter->runController(Object(App\Controllers\Rangking))
 8 SYSTEMPATH/CodeIgniter.php(351): CodeIgniter\CodeIgniter->handleRequest(null, Object(Config\Cache), false)
 9 FCPATH/index.php(67): CodeIgniter\CodeIgniter->run()
10 SYSTEMPATH/Commands/Server/rewrite.php(46): require_once('FCPATH/index.php')
CRITICAL - 2023-11-08 03:42:51 --> Trying to access array offset on value of type null
in APPPATH/Views/Admin/formemail.php on line 8.
 1 APPPATH/Views/Admin/formemail.php(8): CodeIgniter\Debug\Exceptions->errorHandler(2, 'Trying to access array offset on value of type null', 'APPPATH/Views/Admin/formemail.php', 8)
 2 SYSTEMPATH/View/View.php(213): include('APPPATH/Views/Admin/formemail.php')
 3 SYSTEMPATH/View/View.php(216): CodeIgniter\View\View->CodeIgniter\View\{closure}()
 4 SYSTEMPATH/Common.php(1134): CodeIgniter\View\View->render('Admin/formemail', [], true)
 5 APPPATH/Controllers/Rangking.php(187): view('Admin/formemail', [...])
 6 SYSTEMPATH/CodeIgniter.php(927): App\Controllers\Rangking->formemail('FCPATH/assets', 'compiled', 'FCPATH/js', 'app.js')
 7 SYSTEMPATH/CodeIgniter.php(482): CodeIgniter\CodeIgniter->runController(Object(App\Controllers\Rangking))
 8 SYSTEMPATH/CodeIgniter.php(351): CodeIgniter\CodeIgniter->handleRequest(null, Object(Config\Cache), false)
 9 FCPATH/index.php(67): CodeIgniter\CodeIgniter->run()
10 SYSTEMPATH/Commands/Server/rewrite.php(46): require_once('FCPATH/index.php')
CRITICAL - 2023-11-08 03:42:51 --> Trying to access array offset on value of type null
in APPPATH/Views/Admin/formemail.php on line 8.
 1 APPPATH/Views/Admin/formemail.php(8): CodeIgniter\Debug\Exceptions->errorHandler(2, 'Trying to access array offset on value of type null', 'APPPATH/Views/Admin/formemail.php', 8)
 2 SYSTEMPATH/View/View.php(213): include('APPPATH/Views/Admin/formemail.php')
 3 SYSTEMPATH/View/View.php(216): CodeIgniter\View\View->CodeIgniter\View\{closure}()
 4 SYSTEMPATH/Common.php(1134): CodeIgniter\View\View->render('Admin/formemail', [], true)
 5 APPPATH/Controllers/Rangking.php(187): view('Admin/formemail', [...])
 6 SYSTEMPATH/CodeIgniter.php(927): App\Controllers\Rangking->formemail('FCPATH/assets', 'extensions', 'apexcharts', 'apexcharts.min.js')
 7 SYSTEMPATH/CodeIgniter.php(482): CodeIgniter\CodeIgniter->runController(Object(App\Controllers\Rangking))
 8 SYSTEMPATH/CodeIgniter.php(351): CodeIgniter\CodeIgniter->handleRequest(null, Object(Config\Cache), false)
 9 FCPATH/index.php(67): CodeIgniter\CodeIgniter->run()
10 SYSTEMPATH/Commands/Server/rewrite.php(46): require_once('FCPATH/index.php')
CRITICAL - 2023-11-08 03:42:51 --> Trying to access array offset on value of type null
in APPPATH/Views/Admin/formemail.php on line 8.
 1 APPPATH/Views/Admin/formemail.php(8): CodeIgniter\Debug\Exceptions->errorHandler(2, 'Trying to access array offset on value of type null', 'APPPATH/Views/Admin/formemail.php', 8)
 2 SYSTEMPATH/View/View.php(213): include('APPPATH/Views/Admin/formemail.php')
 3 SYSTEMPATH/View/View.php(216): CodeIgniter\View\View->CodeIgniter\View\{closure}()
 4 SYSTEMPATH/Common.php(1134): CodeIgniter\View\View->render('Admin/formemail', [], true)
 5 APPPATH/Controllers/Rangking.php(187): view('Admin/formemail', [...])
 6 SYSTEMPATH/CodeIgniter.php(927): App\Controllers\Rangking->formemail('FCPATH/assets', 'static', 'FCPATH/js', 'pages', 'dashboard.js')
 7 SYSTEMPATH/CodeIgniter.php(482): CodeIgniter\CodeIgniter->runController(Object(App\Controllers\Rangking))
 8 SYSTEMPATH/CodeIgniter.php(351): CodeIgniter\CodeIgniter->handleRequest(null, Object(Config\Cache), false)
 9 FCPATH/index.php(67): CodeIgniter\CodeIgniter->run()
10 SYSTEMPATH/Commands/Server/rewrite.php(46): require_once('FCPATH/index.php')
CRITICAL - 2023-11-08 03:50:23 --> Undefined array key "transaction_status"
in APPPATH/Views/Admin/index.php on line 55.
 1 APPPATH/Views/Admin/index.php(55): CodeIgniter\Debug\Exceptions->errorHandler(2, 'Undefined array key "transaction_status"', 'APPPATH/Views/Admin/index.php', 55)
 2 SYSTEMPATH/View/View.php(213): include('APPPATH/Views/Admin/index.php')
 3 SYSTEMPATH/View/View.php(216): CodeIgniter\View\View->CodeIgniter\View\{closure}()
 4 SYSTEMPATH/Common.php(1134): CodeIgniter\View\View->render('Admin/index', [], true)
 5 APPPATH/Controllers/Rangking.php(35): view('Admin/index', [...])
 6 SYSTEMPATH/CodeIgniter.php(927): App\Controllers\Rangking->index()
 7 SYSTEMPATH/CodeIgniter.php(482): CodeIgniter\CodeIgniter->runController(Object(App\Controllers\Rangking))
 8 SYSTEMPATH/CodeIgniter.php(351): CodeIgniter\CodeIgniter->handleRequest(null, Object(Config\Cache), false)
 9 FCPATH/index.php(67): CodeIgniter\CodeIgniter->run()
10 SYSTEMPATH/Commands/Server/rewrite.php(46): require_once('FCPATH/index.php')
CRITICAL - 2023-11-08 04:14:03 --> Undefined array key "status_message"
in APPPATH/Views/Admin/index.php on line 55.
 1 APPPATH/Views/Admin/index.php(55): CodeIgniter\Debug\Exceptions->errorHandler(2, 'Undefined array key "status_message"', 'APPPATH/Views/Admin/index.php', 55)
 2 SYSTEMPATH/View/View.php(213): include('APPPATH/Views/Admin/index.php')
 3 SYSTEMPATH/View/View.php(216): CodeIgniter\View\View->CodeIgniter\View\{closure}()
 4 SYSTEMPATH/Common.php(1134): CodeIgniter\View\View->render('Admin/index', [], true)
 5 APPPATH/Controllers/Rangking.php(35): view('Admin/index', [...])
 6 SYSTEMPATH/CodeIgniter.php(927): App\Controllers\Rangking->index()
 7 SYSTEMPATH/CodeIgniter.php(482): CodeIgniter\CodeIgniter->runController(Object(App\Controllers\Rangking))
 8 SYSTEMPATH/CodeIgniter.php(351): CodeIgniter\CodeIgniter->handleRequest(null, Object(Config\Cache), false)
 9 FCPATH/index.php(67): CodeIgniter\CodeIgniter->run()
10 SYSTEMPATH/Commands/Server/rewrite.php(46): require_once('FCPATH/index.php')
CRITICAL - 2023-11-08 04:15:07 --> Undefined array key "channel_response_message"
in APPPATH/Views/Admin/index.php on line 55.
 1 APPPATH/Views/Admin/index.php(55): CodeIgniter\Debug\Exceptions->errorHandler(2, 'Undefined array key "channel_response_message"', 'APPPATH/Views/Admin/index.php', 55)
 2 SYSTEMPATH/View/View.php(213): include('APPPATH/Views/Admin/index.php')
 3 SYSTEMPATH/View/View.php(216): CodeIgniter\View\View->CodeIgniter\View\{closure}()
 4 SYSTEMPATH/Common.php(1134): CodeIgniter\View\View->render('Admin/index', [], true)
 5 APPPATH/Controllers/Rangking.php(35): view('Admin/index', [...])
 6 SYSTEMPATH/CodeIgniter.php(927): App\Controllers\Rangking->index()
 7 SYSTEMPATH/CodeIgniter.php(482): CodeIgniter\CodeIgniter->runController(Object(App\Controllers\Rangking))
 8 SYSTEMPATH/CodeIgniter.php(351): CodeIgniter\CodeIgniter->handleRequest(null, Object(Config\Cache), false)
 9 FCPATH/index.php(67): CodeIgniter\CodeIgniter->run()
10 SYSTEMPATH/Commands/Server/rewrite.php(46): require_once('FCPATH/index.php')
CRITICAL - 2023-11-08 04:20:01 --> Trying to access array offset on value of type null
in APPPATH/Views/Admin/formemail.php on line 8.
 1 APPPATH/Views/Admin/formemail.php(8): CodeIgniter\Debug\Exceptions->errorHandler(2, 'Trying to access array offset on value of type null', 'APPPATH/Views/Admin/formemail.php', 8)
 2 SYSTEMPATH/View/View.php(213): include('APPPATH/Views/Admin/formemail.php')
 3 SYSTEMPATH/View/View.php(216): CodeIgniter\View\View->CodeIgniter\View\{closure}()
 4 SYSTEMPATH/Common.php(1134): CodeIgniter\View\View->render('Admin/formemail', [], true)
 5 APPPATH/Controllers/Rangking.php(187): view('Admin/formemail', [...])
 6 SYSTEMPATH/CodeIgniter.php(927): App\Controllers\Rangking->formemail('FCPATH/assets', 'static', 'FCPATH/js', 'initTheme.js')
 7 SYSTEMPATH/CodeIgniter.php(482): CodeIgniter\CodeIgniter->runController(Object(App\Controllers\Rangking))
 8 SYSTEMPATH/CodeIgniter.php(351): CodeIgniter\CodeIgniter->handleRequest(null, Object(Config\Cache), false)
 9 FCPATH/index.php(67): CodeIgniter\CodeIgniter->run()
10 SYSTEMPATH/Commands/Server/rewrite.php(46): require_once('FCPATH/index.php')
CRITICAL - 2023-11-08 04:20:01 --> Trying to access array offset on value of type null
in APPPATH/Views/Admin/formemail.php on line 8.
 1 APPPATH/Views/Admin/formemail.php(8): CodeIgniter\Debug\Exceptions->errorHandler(2, 'Trying to access array offset on value of type null', 'APPPATH/Views/Admin/formemail.php', 8)
 2 SYSTEMPATH/View/View.php(213): include('APPPATH/Views/Admin/formemail.php')
 3 SYSTEMPATH/View/View.php(216): CodeIgniter\View\View->CodeIgniter\View\{closure}()
 4 SYSTEMPATH/Common.php(1134): CodeIgniter\View\View->render('Admin/formemail', [], true)
 5 APPPATH/Controllers/Rangking.php(187): view('Admin/formemail', [...])
 6 SYSTEMPATH/CodeIgniter.php(927): App\Controllers\Rangking->formemail('FCPATH/assets', 'static', 'FCPATH/js', 'components', 'dark.js')
 7 SYSTEMPATH/CodeIgniter.php(482): CodeIgniter\CodeIgniter->runController(Object(App\Controllers\Rangking))
 8 SYSTEMPATH/CodeIgniter.php(351): CodeIgniter\CodeIgniter->handleRequest(null, Object(Config\Cache), false)
 9 FCPATH/index.php(67): CodeIgniter\CodeIgniter->run()
10 SYSTEMPATH/Commands/Server/rewrite.php(46): require_once('FCPATH/index.php')
CRITICAL - 2023-11-08 04:20:01 --> Trying to access array offset on value of type null
in APPPATH/Views/Admin/formemail.php on line 8.
 1 APPPATH/Views/Admin/formemail.php(8): CodeIgniter\Debug\Exceptions->errorHandler(2, 'Trying to access array offset on value of type null', 'APPPATH/Views/Admin/formemail.php', 8)
 2 SYSTEMPATH/View/View.php(213): include('APPPATH/Views/Admin/formemail.php')
 3 SYSTEMPATH/View/View.php(216): CodeIgniter\View\View->CodeIgniter\View\{closure}()
 4 SYSTEMPATH/Common.php(1134): CodeIgniter\View\View->render('Admin/formemail', [], true)
 5 APPPATH/Controllers/Rangking.php(187): view('Admin/formemail', [...])
 6 SYSTEMPATH/CodeIgniter.php(927): App\Controllers\Rangking->formemail('FCPATH/assets', 'extensions', 'perfect-scrollbar', 'perfect-scrollbar.min.js')
 7 SYSTEMPATH/CodeIgniter.php(482): CodeIgniter\CodeIgniter->runController(Object(App\Controllers\Rangking))
 8 SYSTEMPATH/CodeIgniter.php(351): CodeIgniter\CodeIgniter->handleRequest(null, Object(Config\Cache), false)
 9 FCPATH/index.php(67): CodeIgniter\CodeIgniter->run()
10 SYSTEMPATH/Commands/Server/rewrite.php(46): require_once('FCPATH/index.php')
CRITICAL - 2023-11-08 04:20:01 --> Trying to access array offset on value of type null
in APPPATH/Views/Admin/formemail.php on line 8.
 1 APPPATH/Views/Admin/formemail.php(8): CodeIgniter\Debug\Exceptions->errorHandler(2, 'Trying to access array offset on value of type null', 'APPPATH/Views/Admin/formemail.php', 8)
 2 SYSTEMPATH/View/View.php(213): include('APPPATH/Views/Admin/formemail.php')
 3 SYSTEMPATH/View/View.php(216): CodeIgniter\View\View->CodeIgniter\View\{closure}()
 4 SYSTEMPATH/Common.php(1134): CodeIgniter\View\View->render('Admin/formemail', [], true)
 5 APPPATH/Controllers/Rangking.php(187): view('Admin/formemail', [...])
 6 SYSTEMPATH/CodeIgniter.php(927): App\Controllers\Rangking->formemail('FCPATH/assets', 'compiled', 'FCPATH/js', 'app.js')
 7 SYSTEMPATH/CodeIgniter.php(482): CodeIgniter\CodeIgniter->runController(Object(App\Controllers\Rangking))
 8 SYSTEMPATH/CodeIgniter.php(351): CodeIgniter\CodeIgniter->handleRequest(null, Object(Config\Cache), false)
 9 FCPATH/index.php(67): CodeIgniter\CodeIgniter->run()
10 SYSTEMPATH/Commands/Server/rewrite.php(46): require_once('FCPATH/index.php')
CRITICAL - 2023-11-08 04:20:01 --> Trying to access array offset on value of type null
in APPPATH/Views/Admin/formemail.php on line 8.
 1 APPPATH/Views/Admin/formemail.php(8): CodeIgniter\Debug\Exceptions->errorHandler(2, 'Trying to access array offset on value of type null', 'APPPATH/Views/Admin/formemail.php', 8)
 2 SYSTEMPATH/View/View.php(213): include('APPPATH/Views/Admin/formemail.php')
 3 SYSTEMPATH/View/View.php(216): CodeIgniter\View\View->CodeIgniter\View\{closure}()
 4 SYSTEMPATH/Common.php(1134): CodeIgniter\View\View->render('Admin/formemail', [], true)
 5 APPPATH/Controllers/Rangking.php(187): view('Admin/formemail', [...])
 6 SYSTEMPATH/CodeIgniter.php(927): App\Controllers\Rangking->formemail('FCPATH/assets', 'extensions', 'apexcharts', 'apexcharts.min.js')
 7 SYSTEMPATH/CodeIgniter.php(482): CodeIgniter\CodeIgniter->runController(Object(App\Controllers\Rangking))
 8 SYSTEMPATH/CodeIgniter.php(351): CodeIgniter\CodeIgniter->handleRequest(null, Object(Config\Cache), false)
 9 FCPATH/index.php(67): CodeIgniter\CodeIgniter->run()
10 SYSTEMPATH/Commands/Server/rewrite.php(46): require_once('FCPATH/index.php')
CRITICAL - 2023-11-08 04:20:01 --> Trying to access array offset on value of type null
in APPPATH/Views/Admin/formemail.php on line 8.
 1 APPPATH/Views/Admin/formemail.php(8): CodeIgniter\Debug\Exceptions->errorHandler(2, 'Trying to access array offset on value of type null', 'APPPATH/Views/Admin/formemail.php', 8)
 2 SYSTEMPATH/View/View.php(213): include('APPPATH/Views/Admin/formemail.php')
 3 SYSTEMPATH/View/View.php(216): CodeIgniter\View\View->CodeIgniter\View\{closure}()
 4 SYSTEMPATH/Common.php(1134): CodeIgniter\View\View->render('Admin/formemail', [], true)
 5 APPPATH/Controllers/Rangking.php(187): view('Admin/formemail', [...])
 6 SYSTEMPATH/CodeIgniter.php(927): App\Controllers\Rangking->formemail('FCPATH/assets', 'static', 'FCPATH/js', 'pages', 'dashboard.js')
 7 SYSTEMPATH/CodeIgniter.php(482): CodeIgniter\CodeIgniter->runController(Object(App\Controllers\Rangking))
 8 SYSTEMPATH/CodeIgniter.php(351): CodeIgniter\CodeIgniter->handleRequest(null, Object(Config\Cache), false)
 9 FCPATH/index.php(67): CodeIgniter\CodeIgniter->run()
10 SYSTEMPATH/Commands/Server/rewrite.php(46): require_once('FCPATH/index.php')
CRITICAL - 2023-11-08 04:23:58 --> Undefined array key "status_message"
in APPPATH/Views/Admin/index.php on line 55.
 1 APPPATH/Views/Admin/index.php(55): CodeIgniter\Debug\Exceptions->errorHandler(2, 'Undefined array key "status_message"', 'APPPATH/Views/Admin/index.php', 55)
 2 SYSTEMPATH/View/View.php(213): include('APPPATH/Views/Admin/index.php')
 3 SYSTEMPATH/View/View.php(216): CodeIgniter\View\View->CodeIgniter\View\{closure}()
 4 SYSTEMPATH/Common.php(1134): CodeIgniter\View\View->render('Admin/index', [], true)
 5 APPPATH/Controllers/Rangking.php(35): view('Admin/index', [...])
 6 SYSTEMPATH/CodeIgniter.php(927): App\Controllers\Rangking->index()
 7 SYSTEMPATH/CodeIgniter.php(482): CodeIgniter\CodeIgniter->runController(Object(App\Controllers\Rangking))
 8 SYSTEMPATH/CodeIgniter.php(351): CodeIgniter\CodeIgniter->handleRequest(null, Object(Config\Cache), false)
 9 FCPATH/index.php(67): CodeIgniter\CodeIgniter->run()
10 SYSTEMPATH/Commands/Server/rewrite.php(46): require_once('FCPATH/index.php')
CRITICAL - 2023-11-08 04:43:40 --> Trying to access array offset on value of type null
in APPPATH/Views/Admin/formemail.php on line 8.
 1 APPPATH/Views/Admin/formemail.php(8): CodeIgniter\Debug\Exceptions->errorHandler(2, 'Trying to access array offset on value of type null', 'APPPATH/Views/Admin/formemail.php', 8)
 2 SYSTEMPATH/View/View.php(213): include('APPPATH/Views/Admin/formemail.php')
 3 SYSTEMPATH/View/View.php(216): CodeIgniter\View\View->CodeIgniter\View\{closure}()
 4 SYSTEMPATH/Common.php(1134): CodeIgniter\View\View->render('Admin/formemail', [], true)
 5 APPPATH/Controllers/Rangking.php(187): view('Admin/formemail', [...])
 6 SYSTEMPATH/CodeIgniter.php(927): App\Controllers\Rangking->formemail('FCPATH/assets', 'static', 'FCPATH/js', 'initTheme.js')
 7 SYSTEMPATH/CodeIgniter.php(482): CodeIgniter\CodeIgniter->runController(Object(App\Controllers\Rangking))
 8 SYSTEMPATH/CodeIgniter.php(351): CodeIgniter\CodeIgniter->handleRequest(null, Object(Config\Cache), false)
 9 FCPATH/index.php(67): CodeIgniter\CodeIgniter->run()
10 SYSTEMPATH/Commands/Server/rewrite.php(46): require_once('FCPATH/index.php')
CRITICAL - 2023-11-08 04:43:40 --> Trying to access array offset on value of type null
in APPPATH/Views/Admin/formemail.php on line 8.
 1 APPPATH/Views/Admin/formemail.php(8): CodeIgniter\Debug\Exceptions->errorHandler(2, 'Trying to access array offset on value of type null', 'APPPATH/Views/Admin/formemail.php', 8)
 2 SYSTEMPATH/View/View.php(213): include('APPPATH/Views/Admin/formemail.php')
 3 SYSTEMPATH/View/View.php(216): CodeIgniter\View\View->CodeIgniter\View\{closure}()
 4 SYSTEMPATH/Common.php(1134): CodeIgniter\View\View->render('Admin/formemail', [], true)
 5 APPPATH/Controllers/Rangking.php(187): view('Admin/formemail', [...])
 6 SYSTEMPATH/CodeIgniter.php(927): App\Controllers\Rangking->formemail('FCPATH/assets', 'static', 'FCPATH/js', 'components', 'dark.js')
 7 SYSTEMPATH/CodeIgniter.php(482): CodeIgniter\CodeIgniter->runController(Object(App\Controllers\Rangking))
 8 SYSTEMPATH/CodeIgniter.php(351): CodeIgniter\CodeIgniter->handleRequest(null, Object(Config\Cache), false)
 9 FCPATH/index.php(67): CodeIgniter\CodeIgniter->run()
10 SYSTEMPATH/Commands/Server/rewrite.php(46): require_once('FCPATH/index.php')
CRITICAL - 2023-11-08 04:43:40 --> Trying to access array offset on value of type null
in APPPATH/Views/Admin/formemail.php on line 8.
 1 APPPATH/Views/Admin/formemail.php(8): CodeIgniter\Debug\Exceptions->errorHandler(2, 'Trying to access array offset on value of type null', 'APPPATH/Views/Admin/formemail.php', 8)
 2 SYSTEMPATH/View/View.php(213): include('APPPATH/Views/Admin/formemail.php')
 3 SYSTEMPATH/View/View.php(216): CodeIgniter\View\View->CodeIgniter\View\{closure}()
 4 SYSTEMPATH/Common.php(1134): CodeIgniter\View\View->render('Admin/formemail', [], true)
 5 APPPATH/Controllers/Rangking.php(187): view('Admin/formemail', [...])
 6 SYSTEMPATH/CodeIgniter.php(927): App\Controllers\Rangking->formemail('FCPATH/assets', 'extensions', 'perfect-scrollbar', 'perfect-scrollbar.min.js')
 7 SYSTEMPATH/CodeIgniter.php(482): CodeIgniter\CodeIgniter->runController(Object(App\Controllers\Rangking))
 8 SYSTEMPATH/CodeIgniter.php(351): CodeIgniter\CodeIgniter->handleRequest(null, Object(Config\Cache), false)
 9 FCPATH/index.php(67): CodeIgniter\CodeIgniter->run()
10 SYSTEMPATH/Commands/Server/rewrite.php(46): require_once('FCPATH/index.php')
CRITICAL - 2023-11-08 04:43:40 --> Trying to access array offset on value of type null
in APPPATH/Views/Admin/formemail.php on line 8.
 1 APPPATH/Views/Admin/formemail.php(8): CodeIgniter\Debug\Exceptions->errorHandler(2, 'Trying to access array offset on value of type null', 'APPPATH/Views/Admin/formemail.php', 8)
 2 SYSTEMPATH/View/View.php(213): include('APPPATH/Views/Admin/formemail.php')
 3 SYSTEMPATH/View/View.php(216): CodeIgniter\View\View->CodeIgniter\View\{closure}()
 4 SYSTEMPATH/Common.php(1134): CodeIgniter\View\View->render('Admin/formemail', [], true)
 5 APPPATH/Controllers/Rangking.php(187): view('Admin/formemail', [...])
 6 SYSTEMPATH/CodeIgniter.php(927): App\Controllers\Rangking->formemail('FCPATH/assets', 'compiled', 'FCPATH/js', 'app.js')
 7 SYSTEMPATH/CodeIgniter.php(482): CodeIgniter\CodeIgniter->runController(Object(App\Controllers\Rangking))
 8 SYSTEMPATH/CodeIgniter.php(351): CodeIgniter\CodeIgniter->handleRequest(null, Object(Config\Cache), false)
 9 FCPATH/index.php(67): CodeIgniter\CodeIgniter->run()
10 SYSTEMPATH/Commands/Server/rewrite.php(46): require_once('FCPATH/index.php')
CRITICAL - 2023-11-08 04:43:40 --> Trying to access array offset on value of type null
in APPPATH/Views/Admin/formemail.php on line 8.
 1 APPPATH/Views/Admin/formemail.php(8): CodeIgniter\Debug\Exceptions->errorHandler(2, 'Trying to access array offset on value of type null', 'APPPATH/Views/Admin/formemail.php', 8)
 2 SYSTEMPATH/View/View.php(213): include('APPPATH/Views/Admin/formemail.php')
 3 SYSTEMPATH/View/View.php(216): CodeIgniter\View\View->CodeIgniter\View\{closure}()
 4 SYSTEMPATH/Common.php(1134): CodeIgniter\View\View->render('Admin/formemail', [], true)
 5 APPPATH/Controllers/Rangking.php(187): view('Admin/formemail', [...])
 6 SYSTEMPATH/CodeIgniter.php(927): App\Controllers\Rangking->formemail('FCPATH/assets', 'extensions', 'apexcharts', 'apexcharts.min.js')
 7 SYSTEMPATH/CodeIgniter.php(482): CodeIgniter\CodeIgniter->runController(Object(App\Controllers\Rangking))
 8 SYSTEMPATH/CodeIgniter.php(351): CodeIgniter\CodeIgniter->handleRequest(null, Object(Config\Cache), false)
 9 FCPATH/index.php(67): CodeIgniter\CodeIgniter->run()
10 SYSTEMPATH/Commands/Server/rewrite.php(46): require_once('FCPATH/index.php')
CRITICAL - 2023-11-08 04:43:40 --> Trying to access array offset on value of type null
in APPPATH/Views/Admin/formemail.php on line 8.
 1 APPPATH/Views/Admin/formemail.php(8): CodeIgniter\Debug\Exceptions->errorHandler(2, 'Trying to access array offset on value of type null', 'APPPATH/Views/Admin/formemail.php', 8)
 2 SYSTEMPATH/View/View.php(213): include('APPPATH/Views/Admin/formemail.php')
 3 SYSTEMPATH/View/View.php(216): CodeIgniter\View\View->CodeIgniter\View\{closure}()
 4 SYSTEMPATH/Common.php(1134): CodeIgniter\View\View->render('Admin/formemail', [], true)
 5 APPPATH/Controllers/Rangking.php(187): view('Admin/formemail', [...])
 6 SYSTEMPATH/CodeIgniter.php(927): App\Controllers\Rangking->formemail('FCPATH/assets', 'static', 'FCPATH/js', 'pages', 'dashboard.js')
 7 SYSTEMPATH/CodeIgniter.php(482): CodeIgniter\CodeIgniter->runController(Object(App\Controllers\Rangking))
 8 SYSTEMPATH/CodeIgniter.php(351): CodeIgniter\CodeIgniter->handleRequest(null, Object(Config\Cache), false)
 9 FCPATH/index.php(67): CodeIgniter\CodeIgniter->run()
10 SYSTEMPATH/Commands/Server/rewrite.php(46): require_once('FCPATH/index.php')
CRITICAL - 2023-11-08 04:44:49 --> Trying to access array offset on value of type null
in APPPATH/Views/Admin/edit.php on line 7.
 1 APPPATH/Views/Admin/edit.php(7): CodeIgniter\Debug\Exceptions->errorHandler(2, 'Trying to access array offset on value of type null', 'APPPATH/Views/Admin/edit.php', 7)
 2 SYSTEMPATH/View/View.php(213): include('APPPATH/Views/Admin/edit.php')
 3 SYSTEMPATH/View/View.php(216): CodeIgniter\View\View->CodeIgniter\View\{closure}()
 4 SYSTEMPATH/Common.php(1134): CodeIgniter\View\View->render('Admin/edit', [], true)
 5 APPPATH/Controllers/Rangking.php(161): view('Admin/edit', [...])
 6 SYSTEMPATH/CodeIgniter.php(927): App\Controllers\Rangking->formedit('FCPATH/assets', 'static', 'FCPATH/js', 'initTheme.js')
 7 SYSTEMPATH/CodeIgniter.php(482): CodeIgniter\CodeIgniter->runController(Object(App\Controllers\Rangking))
 8 SYSTEMPATH/CodeIgniter.php(351): CodeIgniter\CodeIgniter->handleRequest(null, Object(Config\Cache), false)
 9 FCPATH/index.php(67): CodeIgniter\CodeIgniter->run()
10 SYSTEMPATH/Commands/Server/rewrite.php(46): require_once('FCPATH/index.php')
CRITICAL - 2023-11-08 04:44:49 --> Trying to access array offset on value of type null
in APPPATH/Views/Admin/edit.php on line 7.
 1 APPPATH/Views/Admin/edit.php(7): CodeIgniter\Debug\Exceptions->errorHandler(2, 'Trying to access array offset on value of type null', 'APPPATH/Views/Admin/edit.php', 7)
 2 SYSTEMPATH/View/View.php(213): include('APPPATH/Views/Admin/edit.php')
 3 SYSTEMPATH/View/View.php(216): CodeIgniter\View\View->CodeIgniter\View\{closure}()
 4 SYSTEMPATH/Common.php(1134): CodeIgniter\View\View->render('Admin/edit', [], true)
 5 APPPATH/Controllers/Rangking.php(161): view('Admin/edit', [...])
 6 SYSTEMPATH/CodeIgniter.php(927): App\Controllers\Rangking->formedit('FCPATH/assets', 'static', 'FCPATH/js', 'components', 'dark.js')
 7 SYSTEMPATH/CodeIgniter.php(482): CodeIgniter\CodeIgniter->runController(Object(App\Controllers\Rangking))
 8 SYSTEMPATH/CodeIgniter.php(351): CodeIgniter\CodeIgniter->handleRequest(null, Object(Config\Cache), false)
 9 FCPATH/index.php(67): CodeIgniter\CodeIgniter->run()
10 SYSTEMPATH/Commands/Server/rewrite.php(46): require_once('FCPATH/index.php')
CRITICAL - 2023-11-08 04:44:49 --> Trying to access array offset on value of type null
in APPPATH/Views/Admin/edit.php on line 7.
 1 APPPATH/Views/Admin/edit.php(7): CodeIgniter\Debug\Exceptions->errorHandler(2, 'Trying to access array offset on value of type null', 'APPPATH/Views/Admin/edit.php', 7)
 2 SYSTEMPATH/View/View.php(213): include('APPPATH/Views/Admin/edit.php')
 3 SYSTEMPATH/View/View.php(216): CodeIgniter\View\View->CodeIgniter\View\{closure}()
 4 SYSTEMPATH/Common.php(1134): CodeIgniter\View\View->render('Admin/edit', [], true)
 5 APPPATH/Controllers/Rangking.php(161): view('Admin/edit', [...])
 6 SYSTEMPATH/CodeIgniter.php(927): App\Controllers\Rangking->formedit('FCPATH/assets', 'extensions', 'perfect-scrollbar', 'perfect-scrollbar.min.js')
 7 SYSTEMPATH/CodeIgniter.php(482): CodeIgniter\CodeIgniter->runController(Object(App\Controllers\Rangking))
 8 SYSTEMPATH/CodeIgniter.php(351): CodeIgniter\CodeIgniter->handleRequest(null, Object(Config\Cache), false)
 9 FCPATH/index.php(67): CodeIgniter\CodeIgniter->run()
10 SYSTEMPATH/Commands/Server/rewrite.php(46): require_once('FCPATH/index.php')
CRITICAL - 2023-11-08 04:44:50 --> Trying to access array offset on value of type null
in APPPATH/Views/Admin/edit.php on line 7.
 1 APPPATH/Views/Admin/edit.php(7): CodeIgniter\Debug\Exceptions->errorHandler(2, 'Trying to access array offset on value of type null', 'APPPATH/Views/Admin/edit.php', 7)
 2 SYSTEMPATH/View/View.php(213): include('APPPATH/Views/Admin/edit.php')
 3 SYSTEMPATH/View/View.php(216): CodeIgniter\View\View->CodeIgniter\View\{closure}()
 4 SYSTEMPATH/Common.php(1134): CodeIgniter\View\View->render('Admin/edit', [], true)
 5 APPPATH/Controllers/Rangking.php(161): view('Admin/edit', [...])
 6 SYSTEMPATH/CodeIgniter.php(927): App\Controllers\Rangking->formedit('FCPATH/assets', 'compiled', 'FCPATH/js', 'app.js')
 7 SYSTEMPATH/CodeIgniter.php(482): CodeIgniter\CodeIgniter->runController(Object(App\Controllers\Rangking))
 8 SYSTEMPATH/CodeIgniter.php(351): CodeIgniter\CodeIgniter->handleRequest(null, Object(Config\Cache), false)
 9 FCPATH/index.php(67): CodeIgniter\CodeIgniter->run()
10 SYSTEMPATH/Commands/Server/rewrite.php(46): require_once('FCPATH/index.php')
CRITICAL - 2023-11-08 04:44:50 --> Trying to access array offset on value of type null
in APPPATH/Views/Admin/edit.php on line 7.
 1 APPPATH/Views/Admin/edit.php(7): CodeIgniter\Debug\Exceptions->errorHandler(2, 'Trying to access array offset on value of type null', 'APPPATH/Views/Admin/edit.php', 7)
 2 SYSTEMPATH/View/View.php(213): include('APPPATH/Views/Admin/edit.php')
 3 SYSTEMPATH/View/View.php(216): CodeIgniter\View\View->CodeIgniter\View\{closure}()
 4 SYSTEMPATH/Common.php(1134): CodeIgniter\View\View->render('Admin/edit', [], true)
 5 APPPATH/Controllers/Rangking.php(161): view('Admin/edit', [...])
 6 SYSTEMPATH/CodeIgniter.php(927): App\Controllers\Rangking->formedit('FCPATH/assets', 'extensions', 'apexcharts', 'apexcharts.min.js')
 7 SYSTEMPATH/CodeIgniter.php(482): CodeIgniter\CodeIgniter->runController(Object(App\Controllers\Rangking))
 8 SYSTEMPATH/CodeIgniter.php(351): CodeIgniter\CodeIgniter->handleRequest(null, Object(Config\Cache), false)
 9 FCPATH/index.php(67): CodeIgniter\CodeIgniter->run()
10 SYSTEMPATH/Commands/Server/rewrite.php(46): require_once('FCPATH/index.php')
CRITICAL - 2023-11-08 04:44:50 --> Trying to access array offset on value of type null
in APPPATH/Views/Admin/edit.php on line 7.
 1 APPPATH/Views/Admin/edit.php(7): CodeIgniter\Debug\Exceptions->errorHandler(2, 'Trying to access array offset on value of type null', 'APPPATH/Views/Admin/edit.php', 7)
 2 SYSTEMPATH/View/View.php(213): include('APPPATH/Views/Admin/edit.php')
 3 SYSTEMPATH/View/View.php(216): CodeIgniter\View\View->CodeIgniter\View\{closure}()
 4 SYSTEMPATH/Common.php(1134): CodeIgniter\View\View->render('Admin/edit', [], true)
 5 APPPATH/Controllers/Rangking.php(161): view('Admin/edit', [...])
 6 SYSTEMPATH/CodeIgniter.php(927): App\Controllers\Rangking->formedit('FCPATH/assets', 'static', 'FCPATH/js', 'pages', 'dashboard.js')
 7 SYSTEMPATH/CodeIgniter.php(482): CodeIgniter\CodeIgniter->runController(Object(App\Controllers\Rangking))
 8 SYSTEMPATH/CodeIgniter.php(351): CodeIgniter\CodeIgniter->handleRequest(null, Object(Config\Cache), false)
 9 FCPATH/index.php(67): CodeIgniter\CodeIgniter->run()
10 SYSTEMPATH/Commands/Server/rewrite.php(46): require_once('FCPATH/index.php')
CRITICAL - 2023-11-08 05:00:27 --> Trying to access array offset on value of type null
in APPPATH/Views/Admin/formemail.php on line 8.
 1 APPPATH/Views/Admin/formemail.php(8): CodeIgniter\Debug\Exceptions->errorHandler(2, 'Trying to access array offset on value of type null', 'APPPATH/Views/Admin/formemail.php', 8)
 2 SYSTEMPATH/View/View.php(213): include('APPPATH/Views/Admin/formemail.php')
 3 SYSTEMPATH/View/View.php(216): CodeIgniter\View\View->CodeIgniter\View\{closure}()
 4 SYSTEMPATH/Common.php(1134): CodeIgniter\View\View->render('Admin/formemail', [], true)
 5 APPPATH/Controllers/Rangking.php(187): view('Admin/formemail', [...])
 6 SYSTEMPATH/CodeIgniter.php(927): App\Controllers\Rangking->formemail('FCPATH/assets', 'static', 'FCPATH/js', 'initTheme.js')
 7 SYSTEMPATH/CodeIgniter.php(482): CodeIgniter\CodeIgniter->runController(Object(App\Controllers\Rangking))
 8 SYSTEMPATH/CodeIgniter.php(351): CodeIgniter\CodeIgniter->handleRequest(null, Object(Config\Cache), false)
 9 FCPATH/index.php(67): CodeIgniter\CodeIgniter->run()
10 SYSTEMPATH/Commands/Server/rewrite.php(46): require_once('FCPATH/index.php')
CRITICAL - 2023-11-08 05:00:27 --> Trying to access array offset on value of type null
in APPPATH/Views/Admin/formemail.php on line 8.
 1 APPPATH/Views/Admin/formemail.php(8): CodeIgniter\Debug\Exceptions->errorHandler(2, 'Trying to access array offset on value of type null', 'APPPATH/Views/Admin/formemail.php', 8)
 2 SYSTEMPATH/View/View.php(213): include('APPPATH/Views/Admin/formemail.php')
 3 SYSTEMPATH/View/View.php(216): CodeIgniter\View\View->CodeIgniter\View\{closure}()
 4 SYSTEMPATH/Common.php(1134): CodeIgniter\View\View->render('Admin/formemail', [], true)
 5 APPPATH/Controllers/Rangking.php(187): view('Admin/formemail', [...])
 6 SYSTEMPATH/CodeIgniter.php(927): App\Controllers\Rangking->formemail('FCPATH/assets', 'static', 'FCPATH/js', 'components', 'dark.js')
 7 SYSTEMPATH/CodeIgniter.php(482): CodeIgniter\CodeIgniter->runController(Object(App\Controllers\Rangking))
 8 SYSTEMPATH/CodeIgniter.php(351): CodeIgniter\CodeIgniter->handleRequest(null, Object(Config\Cache), false)
 9 FCPATH/index.php(67): CodeIgniter\CodeIgniter->run()
10 SYSTEMPATH/Commands/Server/rewrite.php(46): require_once('FCPATH/index.php')
CRITICAL - 2023-11-08 05:00:27 --> Trying to access array offset on value of type null
in APPPATH/Views/Admin/formemail.php on line 8.
 1 APPPATH/Views/Admin/formemail.php(8): CodeIgniter\Debug\Exceptions->errorHandler(2, 'Trying to access array offset on value of type null', 'APPPATH/Views/Admin/formemail.php', 8)
 2 SYSTEMPATH/View/View.php(213): include('APPPATH/Views/Admin/formemail.php')
 3 SYSTEMPATH/View/View.php(216): CodeIgniter\View\View->CodeIgniter\View\{closure}()
 4 SYSTEMPATH/Common.php(1134): CodeIgniter\View\View->render('Admin/formemail', [], true)
 5 APPPATH/Controllers/Rangking.php(187): view('Admin/formemail', [...])
 6 SYSTEMPATH/CodeIgniter.php(927): App\Controllers\Rangking->formemail('FCPATH/assets', 'extensions', 'perfect-scrollbar', 'perfect-scrollbar.min.js')
 7 SYSTEMPATH/CodeIgniter.php(482): CodeIgniter\CodeIgniter->runController(Object(App\Controllers\Rangking))
 8 SYSTEMPATH/CodeIgniter.php(351): CodeIgniter\CodeIgniter->handleRequest(null, Object(Config\Cache), false)
 9 FCPATH/index.php(67): CodeIgniter\CodeIgniter->run()
10 SYSTEMPATH/Commands/Server/rewrite.php(46): require_once('FCPATH/index.php')
CRITICAL - 2023-11-08 05:00:27 --> Trying to access array offset on value of type null
in APPPATH/Views/Admin/formemail.php on line 8.
 1 APPPATH/Views/Admin/formemail.php(8): CodeIgniter\Debug\Exceptions->errorHandler(2, 'Trying to access array offset on value of type null', 'APPPATH/Views/Admin/formemail.php', 8)
 2 SYSTEMPATH/View/View.php(213): include('APPPATH/Views/Admin/formemail.php')
 3 SYSTEMPATH/View/View.php(216): CodeIgniter\View\View->CodeIgniter\View\{closure}()
 4 SYSTEMPATH/Common.php(1134): CodeIgniter\View\View->render('Admin/formemail', [], true)
 5 APPPATH/Controllers/Rangking.php(187): view('Admin/formemail', [...])
 6 SYSTEMPATH/CodeIgniter.php(927): App\Controllers\Rangking->formemail('FCPATH/assets', 'compiled', 'FCPATH/js', 'app.js')
 7 SYSTEMPATH/CodeIgniter.php(482): CodeIgniter\CodeIgniter->runController(Object(App\Controllers\Rangking))
 8 SYSTEMPATH/CodeIgniter.php(351): CodeIgniter\CodeIgniter->handleRequest(null, Object(Config\Cache), false)
 9 FCPATH/index.php(67): CodeIgniter\CodeIgniter->run()
10 SYSTEMPATH/Commands/Server/rewrite.php(46): require_once('FCPATH/index.php')
CRITICAL - 2023-11-08 05:00:27 --> Trying to access array offset on value of type null
in APPPATH/Views/Admin/formemail.php on line 8.
 1 APPPATH/Views/Admin/formemail.php(8): CodeIgniter\Debug\Exceptions->errorHandler(2, 'Trying to access array offset on value of type null', 'APPPATH/Views/Admin/formemail.php', 8)
 2 SYSTEMPATH/View/View.php(213): include('APPPATH/Views/Admin/formemail.php')
 3 SYSTEMPATH/View/View.php(216): CodeIgniter\View\View->CodeIgniter\View\{closure}()
 4 SYSTEMPATH/Common.php(1134): CodeIgniter\View\View->render('Admin/formemail', [], true)
 5 APPPATH/Controllers/Rangking.php(187): view('Admin/formemail', [...])
 6 SYSTEMPATH/CodeIgniter.php(927): App\Controllers\Rangking->formemail('FCPATH/assets', 'extensions', 'apexcharts', 'apexcharts.min.js')
 7 SYSTEMPATH/CodeIgniter.php(482): CodeIgniter\CodeIgniter->runController(Object(App\Controllers\Rangking))
 8 SYSTEMPATH/CodeIgniter.php(351): CodeIgniter\CodeIgniter->handleRequest(null, Object(Config\Cache), false)
 9 FCPATH/index.php(67): CodeIgniter\CodeIgniter->run()
10 SYSTEMPATH/Commands/Server/rewrite.php(46): require_once('FCPATH/index.php')
CRITICAL - 2023-11-08 05:00:27 --> Trying to access array offset on value of type null
in APPPATH/Views/Admin/formemail.php on line 8.
 1 APPPATH/Views/Admin/formemail.php(8): CodeIgniter\Debug\Exceptions->errorHandler(2, 'Trying to access array offset on value of type null', 'APPPATH/Views/Admin/formemail.php', 8)
 2 SYSTEMPATH/View/View.php(213): include('APPPATH/Views/Admin/formemail.php')
 3 SYSTEMPATH/View/View.php(216): CodeIgniter\View\View->CodeIgniter\View\{closure}()
 4 SYSTEMPATH/Common.php(1134): CodeIgniter\View\View->render('Admin/formemail', [], true)
 5 APPPATH/Controllers/Rangking.php(187): view('Admin/formemail', [...])
 6 SYSTEMPATH/CodeIgniter.php(927): App\Controllers\Rangking->formemail('FCPATH/assets', 'static', 'FCPATH/js', 'pages', 'dashboard.js')
 7 SYSTEMPATH/CodeIgniter.php(482): CodeIgniter\CodeIgniter->runController(Object(App\Controllers\Rangking))
 8 SYSTEMPATH/CodeIgniter.php(351): CodeIgniter\CodeIgniter->handleRequest(null, Object(Config\Cache), false)
 9 FCPATH/index.php(67): CodeIgniter\CodeIgniter->run()
10 SYSTEMPATH/Commands/Server/rewrite.php(46): require_once('FCPATH/index.php')
CRITICAL - 2023-11-08 05:21:53 --> Undefined variable $token
in APPPATH/Views/Admin/index.php on line 33.
 1 APPPATH/Views/Admin/index.php(33): CodeIgniter\Debug\Exceptions->errorHandler(2, 'Undefined variable $token', 'APPPATH/Views/Admin/index.php', 33)
 2 SYSTEMPATH/View/View.php(213): include('APPPATH/Views/Admin/index.php')
 3 SYSTEMPATH/View/View.php(216): CodeIgniter\View\View->CodeIgniter\View\{closure}()
 4 SYSTEMPATH/Common.php(1134): CodeIgniter\View\View->render('Admin/index', [], true)
 5 APPPATH/Controllers/Rangking.php(35): view('Admin/index', [...])
 6 SYSTEMPATH/CodeIgniter.php(927): App\Controllers\Rangking->index()
 7 SYSTEMPATH/CodeIgniter.php(482): CodeIgniter\CodeIgniter->runController(Object(App\Controllers\Rangking))
 8 SYSTEMPATH/CodeIgniter.php(351): CodeIgniter\CodeIgniter->handleRequest(null, Object(Config\Cache), false)
 9 FCPATH/index.php(67): CodeIgniter\CodeIgniter->run()
10 SYSTEMPATH/Commands/Server/rewrite.php(46): require_once('FCPATH/index.php')
CRITICAL - 2023-11-08 07:59:03 --> Trying to access array offset on value of type null
in APPPATH/Views/Admin/formemail.php on line 8.
 1 APPPATH/Views/Admin/formemail.php(8): CodeIgniter\Debug\Exceptions->errorHandler(2, 'Trying to access array offset on value of type null', 'APPPATH/Views/Admin/formemail.php', 8)
 2 SYSTEMPATH/View/View.php(213): include('APPPATH/Views/Admin/formemail.php')
 3 SYSTEMPATH/View/View.php(216): CodeIgniter\View\View->CodeIgniter\View\{closure}()
 4 SYSTEMPATH/Common.php(1134): CodeIgniter\View\View->render('Admin/formemail', [], true)
 5 APPPATH/Controllers/Rangking.php(187): view('Admin/formemail', [...])
 6 SYSTEMPATH/CodeIgniter.php(927): App\Controllers\Rangking->formemail('FCPATH/assets', 'static', 'FCPATH/js', 'initTheme.js')
 7 SYSTEMPATH/CodeIgniter.php(482): CodeIgniter\CodeIgniter->runController(Object(App\Controllers\Rangking))
 8 SYSTEMPATH/CodeIgniter.php(351): CodeIgniter\CodeIgniter->handleRequest(null, Object(Config\Cache), false)
 9 FCPATH/index.php(67): CodeIgniter\CodeIgniter->run()
10 SYSTEMPATH/Commands/Server/rewrite.php(46): require_once('FCPATH/index.php')
CRITICAL - 2023-11-08 07:59:04 --> Trying to access array offset on value of type null
in APPPATH/Views/Admin/formemail.php on line 8.
 1 APPPATH/Views/Admin/formemail.php(8): CodeIgniter\Debug\Exceptions->errorHandler(2, 'Trying to access array offset on value of type null', 'APPPATH/Views/Admin/formemail.php', 8)
 2 SYSTEMPATH/View/View.php(213): include('APPPATH/Views/Admin/formemail.php')
 3 SYSTEMPATH/View/View.php(216): CodeIgniter\View\View->CodeIgniter\View\{closure}()
 4 SYSTEMPATH/Common.php(1134): CodeIgniter\View\View->render('Admin/formemail', [], true)
 5 APPPATH/Controllers/Rangking.php(187): view('Admin/formemail', [...])
 6 SYSTEMPATH/CodeIgniter.php(927): App\Controllers\Rangking->formemail('FCPATH/assets', 'static', 'FCPATH/js', 'components', 'dark.js')
 7 SYSTEMPATH/CodeIgniter.php(482): CodeIgniter\CodeIgniter->runController(Object(App\Controllers\Rangking))
 8 SYSTEMPATH/CodeIgniter.php(351): CodeIgniter\CodeIgniter->handleRequest(null, Object(Config\Cache), false)
 9 FCPATH/index.php(67): CodeIgniter\CodeIgniter->run()
10 SYSTEMPATH/Commands/Server/rewrite.php(46): require_once('FCPATH/index.php')
CRITICAL - 2023-11-08 07:59:04 --> Trying to access array offset on value of type null
in APPPATH/Views/Admin/formemail.php on line 8.
 1 APPPATH/Views/Admin/formemail.php(8): CodeIgniter\Debug\Exceptions->errorHandler(2, 'Trying to access array offset on value of type null', 'APPPATH/Views/Admin/formemail.php', 8)
 2 SYSTEMPATH/View/View.php(213): include('APPPATH/Views/Admin/formemail.php')
 3 SYSTEMPATH/View/View.php(216): CodeIgniter\View\View->CodeIgniter\View\{closure}()
 4 SYSTEMPATH/Common.php(1134): CodeIgniter\View\View->render('Admin/formemail', [], true)
 5 APPPATH/Controllers/Rangking.php(187): view('Admin/formemail', [...])
 6 SYSTEMPATH/CodeIgniter.php(927): App\Controllers\Rangking->formemail('FCPATH/assets', 'extensions', 'perfect-scrollbar', 'perfect-scrollbar.min.js')
 7 SYSTEMPATH/CodeIgniter.php(482): CodeIgniter\CodeIgniter->runController(Object(App\Controllers\Rangking))
 8 SYSTEMPATH/CodeIgniter.php(351): CodeIgniter\CodeIgniter->handleRequest(null, Object(Config\Cache), false)
 9 FCPATH/index.php(67): CodeIgniter\CodeIgniter->run()
10 SYSTEMPATH/Commands/Server/rewrite.php(46): require_once('FCPATH/index.php')
CRITICAL - 2023-11-08 07:59:04 --> Trying to access array offset on value of type null
in APPPATH/Views/Admin/formemail.php on line 8.
 1 APPPATH/Views/Admin/formemail.php(8): CodeIgniter\Debug\Exceptions->errorHandler(2, 'Trying to access array offset on value of type null', 'APPPATH/Views/Admin/formemail.php', 8)
 2 SYSTEMPATH/View/View.php(213): include('APPPATH/Views/Admin/formemail.php')
 3 SYSTEMPATH/View/View.php(216): CodeIgniter\View\View->CodeIgniter\View\{closure}()
 4 SYSTEMPATH/Common.php(1134): CodeIgniter\View\View->render('Admin/formemail', [], true)
 5 APPPATH/Controllers/Rangking.php(187): view('Admin/formemail', [...])
 6 SYSTEMPATH/CodeIgniter.php(927): App\Controllers\Rangking->formemail('FCPATH/assets', 'compiled', 'FCPATH/js', 'app.js')
 7 SYSTEMPATH/CodeIgniter.php(482): CodeIgniter\CodeIgniter->runController(Object(App\Controllers\Rangking))
 8 SYSTEMPATH/CodeIgniter.php(351): CodeIgniter\CodeIgniter->handleRequest(null, Object(Config\Cache), false)
 9 FCPATH/index.php(67): CodeIgniter\CodeIgniter->run()
10 SYSTEMPATH/Commands/Server/rewrite.php(46): require_once('FCPATH/index.php')
CRITICAL - 2023-11-08 07:59:04 --> Trying to access array offset on value of type null
in APPPATH/Views/Admin/formemail.php on line 8.
 1 APPPATH/Views/Admin/formemail.php(8): CodeIgniter\Debug\Exceptions->errorHandler(2, 'Trying to access array offset on value of type null', 'APPPATH/Views/Admin/formemail.php', 8)
 2 SYSTEMPATH/View/View.php(213): include('APPPATH/Views/Admin/formemail.php')
 3 SYSTEMPATH/View/View.php(216): CodeIgniter\View\View->CodeIgniter\View\{closure}()
 4 SYSTEMPATH/Common.php(1134): CodeIgniter\View\View->render('Admin/formemail', [], true)
 5 APPPATH/Controllers/Rangking.php(187): view('Admin/formemail', [...])
 6 SYSTEMPATH/CodeIgniter.php(927): App\Controllers\Rangking->formemail('FCPATH/assets', 'extensions', 'apexcharts', 'apexcharts.min.js')
 7 SYSTEMPATH/CodeIgniter.php(482): CodeIgniter\CodeIgniter->runController(Object(App\Controllers\Rangking))
 8 SYSTEMPATH/CodeIgniter.php(351): CodeIgniter\CodeIgniter->handleRequest(null, Object(Config\Cache), false)
 9 FCPATH/index.php(67): CodeIgniter\CodeIgniter->run()
10 SYSTEMPATH/Commands/Server/rewrite.php(46): require_once('FCPATH/index.php')
CRITICAL - 2023-11-08 07:59:04 --> Trying to access array offset on value of type null
in APPPATH/Views/Admin/formemail.php on line 8.
 1 APPPATH/Views/Admin/formemail.php(8): CodeIgniter\Debug\Exceptions->errorHandler(2, 'Trying to access array offset on value of type null', 'APPPATH/Views/Admin/formemail.php', 8)
 2 SYSTEMPATH/View/View.php(213): include('APPPATH/Views/Admin/formemail.php')
 3 SYSTEMPATH/View/View.php(216): CodeIgniter\View\View->CodeIgniter\View\{closure}()
 4 SYSTEMPATH/Common.php(1134): CodeIgniter\View\View->render('Admin/formemail', [], true)
 5 APPPATH/Controllers/Rangking.php(187): view('Admin/formemail', [...])
 6 SYSTEMPATH/CodeIgniter.php(927): App\Controllers\Rangking->formemail('FCPATH/assets', 'static', 'FCPATH/js', 'pages', 'dashboard.js')
 7 SYSTEMPATH/CodeIgniter.php(482): CodeIgniter\CodeIgniter->runController(Object(App\Controllers\Rangking))
 8 SYSTEMPATH/CodeIgniter.php(351): CodeIgniter\CodeIgniter->handleRequest(null, Object(Config\Cache), false)
 9 FCPATH/index.php(67): CodeIgniter\CodeIgniter->run()
10 SYSTEMPATH/Commands/Server/rewrite.php(46): require_once('FCPATH/index.php')
CRITICAL - 2023-11-08 16:34:33 --> Attempt to read property "id_order" on array
in APPPATH/Views/Admin/index.php on line 28.
 1 APPPATH/Views/Admin/index.php(28): CodeIgniter\Debug\Exceptions->errorHandler(2, 'Attempt to read property "id_order" on array', 'APPPATH/Views/Admin/index.php', 28)
 2 SYSTEMPATH/View/View.php(213): include('APPPATH/Views/Admin/index.php')
 3 SYSTEMPATH/View/View.php(216): CodeIgniter\View\View->CodeIgniter\View\{closure}()
 4 SYSTEMPATH/Common.php(1134): CodeIgniter\View\View->render('Admin/index', [], true)
 5 APPPATH/Controllers/Rangking.php(35): view('Admin/index', [...])
 6 SYSTEMPATH/CodeIgniter.php(927): App\Controllers\Rangking->index()
 7 SYSTEMPATH/CodeIgniter.php(482): CodeIgniter\CodeIgniter->runController(Object(App\Controllers\Rangking))
 8 SYSTEMPATH/CodeIgniter.php(351): CodeIgniter\CodeIgniter->handleRequest(null, Object(Config\Cache), false)
 9 FCPATH/index.php(67): CodeIgniter\CodeIgniter->run()
10 SYSTEMPATH/Commands/Server/rewrite.php(46): require_once('FCPATH/index.php')
CRITICAL - 2023-11-08 16:39:41 --> Undefined array key "transaction_status"
in APPPATH/Views/Admin/index.php on line 55.
 1 APPPATH/Views/Admin/index.php(55): CodeIgniter\Debug\Exceptions->errorHandler(2, 'Undefined array key "transaction_status"', 'APPPATH/Views/Admin/index.php', 55)
 2 SYSTEMPATH/View/View.php(213): include('APPPATH/Views/Admin/index.php')
 3 SYSTEMPATH/View/View.php(216): CodeIgniter\View\View->CodeIgniter\View\{closure}()
 4 SYSTEMPATH/Common.php(1134): CodeIgniter\View\View->render('Admin/index', [], true)
 5 APPPATH/Controllers/Rangking.php(35): view('Admin/index', [...])
 6 SYSTEMPATH/CodeIgniter.php(927): App\Controllers\Rangking->index()
 7 SYSTEMPATH/CodeIgniter.php(482): CodeIgniter\CodeIgniter->runController(Object(App\Controllers\Rangking))
 8 SYSTEMPATH/CodeIgniter.php(351): CodeIgniter\CodeIgniter->handleRequest(null, Object(Config\Cache), false)
 9 FCPATH/index.php(67): CodeIgniter\CodeIgniter->run()
10 SYSTEMPATH/Commands/Server/rewrite.php(46): require_once('FCPATH/index.php')
CRITICAL - 2023-11-08 16:39:49 --> Undefined array key "transaction_status"
in APPPATH/Views/Admin/index.php on line 55.
 1 APPPATH/Views/Admin/index.php(55): CodeIgniter\Debug\Exceptions->errorHandler(2, 'Undefined array key "transaction_status"', 'APPPATH/Views/Admin/index.php', 55)
 2 SYSTEMPATH/View/View.php(213): include('APPPATH/Views/Admin/index.php')
 3 SYSTEMPATH/View/View.php(216): CodeIgniter\View\View->CodeIgniter\View\{closure}()
 4 SYSTEMPATH/Common.php(1134): CodeIgniter\View\View->render('Admin/index', [], true)
 5 APPPATH/Controllers/Rangking.php(35): view('Admin/index', [...])
 6 SYSTEMPATH/CodeIgniter.php(927): App\Controllers\Rangking->index()
 7 SYSTEMPATH/CodeIgniter.php(482): CodeIgniter\CodeIgniter->runController(Object(App\Controllers\Rangking))
 8 SYSTEMPATH/CodeIgniter.php(351): CodeIgniter\CodeIgniter->handleRequest(null, Object(Config\Cache), false)
 9 FCPATH/index.php(67): CodeIgniter\CodeIgniter->run()
10 SYSTEMPATH/Commands/Server/rewrite.php(46): require_once('FCPATH/index.php')
CRITICAL - 2023-11-08 17:00:00 --> Undefined array key "fraud_status"
in APPPATH/Views/Admin/index.php on line 55.
 1 APPPATH/Views/Admin/index.php(55): CodeIgniter\Debug\Exceptions->errorHandler(2, 'Undefined array key "fraud_status"', 'APPPATH/Views/Admin/index.php', 55)
 2 SYSTEMPATH/View/View.php(213): include('APPPATH/Views/Admin/index.php')
 3 SYSTEMPATH/View/View.php(216): CodeIgniter\View\View->CodeIgniter\View\{closure}()
 4 SYSTEMPATH/Common.php(1134): CodeIgniter\View\View->render('Admin/index', [], true)
 5 APPPATH/Controllers/Rangking.php(35): view('Admin/index', [...])
 6 SYSTEMPATH/CodeIgniter.php(927): App\Controllers\Rangking->index()
 7 SYSTEMPATH/CodeIgniter.php(482): CodeIgniter\CodeIgniter->runController(Object(App\Controllers\Rangking))
 8 SYSTEMPATH/CodeIgniter.php(351): CodeIgniter\CodeIgniter->handleRequest(null, Object(Config\Cache), false)
 9 FCPATH/index.php(67): CodeIgniter\CodeIgniter->run()
10 SYSTEMPATH/Commands/Server/rewrite.php(46): require_once('FCPATH/index.php')
CRITICAL - 2023-11-08 17:00:56 --> Undefined array key "transaction_status"
in APPPATH/Views/Admin/index.php on line 55.
 1 APPPATH/Views/Admin/index.php(55): CodeIgniter\Debug\Exceptions->errorHandler(2, 'Undefined array key "transaction_status"', 'APPPATH/Views/Admin/index.php', 55)
 2 SYSTEMPATH/View/View.php(213): include('APPPATH/Views/Admin/index.php')
 3 SYSTEMPATH/View/View.php(216): CodeIgniter\View\View->CodeIgniter\View\{closure}()
 4 SYSTEMPATH/Common.php(1134): CodeIgniter\View\View->render('Admin/index', [], true)
 5 APPPATH/Controllers/Rangking.php(35): view('Admin/index', [...])
 6 SYSTEMPATH/CodeIgniter.php(927): App\Controllers\Rangking->index()
 7 SYSTEMPATH/CodeIgniter.php(482): CodeIgniter\CodeIgniter->runController(Object(App\Controllers\Rangking))
 8 SYSTEMPATH/CodeIgniter.php(351): CodeIgniter\CodeIgniter->handleRequest(null, Object(Config\Cache), false)
 9 FCPATH/index.php(67): CodeIgniter\CodeIgniter->run()
10 SYSTEMPATH/Commands/Server/rewrite.php(46): require_once('FCPATH/index.php')
CRITICAL - 2023-11-08 17:00:58 --> Undefined array key "transaction_status"
in APPPATH/Views/Admin/index.php on line 55.
 1 APPPATH/Views/Admin/index.php(55): CodeIgniter\Debug\Exceptions->errorHandler(2, 'Undefined array key "transaction_status"', 'APPPATH/Views/Admin/index.php', 55)
 2 SYSTEMPATH/View/View.php(213): include('APPPATH/Views/Admin/index.php')
 3 SYSTEMPATH/View/View.php(216): CodeIgniter\View\View->CodeIgniter\View\{closure}()
 4 SYSTEMPATH/Common.php(1134): CodeIgniter\View\View->render('Admin/index', [], true)
 5 APPPATH/Controllers/Rangking.php(35): view('Admin/index', [...])
 6 SYSTEMPATH/CodeIgniter.php(927): App\Controllers\Rangking->index()
 7 SYSTEMPATH/CodeIgniter.php(482): CodeIgniter\CodeIgniter->runController(Object(App\Controllers\Rangking))
 8 SYSTEMPATH/CodeIgniter.php(351): CodeIgniter\CodeIgniter->handleRequest(null, Object(Config\Cache), false)
 9 FCPATH/index.php(67): CodeIgniter\CodeIgniter->run()
10 SYSTEMPATH/Commands/Server/rewrite.php(46): require_once('FCPATH/index.php')
CRITICAL - 2023-11-08 17:01:03 --> Undefined array key "transaction_status"
in APPPATH/Views/Admin/index.php on line 55.
 1 APPPATH/Views/Admin/index.php(55): CodeIgniter\Debug\Exceptions->errorHandler(2, 'Undefined array key "transaction_status"', 'APPPATH/Views/Admin/index.php', 55)
 2 SYSTEMPATH/View/View.php(213): include('APPPATH/Views/Admin/index.php')
 3 SYSTEMPATH/View/View.php(216): CodeIgniter\View\View->CodeIgniter\View\{closure}()
 4 SYSTEMPATH/Common.php(1134): CodeIgniter\View\View->render('Admin/index', [], true)
 5 APPPATH/Controllers/Rangking.php(35): view('Admin/index', [...])
 6 SYSTEMPATH/CodeIgniter.php(927): App\Controllers\Rangking->index()
 7 SYSTEMPATH/CodeIgniter.php(482): CodeIgniter\CodeIgniter->runController(Object(App\Controllers\Rangking))
 8 SYSTEMPATH/CodeIgniter.php(351): CodeIgniter\CodeIgniter->handleRequest(null, Object(Config\Cache), false)
 9 FCPATH/index.php(67): CodeIgniter\CodeIgniter->run()
10 SYSTEMPATH/Commands/Server/rewrite.php(46): require_once('FCPATH/index.php')
CRITICAL - 2023-11-08 17:01:03 --> Undefined array key "transaction_status"
in APPPATH/Views/Admin/index.php on line 55.
 1 APPPATH/Views/Admin/index.php(55): CodeIgniter\Debug\Exceptions->errorHandler(2, 'Undefined array key "transaction_status"', 'APPPATH/Views/Admin/index.php', 55)
 2 SYSTEMPATH/View/View.php(213): include('APPPATH/Views/Admin/index.php')
 3 SYSTEMPATH/View/View.php(216): CodeIgniter\View\View->CodeIgniter\View\{closure}()
 4 SYSTEMPATH/Common.php(1134): CodeIgniter\View\View->render('Admin/index', [], true)
 5 APPPATH/Controllers/Rangking.php(35): view('Admin/index', [...])
 6 SYSTEMPATH/CodeIgniter.php(927): App\Controllers\Rangking->index()
 7 SYSTEMPATH/CodeIgniter.php(482): CodeIgniter\CodeIgniter->runController(Object(App\Controllers\Rangking))
 8 SYSTEMPATH/CodeIgniter.php(351): CodeIgniter\CodeIgniter->handleRequest(null, Object(Config\Cache), false)
 9 FCPATH/index.php(67): CodeIgniter\CodeIgniter->run()
10 SYSTEMPATH/Commands/Server/rewrite.php(46): require_once('FCPATH/index.php')
ERROR - 2023-11-08 19:16:21 --> Error connecting to the database: mysqli_sql_exception: Connection refused in /Users/mymac/Documents/semester 5/ecomer/Bimbel-ecom/system/Database/MySQLi/Connection.php:170
Stack trace:
#0 /Users/mymac/Documents/semester 5/ecomer/Bimbel-ecom/system/Database/MySQLi/Connection.php(170): mysqli->real_connect('127.0.0.1', 'root', Object(SensitiveParameterValue), 'bimbel_rangking', 3306, '', 0)
#1 /Users/mymac/Documents/semester 5/ecomer/Bimbel-ecom/system/Database/BaseConnection.php(382): CodeIgniter\Database\MySQLi\Connection->connect(false)
#2 /Users/mymac/Documents/semester 5/ecomer/Bimbel-ecom/system/Database/BaseConnection.php(561): CodeIgniter\Database\BaseConnection->initialize()
#3 /Users/mymac/Documents/semester 5/ecomer/Bimbel-ecom/system/Database/BaseBuilder.php(1585): CodeIgniter\Database\BaseConnection->query('SELECT *\nFROM `...', Array, false)
#4 /Users/mymac/Documents/semester 5/ecomer/Bimbel-ecom/system/Model.php(223): CodeIgniter\Database\BaseBuilder->get()
#5 /Users/mymac/Documents/semester 5/ecomer/Bimbel-ecom/system/BaseModel.php(585): CodeIgniter\Model->doFindAll(0, 0)
#6 /Users/mymac/Documents/semester 5/ecomer/Bimbel-ecom/app/Controllers/User.php(15): CodeIgniter\BaseModel->findAll()
#7 /Users/mymac/Documents/semester 5/ecomer/Bimbel-ecom/system/CodeIgniter.php(927): App\Controllers\User->index()
#8 /Users/mymac/Documents/semester 5/ecomer/Bimbel-ecom/system/CodeIgniter.php(482): CodeIgniter\CodeIgniter->runController(Object(App\Controllers\User))
#9 /Users/mymac/Documents/semester 5/ecomer/Bimbel-ecom/system/CodeIgniter.php(351): CodeIgniter\CodeIgniter->handleRequest(NULL, Object(Config\Cache), false)
#10 /Users/mymac/Documents/semester 5/ecomer/Bimbel-ecom/public/index.php(67): CodeIgniter\CodeIgniter->run()
#11 /Users/mymac/Documents/semester 5/ecomer/Bimbel-ecom/system/Commands/Server/rewrite.php(46): require_once('/Users/mymac/Do...')
#12 {main}

Next CodeIgniter\Database\Exceptions\DatabaseException: Connection refused in /Users/mymac/Documents/semester 5/ecomer/Bimbel-ecom/system/Database/MySQLi/Connection.php:215
Stack trace:
#0 /Users/mymac/Documents/semester 5/ecomer/Bimbel-ecom/system/Database/BaseConnection.php(382): CodeIgniter\Database\MySQLi\Connection->connect(false)
#1 /Users/mymac/Documents/semester 5/ecomer/Bimbel-ecom/system/Database/BaseConnection.php(561): CodeIgniter\Database\BaseConnection->initialize()
#2 /Users/mymac/Documents/semester 5/ecomer/Bimbel-ecom/system/Database/BaseBuilder.php(1585): CodeIgniter\Database\BaseConnection->query('SELECT *\nFROM `...', Array, false)
#3 /Users/mymac/Documents/semester 5/ecomer/Bimbel-ecom/system/Model.php(223): CodeIgniter\Database\BaseBuilder->get()
#4 /Users/mymac/Documents/semester 5/ecomer/Bimbel-ecom/system/BaseModel.php(585): CodeIgniter\Model->doFindAll(0, 0)
#5 /Users/mymac/Documents/semester 5/ecomer/Bimbel-ecom/app/Controllers/User.php(15): CodeIgniter\BaseModel->findAll()
#6 /Users/mymac/Documents/semester 5/ecomer/Bimbel-ecom/system/CodeIgniter.php(927): App\Controllers\User->index()
#7 /Users/mymac/Documents/semester 5/ecomer/Bimbel-ecom/system/CodeIgniter.php(482): CodeIgniter\CodeIgniter->runController(Object(App\Controllers\User))
#8 /Users/mymac/Documents/semester 5/ecomer/Bimbel-ecom/system/CodeIgniter.php(351): CodeIgniter\CodeIgniter->handleRequest(NULL, Object(Config\Cache), false)
#9 /Users/mymac/Documents/semester 5/ecomer/Bimbel-ecom/public/index.php(67): CodeIgniter\CodeIgniter->run()
#10 /Users/mymac/Documents/semester 5/ecomer/Bimbel-ecom/system/Commands/Server/rewrite.php(46): require_once('/Users/mymac/Do...')
#11 {main}
CRITICAL - 2023-11-08 19:16:21 --> Unable to connect to the database.
Main connection [MySQLi]: Connection refused
in SYSTEMPATH/Database/BaseConnection.php on line 418.
 1 SYSTEMPATH/Database/BaseConnection.php(561): CodeIgniter\Database\BaseConnection->initialize()
 2 SYSTEMPATH/Database/BaseBuilder.php(1585): CodeIgniter\Database\BaseConnection->query('SELECT *
FROM `daftar`', [], false)
 3 SYSTEMPATH/Model.php(223): CodeIgniter\Database\BaseBuilder->get()
 4 SYSTEMPATH/BaseModel.php(585): CodeIgniter\Model->doFindAll(0, 0)
 5 APPPATH/Controllers/User.php(15): CodeIgniter\BaseModel->findAll()
 6 SYSTEMPATH/CodeIgniter.php(927): App\Controllers\User->index()
 7 SYSTEMPATH/CodeIgniter.php(482): CodeIgniter\CodeIgniter->runController(Object(App\Controllers\User))
 8 SYSTEMPATH/CodeIgniter.php(351): CodeIgniter\CodeIgniter->handleRequest(null, Object(Config\Cache), false)
 9 FCPATH/index.php(67): CodeIgniter\CodeIgniter->run()
10 SYSTEMPATH/Commands/Server/rewrite.php(46): require_once('FCPATH/index.php')
ERROR - 2023-11-08 19:16:21 --> Error connecting to the database: mysqli_sql_exception: Connection refused in /Users/mymac/Documents/semester 5/ecomer/Bimbel-ecom/system/Database/MySQLi/Connection.php:170
Stack trace:
#0 /Users/mymac/Documents/semester 5/ecomer/Bimbel-ecom/system/Database/MySQLi/Connection.php(170): mysqli->real_connect('127.0.0.1', 'root', Object(SensitiveParameterValue), 'bimbel_rangking', 3306, '', 0)
#1 /Users/mymac/Documents/semester 5/ecomer/Bimbel-ecom/system/Database/BaseConnection.php(382): CodeIgniter\Database\MySQLi\Connection->connect(false)
#2 /Users/mymac/Documents/semester 5/ecomer/Bimbel-ecom/system/Database/BaseConnection.php(561): CodeIgniter\Database\BaseConnection->initialize()
#3 /Users/mymac/Documents/semester 5/ecomer/Bimbel-ecom/system/Database/BaseBuilder.php(1585): CodeIgniter\Database\BaseConnection->query('SELECT *\nFROM `...', Array, false)
#4 /Users/mymac/Documents/semester 5/ecomer/Bimbel-ecom/system/Model.php(223): CodeIgniter\Database\BaseBuilder->get()
#5 /Users/mymac/Documents/semester 5/ecomer/Bimbel-ecom/system/BaseModel.php(585): CodeIgniter\Model->doFindAll(0, 0)
#6 /Users/mymac/Documents/semester 5/ecomer/Bimbel-ecom/app/Controllers/User.php(15): CodeIgniter\BaseModel->findAll()
#7 /Users/mymac/Documents/semester 5/ecomer/Bimbel-ecom/system/CodeIgniter.php(927): App\Controllers\User->index()
#8 /Users/mymac/Documents/semester 5/ecomer/Bimbel-ecom/system/CodeIgniter.php(482): CodeIgniter\CodeIgniter->runController(Object(App\Controllers\User))
#9 /Users/mymac/Documents/semester 5/ecomer/Bimbel-ecom/system/CodeIgniter.php(351): CodeIgniter\CodeIgniter->handleRequest(NULL, Object(Config\Cache), false)
#10 /Users/mymac/Documents/semester 5/ecomer/Bimbel-ecom/public/index.php(67): CodeIgniter\CodeIgniter->run()
#11 /Users/mymac/Documents/semester 5/ecomer/Bimbel-ecom/system/Commands/Server/rewrite.php(46): require_once('/Users/mymac/Do...')
#12 {main}

Next CodeIgniter\Database\Exceptions\DatabaseException: Connection refused in /Users/mymac/Documents/semester 5/ecomer/Bimbel-ecom/system/Database/MySQLi/Connection.php:215
Stack trace:
#0 /Users/mymac/Documents/semester 5/ecomer/Bimbel-ecom/system/Database/BaseConnection.php(382): CodeIgniter\Database\MySQLi\Connection->connect(false)
#1 /Users/mymac/Documents/semester 5/ecomer/Bimbel-ecom/system/Database/BaseConnection.php(561): CodeIgniter\Database\BaseConnection->initialize()
#2 /Users/mymac/Documents/semester 5/ecomer/Bimbel-ecom/system/Database/BaseBuilder.php(1585): CodeIgniter\Database\BaseConnection->query('SELECT *\nFROM `...', Array, false)
#3 /Users/mymac/Documents/semester 5/ecomer/Bimbel-ecom/system/Model.php(223): CodeIgniter\Database\BaseBuilder->get()
#4 /Users/mymac/Documents/semester 5/ecomer/Bimbel-ecom/system/BaseModel.php(585): CodeIgniter\Model->doFindAll(0, 0)
#5 /Users/mymac/Documents/semester 5/ecomer/Bimbel-ecom/app/Controllers/User.php(15): CodeIgniter\BaseModel->findAll()
#6 /Users/mymac/Documents/semester 5/ecomer/Bimbel-ecom/system/CodeIgniter.php(927): App\Controllers\User->index()
#7 /Users/mymac/Documents/semester 5/ecomer/Bimbel-ecom/system/CodeIgniter.php(482): CodeIgniter\CodeIgniter->runController(Object(App\Controllers\User))
#8 /Users/mymac/Documents/semester 5/ecomer/Bimbel-ecom/system/CodeIgniter.php(351): CodeIgniter\CodeIgniter->handleRequest(NULL, Object(Config\Cache), false)
#9 /Users/mymac/Documents/semester 5/ecomer/Bimbel-ecom/public/index.php(67): CodeIgniter\CodeIgniter->run()
#10 /Users/mymac/Documents/semester 5/ecomer/Bimbel-ecom/system/Commands/Server/rewrite.php(46): require_once('/Users/mymac/Do...')
#11 {main}
CRITICAL - 2023-11-08 19:16:21 --> Unable to connect to the database.
Main connection [MySQLi]: Connection refused
in SYSTEMPATH/Database/BaseConnection.php on line 418.
 1 SYSTEMPATH/Database/BaseConnection.php(561): CodeIgniter\Database\BaseConnection->initialize()
 2 SYSTEMPATH/Database/BaseBuilder.php(1585): CodeIgniter\Database\BaseConnection->query('SELECT *
FROM `daftar`', [], false)
 3 SYSTEMPATH/Model.php(223): CodeIgniter\Database\BaseBuilder->get()
 4 SYSTEMPATH/BaseModel.php(585): CodeIgniter\Model->doFindAll(0, 0)
 5 APPPATH/Controllers/User.php(15): CodeIgniter\BaseModel->findAll()
 6 SYSTEMPATH/CodeIgniter.php(927): App\Controllers\User->index()
 7 SYSTEMPATH/CodeIgniter.php(482): CodeIgniter\CodeIgniter->runController(Object(App\Controllers\User))
 8 SYSTEMPATH/CodeIgniter.php(351): CodeIgniter\CodeIgniter->handleRequest(null, Object(Config\Cache), false)
 9 FCPATH/index.php(67): CodeIgniter\CodeIgniter->run()
10 SYSTEMPATH/Commands/Server/rewrite.php(46): require_once('FCPATH/index.php')
