CRITICAL - 2023-10-15 19:51:23 --> Trying to access array offset on value of type null
in APPPATH\Views\Admin\edit.php on line 7.
 1 APPPATH\Views\Admin\edit.php(7): CodeIgniter\Debug\Exceptions->errorHandler(2, 'Trying to access array offset on value of type null', 'APPPATH\\Views\\Admin\\edit.php', 7)
 2 SYSTEMPATH\View\View.php(213): include('APPPATH\\Views\\Admin\\edit.php')
 3 SYSTEMPATH\View\View.php(216): CodeIgniter\View\View->CodeIgniter\View\{closure}()
 4 SYSTEMPATH\Common.php(1134): CodeIgniter\View\View->render('Admin/edit', [], true)
 5 APPPATH\Controllers\Rangking.php(160): view('Admin/edit', [...])
 6 SYSTEMPATH\CodeIgniter.php(927): App\Controllers\Rangking->formedit('FCPATH\\assets', 'static', 'FCPATH\\js', 'initTheme.js')
 7 SYSTEMPATH\CodeIgniter.php(482): CodeIgniter\CodeIgniter->runController(Object(App\Controllers\Rangking))
 8 SYSTEMPATH\CodeIgniter.php(351): CodeIgniter\CodeIgniter->handleRequest(null, Object(Config\Cache), false)
 9 FCPATH\index.php(67): CodeIgniter\CodeIgniter->run()
10 SYSTEMPATH\Commands\Server\rewrite.php(46): require_once('FCPATH\\index.php')
CRITICAL - 2023-10-15 19:51:23 --> Trying to access array offset on value of type null
in APPPATH\Views\Admin\edit.php on line 7.
 1 APPPATH\Views\Admin\edit.php(7): CodeIgniter\Debug\Exceptions->errorHandler(2, 'Trying to access array offset on value of type null', 'APPPATH\\Views\\Admin\\edit.php', 7)
 2 SYSTEMPATH\View\View.php(213): include('APPPATH\\Views\\Admin\\edit.php')
 3 SYSTEMPATH\View\View.php(216): CodeIgniter\View\View->CodeIgniter\View\{closure}()
 4 SYSTEMPATH\Common.php(1134): CodeIgniter\View\View->render('Admin/edit', [], true)
 5 APPPATH\Controllers\Rangking.php(160): view('Admin/edit', [...])
 6 SYSTEMPATH\CodeIgniter.php(927): App\Controllers\Rangking->formedit('FCPATH\\assets', 'static', 'FCPATH\\js', 'components', 'dark.js')
 7 SYSTEMPATH\CodeIgniter.php(482): CodeIgniter\CodeIgniter->runController(Object(App\Controllers\Rangking))
 8 SYSTEMPATH\CodeIgniter.php(351): CodeIgniter\CodeIgniter->handleRequest(null, Object(Config\Cache), false)
 9 FCPATH\index.php(67): CodeIgniter\CodeIgniter->run()
10 SYSTEMPATH\Commands\Server\rewrite.php(46): require_once('FCPATH\\index.php')
CRITICAL - 2023-10-15 19:51:24 --> Trying to access array offset on value of type null
in APPPATH\Views\Admin\edit.php on line 7.
 1 APPPATH\Views\Admin\edit.php(7): CodeIgniter\Debug\Exceptions->errorHandler(2, 'Trying to access array offset on value of type null', 'APPPATH\\Views\\Admin\\edit.php', 7)
 2 SYSTEMPATH\View\View.php(213): include('APPPATH\\Views\\Admin\\edit.php')
 3 SYSTEMPATH\View\View.php(216): CodeIgniter\View\View->CodeIgniter\View\{closure}()
 4 SYSTEMPATH\Common.php(1134): CodeIgniter\View\View->render('Admin/edit', [], true)
 5 APPPATH\Controllers\Rangking.php(160): view('Admin/edit', [...])
 6 SYSTEMPATH\CodeIgniter.php(927): App\Controllers\Rangking->formedit('FCPATH\\assets', 'extensions', 'perfect-scrollbar', 'perfect-scrollbar.min.js')
 7 SYSTEMPATH\CodeIgniter.php(482): CodeIgniter\CodeIgniter->runController(Object(App\Controllers\Rangking))
 8 SYSTEMPATH\CodeIgniter.php(351): CodeIgniter\CodeIgniter->handleRequest(null, Object(Config\Cache), false)
 9 FCPATH\index.php(67): CodeIgniter\CodeIgniter->run()
10 SYSTEMPATH\Commands\Server\rewrite.php(46): require_once('FCPATH\\index.php')
CRITICAL - 2023-10-15 19:51:24 --> Trying to access array offset on value of type null
in APPPATH\Views\Admin\edit.php on line 7.
 1 APPPATH\Views\Admin\edit.php(7): CodeIgniter\Debug\Exceptions->errorHandler(2, 'Trying to access array offset on value of type null', 'APPPATH\\Views\\Admin\\edit.php', 7)
 2 SYSTEMPATH\View\View.php(213): include('APPPATH\\Views\\Admin\\edit.php')
 3 SYSTEMPATH\View\View.php(216): CodeIgniter\View\View->CodeIgniter\View\{closure}()
 4 SYSTEMPATH\Common.php(1134): CodeIgniter\View\View->render('Admin/edit', [], true)
 5 APPPATH\Controllers\Rangking.php(160): view('Admin/edit', [...])
 6 SYSTEMPATH\CodeIgniter.php(927): App\Controllers\Rangking->formedit('FCPATH\\assets', 'compiled', 'FCPATH\\js', 'app.js')
 7 SYSTEMPATH\CodeIgniter.php(482): CodeIgniter\CodeIgniter->runController(Object(App\Controllers\Rangking))
 8 SYSTEMPATH\CodeIgniter.php(351): CodeIgniter\CodeIgniter->handleRequest(null, Object(Config\Cache), false)
 9 FCPATH\index.php(67): CodeIgniter\CodeIgniter->run()
10 SYSTEMPATH\Commands\Server\rewrite.php(46): require_once('FCPATH\\index.php')
CRITICAL - 2023-10-15 19:51:25 --> Trying to access array offset on value of type null
in APPPATH\Views\Admin\edit.php on line 7.
 1 APPPATH\Views\Admin\edit.php(7): CodeIgniter\Debug\Exceptions->errorHandler(2, 'Trying to access array offset on value of type null', 'APPPATH\\Views\\Admin\\edit.php', 7)
 2 SYSTEMPATH\View\View.php(213): include('APPPATH\\Views\\Admin\\edit.php')
 3 SYSTEMPATH\View\View.php(216): CodeIgniter\View\View->CodeIgniter\View\{closure}()
 4 SYSTEMPATH\Common.php(1134): CodeIgniter\View\View->render('Admin/edit', [], true)
 5 APPPATH\Controllers\Rangking.php(160): view('Admin/edit', [...])
 6 SYSTEMPATH\CodeIgniter.php(927): App\Controllers\Rangking->formedit('FCPATH\\assets', 'extensions', 'apexcharts', 'apexcharts.min.js')
 7 SYSTEMPATH\CodeIgniter.php(482): CodeIgniter\CodeIgniter->runController(Object(App\Controllers\Rangking))
 8 SYSTEMPATH\CodeIgniter.php(351): CodeIgniter\CodeIgniter->handleRequest(null, Object(Config\Cache), false)
 9 FCPATH\index.php(67): CodeIgniter\CodeIgniter->run()
10 SYSTEMPATH\Commands\Server\rewrite.php(46): require_once('FCPATH\\index.php')
CRITICAL - 2023-10-15 19:51:25 --> Trying to access array offset on value of type null
in APPPATH\Views\Admin\edit.php on line 7.
 1 APPPATH\Views\Admin\edit.php(7): CodeIgniter\Debug\Exceptions->errorHandler(2, 'Trying to access array offset on value of type null', 'APPPATH\\Views\\Admin\\edit.php', 7)
 2 SYSTEMPATH\View\View.php(213): include('APPPATH\\Views\\Admin\\edit.php')
 3 SYSTEMPATH\View\View.php(216): CodeIgniter\View\View->CodeIgniter\View\{closure}()
 4 SYSTEMPATH\Common.php(1134): CodeIgniter\View\View->render('Admin/edit', [], true)
 5 APPPATH\Controllers\Rangking.php(160): view('Admin/edit', [...])
 6 SYSTEMPATH\CodeIgniter.php(927): App\Controllers\Rangking->formedit('FCPATH\\assets', 'static', 'FCPATH\\js', 'pages', 'dashboard.js')
 7 SYSTEMPATH\CodeIgniter.php(482): CodeIgniter\CodeIgniter->runController(Object(App\Controllers\Rangking))
 8 SYSTEMPATH\CodeIgniter.php(351): CodeIgniter\CodeIgniter->handleRequest(null, Object(Config\Cache), false)
 9 FCPATH\index.php(67): CodeIgniter\CodeIgniter->run()
10 SYSTEMPATH\Commands\Server\rewrite.php(46): require_once('FCPATH\\index.php')
CRITICAL - 2023-10-15 19:52:45 --> Trying to access array offset on value of type null
in APPPATH\Views\Admin\edit.php on line 7.
 1 APPPATH\Views\Admin\edit.php(7): CodeIgniter\Debug\Exceptions->errorHandler(2, 'Trying to access array offset on value of type null', 'APPPATH\\Views\\Admin\\edit.php', 7)
 2 SYSTEMPATH\View\View.php(213): include('APPPATH\\Views\\Admin\\edit.php')
 3 SYSTEMPATH\View\View.php(216): CodeIgniter\View\View->CodeIgniter\View\{closure}()
 4 SYSTEMPATH\Common.php(1134): CodeIgniter\View\View->render('Admin/edit', [], true)
 5 APPPATH\Controllers\Rangking.php(160): view('Admin/edit', [...])
 6 SYSTEMPATH\CodeIgniter.php(927): App\Controllers\Rangking->formedit('FCPATH\\assets', 'static', 'FCPATH\\js', 'initTheme.js')
 7 SYSTEMPATH\CodeIgniter.php(482): CodeIgniter\CodeIgniter->runController(Object(App\Controllers\Rangking))
 8 SYSTEMPATH\CodeIgniter.php(351): CodeIgniter\CodeIgniter->handleRequest(null, Object(Config\Cache), false)
 9 FCPATH\index.php(67): CodeIgniter\CodeIgniter->run()
10 SYSTEMPATH\Commands\Server\rewrite.php(46): require_once('FCPATH\\index.php')
CRITICAL - 2023-10-15 19:52:45 --> Trying to access array offset on value of type null
in APPPATH\Views\Admin\edit.php on line 7.
 1 APPPATH\Views\Admin\edit.php(7): CodeIgniter\Debug\Exceptions->errorHandler(2, 'Trying to access array offset on value of type null', 'APPPATH\\Views\\Admin\\edit.php', 7)
 2 SYSTEMPATH\View\View.php(213): include('APPPATH\\Views\\Admin\\edit.php')
 3 SYSTEMPATH\View\View.php(216): CodeIgniter\View\View->CodeIgniter\View\{closure}()
 4 SYSTEMPATH\Common.php(1134): CodeIgniter\View\View->render('Admin/edit', [], true)
 5 APPPATH\Controllers\Rangking.php(160): view('Admin/edit', [...])
 6 SYSTEMPATH\CodeIgniter.php(927): App\Controllers\Rangking->formedit('FCPATH\\assets', 'static', 'FCPATH\\js', 'components', 'dark.js')
 7 SYSTEMPATH\CodeIgniter.php(482): CodeIgniter\CodeIgniter->runController(Object(App\Controllers\Rangking))
 8 SYSTEMPATH\CodeIgniter.php(351): CodeIgniter\CodeIgniter->handleRequest(null, Object(Config\Cache), false)
 9 FCPATH\index.php(67): CodeIgniter\CodeIgniter->run()
10 SYSTEMPATH\Commands\Server\rewrite.php(46): require_once('FCPATH\\index.php')
CRITICAL - 2023-10-15 19:52:46 --> Trying to access array offset on value of type null
in APPPATH\Views\Admin\edit.php on line 7.
 1 APPPATH\Views\Admin\edit.php(7): CodeIgniter\Debug\Exceptions->errorHandler(2, 'Trying to access array offset on value of type null', 'APPPATH\\Views\\Admin\\edit.php', 7)
 2 SYSTEMPATH\View\View.php(213): include('APPPATH\\Views\\Admin\\edit.php')
 3 SYSTEMPATH\View\View.php(216): CodeIgniter\View\View->CodeIgniter\View\{closure}()
 4 SYSTEMPATH\Common.php(1134): CodeIgniter\View\View->render('Admin/edit', [], true)
 5 APPPATH\Controllers\Rangking.php(160): view('Admin/edit', [...])
 6 SYSTEMPATH\CodeIgniter.php(927): App\Controllers\Rangking->formedit('FCPATH\\assets', 'extensions', 'perfect-scrollbar', 'perfect-scrollbar.min.js')
 7 SYSTEMPATH\CodeIgniter.php(482): CodeIgniter\CodeIgniter->runController(Object(App\Controllers\Rangking))
 8 SYSTEMPATH\CodeIgniter.php(351): CodeIgniter\CodeIgniter->handleRequest(null, Object(Config\Cache), false)
 9 FCPATH\index.php(67): CodeIgniter\CodeIgniter->run()
10 SYSTEMPATH\Commands\Server\rewrite.php(46): require_once('FCPATH\\index.php')
CRITICAL - 2023-10-15 19:52:46 --> Trying to access array offset on value of type null
in APPPATH\Views\Admin\edit.php on line 7.
 1 APPPATH\Views\Admin\edit.php(7): CodeIgniter\Debug\Exceptions->errorHandler(2, 'Trying to access array offset on value of type null', 'APPPATH\\Views\\Admin\\edit.php', 7)
 2 SYSTEMPATH\View\View.php(213): include('APPPATH\\Views\\Admin\\edit.php')
 3 SYSTEMPATH\View\View.php(216): CodeIgniter\View\View->CodeIgniter\View\{closure}()
 4 SYSTEMPATH\Common.php(1134): CodeIgniter\View\View->render('Admin/edit', [], true)
 5 APPPATH\Controllers\Rangking.php(160): view('Admin/edit', [...])
 6 SYSTEMPATH\CodeIgniter.php(927): App\Controllers\Rangking->formedit('FCPATH\\assets', 'compiled', 'FCPATH\\js', 'app.js')
 7 SYSTEMPATH\CodeIgniter.php(482): CodeIgniter\CodeIgniter->runController(Object(App\Controllers\Rangking))
 8 SYSTEMPATH\CodeIgniter.php(351): CodeIgniter\CodeIgniter->handleRequest(null, Object(Config\Cache), false)
 9 FCPATH\index.php(67): CodeIgniter\CodeIgniter->run()
10 SYSTEMPATH\Commands\Server\rewrite.php(46): require_once('FCPATH\\index.php')
CRITICAL - 2023-10-15 19:52:46 --> Trying to access array offset on value of type null
in APPPATH\Views\Admin\edit.php on line 7.
 1 APPPATH\Views\Admin\edit.php(7): CodeIgniter\Debug\Exceptions->errorHandler(2, 'Trying to access array offset on value of type null', 'APPPATH\\Views\\Admin\\edit.php', 7)
 2 SYSTEMPATH\View\View.php(213): include('APPPATH\\Views\\Admin\\edit.php')
 3 SYSTEMPATH\View\View.php(216): CodeIgniter\View\View->CodeIgniter\View\{closure}()
 4 SYSTEMPATH\Common.php(1134): CodeIgniter\View\View->render('Admin/edit', [], true)
 5 APPPATH\Controllers\Rangking.php(160): view('Admin/edit', [...])
 6 SYSTEMPATH\CodeIgniter.php(927): App\Controllers\Rangking->formedit('FCPATH\\assets', 'extensions', 'apexcharts', 'apexcharts.min.js')
 7 SYSTEMPATH\CodeIgniter.php(482): CodeIgniter\CodeIgniter->runController(Object(App\Controllers\Rangking))
 8 SYSTEMPATH\CodeIgniter.php(351): CodeIgniter\CodeIgniter->handleRequest(null, Object(Config\Cache), false)
 9 FCPATH\index.php(67): CodeIgniter\CodeIgniter->run()
10 SYSTEMPATH\Commands\Server\rewrite.php(46): require_once('FCPATH\\index.php')
CRITICAL - 2023-10-15 19:52:47 --> Trying to access array offset on value of type null
in APPPATH\Views\Admin\edit.php on line 7.
 1 APPPATH\Views\Admin\edit.php(7): CodeIgniter\Debug\Exceptions->errorHandler(2, 'Trying to access array offset on value of type null', 'APPPATH\\Views\\Admin\\edit.php', 7)
 2 SYSTEMPATH\View\View.php(213): include('APPPATH\\Views\\Admin\\edit.php')
 3 SYSTEMPATH\View\View.php(216): CodeIgniter\View\View->CodeIgniter\View\{closure}()
 4 SYSTEMPATH\Common.php(1134): CodeIgniter\View\View->render('Admin/edit', [], true)
 5 APPPATH\Controllers\Rangking.php(160): view('Admin/edit', [...])
 6 SYSTEMPATH\CodeIgniter.php(927): App\Controllers\Rangking->formedit('FCPATH\\assets', 'static', 'FCPATH\\js', 'pages', 'dashboard.js')
 7 SYSTEMPATH\CodeIgniter.php(482): CodeIgniter\CodeIgniter->runController(Object(App\Controllers\Rangking))
 8 SYSTEMPATH\CodeIgniter.php(351): CodeIgniter\CodeIgniter->handleRequest(null, Object(Config\Cache), false)
 9 FCPATH\index.php(67): CodeIgniter\CodeIgniter->run()
10 SYSTEMPATH\Commands\Server\rewrite.php(46): require_once('FCPATH\\index.php')
CRITICAL - 2023-10-15 19:53:01 --> Trying to access array offset on value of type null
in APPPATH\Views\Admin\edit.php on line 7.
 1 APPPATH\Views\Admin\edit.php(7): CodeIgniter\Debug\Exceptions->errorHandler(2, 'Trying to access array offset on value of type null', 'APPPATH\\Views\\Admin\\edit.php', 7)
 2 SYSTEMPATH\View\View.php(213): include('APPPATH\\Views\\Admin\\edit.php')
 3 SYSTEMPATH\View\View.php(216): CodeIgniter\View\View->CodeIgniter\View\{closure}()
 4 SYSTEMPATH\Common.php(1134): CodeIgniter\View\View->render('Admin/edit', [], true)
 5 APPPATH\Controllers\Rangking.php(160): view('Admin/edit', [...])
 6 SYSTEMPATH\CodeIgniter.php(927): App\Controllers\Rangking->formedit('FCPATH\\assets', 'static', 'FCPATH\\js', 'initTheme.js')
 7 SYSTEMPATH\CodeIgniter.php(482): CodeIgniter\CodeIgniter->runController(Object(App\Controllers\Rangking))
 8 SYSTEMPATH\CodeIgniter.php(351): CodeIgniter\CodeIgniter->handleRequest(null, Object(Config\Cache), false)
 9 FCPATH\index.php(67): CodeIgniter\CodeIgniter->run()
10 SYSTEMPATH\Commands\Server\rewrite.php(46): require_once('FCPATH\\index.php')
CRITICAL - 2023-10-15 19:53:01 --> Trying to access array offset on value of type null
in APPPATH\Views\Admin\edit.php on line 7.
 1 APPPATH\Views\Admin\edit.php(7): CodeIgniter\Debug\Exceptions->errorHandler(2, 'Trying to access array offset on value of type null', 'APPPATH\\Views\\Admin\\edit.php', 7)
 2 SYSTEMPATH\View\View.php(213): include('APPPATH\\Views\\Admin\\edit.php')
 3 SYSTEMPATH\View\View.php(216): CodeIgniter\View\View->CodeIgniter\View\{closure}()
 4 SYSTEMPATH\Common.php(1134): CodeIgniter\View\View->render('Admin/edit', [], true)
 5 APPPATH\Controllers\Rangking.php(160): view('Admin/edit', [...])
 6 SYSTEMPATH\CodeIgniter.php(927): App\Controllers\Rangking->formedit('FCPATH\\assets', 'static', 'FCPATH\\js', 'components', 'dark.js')
 7 SYSTEMPATH\CodeIgniter.php(482): CodeIgniter\CodeIgniter->runController(Object(App\Controllers\Rangking))
 8 SYSTEMPATH\CodeIgniter.php(351): CodeIgniter\CodeIgniter->handleRequest(null, Object(Config\Cache), false)
 9 FCPATH\index.php(67): CodeIgniter\CodeIgniter->run()
10 SYSTEMPATH\Commands\Server\rewrite.php(46): require_once('FCPATH\\index.php')
CRITICAL - 2023-10-15 19:53:02 --> Trying to access array offset on value of type null
in APPPATH\Views\Admin\edit.php on line 7.
 1 APPPATH\Views\Admin\edit.php(7): CodeIgniter\Debug\Exceptions->errorHandler(2, 'Trying to access array offset on value of type null', 'APPPATH\\Views\\Admin\\edit.php', 7)
 2 SYSTEMPATH\View\View.php(213): include('APPPATH\\Views\\Admin\\edit.php')
 3 SYSTEMPATH\View\View.php(216): CodeIgniter\View\View->CodeIgniter\View\{closure}()
 4 SYSTEMPATH\Common.php(1134): CodeIgniter\View\View->render('Admin/edit', [], true)
 5 APPPATH\Controllers\Rangking.php(160): view('Admin/edit', [...])
 6 SYSTEMPATH\CodeIgniter.php(927): App\Controllers\Rangking->formedit('FCPATH\\assets', 'extensions', 'perfect-scrollbar', 'perfect-scrollbar.min.js')
 7 SYSTEMPATH\CodeIgniter.php(482): CodeIgniter\CodeIgniter->runController(Object(App\Controllers\Rangking))
 8 SYSTEMPATH\CodeIgniter.php(351): CodeIgniter\CodeIgniter->handleRequest(null, Object(Config\Cache), false)
 9 FCPATH\index.php(67): CodeIgniter\CodeIgniter->run()
10 SYSTEMPATH\Commands\Server\rewrite.php(46): require_once('FCPATH\\index.php')
CRITICAL - 2023-10-15 19:53:02 --> Trying to access array offset on value of type null
in APPPATH\Views\Admin\edit.php on line 7.
 1 APPPATH\Views\Admin\edit.php(7): CodeIgniter\Debug\Exceptions->errorHandler(2, 'Trying to access array offset on value of type null', 'APPPATH\\Views\\Admin\\edit.php', 7)
 2 SYSTEMPATH\View\View.php(213): include('APPPATH\\Views\\Admin\\edit.php')
 3 SYSTEMPATH\View\View.php(216): CodeIgniter\View\View->CodeIgniter\View\{closure}()
 4 SYSTEMPATH\Common.php(1134): CodeIgniter\View\View->render('Admin/edit', [], true)
 5 APPPATH\Controllers\Rangking.php(160): view('Admin/edit', [...])
 6 SYSTEMPATH\CodeIgniter.php(927): App\Controllers\Rangking->formedit('FCPATH\\assets', 'compiled', 'FCPATH\\js', 'app.js')
 7 SYSTEMPATH\CodeIgniter.php(482): CodeIgniter\CodeIgniter->runController(Object(App\Controllers\Rangking))
 8 SYSTEMPATH\CodeIgniter.php(351): CodeIgniter\CodeIgniter->handleRequest(null, Object(Config\Cache), false)
 9 FCPATH\index.php(67): CodeIgniter\CodeIgniter->run()
10 SYSTEMPATH\Commands\Server\rewrite.php(46): require_once('FCPATH\\index.php')
CRITICAL - 2023-10-15 19:53:03 --> Trying to access array offset on value of type null
in APPPATH\Views\Admin\edit.php on line 7.
 1 APPPATH\Views\Admin\edit.php(7): CodeIgniter\Debug\Exceptions->errorHandler(2, 'Trying to access array offset on value of type null', 'APPPATH\\Views\\Admin\\edit.php', 7)
 2 SYSTEMPATH\View\View.php(213): include('APPPATH\\Views\\Admin\\edit.php')
 3 SYSTEMPATH\View\View.php(216): CodeIgniter\View\View->CodeIgniter\View\{closure}()
 4 SYSTEMPATH\Common.php(1134): CodeIgniter\View\View->render('Admin/edit', [], true)
 5 APPPATH\Controllers\Rangking.php(160): view('Admin/edit', [...])
 6 SYSTEMPATH\CodeIgniter.php(927): App\Controllers\Rangking->formedit('FCPATH\\assets', 'extensions', 'apexcharts', 'apexcharts.min.js')
 7 SYSTEMPATH\CodeIgniter.php(482): CodeIgniter\CodeIgniter->runController(Object(App\Controllers\Rangking))
 8 SYSTEMPATH\CodeIgniter.php(351): CodeIgniter\CodeIgniter->handleRequest(null, Object(Config\Cache), false)
 9 FCPATH\index.php(67): CodeIgniter\CodeIgniter->run()
10 SYSTEMPATH\Commands\Server\rewrite.php(46): require_once('FCPATH\\index.php')
CRITICAL - 2023-10-15 19:53:03 --> Trying to access array offset on value of type null
in APPPATH\Views\Admin\edit.php on line 7.
 1 APPPATH\Views\Admin\edit.php(7): CodeIgniter\Debug\Exceptions->errorHandler(2, 'Trying to access array offset on value of type null', 'APPPATH\\Views\\Admin\\edit.php', 7)
 2 SYSTEMPATH\View\View.php(213): include('APPPATH\\Views\\Admin\\edit.php')
 3 SYSTEMPATH\View\View.php(216): CodeIgniter\View\View->CodeIgniter\View\{closure}()
 4 SYSTEMPATH\Common.php(1134): CodeIgniter\View\View->render('Admin/edit', [], true)
 5 APPPATH\Controllers\Rangking.php(160): view('Admin/edit', [...])
 6 SYSTEMPATH\CodeIgniter.php(927): App\Controllers\Rangking->formedit('FCPATH\\assets', 'static', 'FCPATH\\js', 'pages', 'dashboard.js')
 7 SYSTEMPATH\CodeIgniter.php(482): CodeIgniter\CodeIgniter->runController(Object(App\Controllers\Rangking))
 8 SYSTEMPATH\CodeIgniter.php(351): CodeIgniter\CodeIgniter->handleRequest(null, Object(Config\Cache), false)
 9 FCPATH\index.php(67): CodeIgniter\CodeIgniter->run()
10 SYSTEMPATH\Commands\Server\rewrite.php(46): require_once('FCPATH\\index.php')
CRITICAL - 2023-10-15 19:53:43 --> Trying to access array offset on value of type null
in APPPATH\Views\Admin\edit.php on line 7.
 1 APPPATH\Views\Admin\edit.php(7): CodeIgniter\Debug\Exceptions->errorHandler(2, 'Trying to access array offset on value of type null', 'APPPATH\\Views\\Admin\\edit.php', 7)
 2 SYSTEMPATH\View\View.php(213): include('APPPATH\\Views\\Admin\\edit.php')
 3 SYSTEMPATH\View\View.php(216): CodeIgniter\View\View->CodeIgniter\View\{closure}()
 4 SYSTEMPATH\Common.php(1134): CodeIgniter\View\View->render('Admin/edit', [], true)
 5 APPPATH\Controllers\Rangking.php(160): view('Admin/edit', [...])
 6 SYSTEMPATH\CodeIgniter.php(927): App\Controllers\Rangking->formedit('FCPATH\\assets', 'static', 'FCPATH\\js', 'initTheme.js')
 7 SYSTEMPATH\CodeIgniter.php(482): CodeIgniter\CodeIgniter->runController(Object(App\Controllers\Rangking))
 8 SYSTEMPATH\CodeIgniter.php(351): CodeIgniter\CodeIgniter->handleRequest(null, Object(Config\Cache), false)
 9 FCPATH\index.php(67): CodeIgniter\CodeIgniter->run()
10 SYSTEMPATH\Commands\Server\rewrite.php(46): require_once('FCPATH\\index.php')
CRITICAL - 2023-10-15 19:53:43 --> Trying to access array offset on value of type null
in APPPATH\Views\Admin\edit.php on line 7.
 1 APPPATH\Views\Admin\edit.php(7): CodeIgniter\Debug\Exceptions->errorHandler(2, 'Trying to access array offset on value of type null', 'APPPATH\\Views\\Admin\\edit.php', 7)
 2 SYSTEMPATH\View\View.php(213): include('APPPATH\\Views\\Admin\\edit.php')
 3 SYSTEMPATH\View\View.php(216): CodeIgniter\View\View->CodeIgniter\View\{closure}()
 4 SYSTEMPATH\Common.php(1134): CodeIgniter\View\View->render('Admin/edit', [], true)
 5 APPPATH\Controllers\Rangking.php(160): view('Admin/edit', [...])
 6 SYSTEMPATH\CodeIgniter.php(927): App\Controllers\Rangking->formedit('FCPATH\\assets', 'static', 'FCPATH\\js', 'components', 'dark.js')
 7 SYSTEMPATH\CodeIgniter.php(482): CodeIgniter\CodeIgniter->runController(Object(App\Controllers\Rangking))
 8 SYSTEMPATH\CodeIgniter.php(351): CodeIgniter\CodeIgniter->handleRequest(null, Object(Config\Cache), false)
 9 FCPATH\index.php(67): CodeIgniter\CodeIgniter->run()
10 SYSTEMPATH\Commands\Server\rewrite.php(46): require_once('FCPATH\\index.php')
CRITICAL - 2023-10-15 19:53:44 --> Trying to access array offset on value of type null
in APPPATH\Views\Admin\edit.php on line 7.
 1 APPPATH\Views\Admin\edit.php(7): CodeIgniter\Debug\Exceptions->errorHandler(2, 'Trying to access array offset on value of type null', 'APPPATH\\Views\\Admin\\edit.php', 7)
 2 SYSTEMPATH\View\View.php(213): include('APPPATH\\Views\\Admin\\edit.php')
 3 SYSTEMPATH\View\View.php(216): CodeIgniter\View\View->CodeIgniter\View\{closure}()
 4 SYSTEMPATH\Common.php(1134): CodeIgniter\View\View->render('Admin/edit', [], true)
 5 APPPATH\Controllers\Rangking.php(160): view('Admin/edit', [...])
 6 SYSTEMPATH\CodeIgniter.php(927): App\Controllers\Rangking->formedit('FCPATH\\assets', 'extensions', 'perfect-scrollbar', 'perfect-scrollbar.min.js')
 7 SYSTEMPATH\CodeIgniter.php(482): CodeIgniter\CodeIgniter->runController(Object(App\Controllers\Rangking))
 8 SYSTEMPATH\CodeIgniter.php(351): CodeIgniter\CodeIgniter->handleRequest(null, Object(Config\Cache), false)
 9 FCPATH\index.php(67): CodeIgniter\CodeIgniter->run()
10 SYSTEMPATH\Commands\Server\rewrite.php(46): require_once('FCPATH\\index.php')
CRITICAL - 2023-10-15 19:53:44 --> Trying to access array offset on value of type null
in APPPATH\Views\Admin\edit.php on line 7.
 1 APPPATH\Views\Admin\edit.php(7): CodeIgniter\Debug\Exceptions->errorHandler(2, 'Trying to access array offset on value of type null', 'APPPATH\\Views\\Admin\\edit.php', 7)
 2 SYSTEMPATH\View\View.php(213): include('APPPATH\\Views\\Admin\\edit.php')
 3 SYSTEMPATH\View\View.php(216): CodeIgniter\View\View->CodeIgniter\View\{closure}()
 4 SYSTEMPATH\Common.php(1134): CodeIgniter\View\View->render('Admin/edit', [], true)
 5 APPPATH\Controllers\Rangking.php(160): view('Admin/edit', [...])
 6 SYSTEMPATH\CodeIgniter.php(927): App\Controllers\Rangking->formedit('FCPATH\\assets', 'compiled', 'FCPATH\\js', 'app.js')
 7 SYSTEMPATH\CodeIgniter.php(482): CodeIgniter\CodeIgniter->runController(Object(App\Controllers\Rangking))
 8 SYSTEMPATH\CodeIgniter.php(351): CodeIgniter\CodeIgniter->handleRequest(null, Object(Config\Cache), false)
 9 FCPATH\index.php(67): CodeIgniter\CodeIgniter->run()
10 SYSTEMPATH\Commands\Server\rewrite.php(46): require_once('FCPATH\\index.php')
CRITICAL - 2023-10-15 19:53:44 --> Trying to access array offset on value of type null
in APPPATH\Views\Admin\edit.php on line 7.
 1 APPPATH\Views\Admin\edit.php(7): CodeIgniter\Debug\Exceptions->errorHandler(2, 'Trying to access array offset on value of type null', 'APPPATH\\Views\\Admin\\edit.php', 7)
 2 SYSTEMPATH\View\View.php(213): include('APPPATH\\Views\\Admin\\edit.php')
 3 SYSTEMPATH\View\View.php(216): CodeIgniter\View\View->CodeIgniter\View\{closure}()
 4 SYSTEMPATH\Common.php(1134): CodeIgniter\View\View->render('Admin/edit', [], true)
 5 APPPATH\Controllers\Rangking.php(160): view('Admin/edit', [...])
 6 SYSTEMPATH\CodeIgniter.php(927): App\Controllers\Rangking->formedit('FCPATH\\assets', 'extensions', 'apexcharts', 'apexcharts.min.js')
 7 SYSTEMPATH\CodeIgniter.php(482): CodeIgniter\CodeIgniter->runController(Object(App\Controllers\Rangking))
 8 SYSTEMPATH\CodeIgniter.php(351): CodeIgniter\CodeIgniter->handleRequest(null, Object(Config\Cache), false)
 9 FCPATH\index.php(67): CodeIgniter\CodeIgniter->run()
10 SYSTEMPATH\Commands\Server\rewrite.php(46): require_once('FCPATH\\index.php')
CRITICAL - 2023-10-15 19:53:45 --> Trying to access array offset on value of type null
in APPPATH\Views\Admin\edit.php on line 7.
 1 APPPATH\Views\Admin\edit.php(7): CodeIgniter\Debug\Exceptions->errorHandler(2, 'Trying to access array offset on value of type null', 'APPPATH\\Views\\Admin\\edit.php', 7)
 2 SYSTEMPATH\View\View.php(213): include('APPPATH\\Views\\Admin\\edit.php')
 3 SYSTEMPATH\View\View.php(216): CodeIgniter\View\View->CodeIgniter\View\{closure}()
 4 SYSTEMPATH\Common.php(1134): CodeIgniter\View\View->render('Admin/edit', [], true)
 5 APPPATH\Controllers\Rangking.php(160): view('Admin/edit', [...])
 6 SYSTEMPATH\CodeIgniter.php(927): App\Controllers\Rangking->formedit('FCPATH\\assets', 'static', 'FCPATH\\js', 'pages', 'dashboard.js')
 7 SYSTEMPATH\CodeIgniter.php(482): CodeIgniter\CodeIgniter->runController(Object(App\Controllers\Rangking))
 8 SYSTEMPATH\CodeIgniter.php(351): CodeIgniter\CodeIgniter->handleRequest(null, Object(Config\Cache), false)
 9 FCPATH\index.php(67): CodeIgniter\CodeIgniter->run()
10 SYSTEMPATH\Commands\Server\rewrite.php(46): require_once('FCPATH\\index.php')
CRITICAL - 2023-10-15 19:55:03 --> Trying to access array offset on value of type null
in APPPATH\Views\Admin\edit.php on line 7.
 1 APPPATH\Views\Admin\edit.php(7): CodeIgniter\Debug\Exceptions->errorHandler(2, 'Trying to access array offset on value of type null', 'APPPATH\\Views\\Admin\\edit.php', 7)
 2 SYSTEMPATH\View\View.php(213): include('APPPATH\\Views\\Admin\\edit.php')
 3 SYSTEMPATH\View\View.php(216): CodeIgniter\View\View->CodeIgniter\View\{closure}()
 4 SYSTEMPATH\Common.php(1134): CodeIgniter\View\View->render('Admin/edit', [], true)
 5 APPPATH\Controllers\Rangking.php(160): view('Admin/edit', [...])
 6 SYSTEMPATH\CodeIgniter.php(927): App\Controllers\Rangking->formedit('FCPATH\\assets', 'static', 'FCPATH\\js', 'initTheme.js')
 7 SYSTEMPATH\CodeIgniter.php(482): CodeIgniter\CodeIgniter->runController(Object(App\Controllers\Rangking))
 8 SYSTEMPATH\CodeIgniter.php(351): CodeIgniter\CodeIgniter->handleRequest(null, Object(Config\Cache), false)
 9 FCPATH\index.php(67): CodeIgniter\CodeIgniter->run()
10 SYSTEMPATH\Commands\Server\rewrite.php(46): require_once('FCPATH\\index.php')
CRITICAL - 2023-10-15 19:55:03 --> Trying to access array offset on value of type null
in APPPATH\Views\Admin\edit.php on line 7.
 1 APPPATH\Views\Admin\edit.php(7): CodeIgniter\Debug\Exceptions->errorHandler(2, 'Trying to access array offset on value of type null', 'APPPATH\\Views\\Admin\\edit.php', 7)
 2 SYSTEMPATH\View\View.php(213): include('APPPATH\\Views\\Admin\\edit.php')
 3 SYSTEMPATH\View\View.php(216): CodeIgniter\View\View->CodeIgniter\View\{closure}()
 4 SYSTEMPATH\Common.php(1134): CodeIgniter\View\View->render('Admin/edit', [], true)
 5 APPPATH\Controllers\Rangking.php(160): view('Admin/edit', [...])
 6 SYSTEMPATH\CodeIgniter.php(927): App\Controllers\Rangking->formedit('FCPATH\\assets', 'static', 'FCPATH\\js', 'components', 'dark.js')
 7 SYSTEMPATH\CodeIgniter.php(482): CodeIgniter\CodeIgniter->runController(Object(App\Controllers\Rangking))
 8 SYSTEMPATH\CodeIgniter.php(351): CodeIgniter\CodeIgniter->handleRequest(null, Object(Config\Cache), false)
 9 FCPATH\index.php(67): CodeIgniter\CodeIgniter->run()
10 SYSTEMPATH\Commands\Server\rewrite.php(46): require_once('FCPATH\\index.php')
CRITICAL - 2023-10-15 19:55:04 --> Trying to access array offset on value of type null
in APPPATH\Views\Admin\edit.php on line 7.
 1 APPPATH\Views\Admin\edit.php(7): CodeIgniter\Debug\Exceptions->errorHandler(2, 'Trying to access array offset on value of type null', 'APPPATH\\Views\\Admin\\edit.php', 7)
 2 SYSTEMPATH\View\View.php(213): include('APPPATH\\Views\\Admin\\edit.php')
 3 SYSTEMPATH\View\View.php(216): CodeIgniter\View\View->CodeIgniter\View\{closure}()
 4 SYSTEMPATH\Common.php(1134): CodeIgniter\View\View->render('Admin/edit', [], true)
 5 APPPATH\Controllers\Rangking.php(160): view('Admin/edit', [...])
 6 SYSTEMPATH\CodeIgniter.php(927): App\Controllers\Rangking->formedit('FCPATH\\assets', 'extensions', 'perfect-scrollbar', 'perfect-scrollbar.min.js')
 7 SYSTEMPATH\CodeIgniter.php(482): CodeIgniter\CodeIgniter->runController(Object(App\Controllers\Rangking))
 8 SYSTEMPATH\CodeIgniter.php(351): CodeIgniter\CodeIgniter->handleRequest(null, Object(Config\Cache), false)
 9 FCPATH\index.php(67): CodeIgniter\CodeIgniter->run()
10 SYSTEMPATH\Commands\Server\rewrite.php(46): require_once('FCPATH\\index.php')
CRITICAL - 2023-10-15 19:55:04 --> Trying to access array offset on value of type null
in APPPATH\Views\Admin\edit.php on line 7.
 1 APPPATH\Views\Admin\edit.php(7): CodeIgniter\Debug\Exceptions->errorHandler(2, 'Trying to access array offset on value of type null', 'APPPATH\\Views\\Admin\\edit.php', 7)
 2 SYSTEMPATH\View\View.php(213): include('APPPATH\\Views\\Admin\\edit.php')
 3 SYSTEMPATH\View\View.php(216): CodeIgniter\View\View->CodeIgniter\View\{closure}()
 4 SYSTEMPATH\Common.php(1134): CodeIgniter\View\View->render('Admin/edit', [], true)
 5 APPPATH\Controllers\Rangking.php(160): view('Admin/edit', [...])
 6 SYSTEMPATH\CodeIgniter.php(927): App\Controllers\Rangking->formedit('FCPATH\\assets', 'compiled', 'FCPATH\\js', 'app.js')
 7 SYSTEMPATH\CodeIgniter.php(482): CodeIgniter\CodeIgniter->runController(Object(App\Controllers\Rangking))
 8 SYSTEMPATH\CodeIgniter.php(351): CodeIgniter\CodeIgniter->handleRequest(null, Object(Config\Cache), false)
 9 FCPATH\index.php(67): CodeIgniter\CodeIgniter->run()
10 SYSTEMPATH\Commands\Server\rewrite.php(46): require_once('FCPATH\\index.php')
CRITICAL - 2023-10-15 19:55:04 --> Trying to access array offset on value of type null
in APPPATH\Views\Admin\edit.php on line 7.
 1 APPPATH\Views\Admin\edit.php(7): CodeIgniter\Debug\Exceptions->errorHandler(2, 'Trying to access array offset on value of type null', 'APPPATH\\Views\\Admin\\edit.php', 7)
 2 SYSTEMPATH\View\View.php(213): include('APPPATH\\Views\\Admin\\edit.php')
 3 SYSTEMPATH\View\View.php(216): CodeIgniter\View\View->CodeIgniter\View\{closure}()
 4 SYSTEMPATH\Common.php(1134): CodeIgniter\View\View->render('Admin/edit', [], true)
 5 APPPATH\Controllers\Rangking.php(160): view('Admin/edit', [...])
 6 SYSTEMPATH\CodeIgniter.php(927): App\Controllers\Rangking->formedit('FCPATH\\assets', 'extensions', 'apexcharts', 'apexcharts.min.js')
 7 SYSTEMPATH\CodeIgniter.php(482): CodeIgniter\CodeIgniter->runController(Object(App\Controllers\Rangking))
 8 SYSTEMPATH\CodeIgniter.php(351): CodeIgniter\CodeIgniter->handleRequest(null, Object(Config\Cache), false)
 9 FCPATH\index.php(67): CodeIgniter\CodeIgniter->run()
10 SYSTEMPATH\Commands\Server\rewrite.php(46): require_once('FCPATH\\index.php')
CRITICAL - 2023-10-15 19:55:05 --> Trying to access array offset on value of type null
in APPPATH\Views\Admin\edit.php on line 7.
 1 APPPATH\Views\Admin\edit.php(7): CodeIgniter\Debug\Exceptions->errorHandler(2, 'Trying to access array offset on value of type null', 'APPPATH\\Views\\Admin\\edit.php', 7)
 2 SYSTEMPATH\View\View.php(213): include('APPPATH\\Views\\Admin\\edit.php')
 3 SYSTEMPATH\View\View.php(216): CodeIgniter\View\View->CodeIgniter\View\{closure}()
 4 SYSTEMPATH\Common.php(1134): CodeIgniter\View\View->render('Admin/edit', [], true)
 5 APPPATH\Controllers\Rangking.php(160): view('Admin/edit', [...])
 6 SYSTEMPATH\CodeIgniter.php(927): App\Controllers\Rangking->formedit('FCPATH\\assets', 'static', 'FCPATH\\js', 'pages', 'dashboard.js')
 7 SYSTEMPATH\CodeIgniter.php(482): CodeIgniter\CodeIgniter->runController(Object(App\Controllers\Rangking))
 8 SYSTEMPATH\CodeIgniter.php(351): CodeIgniter\CodeIgniter->handleRequest(null, Object(Config\Cache), false)
 9 FCPATH\index.php(67): CodeIgniter\CodeIgniter->run()
10 SYSTEMPATH\Commands\Server\rewrite.php(46): require_once('FCPATH\\index.php')
CRITICAL - 2023-10-15 20:26:39 --> Undefined variable $token
in APPPATH\Views\Users\Create.php on line 73.
 1 APPPATH\Views\Users\Create.php(73): CodeIgniter\Debug\Exceptions->errorHandler(2, 'Undefined variable $token', 'APPPATH\\Views\\Users\\Create.php', 73)
 2 SYSTEMPATH\View\View.php(213): include('APPPATH\\Views\\Users\\Create.php')
 3 SYSTEMPATH\View\View.php(216): CodeIgniter\View\View->CodeIgniter\View\{closure}()
 4 SYSTEMPATH\Common.php(1134): CodeIgniter\View\View->render('Users/Create', [], true)
 5 APPPATH\Controllers\User.php(30): view('Users/Create', [...])
 6 SYSTEMPATH\CodeIgniter.php(927): App\Controllers\User->Create()
 7 SYSTEMPATH\CodeIgniter.php(482): CodeIgniter\CodeIgniter->runController(Object(App\Controllers\User))
 8 SYSTEMPATH\CodeIgniter.php(351): CodeIgniter\CodeIgniter->handleRequest(null, Object(Config\Cache), false)
 9 FCPATH\index.php(67): CodeIgniter\CodeIgniter->run()
10 SYSTEMPATH\Commands\Server\rewrite.php(46): require_once('FCPATH\\index.php')
CRITICAL - 2023-10-15 20:29:36 --> Undefined variable $snap
in APPPATH\Views\Users\Create.php on line 17.
 1 APPPATH\Views\Users\Create.php(17): CodeIgniter\Debug\Exceptions->errorHandler(2, 'Undefined variable $snap', 'APPPATH\\Views\\Users\\Create.php', 17)
 2 SYSTEMPATH\View\View.php(213): include('APPPATH\\Views\\Users\\Create.php')
 3 SYSTEMPATH\View\View.php(216): CodeIgniter\View\View->CodeIgniter\View\{closure}()
 4 SYSTEMPATH\Common.php(1134): CodeIgniter\View\View->render('Users/Create', [], true)
 5 APPPATH\Controllers\User.php(30): view('Users/Create', [...])
 6 SYSTEMPATH\CodeIgniter.php(927): App\Controllers\User->Create()
 7 SYSTEMPATH\CodeIgniter.php(482): CodeIgniter\CodeIgniter->runController(Object(App\Controllers\User))
 8 SYSTEMPATH\CodeIgniter.php(351): CodeIgniter\CodeIgniter->handleRequest(null, Object(Config\Cache), false)
 9 FCPATH\index.php(67): CodeIgniter\CodeIgniter->run()
10 SYSTEMPATH\Commands\Server\rewrite.php(46): require_once('FCPATH\\index.php')
CRITICAL - 2023-10-15 20:31:47 --> Undefined variable $snap
in APPPATH\Views\Users\Create.php on line 17.
 1 APPPATH\Views\Users\Create.php(17): CodeIgniter\Debug\Exceptions->errorHandler(2, 'Undefined variable $snap', 'APPPATH\\Views\\Users\\Create.php', 17)
 2 SYSTEMPATH\View\View.php(213): include('APPPATH\\Views\\Users\\Create.php')
 3 SYSTEMPATH\View\View.php(216): CodeIgniter\View\View->CodeIgniter\View\{closure}()
 4 SYSTEMPATH\Common.php(1134): CodeIgniter\View\View->render('Users/Create', [], true)
 5 APPPATH\Controllers\User.php(30): view('Users/Create', [...])
 6 SYSTEMPATH\CodeIgniter.php(927): App\Controllers\User->Create()
 7 SYSTEMPATH\CodeIgniter.php(482): CodeIgniter\CodeIgniter->runController(Object(App\Controllers\User))
 8 SYSTEMPATH\CodeIgniter.php(351): CodeIgniter\CodeIgniter->handleRequest(null, Object(Config\Cache), false)
 9 FCPATH\index.php(67): CodeIgniter\CodeIgniter->run()
10 SYSTEMPATH\Commands\Server\rewrite.php(46): require_once('FCPATH\\index.php')
CRITICAL - 2023-10-15 20:32:22 --> Undefined variable $snap
in APPPATH\Views\Users\Create.php on line 17.
 1 APPPATH\Views\Users\Create.php(17): CodeIgniter\Debug\Exceptions->errorHandler(2, 'Undefined variable $snap', 'APPPATH\\Views\\Users\\Create.php', 17)
 2 SYSTEMPATH\View\View.php(213): include('APPPATH\\Views\\Users\\Create.php')
 3 SYSTEMPATH\View\View.php(216): CodeIgniter\View\View->CodeIgniter\View\{closure}()
 4 SYSTEMPATH\Common.php(1134): CodeIgniter\View\View->render('Users/Create', [], true)
 5 APPPATH\Controllers\User.php(30): view('Users/Create', [...])
 6 SYSTEMPATH\CodeIgniter.php(927): App\Controllers\User->Create()
 7 SYSTEMPATH\CodeIgniter.php(482): CodeIgniter\CodeIgniter->runController(Object(App\Controllers\User))
 8 SYSTEMPATH\CodeIgniter.php(351): CodeIgniter\CodeIgniter->handleRequest(null, Object(Config\Cache), false)
 9 FCPATH\index.php(67): CodeIgniter\CodeIgniter->run()
10 SYSTEMPATH\Commands\Server\rewrite.php(46): require_once('FCPATH\\index.php')
ERROR - 2023-10-15 21:07:00 --> Error connecting to the database: mysqli_sql_exception: No connection could be made because the target machine actively refused it in C:\Users\10\Desktop\smt 5\E-commerce\Bimbel-ecom\system\Database\MySQLi\Connection.php:171
Stack trace:
#0 C:\Users\10\Desktop\smt 5\E-commerce\Bimbel-ecom\system\Database\MySQLi\Connection.php(171): mysqli->real_connect('localhost', 'root', '', 'bimbel-e', 3306, '', 0)
#1 C:\Users\10\Desktop\smt 5\E-commerce\Bimbel-ecom\system\Database\BaseConnection.php(382): CodeIgniter\Database\MySQLi\Connection->connect(false)
#2 C:\Users\10\Desktop\smt 5\E-commerce\Bimbel-ecom\system\Database\BaseConnection.php(561): CodeIgniter\Database\BaseConnection->initialize()
#3 C:\Users\10\Desktop\smt 5\E-commerce\Bimbel-ecom\system\Database\BaseBuilder.php(1585): CodeIgniter\Database\BaseConnection->query('SELECT 1\nFROM `...', Array, false)
#4 C:\Users\10\Desktop\smt 5\E-commerce\Bimbel-ecom\system\Validation\Rules.php(142): CodeIgniter\Database\BaseBuilder->get()
#5 C:\Users\10\Desktop\smt 5\E-commerce\Bimbel-ecom\system\Validation\Validation.php(315): CodeIgniter\Validation\Rules->is_unique('Rizki', 'nama_lengkap', Array, NULL, 'nama_lengkap')
#6 C:\Users\10\Desktop\smt 5\E-commerce\Bimbel-ecom\system\Validation\Validation.php(175): CodeIgniter\Validation\Validation->processRules('nama_lengkap', 'nama_lengkap', 'Rizki', Array, Array)
#7 C:\Users\10\Desktop\smt 5\E-commerce\Bimbel-ecom\system\Controller.php(140): CodeIgniter\Validation\Validation->run()
#8 C:\Users\10\Desktop\smt 5\E-commerce\Bimbel-ecom\app\Controllers\Rangking.php(42): CodeIgniter\Controller->validate(Array)
#9 C:\Users\10\Desktop\smt 5\E-commerce\Bimbel-ecom\system\CodeIgniter.php(927): App\Controllers\Rangking->simpan()
#10 C:\Users\10\Desktop\smt 5\E-commerce\Bimbel-ecom\system\CodeIgniter.php(482): CodeIgniter\CodeIgniter->runController(Object(App\Controllers\Rangking))
#11 C:\Users\10\Desktop\smt 5\E-commerce\Bimbel-ecom\system\CodeIgniter.php(351): CodeIgniter\CodeIgniter->handleRequest(NULL, Object(Config\Cache), false)
#12 C:\Users\10\Desktop\smt 5\E-commerce\Bimbel-ecom\public\index.php(67): CodeIgniter\CodeIgniter->run()
#13 C:\Users\10\Desktop\smt 5\E-commerce\Bimbel-ecom\system\Commands\Server\rewrite.php(46): require_once('C:\\Users\\10\\Des...')
#14 {main}

Next CodeIgniter\Database\Exceptions\DatabaseException: No connection could be made because the target machine actively refused it in C:\Users\10\Desktop\smt 5\E-commerce\Bimbel-ecom\system\Database\MySQLi\Connection.php:215
Stack trace:
#0 C:\Users\10\Desktop\smt 5\E-commerce\Bimbel-ecom\system\Database\BaseConnection.php(382): CodeIgniter\Database\MySQLi\Connection->connect(false)
#1 C:\Users\10\Desktop\smt 5\E-commerce\Bimbel-ecom\system\Database\BaseConnection.php(561): CodeIgniter\Database\BaseConnection->initialize()
#2 C:\Users\10\Desktop\smt 5\E-commerce\Bimbel-ecom\system\Database\BaseBuilder.php(1585): CodeIgniter\Database\BaseConnection->query('SELECT 1\nFROM `...', Array, false)
#3 C:\Users\10\Desktop\smt 5\E-commerce\Bimbel-ecom\system\Validation\Rules.php(142): CodeIgniter\Database\BaseBuilder->get()
#4 C:\Users\10\Desktop\smt 5\E-commerce\Bimbel-ecom\system\Validation\Validation.php(315): CodeIgniter\Validation\Rules->is_unique('Rizki', 'nama_lengkap', Array, NULL, 'nama_lengkap')
#5 C:\Users\10\Desktop\smt 5\E-commerce\Bimbel-ecom\system\Validation\Validation.php(175): CodeIgniter\Validation\Validation->processRules('nama_lengkap', 'nama_lengkap', 'Rizki', Array, Array)
#6 C:\Users\10\Desktop\smt 5\E-commerce\Bimbel-ecom\system\Controller.php(140): CodeIgniter\Validation\Validation->run()
#7 C:\Users\10\Desktop\smt 5\E-commerce\Bimbel-ecom\app\Controllers\Rangking.php(42): CodeIgniter\Controller->validate(Array)
#8 C:\Users\10\Desktop\smt 5\E-commerce\Bimbel-ecom\system\CodeIgniter.php(927): App\Controllers\Rangking->simpan()
#9 C:\Users\10\Desktop\smt 5\E-commerce\Bimbel-ecom\system\CodeIgniter.php(482): CodeIgniter\CodeIgniter->runController(Object(App\Controllers\Rangking))
#10 C:\Users\10\Desktop\smt 5\E-commerce\Bimbel-ecom\system\CodeIgniter.php(351): CodeIgniter\CodeIgniter->handleRequest(NULL, Object(Config\Cache), false)
#11 C:\Users\10\Desktop\smt 5\E-commerce\Bimbel-ecom\public\index.php(67): CodeIgniter\CodeIgniter->run()
#12 C:\Users\10\Desktop\smt 5\E-commerce\Bimbel-ecom\system\Commands\Server\rewrite.php(46): require_once('C:\\Users\\10\\Des...')
#13 {main}
CRITICAL - 2023-10-15 21:07:00 --> Unable to connect to the database.
Main connection [MySQLi]: No connection could be made because the target machine actively refused it
in SYSTEMPATH\Database\BaseConnection.php on line 418.
 1 SYSTEMPATH\Database\BaseConnection.php(561): CodeIgniter\Database\BaseConnection->initialize()
 2 SYSTEMPATH\Database\BaseBuilder.php(1585): CodeIgniter\Database\BaseConnection->query('SELECT 1
FROM `daftar`
WHERE `nama_lengkap` = :nama_lengkap:
 LIMIT 1', [...], false)
 3 SYSTEMPATH\Validation\Rules.php(142): CodeIgniter\Database\BaseBuilder->get()
 4 SYSTEMPATH\Validation\Validation.php(315): CodeIgniter\Validation\Rules->is_unique('Rizki', 'nama_lengkap', [...], null, 'nama_lengkap')
 5 SYSTEMPATH\Validation\Validation.php(175): CodeIgniter\Validation\Validation->processRules('nama_lengkap', 'nama_lengkap', 'Rizki', [...], [...])
 6 SYSTEMPATH\Controller.php(140): CodeIgniter\Validation\Validation->run()
 7 APPPATH\Controllers\Rangking.php(42): CodeIgniter\Controller->validate([...])
 8 SYSTEMPATH\CodeIgniter.php(927): App\Controllers\Rangking->simpan()
 9 SYSTEMPATH\CodeIgniter.php(482): CodeIgniter\CodeIgniter->runController(Object(App\Controllers\Rangking))
10 SYSTEMPATH\CodeIgniter.php(351): CodeIgniter\CodeIgniter->handleRequest(null, Object(Config\Cache), false)
11 FCPATH\index.php(67): CodeIgniter\CodeIgniter->run()
12 SYSTEMPATH\Commands\Server\rewrite.php(46): require_once('FCPATH\\index.php')
