CRITICAL - 2023-11-05 04:44:00 --> Undefined variable $s
in APPPATH/Views/Users/index.php on line 275.
 1 APPPATH/Views/Users/index.php(275): CodeIgniter\Debug\Exceptions->errorHandler(2, 'Undefined variable $s', 'APPPATH/Views/Users/index.php', 275)
 2 SYSTEMPATH/View/View.php(213): include('APPPATH/Views/Users/index.php')
 3 SYSTEMPATH/View/View.php(216): CodeIgniter\View\View->CodeIgniter\View\{closure}()
 4 SYSTEMPATH/Common.php(1134): CodeIgniter\View\View->render('Users/index', [], true)
 5 APPPATH/Controllers/User.php(17): view('Users/index', [...])
 6 SYSTEMPATH/CodeIgniter.php(927): App\Controllers\User->index()
 7 SYSTEMPATH/CodeIgniter.php(482): CodeIgniter\CodeIgniter->runController(Object(App\Controllers\User))
 8 SYSTEMPATH/CodeIgniter.php(351): CodeIgniter\CodeIgniter->handleRequest(null, Object(Config\Cache), false)
 9 FCPATH/index.php(67): CodeIgniter\CodeIgniter->run()
10 SYSTEMPATH/Commands/Server/rewrite.php(46): require_once('FCPATH/index.php')
CRITICAL - 2023-11-05 07:34:17 --> Trying to access array offset on value of type null
in APPPATH/Views/Admin/formemail.php on line 8.
 1 APPPATH/Views/Admin/formemail.php(8): CodeIgniter\Debug\Exceptions->errorHandler(2, 'Trying to access array offset on value of type null', 'APPPATH/Views/Admin/formemail.php', 8)
 2 SYSTEMPATH/View/View.php(213): include('APPPATH/Views/Admin/formemail.php')
 3 SYSTEMPATH/View/View.php(216): CodeIgniter\View\View->CodeIgniter\View\{closure}()
 4 SYSTEMPATH/Common.php(1134): CodeIgniter\View\View->render('Admin/formemail', [], true)
 5 APPPATH/Controllers/Rangking.php(186): view('Admin/formemail', [...])
 6 SYSTEMPATH/CodeIgniter.php(927): App\Controllers\Rangking->formemail('FCPATH/assets', 'static', 'FCPATH/js', 'initTheme.js')
 7 SYSTEMPATH/CodeIgniter.php(482): CodeIgniter\CodeIgniter->runController(Object(App\Controllers\Rangking))
 8 SYSTEMPATH/CodeIgniter.php(351): CodeIgniter\CodeIgniter->handleRequest(null, Object(Config\Cache), false)
 9 FCPATH/index.php(67): CodeIgniter\CodeIgniter->run()
10 SYSTEMPATH/Commands/Server/rewrite.php(46): require_once('FCPATH/index.php')
CRITICAL - 2023-11-05 07:34:17 --> Trying to access array offset on value of type null
in APPPATH/Views/Admin/formemail.php on line 8.
 1 APPPATH/Views/Admin/formemail.php(8): CodeIgniter\Debug\Exceptions->errorHandler(2, 'Trying to access array offset on value of type null', 'APPPATH/Views/Admin/formemail.php', 8)
 2 SYSTEMPATH/View/View.php(213): include('APPPATH/Views/Admin/formemail.php')
 3 SYSTEMPATH/View/View.php(216): CodeIgniter\View\View->CodeIgniter\View\{closure}()
 4 SYSTEMPATH/Common.php(1134): CodeIgniter\View\View->render('Admin/formemail', [], true)
 5 APPPATH/Controllers/Rangking.php(186): view('Admin/formemail', [...])
 6 SYSTEMPATH/CodeIgniter.php(927): App\Controllers\Rangking->formemail('FCPATH/assets', 'static', 'FCPATH/js', 'components', 'dark.js')
 7 SYSTEMPATH/CodeIgniter.php(482): CodeIgniter\CodeIgniter->runController(Object(App\Controllers\Rangking))
 8 SYSTEMPATH/CodeIgniter.php(351): CodeIgniter\CodeIgniter->handleRequest(null, Object(Config\Cache), false)
 9 FCPATH/index.php(67): CodeIgniter\CodeIgniter->run()
10 SYSTEMPATH/Commands/Server/rewrite.php(46): require_once('FCPATH/index.php')
CRITICAL - 2023-11-05 07:34:17 --> Trying to access array offset on value of type null
in APPPATH/Views/Admin/formemail.php on line 8.
 1 APPPATH/Views/Admin/formemail.php(8): CodeIgniter\Debug\Exceptions->errorHandler(2, 'Trying to access array offset on value of type null', 'APPPATH/Views/Admin/formemail.php', 8)
 2 SYSTEMPATH/View/View.php(213): include('APPPATH/Views/Admin/formemail.php')
 3 SYSTEMPATH/View/View.php(216): CodeIgniter\View\View->CodeIgniter\View\{closure}()
 4 SYSTEMPATH/Common.php(1134): CodeIgniter\View\View->render('Admin/formemail', [], true)
 5 APPPATH/Controllers/Rangking.php(186): view('Admin/formemail', [...])
 6 SYSTEMPATH/CodeIgniter.php(927): App\Controllers\Rangking->formemail('FCPATH/assets', 'extensions', 'perfect-scrollbar', 'perfect-scrollbar.min.js')
 7 SYSTEMPATH/CodeIgniter.php(482): CodeIgniter\CodeIgniter->runController(Object(App\Controllers\Rangking))
 8 SYSTEMPATH/CodeIgniter.php(351): CodeIgniter\CodeIgniter->handleRequest(null, Object(Config\Cache), false)
 9 FCPATH/index.php(67): CodeIgniter\CodeIgniter->run()
10 SYSTEMPATH/Commands/Server/rewrite.php(46): require_once('FCPATH/index.php')
CRITICAL - 2023-11-05 07:34:17 --> Trying to access array offset on value of type null
in APPPATH/Views/Admin/formemail.php on line 8.
 1 APPPATH/Views/Admin/formemail.php(8): CodeIgniter\Debug\Exceptions->errorHandler(2, 'Trying to access array offset on value of type null', 'APPPATH/Views/Admin/formemail.php', 8)
 2 SYSTEMPATH/View/View.php(213): include('APPPATH/Views/Admin/formemail.php')
 3 SYSTEMPATH/View/View.php(216): CodeIgniter\View\View->CodeIgniter\View\{closure}()
 4 SYSTEMPATH/Common.php(1134): CodeIgniter\View\View->render('Admin/formemail', [], true)
 5 APPPATH/Controllers/Rangking.php(186): view('Admin/formemail', [...])
 6 SYSTEMPATH/CodeIgniter.php(927): App\Controllers\Rangking->formemail('FCPATH/assets', 'compiled', 'FCPATH/js', 'app.js')
 7 SYSTEMPATH/CodeIgniter.php(482): CodeIgniter\CodeIgniter->runController(Object(App\Controllers\Rangking))
 8 SYSTEMPATH/CodeIgniter.php(351): CodeIgniter\CodeIgniter->handleRequest(null, Object(Config\Cache), false)
 9 FCPATH/index.php(67): CodeIgniter\CodeIgniter->run()
10 SYSTEMPATH/Commands/Server/rewrite.php(46): require_once('FCPATH/index.php')
CRITICAL - 2023-11-05 07:34:18 --> Trying to access array offset on value of type null
in APPPATH/Views/Admin/formemail.php on line 8.
 1 APPPATH/Views/Admin/formemail.php(8): CodeIgniter\Debug\Exceptions->errorHandler(2, 'Trying to access array offset on value of type null', 'APPPATH/Views/Admin/formemail.php', 8)
 2 SYSTEMPATH/View/View.php(213): include('APPPATH/Views/Admin/formemail.php')
 3 SYSTEMPATH/View/View.php(216): CodeIgniter\View\View->CodeIgniter\View\{closure}()
 4 SYSTEMPATH/Common.php(1134): CodeIgniter\View\View->render('Admin/formemail', [], true)
 5 APPPATH/Controllers/Rangking.php(186): view('Admin/formemail', [...])
 6 SYSTEMPATH/CodeIgniter.php(927): App\Controllers\Rangking->formemail('FCPATH/assets', 'extensions', 'apexcharts', 'apexcharts.min.js')
 7 SYSTEMPATH/CodeIgniter.php(482): CodeIgniter\CodeIgniter->runController(Object(App\Controllers\Rangking))
 8 SYSTEMPATH/CodeIgniter.php(351): CodeIgniter\CodeIgniter->handleRequest(null, Object(Config\Cache), false)
 9 FCPATH/index.php(67): CodeIgniter\CodeIgniter->run()
10 SYSTEMPATH/Commands/Server/rewrite.php(46): require_once('FCPATH/index.php')
CRITICAL - 2023-11-05 07:34:18 --> Trying to access array offset on value of type null
in APPPATH/Views/Admin/formemail.php on line 8.
 1 APPPATH/Views/Admin/formemail.php(8): CodeIgniter\Debug\Exceptions->errorHandler(2, 'Trying to access array offset on value of type null', 'APPPATH/Views/Admin/formemail.php', 8)
 2 SYSTEMPATH/View/View.php(213): include('APPPATH/Views/Admin/formemail.php')
 3 SYSTEMPATH/View/View.php(216): CodeIgniter\View\View->CodeIgniter\View\{closure}()
 4 SYSTEMPATH/Common.php(1134): CodeIgniter\View\View->render('Admin/formemail', [], true)
 5 APPPATH/Controllers/Rangking.php(186): view('Admin/formemail', [...])
 6 SYSTEMPATH/CodeIgniter.php(927): App\Controllers\Rangking->formemail('FCPATH/assets', 'static', 'FCPATH/js', 'pages', 'dashboard.js')
 7 SYSTEMPATH/CodeIgniter.php(482): CodeIgniter\CodeIgniter->runController(Object(App\Controllers\Rangking))
 8 SYSTEMPATH/CodeIgniter.php(351): CodeIgniter\CodeIgniter->handleRequest(null, Object(Config\Cache), false)
 9 FCPATH/index.php(67): CodeIgniter\CodeIgniter->run()
10 SYSTEMPATH/Commands/Server/rewrite.php(46): require_once('FCPATH/index.php')
CRITICAL - 2023-11-05 21:58:16 --> Undefined variable $s
in APPPATH/Views/Users/index.php on line 274.
 1 APPPATH/Views/Users/index.php(274): CodeIgniter\Debug\Exceptions->errorHandler(2, 'Undefined variable $s', 'APPPATH/Views/Users/index.php', 274)
 2 SYSTEMPATH/View/View.php(213): include('APPPATH/Views/Users/index.php')
 3 SYSTEMPATH/View/View.php(216): CodeIgniter\View\View->CodeIgniter\View\{closure}()
 4 SYSTEMPATH/Common.php(1134): CodeIgniter\View\View->render('Users/index', [], true)
 5 APPPATH/Controllers/User.php(17): view('Users/index', [...])
 6 SYSTEMPATH/CodeIgniter.php(927): App\Controllers\User->index()
 7 SYSTEMPATH/CodeIgniter.php(482): CodeIgniter\CodeIgniter->runController(Object(App\Controllers\User))
 8 SYSTEMPATH/CodeIgniter.php(351): CodeIgniter\CodeIgniter->handleRequest(null, Object(Config\Cache), false)
 9 FCPATH/index.php(67): CodeIgniter\CodeIgniter->run()
10 SYSTEMPATH/Commands/Server/rewrite.php(46): require_once('FCPATH/index.php')
