CRITICAL - 2023-11-23 02:25:10 --> CURL Error: Could not resolve host: app.sandbox.midtrans.com
in VENDORPATH/midtrans/midtrans-php/Midtrans/ApiRequestor.php on line 156.
 1 VENDORPATH/midtrans/midtrans-php/Midtrans/ApiRequestor.php(39): Midtrans\ApiRequestor::remoteCall('https://app.sandbox.midtrans.com/snap/v1/transactions', 'SB-Mid-server-II_md8vOI_7aaHmQaiOp0XHZ', [...], 'POST')
 2 VENDORPATH/midtrans/midtrans-php/Midtrans/Snap.php(108): Midtrans\ApiRequestor::post('https://app.sandbox.midtrans.com/snap/v1/transactions', 'SB-Mid-server-II_md8vOI_7aaHmQaiOp0XHZ', [...])
 3 VENDORPATH/midtrans/midtrans-php/Midtrans/Snap.php(36): Midtrans\Snap::createTransaction([...])
 4 APPPATH/Controllers/Rangking.php(127): Midtrans\Snap::getSnapToken([...])
 5 SYSTEMPATH/CodeIgniter.php(927): App\Controllers\Rangking->simpan()
 6 SYSTEMPATH/CodeIgniter.php(482): CodeIgniter\CodeIgniter->runController(Object(App\Controllers\Rangking))
 7 SYSTEMPATH/CodeIgniter.php(351): CodeIgniter\CodeIgniter->handleRequest(null, Object(Config\Cache), false)
 8 FCPATH/index.php(67): CodeIgniter\CodeIgniter->run()
 9 SYSTEMPATH/Commands/Server/rewrite.php(46): require_once('FCPATH/index.php')
CRITICAL - 2023-11-23 07:02:42 --> Undefined variable $nohalaman
in APPPATH/Views/Admin/Laporan.php on line 22.
 1 APPPATH/Views/Admin/Laporan.php(22): CodeIgniter\Debug\Exceptions->errorHandler(2, 'Undefined variable $nohalaman', 'APPPATH/Views/Admin/Laporan.php', 22)
 2 SYSTEMPATH/View/View.php(213): include('APPPATH/Views/Admin/Laporan.php')
 3 SYSTEMPATH/View/View.php(216): CodeIgniter\View\View->CodeIgniter\View\{closure}()
 4 SYSTEMPATH/Common.php(1134): CodeIgniter\View\View->render('Admin/Laporan', [], true)
 5 APPPATH/Controllers/User.php(41): view('Admin/Laporan', [...])
 6 SYSTEMPATH/CodeIgniter.php(927): App\Controllers\User->Laporan()
 7 SYSTEMPATH/CodeIgniter.php(482): CodeIgniter\CodeIgniter->runController(Object(App\Controllers\User))
 8 SYSTEMPATH/CodeIgniter.php(351): CodeIgniter\CodeIgniter->handleRequest(null, Object(Config\Cache), false)
 9 FCPATH/index.php(67): CodeIgniter\CodeIgniter->run()
10 SYSTEMPATH/Commands/Server/rewrite.php(46): require_once('FCPATH/index.php')
CRITICAL - 2023-11-23 07:03:14 --> Undefined variable $mentor
in APPPATH/Views/Admin/Laporan.php on line 23.
 1 APPPATH/Views/Admin/Laporan.php(23): CodeIgniter\Debug\Exceptions->errorHandler(2, 'Undefined variable $mentor', 'APPPATH/Views/Admin/Laporan.php', 23)
 2 SYSTEMPATH/View/View.php(213): include('APPPATH/Views/Admin/Laporan.php')
 3 SYSTEMPATH/View/View.php(216): CodeIgniter\View\View->CodeIgniter\View\{closure}()
 4 SYSTEMPATH/Common.php(1134): CodeIgniter\View\View->render('Admin/Laporan', [], true)
 5 APPPATH/Controllers/User.php(41): view('Admin/Laporan', [...])
 6 SYSTEMPATH/CodeIgniter.php(927): App\Controllers\User->Laporan()
 7 SYSTEMPATH/CodeIgniter.php(482): CodeIgniter\CodeIgniter->runController(Object(App\Controllers\User))
 8 SYSTEMPATH/CodeIgniter.php(351): CodeIgniter\CodeIgniter->handleRequest(null, Object(Config\Cache), false)
 9 FCPATH/index.php(67): CodeIgniter\CodeIgniter->run()
10 SYSTEMPATH/Commands/Server/rewrite.php(46): require_once('FCPATH/index.php')
CRITICAL - 2023-11-23 07:03:32 --> Undefined array key "jampel"
in APPPATH/Views/Admin/Laporan.php on line 29.
 1 APPPATH/Views/Admin/Laporan.php(29): CodeIgniter\Debug\Exceptions->errorHandler(2, 'Undefined array key "jampel"', 'APPPATH/Views/Admin/Laporan.php', 29)
 2 SYSTEMPATH/View/View.php(213): include('APPPATH/Views/Admin/Laporan.php')
 3 SYSTEMPATH/View/View.php(216): CodeIgniter\View\View->CodeIgniter\View\{closure}()
 4 SYSTEMPATH/Common.php(1134): CodeIgniter\View\View->render('Admin/Laporan', [], true)
 5 APPPATH/Controllers/User.php(41): view('Admin/Laporan', [...])
 6 SYSTEMPATH/CodeIgniter.php(927): App\Controllers\User->Laporan()
 7 SYSTEMPATH/CodeIgniter.php(482): CodeIgniter\CodeIgniter->runController(Object(App\Controllers\User))
 8 SYSTEMPATH/CodeIgniter.php(351): CodeIgniter\CodeIgniter->handleRequest(null, Object(Config\Cache), false)
 9 FCPATH/index.php(67): CodeIgniter\CodeIgniter->run()
10 SYSTEMPATH/Commands/Server/rewrite.php(46): require_once('FCPATH/index.php')
CRITICAL - 2023-11-23 07:05:43 --> Undefined array key "jampel"
in APPPATH/Views/Admin/Laporan.php on line 29.
 1 APPPATH/Views/Admin/Laporan.php(29): CodeIgniter\Debug\Exceptions->errorHandler(2, 'Undefined array key "jampel"', 'APPPATH/Views/Admin/Laporan.php', 29)
 2 SYSTEMPATH/View/View.php(213): include('APPPATH/Views/Admin/Laporan.php')
 3 SYSTEMPATH/View/View.php(216): CodeIgniter\View\View->CodeIgniter\View\{closure}()
 4 SYSTEMPATH/Common.php(1134): CodeIgniter\View\View->render('Admin/Laporan', [], true)
 5 APPPATH/Controllers/User.php(44): view('Admin/Laporan', [...])
 6 SYSTEMPATH/CodeIgniter.php(927): App\Controllers\User->Laporan()
 7 SYSTEMPATH/CodeIgniter.php(482): CodeIgniter\CodeIgniter->runController(Object(App\Controllers\User))
 8 SYSTEMPATH/CodeIgniter.php(351): CodeIgniter\CodeIgniter->handleRequest(null, Object(Config\Cache), false)
 9 FCPATH/index.php(67): CodeIgniter\CodeIgniter->run()
10 SYSTEMPATH/Commands/Server/rewrite.php(46): require_once('FCPATH/index.php')
CRITICAL - 2023-11-23 07:05:58 --> Trying to access array offset on value of type null
in APPPATH/Views/Admin/Laporan.php on line 27.
 1 APPPATH/Views/Admin/Laporan.php(27): CodeIgniter\Debug\Exceptions->errorHandler(2, 'Trying to access array offset on value of type null', 'APPPATH/Views/Admin/Laporan.php', 27)
 2 SYSTEMPATH/View/View.php(213): include('APPPATH/Views/Admin/Laporan.php')
 3 SYSTEMPATH/View/View.php(216): CodeIgniter\View\View->CodeIgniter\View\{closure}()
 4 SYSTEMPATH/Common.php(1134): CodeIgniter\View\View->render('Admin/Laporan', [], true)
 5 APPPATH/Controllers/User.php(44): view('Admin/Laporan', [...])
 6 SYSTEMPATH/CodeIgniter.php(927): App\Controllers\User->Laporan()
 7 SYSTEMPATH/CodeIgniter.php(482): CodeIgniter\CodeIgniter->runController(Object(App\Controllers\User))
 8 SYSTEMPATH/CodeIgniter.php(351): CodeIgniter\CodeIgniter->handleRequest(null, Object(Config\Cache), false)
 9 FCPATH/index.php(67): CodeIgniter\CodeIgniter->run()
10 SYSTEMPATH/Commands/Server/rewrite.php(46): require_once('FCPATH/index.php')
CRITICAL - 2023-11-23 07:06:48 --> Undefined array key "jampel"
in APPPATH/Views/Admin/Laporan.php on line 29.
 1 APPPATH/Views/Admin/Laporan.php(29): CodeIgniter\Debug\Exceptions->errorHandler(2, 'Undefined array key "jampel"', 'APPPATH/Views/Admin/Laporan.php', 29)
 2 SYSTEMPATH/View/View.php(213): include('APPPATH/Views/Admin/Laporan.php')
 3 SYSTEMPATH/View/View.php(216): CodeIgniter\View\View->CodeIgniter\View\{closure}()
 4 SYSTEMPATH/Common.php(1134): CodeIgniter\View\View->render('Admin/Laporan', [], true)
 5 APPPATH/Controllers/User.php(44): view('Admin/Laporan', [...])
 6 SYSTEMPATH/CodeIgniter.php(927): App\Controllers\User->Laporan()
 7 SYSTEMPATH/CodeIgniter.php(482): CodeIgniter\CodeIgniter->runController(Object(App\Controllers\User))
 8 SYSTEMPATH/CodeIgniter.php(351): CodeIgniter\CodeIgniter->handleRequest(null, Object(Config\Cache), false)
 9 FCPATH/index.php(67): CodeIgniter\CodeIgniter->run()
10 SYSTEMPATH/Commands/Server/rewrite.php(46): require_once('FCPATH/index.php')
CRITICAL - 2023-11-23 07:07:01 --> Undefined array key "alias"
in APPPATH/Views/Admin/Laporan.php on line 31.
 1 APPPATH/Views/Admin/Laporan.php(31): CodeIgniter\Debug\Exceptions->errorHandler(2, 'Undefined array key "alias"', 'APPPATH/Views/Admin/Laporan.php', 31)
 2 SYSTEMPATH/View/View.php(213): include('APPPATH/Views/Admin/Laporan.php')
 3 SYSTEMPATH/View/View.php(216): CodeIgniter\View\View->CodeIgniter\View\{closure}()
 4 SYSTEMPATH/Common.php(1134): CodeIgniter\View\View->render('Admin/Laporan', [], true)
 5 APPPATH/Controllers/User.php(44): view('Admin/Laporan', [...])
 6 SYSTEMPATH/CodeIgniter.php(927): App\Controllers\User->Laporan()
 7 SYSTEMPATH/CodeIgniter.php(482): CodeIgniter\CodeIgniter->runController(Object(App\Controllers\User))
 8 SYSTEMPATH/CodeIgniter.php(351): CodeIgniter\CodeIgniter->handleRequest(null, Object(Config\Cache), false)
 9 FCPATH/index.php(67): CodeIgniter\CodeIgniter->run()
10 SYSTEMPATH/Commands/Server/rewrite.php(46): require_once('FCPATH/index.php')
CRITICAL - 2023-11-23 07:07:24 --> Undefined variable $pager
in APPPATH/Views/Admin/Laporan.php on line 40.
 1 APPPATH/Views/Admin/Laporan.php(40): CodeIgniter\Debug\Exceptions->errorHandler(2, 'Undefined variable $pager', 'APPPATH/Views/Admin/Laporan.php', 40)
 2 SYSTEMPATH/View/View.php(213): include('APPPATH/Views/Admin/Laporan.php')
 3 SYSTEMPATH/View/View.php(216): CodeIgniter\View\View->CodeIgniter\View\{closure}()
 4 SYSTEMPATH/Common.php(1134): CodeIgniter\View\View->render('Admin/Laporan', [], true)
 5 APPPATH/Controllers/User.php(44): view('Admin/Laporan', [...])
 6 SYSTEMPATH/CodeIgniter.php(927): App\Controllers\User->Laporan()
 7 SYSTEMPATH/CodeIgniter.php(482): CodeIgniter\CodeIgniter->runController(Object(App\Controllers\User))
 8 SYSTEMPATH/CodeIgniter.php(351): CodeIgniter\CodeIgniter->handleRequest(null, Object(Config\Cache), false)
 9 FCPATH/index.php(67): CodeIgniter\CodeIgniter->run()
10 SYSTEMPATH/Commands/Server/rewrite.php(46): require_once('FCPATH/index.php')
CRITICAL - 2023-11-23 07:10:35 --> Undefined array key "nominal"
in APPPATH/Views/Admin/Laporan.php on line 31.
 1 APPPATH/Views/Admin/Laporan.php(31): CodeIgniter\Debug\Exceptions->errorHandler(2, 'Undefined array key "nominal"', 'APPPATH/Views/Admin/Laporan.php', 31)
 2 SYSTEMPATH/View/View.php(213): include('APPPATH/Views/Admin/Laporan.php')
 3 SYSTEMPATH/View/View.php(216): CodeIgniter\View\View->CodeIgniter\View\{closure}()
 4 SYSTEMPATH/Common.php(1134): CodeIgniter\View\View->render('Admin/Laporan', [], true)
 5 APPPATH/Controllers/User.php(44): view('Admin/Laporan', [...])
 6 SYSTEMPATH/CodeIgniter.php(927): App\Controllers\User->Laporan()
 7 SYSTEMPATH/CodeIgniter.php(482): CodeIgniter\CodeIgniter->runController(Object(App\Controllers\User))
 8 SYSTEMPATH/CodeIgniter.php(351): CodeIgniter\CodeIgniter->handleRequest(null, Object(Config\Cache), false)
 9 FCPATH/index.php(67): CodeIgniter\CodeIgniter->run()
10 SYSTEMPATH/Commands/Server/rewrite.php(46): require_once('FCPATH/index.php')
CRITICAL - 2023-11-23 07:12:23 --> Trying to access array offset on value of type null
in APPPATH/Views/Admin/edit.php on line 7.
 1 APPPATH/Views/Admin/edit.php(7): CodeIgniter\Debug\Exceptions->errorHandler(2, 'Trying to access array offset on value of type null', 'APPPATH/Views/Admin/edit.php', 7)
 2 SYSTEMPATH/View/View.php(213): include('APPPATH/Views/Admin/edit.php')
 3 SYSTEMPATH/View/View.php(216): CodeIgniter\View\View->CodeIgniter\View\{closure}()
 4 SYSTEMPATH/Common.php(1134): CodeIgniter\View\View->render('Admin/edit', [], true)
 5 APPPATH/Controllers/Rangking.php(177): view('Admin/edit', [...])
 6 SYSTEMPATH/CodeIgniter.php(927): App\Controllers\Rangking->formedit('1')
 7 SYSTEMPATH/CodeIgniter.php(482): CodeIgniter\CodeIgniter->runController(Object(App\Controllers\Rangking))
 8 SYSTEMPATH/CodeIgniter.php(351): CodeIgniter\CodeIgniter->handleRequest(null, Object(Config\Cache), false)
 9 FCPATH/index.php(67): CodeIgniter\CodeIgniter->run()
10 SYSTEMPATH/Commands/Server/rewrite.php(46): require_once('FCPATH/index.php')
CRITICAL - 2023-11-23 07:12:39 --> Trying to access array offset on value of type null
in APPPATH/Views/Admin/edit.php on line 7.
 1 APPPATH/Views/Admin/edit.php(7): CodeIgniter\Debug\Exceptions->errorHandler(2, 'Trying to access array offset on value of type null', 'APPPATH/Views/Admin/edit.php', 7)
 2 SYSTEMPATH/View/View.php(213): include('APPPATH/Views/Admin/edit.php')
 3 SYSTEMPATH/View/View.php(216): CodeIgniter\View\View->CodeIgniter\View\{closure}()
 4 SYSTEMPATH/Common.php(1134): CodeIgniter\View\View->render('Admin/edit', [], true)
 5 APPPATH/Controllers/Rangking.php(177): view('Admin/edit', [...])
 6 SYSTEMPATH/CodeIgniter.php(927): App\Controllers\Rangking->formedit('1')
 7 SYSTEMPATH/CodeIgniter.php(482): CodeIgniter\CodeIgniter->runController(Object(App\Controllers\Rangking))
 8 SYSTEMPATH/CodeIgniter.php(351): CodeIgniter\CodeIgniter->handleRequest(null, Object(Config\Cache), false)
 9 FCPATH/index.php(67): CodeIgniter\CodeIgniter->run()
10 SYSTEMPATH/Commands/Server/rewrite.php(46): require_once('FCPATH/index.php')
CRITICAL - 2023-11-23 07:12:59 --> Trying to access array offset on value of type null
in APPPATH/Views/Admin/edit.php on line 7.
 1 APPPATH/Views/Admin/edit.php(7): CodeIgniter\Debug\Exceptions->errorHandler(2, 'Trying to access array offset on value of type null', 'APPPATH/Views/Admin/edit.php', 7)
 2 SYSTEMPATH/View/View.php(213): include('APPPATH/Views/Admin/edit.php')
 3 SYSTEMPATH/View/View.php(216): CodeIgniter\View\View->CodeIgniter\View\{closure}()
 4 SYSTEMPATH/Common.php(1134): CodeIgniter\View\View->render('Admin/edit', [], true)
 5 APPPATH/Controllers/Rangking.php(177): view('Admin/edit', [...])
 6 SYSTEMPATH/CodeIgniter.php(927): App\Controllers\Rangking->formedit('1')
 7 SYSTEMPATH/CodeIgniter.php(482): CodeIgniter\CodeIgniter->runController(Object(App\Controllers\Rangking))
 8 SYSTEMPATH/CodeIgniter.php(351): CodeIgniter\CodeIgniter->handleRequest(null, Object(Config\Cache), false)
 9 FCPATH/index.php(67): CodeIgniter\CodeIgniter->run()
10 SYSTEMPATH/Commands/Server/rewrite.php(46): require_once('FCPATH/index.php')
CRITICAL - 2023-11-23 07:13:57 --> Trying to access array offset on value of type null
in APPPATH/Views/Admin/edit.php on line 7.
 1 APPPATH/Views/Admin/edit.php(7): CodeIgniter\Debug\Exceptions->errorHandler(2, 'Trying to access array offset on value of type null', 'APPPATH/Views/Admin/edit.php', 7)
 2 SYSTEMPATH/View/View.php(213): include('APPPATH/Views/Admin/edit.php')
 3 SYSTEMPATH/View/View.php(216): CodeIgniter\View\View->CodeIgniter\View\{closure}()
 4 SYSTEMPATH/Common.php(1134): CodeIgniter\View\View->render('Admin/edit', [], true)
 5 APPPATH/Controllers/Rangking.php(177): view('Admin/edit', [...])
 6 SYSTEMPATH/CodeIgniter.php(927): App\Controllers\Rangking->formedit('4')
 7 SYSTEMPATH/CodeIgniter.php(482): CodeIgniter\CodeIgniter->runController(Object(App\Controllers\Rangking))
 8 SYSTEMPATH/CodeIgniter.php(351): CodeIgniter\CodeIgniter->handleRequest(null, Object(Config\Cache), false)
 9 FCPATH/index.php(67): CodeIgniter\CodeIgniter->run()
10 SYSTEMPATH/Commands/Server/rewrite.php(46): require_once('FCPATH/index.php')
CRITICAL - 2023-11-23 07:16:17 --> Trying to access array offset on value of type null
in APPPATH/Views/Admin/formemail.php on line 8.
 1 APPPATH/Views/Admin/formemail.php(8): CodeIgniter\Debug\Exceptions->errorHandler(2, 'Trying to access array offset on value of type null', 'APPPATH/Views/Admin/formemail.php', 8)
 2 SYSTEMPATH/View/View.php(213): include('APPPATH/Views/Admin/formemail.php')
 3 SYSTEMPATH/View/View.php(216): CodeIgniter\View\View->CodeIgniter\View\{closure}()
 4 SYSTEMPATH/Common.php(1134): CodeIgniter\View\View->render('Admin/formemail', [], true)
 5 APPPATH/Controllers/Rangking.php(203): view('Admin/formemail', [...])
 6 SYSTEMPATH/CodeIgniter.php(927): App\Controllers\Rangking->formemail('1')
 7 SYSTEMPATH/CodeIgniter.php(482): CodeIgniter\CodeIgniter->runController(Object(App\Controllers\Rangking))
 8 SYSTEMPATH/CodeIgniter.php(351): CodeIgniter\CodeIgniter->handleRequest(null, Object(Config\Cache), false)
 9 FCPATH/index.php(67): CodeIgniter\CodeIgniter->run()
10 SYSTEMPATH/Commands/Server/rewrite.php(46): require_once('FCPATH/index.php')
CRITICAL - 2023-11-23 07:16:30 --> Trying to access array offset on value of type null
in APPPATH/Views/Admin/formemail.php on line 8.
 1 APPPATH/Views/Admin/formemail.php(8): CodeIgniter\Debug\Exceptions->errorHandler(2, 'Trying to access array offset on value of type null', 'APPPATH/Views/Admin/formemail.php', 8)
 2 SYSTEMPATH/View/View.php(213): include('APPPATH/Views/Admin/formemail.php')
 3 SYSTEMPATH/View/View.php(216): CodeIgniter\View\View->CodeIgniter\View\{closure}()
 4 SYSTEMPATH/Common.php(1134): CodeIgniter\View\View->render('Admin/formemail', [], true)
 5 APPPATH/Controllers/Rangking.php(203): view('Admin/formemail', [...])
 6 SYSTEMPATH/CodeIgniter.php(927): App\Controllers\Rangking->formemail('4')
 7 SYSTEMPATH/CodeIgniter.php(482): CodeIgniter\CodeIgniter->runController(Object(App\Controllers\Rangking))
 8 SYSTEMPATH/CodeIgniter.php(351): CodeIgniter\CodeIgniter->handleRequest(null, Object(Config\Cache), false)
 9 FCPATH/index.php(67): CodeIgniter\CodeIgniter->run()
10 SYSTEMPATH/Commands/Server/rewrite.php(46): require_once('FCPATH/index.php')
ERROR - 2023-11-23 16:24:06 --> Error connecting to the database: mysqli_sql_exception: Connection refused in /Users/mymac/Documents/semester 5/ecomer/Bimbel-ecom/system/Database/MySQLi/Connection.php:170
Stack trace:
#0 /Users/mymac/Documents/semester 5/ecomer/Bimbel-ecom/system/Database/MySQLi/Connection.php(170): mysqli->real_connect('127.0.0.1', 'root', Object(SensitiveParameterValue), 'bimbel_rangking', 3306, '', 0)
#1 /Users/mymac/Documents/semester 5/ecomer/Bimbel-ecom/system/Database/BaseConnection.php(382): CodeIgniter\Database\MySQLi\Connection->connect(false)
#2 /Users/mymac/Documents/semester 5/ecomer/Bimbel-ecom/system/Database/BaseConnection.php(561): CodeIgniter\Database\BaseConnection->initialize()
#3 /Users/mymac/Documents/semester 5/ecomer/Bimbel-ecom/system/Database/BaseBuilder.php(1585): CodeIgniter\Database\BaseConnection->query('SELECT *\nFROM `...', Array, false)
#4 /Users/mymac/Documents/semester 5/ecomer/Bimbel-ecom/system/Model.php(223): CodeIgniter\Database\BaseBuilder->get()
#5 /Users/mymac/Documents/semester 5/ecomer/Bimbel-ecom/system/BaseModel.php(585): CodeIgniter\Model->doFindAll(0, 0)
#6 /Users/mymac/Documents/semester 5/ecomer/Bimbel-ecom/app/Controllers/User.php(33): CodeIgniter\BaseModel->findAll()
#7 /Users/mymac/Documents/semester 5/ecomer/Bimbel-ecom/system/CodeIgniter.php(927): App\Controllers\User->daftar()
#8 /Users/mymac/Documents/semester 5/ecomer/Bimbel-ecom/system/CodeIgniter.php(482): CodeIgniter\CodeIgniter->runController(Object(App\Controllers\User))
#9 /Users/mymac/Documents/semester 5/ecomer/Bimbel-ecom/system/CodeIgniter.php(351): CodeIgniter\CodeIgniter->handleRequest(NULL, Object(Config\Cache), false)
#10 /Users/mymac/Documents/semester 5/ecomer/Bimbel-ecom/public/index.php(67): CodeIgniter\CodeIgniter->run()
#11 /Users/mymac/Documents/semester 5/ecomer/Bimbel-ecom/system/Commands/Server/rewrite.php(46): require_once('/Users/mymac/Do...')
#12 {main}

Next CodeIgniter\Database\Exceptions\DatabaseException: Connection refused in /Users/mymac/Documents/semester 5/ecomer/Bimbel-ecom/system/Database/MySQLi/Connection.php:215
Stack trace:
#0 /Users/mymac/Documents/semester 5/ecomer/Bimbel-ecom/system/Database/BaseConnection.php(382): CodeIgniter\Database\MySQLi\Connection->connect(false)
#1 /Users/mymac/Documents/semester 5/ecomer/Bimbel-ecom/system/Database/BaseConnection.php(561): CodeIgniter\Database\BaseConnection->initialize()
#2 /Users/mymac/Documents/semester 5/ecomer/Bimbel-ecom/system/Database/BaseBuilder.php(1585): CodeIgniter\Database\BaseConnection->query('SELECT *\nFROM `...', Array, false)
#3 /Users/mymac/Documents/semester 5/ecomer/Bimbel-ecom/system/Model.php(223): CodeIgniter\Database\BaseBuilder->get()
#4 /Users/mymac/Documents/semester 5/ecomer/Bimbel-ecom/system/BaseModel.php(585): CodeIgniter\Model->doFindAll(0, 0)
#5 /Users/mymac/Documents/semester 5/ecomer/Bimbel-ecom/app/Controllers/User.php(33): CodeIgniter\BaseModel->findAll()
#6 /Users/mymac/Documents/semester 5/ecomer/Bimbel-ecom/system/CodeIgniter.php(927): App\Controllers\User->daftar()
#7 /Users/mymac/Documents/semester 5/ecomer/Bimbel-ecom/system/CodeIgniter.php(482): CodeIgniter\CodeIgniter->runController(Object(App\Controllers\User))
#8 /Users/mymac/Documents/semester 5/ecomer/Bimbel-ecom/system/CodeIgniter.php(351): CodeIgniter\CodeIgniter->handleRequest(NULL, Object(Config\Cache), false)
#9 /Users/mymac/Documents/semester 5/ecomer/Bimbel-ecom/public/index.php(67): CodeIgniter\CodeIgniter->run()
#10 /Users/mymac/Documents/semester 5/ecomer/Bimbel-ecom/system/Commands/Server/rewrite.php(46): require_once('/Users/mymac/Do...')
#11 {main}
CRITICAL - 2023-11-23 16:24:06 --> Unable to connect to the database.
Main connection [MySQLi]: Connection refused
in SYSTEMPATH/Database/BaseConnection.php on line 418.
 1 SYSTEMPATH/Database/BaseConnection.php(561): CodeIgniter\Database\BaseConnection->initialize()
 2 SYSTEMPATH/Database/BaseBuilder.php(1585): CodeIgniter\Database\BaseConnection->query('SELECT *
FROM `daftar`', [], false)
 3 SYSTEMPATH/Model.php(223): CodeIgniter\Database\BaseBuilder->get()
 4 SYSTEMPATH/BaseModel.php(585): CodeIgniter\Model->doFindAll(0, 0)
 5 APPPATH/Controllers/User.php(33): CodeIgniter\BaseModel->findAll()
 6 SYSTEMPATH/CodeIgniter.php(927): App\Controllers\User->daftar()
 7 SYSTEMPATH/CodeIgniter.php(482): CodeIgniter\CodeIgniter->runController(Object(App\Controllers\User))
 8 SYSTEMPATH/CodeIgniter.php(351): CodeIgniter\CodeIgniter->handleRequest(null, Object(Config\Cache), false)
 9 FCPATH/index.php(67): CodeIgniter\CodeIgniter->run()
10 SYSTEMPATH/Commands/Server/rewrite.php(46): require_once('FCPATH/index.php')
CRITICAL - 2023-11-23 16:24:48 --> Trying to access array offset on value of type null
in APPPATH/Views/Admin/index.php on line 55.
 1 APPPATH/Views/Admin/index.php(55): CodeIgniter\Debug\Exceptions->errorHandler(2, 'Trying to access array offset on value of type null', 'APPPATH/Views/Admin/index.php', 55)
 2 SYSTEMPATH/View/View.php(213): include('APPPATH/Views/Admin/index.php')
 3 SYSTEMPATH/View/View.php(216): CodeIgniter\View\View->CodeIgniter\View\{closure}()
 4 SYSTEMPATH/Common.php(1134): CodeIgniter\View\View->render('Admin/index', [], true)
 5 APPPATH/Controllers/Rangking.php(37): view('Admin/index', [...])
 6 SYSTEMPATH/CodeIgniter.php(927): App\Controllers\Rangking->index()
 7 SYSTEMPATH/CodeIgniter.php(482): CodeIgniter\CodeIgniter->runController(Object(App\Controllers\Rangking))
 8 SYSTEMPATH/CodeIgniter.php(351): CodeIgniter\CodeIgniter->handleRequest(null, Object(Config\Cache), false)
 9 FCPATH/index.php(67): CodeIgniter\CodeIgniter->run()
10 SYSTEMPATH/Commands/Server/rewrite.php(46): require_once('FCPATH/index.php')
CRITICAL - 2023-11-23 16:25:41 --> Undefined variable $s
in APPPATH/Views/Users/Daftar.php on line 30.
 1 APPPATH/Views/Users/Daftar.php(30): CodeIgniter\Debug\Exceptions->errorHandler(2, 'Undefined variable $s', 'APPPATH/Views/Users/Daftar.php', 30)
 2 SYSTEMPATH/View/View.php(213): include('APPPATH/Views/Users/Daftar.php')
 3 SYSTEMPATH/View/View.php(216): CodeIgniter\View\View->CodeIgniter\View\{closure}()
 4 SYSTEMPATH/Common.php(1134): CodeIgniter\View\View->render('Users/Daftar', [], true)
 5 APPPATH/Controllers/User.php(35): view('Users/Daftar', [...])
 6 SYSTEMPATH/CodeIgniter.php(927): App\Controllers\User->daftar()
 7 SYSTEMPATH/CodeIgniter.php(482): CodeIgniter\CodeIgniter->runController(Object(App\Controllers\User))
 8 SYSTEMPATH/CodeIgniter.php(351): CodeIgniter\CodeIgniter->handleRequest(null, Object(Config\Cache), false)
 9 FCPATH/index.php(67): CodeIgniter\CodeIgniter->run()
10 SYSTEMPATH/Commands/Server/rewrite.php(46): require_once('FCPATH/index.php')
CRITICAL - 2023-11-23 16:27:16 --> Undefined variable $s
in APPPATH/Views/Users/Daftar.php on line 30.
 1 APPPATH/Views/Users/Daftar.php(30): CodeIgniter\Debug\Exceptions->errorHandler(2, 'Undefined variable $s', 'APPPATH/Views/Users/Daftar.php', 30)
 2 SYSTEMPATH/View/View.php(213): include('APPPATH/Views/Users/Daftar.php')
 3 SYSTEMPATH/View/View.php(216): CodeIgniter\View\View->CodeIgniter\View\{closure}()
 4 SYSTEMPATH/Common.php(1134): CodeIgniter\View\View->render('Users/Daftar', [], true)
 5 APPPATH/Controllers/User.php(35): view('Users/Daftar', [...])
 6 SYSTEMPATH/CodeIgniter.php(927): App\Controllers\User->daftar()
 7 SYSTEMPATH/CodeIgniter.php(482): CodeIgniter\CodeIgniter->runController(Object(App\Controllers\User))
 8 SYSTEMPATH/CodeIgniter.php(351): CodeIgniter\CodeIgniter->handleRequest(null, Object(Config\Cache), false)
 9 FCPATH/index.php(67): CodeIgniter\CodeIgniter->run()
10 SYSTEMPATH/Commands/Server/rewrite.php(46): require_once('FCPATH/index.php')
ERROR - 2023-11-23 16:30:17 --> mysqli_sql_exception: Unknown column 'jampel.mentor' in 'field list' in /Users/mymac/Documents/semester 5/ecomer/Bimbel-ecom/system/Database/MySQLi/Connection.php:292
Stack trace:
#0 /Users/mymac/Documents/semester 5/ecomer/Bimbel-ecom/system/Database/MySQLi/Connection.php(292): mysqli->query('SELECT `mentor`...', 0)
#1 /Users/mymac/Documents/semester 5/ecomer/Bimbel-ecom/system/Database/BaseConnection.php(666): CodeIgniter\Database\MySQLi\Connection->execute('SELECT `mentor`...')
#2 /Users/mymac/Documents/semester 5/ecomer/Bimbel-ecom/system/Database/BaseConnection.php(593): CodeIgniter\Database\BaseConnection->simpleQuery('SELECT `mentor`...')
#3 /Users/mymac/Documents/semester 5/ecomer/Bimbel-ecom/system/Database/BaseBuilder.php(1585): CodeIgniter\Database\BaseConnection->query('SELECT `mentor`...', Array, false)
#4 /Users/mymac/Documents/semester 5/ecomer/Bimbel-ecom/system/Model.php(223): CodeIgniter\Database\BaseBuilder->get()
#5 /Users/mymac/Documents/semester 5/ecomer/Bimbel-ecom/system/BaseModel.php(585): CodeIgniter\Model->doFindAll(0, 0)
#6 /Users/mymac/Documents/semester 5/ecomer/Bimbel-ecom/app/Controllers/User.php(38): CodeIgniter\BaseModel->findAll()
#7 /Users/mymac/Documents/semester 5/ecomer/Bimbel-ecom/system/CodeIgniter.php(927): App\Controllers\User->Laporan()
#8 /Users/mymac/Documents/semester 5/ecomer/Bimbel-ecom/system/CodeIgniter.php(482): CodeIgniter\CodeIgniter->runController(Object(App\Controllers\User))
#9 /Users/mymac/Documents/semester 5/ecomer/Bimbel-ecom/system/CodeIgniter.php(351): CodeIgniter\CodeIgniter->handleRequest(NULL, Object(Config\Cache), false)
#10 /Users/mymac/Documents/semester 5/ecomer/Bimbel-ecom/public/index.php(67): CodeIgniter\CodeIgniter->run()
#11 /Users/mymac/Documents/semester 5/ecomer/Bimbel-ecom/system/Commands/Server/rewrite.php(46): require_once('/Users/mymac/Do...')
#12 {main}
CRITICAL - 2023-11-23 16:30:17 --> Unknown column 'jampel.mentor' in 'field list'
in SYSTEMPATH/Database/MySQLi/Connection.php on line 292.
 1 SYSTEMPATH/Database/MySQLi/Connection.php(292): mysqli->query('SELECT `mentor`.`nama`, `mentor`.`pelajaran`, `daftar`.`nama_lengkap`, `daftar`.`alamat`, `daftar`.`asal_sekolah`, `daftar`.`email`, `daftar`.`id`, `jampel`.`mentor`
FROM `daftar`
JOIN `mentor` ON `mentor`.`id`=`daftar`.`id`', 0)
 2 SYSTEMPATH/Database/BaseConnection.php(666): CodeIgniter\Database\MySQLi\Connection->execute('SELECT `mentor`.`nama`, `mentor`.`pelajaran`, `daftar`.`nama_lengkap`, `daftar`.`alamat`, `daftar`.`asal_sekolah`, `daftar`.`email`, `daftar`.`id`, `jampel`.`mentor`
FROM `daftar`
JOIN `mentor` ON `mentor`.`id`=`daftar`.`id`')
 3 SYSTEMPATH/Database/BaseConnection.php(593): CodeIgniter\Database\BaseConnection->simpleQuery('SELECT `mentor`.`nama`, `mentor`.`pelajaran`, `daftar`.`nama_lengkap`, `daftar`.`alamat`, `daftar`.`asal_sekolah`, `daftar`.`email`, `daftar`.`id`, `jampel`.`mentor`
FROM `daftar`
JOIN `mentor` ON `mentor`.`id`=`daftar`.`id`')
 4 SYSTEMPATH/Database/BaseBuilder.php(1585): CodeIgniter\Database\BaseConnection->query('SELECT `mentor`.`nama`, `mentor`.`pelajaran`, `daftar`.`nama_lengkap`, `daftar`.`alamat`, `daftar`.`asal_sekolah`, `daftar`.`email`, `daftar`.`id`, `jampel`.`mentor`
FROM `daftar`
JOIN `mentor` ON `mentor`.`id`=`daftar`.`id`', [], false)
 5 SYSTEMPATH/Model.php(223): CodeIgniter\Database\BaseBuilder->get()
 6 SYSTEMPATH/BaseModel.php(585): CodeIgniter\Model->doFindAll(0, 0)
 7 APPPATH/Controllers/User.php(38): CodeIgniter\BaseModel->findAll()
 8 SYSTEMPATH/CodeIgniter.php(927): App\Controllers\User->Laporan()
 9 SYSTEMPATH/CodeIgniter.php(482): CodeIgniter\CodeIgniter->runController(Object(App\Controllers\User))
10 SYSTEMPATH/CodeIgniter.php(351): CodeIgniter\CodeIgniter->handleRequest(null, Object(Config\Cache), false)
11 FCPATH/index.php(67): CodeIgniter\CodeIgniter->run()
12 SYSTEMPATH/Commands/Server/rewrite.php(46): require_once('FCPATH/index.php')
CRITICAL - 2023-11-23 16:31:18 --> Undefined array key "jampel"
in APPPATH/Views/Admin/Laporan.php on line 33.
 1 APPPATH/Views/Admin/Laporan.php(33): CodeIgniter\Debug\Exceptions->errorHandler(2, 'Undefined array key "jampel"', 'APPPATH/Views/Admin/Laporan.php', 33)
 2 SYSTEMPATH/View/View.php(213): include('APPPATH/Views/Admin/Laporan.php')
 3 SYSTEMPATH/View/View.php(216): CodeIgniter\View\View->CodeIgniter\View\{closure}()
 4 SYSTEMPATH/Common.php(1134): CodeIgniter\View\View->render('Admin/Laporan', [], true)
 5 APPPATH/Controllers/User.php(44): view('Admin/Laporan', [...])
 6 SYSTEMPATH/CodeIgniter.php(927): App\Controllers\User->Laporan()
 7 SYSTEMPATH/CodeIgniter.php(482): CodeIgniter\CodeIgniter->runController(Object(App\Controllers\User))
 8 SYSTEMPATH/CodeIgniter.php(351): CodeIgniter\CodeIgniter->handleRequest(null, Object(Config\Cache), false)
 9 FCPATH/index.php(67): CodeIgniter\CodeIgniter->run()
10 SYSTEMPATH/Commands/Server/rewrite.php(46): require_once('FCPATH/index.php')
CRITICAL - 2023-11-23 17:24:18 --> Trying to access array offset on value of type null
in APPPATH/Views/Admin/index.php on line 55.
 1 APPPATH/Views/Admin/index.php(55): CodeIgniter\Debug\Exceptions->errorHandler(2, 'Trying to access array offset on value of type null', 'APPPATH/Views/Admin/index.php', 55)
 2 SYSTEMPATH/View/View.php(213): include('APPPATH/Views/Admin/index.php')
 3 SYSTEMPATH/View/View.php(216): CodeIgniter\View\View->CodeIgniter\View\{closure}()
 4 SYSTEMPATH/Common.php(1134): CodeIgniter\View\View->render('Admin/index', [], true)
 5 APPPATH/Controllers/Rangking.php(37): view('Admin/index', [...])
 6 SYSTEMPATH/CodeIgniter.php(927): App\Controllers\Rangking->index()
 7 SYSTEMPATH/CodeIgniter.php(482): CodeIgniter\CodeIgniter->runController(Object(App\Controllers\Rangking))
 8 SYSTEMPATH/CodeIgniter.php(351): CodeIgniter\CodeIgniter->handleRequest(null, Object(Config\Cache), false)
 9 FCPATH/index.php(67): CodeIgniter\CodeIgniter->run()
10 SYSTEMPATH/Commands/Server/rewrite.php(46): require_once('FCPATH/index.php')
