CRITICAL - 2023-10-14 05:36:51 --> Trying to access array offset on value of type null
in APPPATH\Views\Admin\edit.php on line 7.
 1 APPPATH\Views\Admin\edit.php(7): CodeIgniter\Debug\Exceptions->errorHandler(2, 'Trying to access array offset on value of type null', 'APPPATH\\Views\\Admin\\edit.php', 7)
 2 SYSTEMPATH\View\View.php(213): include('APPPATH\\Views\\Admin\\edit.php')
 3 SYSTEMPATH\View\View.php(216): CodeIgniter\View\View->CodeIgniter\View\{closure}()
 4 SYSTEMPATH\Common.php(1134): CodeIgniter\View\View->render('Admin/edit', [], true)
 5 APPPATH\Controllers\Rangking.php(131): view('Admin/edit', [...])
 6 SYSTEMPATH\CodeIgniter.php(927): App\Controllers\Rangking->formedit('FCPATH\\assets', 'static', 'FCPATH\\js', 'initTheme.js')
 7 SYSTEMPATH\CodeIgniter.php(482): CodeIgniter\CodeIgniter->runController(Object(App\Controllers\Rangking))
 8 SYSTEMPATH\CodeIgniter.php(351): CodeIgniter\CodeIgniter->handleRequest(null, Object(Config\Cache), false)
 9 FCPATH\index.php(67): CodeIgniter\CodeIgniter->run()
10 SYSTEMPATH\Commands\Server\rewrite.php(46): require_once('FCPATH\\index.php')
CRITICAL - 2023-10-14 05:36:51 --> Trying to access array offset on value of type null
in APPPATH\Views\Admin\edit.php on line 7.
 1 APPPATH\Views\Admin\edit.php(7): CodeIgniter\Debug\Exceptions->errorHandler(2, 'Trying to access array offset on value of type null', 'APPPATH\\Views\\Admin\\edit.php', 7)
 2 SYSTEMPATH\View\View.php(213): include('APPPATH\\Views\\Admin\\edit.php')
 3 SYSTEMPATH\View\View.php(216): CodeIgniter\View\View->CodeIgniter\View\{closure}()
 4 SYSTEMPATH\Common.php(1134): CodeIgniter\View\View->render('Admin/edit', [], true)
 5 APPPATH\Controllers\Rangking.php(131): view('Admin/edit', [...])
 6 SYSTEMPATH\CodeIgniter.php(927): App\Controllers\Rangking->formedit('FCPATH\\assets', 'static', 'FCPATH\\js', 'components', 'dark.js')
 7 SYSTEMPATH\CodeIgniter.php(482): CodeIgniter\CodeIgniter->runController(Object(App\Controllers\Rangking))
 8 SYSTEMPATH\CodeIgniter.php(351): CodeIgniter\CodeIgniter->handleRequest(null, Object(Config\Cache), false)
 9 FCPATH\index.php(67): CodeIgniter\CodeIgniter->run()
10 SYSTEMPATH\Commands\Server\rewrite.php(46): require_once('FCPATH\\index.php')
CRITICAL - 2023-10-14 05:36:52 --> Trying to access array offset on value of type null
in APPPATH\Views\Admin\edit.php on line 7.
 1 APPPATH\Views\Admin\edit.php(7): CodeIgniter\Debug\Exceptions->errorHandler(2, 'Trying to access array offset on value of type null', 'APPPATH\\Views\\Admin\\edit.php', 7)
 2 SYSTEMPATH\View\View.php(213): include('APPPATH\\Views\\Admin\\edit.php')
 3 SYSTEMPATH\View\View.php(216): CodeIgniter\View\View->CodeIgniter\View\{closure}()
 4 SYSTEMPATH\Common.php(1134): CodeIgniter\View\View->render('Admin/edit', [], true)
 5 APPPATH\Controllers\Rangking.php(131): view('Admin/edit', [...])
 6 SYSTEMPATH\CodeIgniter.php(927): App\Controllers\Rangking->formedit('FCPATH\\assets', 'extensions', 'perfect-scrollbar', 'perfect-scrollbar.min.js')
 7 SYSTEMPATH\CodeIgniter.php(482): CodeIgniter\CodeIgniter->runController(Object(App\Controllers\Rangking))
 8 SYSTEMPATH\CodeIgniter.php(351): CodeIgniter\CodeIgniter->handleRequest(null, Object(Config\Cache), false)
 9 FCPATH\index.php(67): CodeIgniter\CodeIgniter->run()
10 SYSTEMPATH\Commands\Server\rewrite.php(46): require_once('FCPATH\\index.php')
CRITICAL - 2023-10-14 05:36:52 --> Trying to access array offset on value of type null
in APPPATH\Views\Admin\edit.php on line 7.
 1 APPPATH\Views\Admin\edit.php(7): CodeIgniter\Debug\Exceptions->errorHandler(2, 'Trying to access array offset on value of type null', 'APPPATH\\Views\\Admin\\edit.php', 7)
 2 SYSTEMPATH\View\View.php(213): include('APPPATH\\Views\\Admin\\edit.php')
 3 SYSTEMPATH\View\View.php(216): CodeIgniter\View\View->CodeIgniter\View\{closure}()
 4 SYSTEMPATH\Common.php(1134): CodeIgniter\View\View->render('Admin/edit', [], true)
 5 APPPATH\Controllers\Rangking.php(131): view('Admin/edit', [...])
 6 SYSTEMPATH\CodeIgniter.php(927): App\Controllers\Rangking->formedit('FCPATH\\assets', 'compiled', 'FCPATH\\js', 'app.js')
 7 SYSTEMPATH\CodeIgniter.php(482): CodeIgniter\CodeIgniter->runController(Object(App\Controllers\Rangking))
 8 SYSTEMPATH\CodeIgniter.php(351): CodeIgniter\CodeIgniter->handleRequest(null, Object(Config\Cache), false)
 9 FCPATH\index.php(67): CodeIgniter\CodeIgniter->run()
10 SYSTEMPATH\Commands\Server\rewrite.php(46): require_once('FCPATH\\index.php')
CRITICAL - 2023-10-14 05:36:53 --> Trying to access array offset on value of type null
in APPPATH\Views\Admin\edit.php on line 7.
 1 APPPATH\Views\Admin\edit.php(7): CodeIgniter\Debug\Exceptions->errorHandler(2, 'Trying to access array offset on value of type null', 'APPPATH\\Views\\Admin\\edit.php', 7)
 2 SYSTEMPATH\View\View.php(213): include('APPPATH\\Views\\Admin\\edit.php')
 3 SYSTEMPATH\View\View.php(216): CodeIgniter\View\View->CodeIgniter\View\{closure}()
 4 SYSTEMPATH\Common.php(1134): CodeIgniter\View\View->render('Admin/edit', [], true)
 5 APPPATH\Controllers\Rangking.php(131): view('Admin/edit', [...])
 6 SYSTEMPATH\CodeIgniter.php(927): App\Controllers\Rangking->formedit('FCPATH\\assets', 'extensions', 'apexcharts', 'apexcharts.min.js')
 7 SYSTEMPATH\CodeIgniter.php(482): CodeIgniter\CodeIgniter->runController(Object(App\Controllers\Rangking))
 8 SYSTEMPATH\CodeIgniter.php(351): CodeIgniter\CodeIgniter->handleRequest(null, Object(Config\Cache), false)
 9 FCPATH\index.php(67): CodeIgniter\CodeIgniter->run()
10 SYSTEMPATH\Commands\Server\rewrite.php(46): require_once('FCPATH\\index.php')
CRITICAL - 2023-10-14 05:36:53 --> Trying to access array offset on value of type null
in APPPATH\Views\Admin\edit.php on line 7.
 1 APPPATH\Views\Admin\edit.php(7): CodeIgniter\Debug\Exceptions->errorHandler(2, 'Trying to access array offset on value of type null', 'APPPATH\\Views\\Admin\\edit.php', 7)
 2 SYSTEMPATH\View\View.php(213): include('APPPATH\\Views\\Admin\\edit.php')
 3 SYSTEMPATH\View\View.php(216): CodeIgniter\View\View->CodeIgniter\View\{closure}()
 4 SYSTEMPATH\Common.php(1134): CodeIgniter\View\View->render('Admin/edit', [], true)
 5 APPPATH\Controllers\Rangking.php(131): view('Admin/edit', [...])
 6 SYSTEMPATH\CodeIgniter.php(927): App\Controllers\Rangking->formedit('FCPATH\\assets', 'static', 'FCPATH\\js', 'pages', 'dashboard.js')
 7 SYSTEMPATH\CodeIgniter.php(482): CodeIgniter\CodeIgniter->runController(Object(App\Controllers\Rangking))
 8 SYSTEMPATH\CodeIgniter.php(351): CodeIgniter\CodeIgniter->handleRequest(null, Object(Config\Cache), false)
 9 FCPATH\index.php(67): CodeIgniter\CodeIgniter->run()
10 SYSTEMPATH\Commands\Server\rewrite.php(46): require_once('FCPATH\\index.php')
CRITICAL - 2023-10-14 05:37:55 --> Trying to access array offset on value of type null
in APPPATH\Views\Admin\edit.php on line 7.
 1 APPPATH\Views\Admin\edit.php(7): CodeIgniter\Debug\Exceptions->errorHandler(2, 'Trying to access array offset on value of type null', 'APPPATH\\Views\\Admin\\edit.php', 7)
 2 SYSTEMPATH\View\View.php(213): include('APPPATH\\Views\\Admin\\edit.php')
 3 SYSTEMPATH\View\View.php(216): CodeIgniter\View\View->CodeIgniter\View\{closure}()
 4 SYSTEMPATH\Common.php(1134): CodeIgniter\View\View->render('Admin/edit', [], true)
 5 APPPATH\Controllers\Rangking.php(131): view('Admin/edit', [...])
 6 SYSTEMPATH\CodeIgniter.php(927): App\Controllers\Rangking->formedit('FCPATH\\assets', 'static', 'FCPATH\\js', 'initTheme.js')
 7 SYSTEMPATH\CodeIgniter.php(482): CodeIgniter\CodeIgniter->runController(Object(App\Controllers\Rangking))
 8 SYSTEMPATH\CodeIgniter.php(351): CodeIgniter\CodeIgniter->handleRequest(null, Object(Config\Cache), false)
 9 FCPATH\index.php(67): CodeIgniter\CodeIgniter->run()
10 SYSTEMPATH\Commands\Server\rewrite.php(46): require_once('FCPATH\\index.php')
CRITICAL - 2023-10-14 05:37:56 --> Trying to access array offset on value of type null
in APPPATH\Views\Admin\edit.php on line 7.
 1 APPPATH\Views\Admin\edit.php(7): CodeIgniter\Debug\Exceptions->errorHandler(2, 'Trying to access array offset on value of type null', 'APPPATH\\Views\\Admin\\edit.php', 7)
 2 SYSTEMPATH\View\View.php(213): include('APPPATH\\Views\\Admin\\edit.php')
 3 SYSTEMPATH\View\View.php(216): CodeIgniter\View\View->CodeIgniter\View\{closure}()
 4 SYSTEMPATH\Common.php(1134): CodeIgniter\View\View->render('Admin/edit', [], true)
 5 APPPATH\Controllers\Rangking.php(131): view('Admin/edit', [...])
 6 SYSTEMPATH\CodeIgniter.php(927): App\Controllers\Rangking->formedit('FCPATH\\assets', 'static', 'FCPATH\\js', 'components', 'dark.js')
 7 SYSTEMPATH\CodeIgniter.php(482): CodeIgniter\CodeIgniter->runController(Object(App\Controllers\Rangking))
 8 SYSTEMPATH\CodeIgniter.php(351): CodeIgniter\CodeIgniter->handleRequest(null, Object(Config\Cache), false)
 9 FCPATH\index.php(67): CodeIgniter\CodeIgniter->run()
10 SYSTEMPATH\Commands\Server\rewrite.php(46): require_once('FCPATH\\index.php')
CRITICAL - 2023-10-14 05:37:56 --> Trying to access array offset on value of type null
in APPPATH\Views\Admin\edit.php on line 7.
 1 APPPATH\Views\Admin\edit.php(7): CodeIgniter\Debug\Exceptions->errorHandler(2, 'Trying to access array offset on value of type null', 'APPPATH\\Views\\Admin\\edit.php', 7)
 2 SYSTEMPATH\View\View.php(213): include('APPPATH\\Views\\Admin\\edit.php')
 3 SYSTEMPATH\View\View.php(216): CodeIgniter\View\View->CodeIgniter\View\{closure}()
 4 SYSTEMPATH\Common.php(1134): CodeIgniter\View\View->render('Admin/edit', [], true)
 5 APPPATH\Controllers\Rangking.php(131): view('Admin/edit', [...])
 6 SYSTEMPATH\CodeIgniter.php(927): App\Controllers\Rangking->formedit('FCPATH\\assets', 'extensions', 'perfect-scrollbar', 'perfect-scrollbar.min.js')
 7 SYSTEMPATH\CodeIgniter.php(482): CodeIgniter\CodeIgniter->runController(Object(App\Controllers\Rangking))
 8 SYSTEMPATH\CodeIgniter.php(351): CodeIgniter\CodeIgniter->handleRequest(null, Object(Config\Cache), false)
 9 FCPATH\index.php(67): CodeIgniter\CodeIgniter->run()
10 SYSTEMPATH\Commands\Server\rewrite.php(46): require_once('FCPATH\\index.php')
CRITICAL - 2023-10-14 05:37:56 --> Trying to access array offset on value of type null
in APPPATH\Views\Admin\edit.php on line 7.
 1 APPPATH\Views\Admin\edit.php(7): CodeIgniter\Debug\Exceptions->errorHandler(2, 'Trying to access array offset on value of type null', 'APPPATH\\Views\\Admin\\edit.php', 7)
 2 SYSTEMPATH\View\View.php(213): include('APPPATH\\Views\\Admin\\edit.php')
 3 SYSTEMPATH\View\View.php(216): CodeIgniter\View\View->CodeIgniter\View\{closure}()
 4 SYSTEMPATH\Common.php(1134): CodeIgniter\View\View->render('Admin/edit', [], true)
 5 APPPATH\Controllers\Rangking.php(131): view('Admin/edit', [...])
 6 SYSTEMPATH\CodeIgniter.php(927): App\Controllers\Rangking->formedit('FCPATH\\assets', 'compiled', 'FCPATH\\js', 'app.js')
 7 SYSTEMPATH\CodeIgniter.php(482): CodeIgniter\CodeIgniter->runController(Object(App\Controllers\Rangking))
 8 SYSTEMPATH\CodeIgniter.php(351): CodeIgniter\CodeIgniter->handleRequest(null, Object(Config\Cache), false)
 9 FCPATH\index.php(67): CodeIgniter\CodeIgniter->run()
10 SYSTEMPATH\Commands\Server\rewrite.php(46): require_once('FCPATH\\index.php')
CRITICAL - 2023-10-14 05:37:57 --> Trying to access array offset on value of type null
in APPPATH\Views\Admin\edit.php on line 7.
 1 APPPATH\Views\Admin\edit.php(7): CodeIgniter\Debug\Exceptions->errorHandler(2, 'Trying to access array offset on value of type null', 'APPPATH\\Views\\Admin\\edit.php', 7)
 2 SYSTEMPATH\View\View.php(213): include('APPPATH\\Views\\Admin\\edit.php')
 3 SYSTEMPATH\View\View.php(216): CodeIgniter\View\View->CodeIgniter\View\{closure}()
 4 SYSTEMPATH\Common.php(1134): CodeIgniter\View\View->render('Admin/edit', [], true)
 5 APPPATH\Controllers\Rangking.php(131): view('Admin/edit', [...])
 6 SYSTEMPATH\CodeIgniter.php(927): App\Controllers\Rangking->formedit('FCPATH\\assets', 'extensions', 'apexcharts', 'apexcharts.min.js')
 7 SYSTEMPATH\CodeIgniter.php(482): CodeIgniter\CodeIgniter->runController(Object(App\Controllers\Rangking))
 8 SYSTEMPATH\CodeIgniter.php(351): CodeIgniter\CodeIgniter->handleRequest(null, Object(Config\Cache), false)
 9 FCPATH\index.php(67): CodeIgniter\CodeIgniter->run()
10 SYSTEMPATH\Commands\Server\rewrite.php(46): require_once('FCPATH\\index.php')
CRITICAL - 2023-10-14 05:37:57 --> Trying to access array offset on value of type null
in APPPATH\Views\Admin\edit.php on line 7.
 1 APPPATH\Views\Admin\edit.php(7): CodeIgniter\Debug\Exceptions->errorHandler(2, 'Trying to access array offset on value of type null', 'APPPATH\\Views\\Admin\\edit.php', 7)
 2 SYSTEMPATH\View\View.php(213): include('APPPATH\\Views\\Admin\\edit.php')
 3 SYSTEMPATH\View\View.php(216): CodeIgniter\View\View->CodeIgniter\View\{closure}()
 4 SYSTEMPATH\Common.php(1134): CodeIgniter\View\View->render('Admin/edit', [], true)
 5 APPPATH\Controllers\Rangking.php(131): view('Admin/edit', [...])
 6 SYSTEMPATH\CodeIgniter.php(927): App\Controllers\Rangking->formedit('FCPATH\\assets', 'static', 'FCPATH\\js', 'pages', 'dashboard.js')
 7 SYSTEMPATH\CodeIgniter.php(482): CodeIgniter\CodeIgniter->runController(Object(App\Controllers\Rangking))
 8 SYSTEMPATH\CodeIgniter.php(351): CodeIgniter\CodeIgniter->handleRequest(null, Object(Config\Cache), false)
 9 FCPATH\index.php(67): CodeIgniter\CodeIgniter->run()
10 SYSTEMPATH\Commands\Server\rewrite.php(46): require_once('FCPATH\\index.php')
CRITICAL - 2023-10-14 05:38:27 --> Trying to access array offset on value of type null
in APPPATH\Views\Admin\edit.php on line 7.
 1 APPPATH\Views\Admin\edit.php(7): CodeIgniter\Debug\Exceptions->errorHandler(2, 'Trying to access array offset on value of type null', 'APPPATH\\Views\\Admin\\edit.php', 7)
 2 SYSTEMPATH\View\View.php(213): include('APPPATH\\Views\\Admin\\edit.php')
 3 SYSTEMPATH\View\View.php(216): CodeIgniter\View\View->CodeIgniter\View\{closure}()
 4 SYSTEMPATH\Common.php(1134): CodeIgniter\View\View->render('Admin/edit', [], true)
 5 APPPATH\Controllers\Rangking.php(131): view('Admin/edit', [...])
 6 SYSTEMPATH\CodeIgniter.php(927): App\Controllers\Rangking->formedit('FCPATH\\assets', 'static', 'FCPATH\\js', 'initTheme.js')
 7 SYSTEMPATH\CodeIgniter.php(482): CodeIgniter\CodeIgniter->runController(Object(App\Controllers\Rangking))
 8 SYSTEMPATH\CodeIgniter.php(351): CodeIgniter\CodeIgniter->handleRequest(null, Object(Config\Cache), false)
 9 FCPATH\index.php(67): CodeIgniter\CodeIgniter->run()
10 SYSTEMPATH\Commands\Server\rewrite.php(46): require_once('FCPATH\\index.php')
CRITICAL - 2023-10-14 05:38:27 --> Trying to access array offset on value of type null
in APPPATH\Views\Admin\edit.php on line 7.
 1 APPPATH\Views\Admin\edit.php(7): CodeIgniter\Debug\Exceptions->errorHandler(2, 'Trying to access array offset on value of type null', 'APPPATH\\Views\\Admin\\edit.php', 7)
 2 SYSTEMPATH\View\View.php(213): include('APPPATH\\Views\\Admin\\edit.php')
 3 SYSTEMPATH\View\View.php(216): CodeIgniter\View\View->CodeIgniter\View\{closure}()
 4 SYSTEMPATH\Common.php(1134): CodeIgniter\View\View->render('Admin/edit', [], true)
 5 APPPATH\Controllers\Rangking.php(131): view('Admin/edit', [...])
 6 SYSTEMPATH\CodeIgniter.php(927): App\Controllers\Rangking->formedit('FCPATH\\assets', 'static', 'FCPATH\\js', 'components', 'dark.js')
 7 SYSTEMPATH\CodeIgniter.php(482): CodeIgniter\CodeIgniter->runController(Object(App\Controllers\Rangking))
 8 SYSTEMPATH\CodeIgniter.php(351): CodeIgniter\CodeIgniter->handleRequest(null, Object(Config\Cache), false)
 9 FCPATH\index.php(67): CodeIgniter\CodeIgniter->run()
10 SYSTEMPATH\Commands\Server\rewrite.php(46): require_once('FCPATH\\index.php')
CRITICAL - 2023-10-14 05:38:28 --> Trying to access array offset on value of type null
in APPPATH\Views\Admin\edit.php on line 7.
 1 APPPATH\Views\Admin\edit.php(7): CodeIgniter\Debug\Exceptions->errorHandler(2, 'Trying to access array offset on value of type null', 'APPPATH\\Views\\Admin\\edit.php', 7)
 2 SYSTEMPATH\View\View.php(213): include('APPPATH\\Views\\Admin\\edit.php')
 3 SYSTEMPATH\View\View.php(216): CodeIgniter\View\View->CodeIgniter\View\{closure}()
 4 SYSTEMPATH\Common.php(1134): CodeIgniter\View\View->render('Admin/edit', [], true)
 5 APPPATH\Controllers\Rangking.php(131): view('Admin/edit', [...])
 6 SYSTEMPATH\CodeIgniter.php(927): App\Controllers\Rangking->formedit('FCPATH\\assets', 'extensions', 'perfect-scrollbar', 'perfect-scrollbar.min.js')
 7 SYSTEMPATH\CodeIgniter.php(482): CodeIgniter\CodeIgniter->runController(Object(App\Controllers\Rangking))
 8 SYSTEMPATH\CodeIgniter.php(351): CodeIgniter\CodeIgniter->handleRequest(null, Object(Config\Cache), false)
 9 FCPATH\index.php(67): CodeIgniter\CodeIgniter->run()
10 SYSTEMPATH\Commands\Server\rewrite.php(46): require_once('FCPATH\\index.php')
CRITICAL - 2023-10-14 05:38:28 --> Trying to access array offset on value of type null
in APPPATH\Views\Admin\edit.php on line 7.
 1 APPPATH\Views\Admin\edit.php(7): CodeIgniter\Debug\Exceptions->errorHandler(2, 'Trying to access array offset on value of type null', 'APPPATH\\Views\\Admin\\edit.php', 7)
 2 SYSTEMPATH\View\View.php(213): include('APPPATH\\Views\\Admin\\edit.php')
 3 SYSTEMPATH\View\View.php(216): CodeIgniter\View\View->CodeIgniter\View\{closure}()
 4 SYSTEMPATH\Common.php(1134): CodeIgniter\View\View->render('Admin/edit', [], true)
 5 APPPATH\Controllers\Rangking.php(131): view('Admin/edit', [...])
 6 SYSTEMPATH\CodeIgniter.php(927): App\Controllers\Rangking->formedit('FCPATH\\assets', 'compiled', 'FCPATH\\js', 'app.js')
 7 SYSTEMPATH\CodeIgniter.php(482): CodeIgniter\CodeIgniter->runController(Object(App\Controllers\Rangking))
 8 SYSTEMPATH\CodeIgniter.php(351): CodeIgniter\CodeIgniter->handleRequest(null, Object(Config\Cache), false)
 9 FCPATH\index.php(67): CodeIgniter\CodeIgniter->run()
10 SYSTEMPATH\Commands\Server\rewrite.php(46): require_once('FCPATH\\index.php')
CRITICAL - 2023-10-14 05:38:29 --> Trying to access array offset on value of type null
in APPPATH\Views\Admin\edit.php on line 7.
 1 APPPATH\Views\Admin\edit.php(7): CodeIgniter\Debug\Exceptions->errorHandler(2, 'Trying to access array offset on value of type null', 'APPPATH\\Views\\Admin\\edit.php', 7)
 2 SYSTEMPATH\View\View.php(213): include('APPPATH\\Views\\Admin\\edit.php')
 3 SYSTEMPATH\View\View.php(216): CodeIgniter\View\View->CodeIgniter\View\{closure}()
 4 SYSTEMPATH\Common.php(1134): CodeIgniter\View\View->render('Admin/edit', [], true)
 5 APPPATH\Controllers\Rangking.php(131): view('Admin/edit', [...])
 6 SYSTEMPATH\CodeIgniter.php(927): App\Controllers\Rangking->formedit('FCPATH\\assets', 'extensions', 'apexcharts', 'apexcharts.min.js')
 7 SYSTEMPATH\CodeIgniter.php(482): CodeIgniter\CodeIgniter->runController(Object(App\Controllers\Rangking))
 8 SYSTEMPATH\CodeIgniter.php(351): CodeIgniter\CodeIgniter->handleRequest(null, Object(Config\Cache), false)
 9 FCPATH\index.php(67): CodeIgniter\CodeIgniter->run()
10 SYSTEMPATH\Commands\Server\rewrite.php(46): require_once('FCPATH\\index.php')
CRITICAL - 2023-10-14 05:38:29 --> Trying to access array offset on value of type null
in APPPATH\Views\Admin\edit.php on line 7.
 1 APPPATH\Views\Admin\edit.php(7): CodeIgniter\Debug\Exceptions->errorHandler(2, 'Trying to access array offset on value of type null', 'APPPATH\\Views\\Admin\\edit.php', 7)
 2 SYSTEMPATH\View\View.php(213): include('APPPATH\\Views\\Admin\\edit.php')
 3 SYSTEMPATH\View\View.php(216): CodeIgniter\View\View->CodeIgniter\View\{closure}()
 4 SYSTEMPATH\Common.php(1134): CodeIgniter\View\View->render('Admin/edit', [], true)
 5 APPPATH\Controllers\Rangking.php(131): view('Admin/edit', [...])
 6 SYSTEMPATH\CodeIgniter.php(927): App\Controllers\Rangking->formedit('FCPATH\\assets', 'static', 'FCPATH\\js', 'pages', 'dashboard.js')
 7 SYSTEMPATH\CodeIgniter.php(482): CodeIgniter\CodeIgniter->runController(Object(App\Controllers\Rangking))
 8 SYSTEMPATH\CodeIgniter.php(351): CodeIgniter\CodeIgniter->handleRequest(null, Object(Config\Cache), false)
 9 FCPATH\index.php(67): CodeIgniter\CodeIgniter->run()
10 SYSTEMPATH\Commands\Server\rewrite.php(46): require_once('FCPATH\\index.php')
CRITICAL - 2023-10-14 05:51:33 --> Trying to access array offset on value of type null
in APPPATH\Views\Admin\edit.php on line 7.
 1 APPPATH\Views\Admin\edit.php(7): CodeIgniter\Debug\Exceptions->errorHandler(2, 'Trying to access array offset on value of type null', 'APPPATH\\Views\\Admin\\edit.php', 7)
 2 SYSTEMPATH\View\View.php(213): include('APPPATH\\Views\\Admin\\edit.php')
 3 SYSTEMPATH\View\View.php(216): CodeIgniter\View\View->CodeIgniter\View\{closure}()
 4 SYSTEMPATH\Common.php(1134): CodeIgniter\View\View->render('Admin/edit', [], true)
 5 APPPATH\Controllers\Rangking.php(131): view('Admin/edit', [...])
 6 SYSTEMPATH\CodeIgniter.php(927): App\Controllers\Rangking->formedit('FCPATH\\assets', 'static', 'FCPATH\\js', 'initTheme.js')
 7 SYSTEMPATH\CodeIgniter.php(482): CodeIgniter\CodeIgniter->runController(Object(App\Controllers\Rangking))
 8 SYSTEMPATH\CodeIgniter.php(351): CodeIgniter\CodeIgniter->handleRequest(null, Object(Config\Cache), false)
 9 FCPATH\index.php(67): CodeIgniter\CodeIgniter->run()
10 SYSTEMPATH\Commands\Server\rewrite.php(46): require_once('FCPATH\\index.php')
CRITICAL - 2023-10-14 05:51:33 --> Trying to access array offset on value of type null
in APPPATH\Views\Admin\edit.php on line 7.
 1 APPPATH\Views\Admin\edit.php(7): CodeIgniter\Debug\Exceptions->errorHandler(2, 'Trying to access array offset on value of type null', 'APPPATH\\Views\\Admin\\edit.php', 7)
 2 SYSTEMPATH\View\View.php(213): include('APPPATH\\Views\\Admin\\edit.php')
 3 SYSTEMPATH\View\View.php(216): CodeIgniter\View\View->CodeIgniter\View\{closure}()
 4 SYSTEMPATH\Common.php(1134): CodeIgniter\View\View->render('Admin/edit', [], true)
 5 APPPATH\Controllers\Rangking.php(131): view('Admin/edit', [...])
 6 SYSTEMPATH\CodeIgniter.php(927): App\Controllers\Rangking->formedit('FCPATH\\assets', 'static', 'FCPATH\\js', 'components', 'dark.js')
 7 SYSTEMPATH\CodeIgniter.php(482): CodeIgniter\CodeIgniter->runController(Object(App\Controllers\Rangking))
 8 SYSTEMPATH\CodeIgniter.php(351): CodeIgniter\CodeIgniter->handleRequest(null, Object(Config\Cache), false)
 9 FCPATH\index.php(67): CodeIgniter\CodeIgniter->run()
10 SYSTEMPATH\Commands\Server\rewrite.php(46): require_once('FCPATH\\index.php')
CRITICAL - 2023-10-14 05:51:34 --> Trying to access array offset on value of type null
in APPPATH\Views\Admin\edit.php on line 7.
 1 APPPATH\Views\Admin\edit.php(7): CodeIgniter\Debug\Exceptions->errorHandler(2, 'Trying to access array offset on value of type null', 'APPPATH\\Views\\Admin\\edit.php', 7)
 2 SYSTEMPATH\View\View.php(213): include('APPPATH\\Views\\Admin\\edit.php')
 3 SYSTEMPATH\View\View.php(216): CodeIgniter\View\View->CodeIgniter\View\{closure}()
 4 SYSTEMPATH\Common.php(1134): CodeIgniter\View\View->render('Admin/edit', [], true)
 5 APPPATH\Controllers\Rangking.php(131): view('Admin/edit', [...])
 6 SYSTEMPATH\CodeIgniter.php(927): App\Controllers\Rangking->formedit('FCPATH\\assets', 'extensions', 'perfect-scrollbar', 'perfect-scrollbar.min.js')
 7 SYSTEMPATH\CodeIgniter.php(482): CodeIgniter\CodeIgniter->runController(Object(App\Controllers\Rangking))
 8 SYSTEMPATH\CodeIgniter.php(351): CodeIgniter\CodeIgniter->handleRequest(null, Object(Config\Cache), false)
 9 FCPATH\index.php(67): CodeIgniter\CodeIgniter->run()
10 SYSTEMPATH\Commands\Server\rewrite.php(46): require_once('FCPATH\\index.php')
CRITICAL - 2023-10-14 05:51:34 --> Trying to access array offset on value of type null
in APPPATH\Views\Admin\edit.php on line 7.
 1 APPPATH\Views\Admin\edit.php(7): CodeIgniter\Debug\Exceptions->errorHandler(2, 'Trying to access array offset on value of type null', 'APPPATH\\Views\\Admin\\edit.php', 7)
 2 SYSTEMPATH\View\View.php(213): include('APPPATH\\Views\\Admin\\edit.php')
 3 SYSTEMPATH\View\View.php(216): CodeIgniter\View\View->CodeIgniter\View\{closure}()
 4 SYSTEMPATH\Common.php(1134): CodeIgniter\View\View->render('Admin/edit', [], true)
 5 APPPATH\Controllers\Rangking.php(131): view('Admin/edit', [...])
 6 SYSTEMPATH\CodeIgniter.php(927): App\Controllers\Rangking->formedit('FCPATH\\assets', 'compiled', 'FCPATH\\js', 'app.js')
 7 SYSTEMPATH\CodeIgniter.php(482): CodeIgniter\CodeIgniter->runController(Object(App\Controllers\Rangking))
 8 SYSTEMPATH\CodeIgniter.php(351): CodeIgniter\CodeIgniter->handleRequest(null, Object(Config\Cache), false)
 9 FCPATH\index.php(67): CodeIgniter\CodeIgniter->run()
10 SYSTEMPATH\Commands\Server\rewrite.php(46): require_once('FCPATH\\index.php')
CRITICAL - 2023-10-14 05:51:35 --> Trying to access array offset on value of type null
in APPPATH\Views\Admin\edit.php on line 7.
 1 APPPATH\Views\Admin\edit.php(7): CodeIgniter\Debug\Exceptions->errorHandler(2, 'Trying to access array offset on value of type null', 'APPPATH\\Views\\Admin\\edit.php', 7)
 2 SYSTEMPATH\View\View.php(213): include('APPPATH\\Views\\Admin\\edit.php')
 3 SYSTEMPATH\View\View.php(216): CodeIgniter\View\View->CodeIgniter\View\{closure}()
 4 SYSTEMPATH\Common.php(1134): CodeIgniter\View\View->render('Admin/edit', [], true)
 5 APPPATH\Controllers\Rangking.php(131): view('Admin/edit', [...])
 6 SYSTEMPATH\CodeIgniter.php(927): App\Controllers\Rangking->formedit('FCPATH\\assets', 'extensions', 'apexcharts', 'apexcharts.min.js')
 7 SYSTEMPATH\CodeIgniter.php(482): CodeIgniter\CodeIgniter->runController(Object(App\Controllers\Rangking))
 8 SYSTEMPATH\CodeIgniter.php(351): CodeIgniter\CodeIgniter->handleRequest(null, Object(Config\Cache), false)
 9 FCPATH\index.php(67): CodeIgniter\CodeIgniter->run()
10 SYSTEMPATH\Commands\Server\rewrite.php(46): require_once('FCPATH\\index.php')
CRITICAL - 2023-10-14 05:51:35 --> Trying to access array offset on value of type null
in APPPATH\Views\Admin\edit.php on line 7.
 1 APPPATH\Views\Admin\edit.php(7): CodeIgniter\Debug\Exceptions->errorHandler(2, 'Trying to access array offset on value of type null', 'APPPATH\\Views\\Admin\\edit.php', 7)
 2 SYSTEMPATH\View\View.php(213): include('APPPATH\\Views\\Admin\\edit.php')
 3 SYSTEMPATH\View\View.php(216): CodeIgniter\View\View->CodeIgniter\View\{closure}()
 4 SYSTEMPATH\Common.php(1134): CodeIgniter\View\View->render('Admin/edit', [], true)
 5 APPPATH\Controllers\Rangking.php(131): view('Admin/edit', [...])
 6 SYSTEMPATH\CodeIgniter.php(927): App\Controllers\Rangking->formedit('FCPATH\\assets', 'static', 'FCPATH\\js', 'pages', 'dashboard.js')
 7 SYSTEMPATH\CodeIgniter.php(482): CodeIgniter\CodeIgniter->runController(Object(App\Controllers\Rangking))
 8 SYSTEMPATH\CodeIgniter.php(351): CodeIgniter\CodeIgniter->handleRequest(null, Object(Config\Cache), false)
 9 FCPATH\index.php(67): CodeIgniter\CodeIgniter->run()
10 SYSTEMPATH\Commands\Server\rewrite.php(46): require_once('FCPATH\\index.php')
CRITICAL - 2023-10-14 05:51:57 --> Trying to access array offset on value of type null
in APPPATH\Views\Admin\edit.php on line 7.
 1 APPPATH\Views\Admin\edit.php(7): CodeIgniter\Debug\Exceptions->errorHandler(2, 'Trying to access array offset on value of type null', 'APPPATH\\Views\\Admin\\edit.php', 7)
 2 SYSTEMPATH\View\View.php(213): include('APPPATH\\Views\\Admin\\edit.php')
 3 SYSTEMPATH\View\View.php(216): CodeIgniter\View\View->CodeIgniter\View\{closure}()
 4 SYSTEMPATH\Common.php(1134): CodeIgniter\View\View->render('Admin/edit', [], true)
 5 APPPATH\Controllers\Rangking.php(131): view('Admin/edit', [...])
 6 SYSTEMPATH\CodeIgniter.php(927): App\Controllers\Rangking->formedit('FCPATH\\assets', 'static', 'FCPATH\\js', 'initTheme.js')
 7 SYSTEMPATH\CodeIgniter.php(482): CodeIgniter\CodeIgniter->runController(Object(App\Controllers\Rangking))
 8 SYSTEMPATH\CodeIgniter.php(351): CodeIgniter\CodeIgniter->handleRequest(null, Object(Config\Cache), false)
 9 FCPATH\index.php(67): CodeIgniter\CodeIgniter->run()
10 SYSTEMPATH\Commands\Server\rewrite.php(46): require_once('FCPATH\\index.php')
CRITICAL - 2023-10-14 05:51:58 --> Trying to access array offset on value of type null
in APPPATH\Views\Admin\edit.php on line 7.
 1 APPPATH\Views\Admin\edit.php(7): CodeIgniter\Debug\Exceptions->errorHandler(2, 'Trying to access array offset on value of type null', 'APPPATH\\Views\\Admin\\edit.php', 7)
 2 SYSTEMPATH\View\View.php(213): include('APPPATH\\Views\\Admin\\edit.php')
 3 SYSTEMPATH\View\View.php(216): CodeIgniter\View\View->CodeIgniter\View\{closure}()
 4 SYSTEMPATH\Common.php(1134): CodeIgniter\View\View->render('Admin/edit', [], true)
 5 APPPATH\Controllers\Rangking.php(131): view('Admin/edit', [...])
 6 SYSTEMPATH\CodeIgniter.php(927): App\Controllers\Rangking->formedit('FCPATH\\assets', 'static', 'FCPATH\\js', 'components', 'dark.js')
 7 SYSTEMPATH\CodeIgniter.php(482): CodeIgniter\CodeIgniter->runController(Object(App\Controllers\Rangking))
 8 SYSTEMPATH\CodeIgniter.php(351): CodeIgniter\CodeIgniter->handleRequest(null, Object(Config\Cache), false)
 9 FCPATH\index.php(67): CodeIgniter\CodeIgniter->run()
10 SYSTEMPATH\Commands\Server\rewrite.php(46): require_once('FCPATH\\index.php')
CRITICAL - 2023-10-14 05:51:58 --> Trying to access array offset on value of type null
in APPPATH\Views\Admin\edit.php on line 7.
 1 APPPATH\Views\Admin\edit.php(7): CodeIgniter\Debug\Exceptions->errorHandler(2, 'Trying to access array offset on value of type null', 'APPPATH\\Views\\Admin\\edit.php', 7)
 2 SYSTEMPATH\View\View.php(213): include('APPPATH\\Views\\Admin\\edit.php')
 3 SYSTEMPATH\View\View.php(216): CodeIgniter\View\View->CodeIgniter\View\{closure}()
 4 SYSTEMPATH\Common.php(1134): CodeIgniter\View\View->render('Admin/edit', [], true)
 5 APPPATH\Controllers\Rangking.php(131): view('Admin/edit', [...])
 6 SYSTEMPATH\CodeIgniter.php(927): App\Controllers\Rangking->formedit('FCPATH\\assets', 'extensions', 'perfect-scrollbar', 'perfect-scrollbar.min.js')
 7 SYSTEMPATH\CodeIgniter.php(482): CodeIgniter\CodeIgniter->runController(Object(App\Controllers\Rangking))
 8 SYSTEMPATH\CodeIgniter.php(351): CodeIgniter\CodeIgniter->handleRequest(null, Object(Config\Cache), false)
 9 FCPATH\index.php(67): CodeIgniter\CodeIgniter->run()
10 SYSTEMPATH\Commands\Server\rewrite.php(46): require_once('FCPATH\\index.php')
CRITICAL - 2023-10-14 05:51:59 --> Trying to access array offset on value of type null
in APPPATH\Views\Admin\edit.php on line 7.
 1 APPPATH\Views\Admin\edit.php(7): CodeIgniter\Debug\Exceptions->errorHandler(2, 'Trying to access array offset on value of type null', 'APPPATH\\Views\\Admin\\edit.php', 7)
 2 SYSTEMPATH\View\View.php(213): include('APPPATH\\Views\\Admin\\edit.php')
 3 SYSTEMPATH\View\View.php(216): CodeIgniter\View\View->CodeIgniter\View\{closure}()
 4 SYSTEMPATH\Common.php(1134): CodeIgniter\View\View->render('Admin/edit', [], true)
 5 APPPATH\Controllers\Rangking.php(131): view('Admin/edit', [...])
 6 SYSTEMPATH\CodeIgniter.php(927): App\Controllers\Rangking->formedit('FCPATH\\assets', 'compiled', 'FCPATH\\js', 'app.js')
 7 SYSTEMPATH\CodeIgniter.php(482): CodeIgniter\CodeIgniter->runController(Object(App\Controllers\Rangking))
 8 SYSTEMPATH\CodeIgniter.php(351): CodeIgniter\CodeIgniter->handleRequest(null, Object(Config\Cache), false)
 9 FCPATH\index.php(67): CodeIgniter\CodeIgniter->run()
10 SYSTEMPATH\Commands\Server\rewrite.php(46): require_once('FCPATH\\index.php')
CRITICAL - 2023-10-14 05:51:59 --> Trying to access array offset on value of type null
in APPPATH\Views\Admin\edit.php on line 7.
 1 APPPATH\Views\Admin\edit.php(7): CodeIgniter\Debug\Exceptions->errorHandler(2, 'Trying to access array offset on value of type null', 'APPPATH\\Views\\Admin\\edit.php', 7)
 2 SYSTEMPATH\View\View.php(213): include('APPPATH\\Views\\Admin\\edit.php')
 3 SYSTEMPATH\View\View.php(216): CodeIgniter\View\View->CodeIgniter\View\{closure}()
 4 SYSTEMPATH\Common.php(1134): CodeIgniter\View\View->render('Admin/edit', [], true)
 5 APPPATH\Controllers\Rangking.php(131): view('Admin/edit', [...])
 6 SYSTEMPATH\CodeIgniter.php(927): App\Controllers\Rangking->formedit('FCPATH\\assets', 'extensions', 'apexcharts', 'apexcharts.min.js')
 7 SYSTEMPATH\CodeIgniter.php(482): CodeIgniter\CodeIgniter->runController(Object(App\Controllers\Rangking))
 8 SYSTEMPATH\CodeIgniter.php(351): CodeIgniter\CodeIgniter->handleRequest(null, Object(Config\Cache), false)
 9 FCPATH\index.php(67): CodeIgniter\CodeIgniter->run()
10 SYSTEMPATH\Commands\Server\rewrite.php(46): require_once('FCPATH\\index.php')
CRITICAL - 2023-10-14 05:51:59 --> Trying to access array offset on value of type null
in APPPATH\Views\Admin\edit.php on line 7.
 1 APPPATH\Views\Admin\edit.php(7): CodeIgniter\Debug\Exceptions->errorHandler(2, 'Trying to access array offset on value of type null', 'APPPATH\\Views\\Admin\\edit.php', 7)
 2 SYSTEMPATH\View\View.php(213): include('APPPATH\\Views\\Admin\\edit.php')
 3 SYSTEMPATH\View\View.php(216): CodeIgniter\View\View->CodeIgniter\View\{closure}()
 4 SYSTEMPATH\Common.php(1134): CodeIgniter\View\View->render('Admin/edit', [], true)
 5 APPPATH\Controllers\Rangking.php(131): view('Admin/edit', [...])
 6 SYSTEMPATH\CodeIgniter.php(927): App\Controllers\Rangking->formedit('FCPATH\\assets', 'static', 'FCPATH\\js', 'pages', 'dashboard.js')
 7 SYSTEMPATH\CodeIgniter.php(482): CodeIgniter\CodeIgniter->runController(Object(App\Controllers\Rangking))
 8 SYSTEMPATH\CodeIgniter.php(351): CodeIgniter\CodeIgniter->handleRequest(null, Object(Config\Cache), false)
 9 FCPATH\index.php(67): CodeIgniter\CodeIgniter->run()
10 SYSTEMPATH\Commands\Server\rewrite.php(46): require_once('FCPATH\\index.php')
ERROR - 2023-10-14 07:52:11 --> mysqli_sql_exception: Column 'alias' cannot be null in C:\Users\10\Desktop\smt 5\E-commerce\Bimbel-ecom\system\Database\MySQLi\Connection.php:292
Stack trace:
#0 C:\Users\10\Desktop\smt 5\E-commerce\Bimbel-ecom\system\Database\MySQLi\Connection.php(292): mysqli->query('INSERT INTO `da...', 0)
#1 C:\Users\10\Desktop\smt 5\E-commerce\Bimbel-ecom\system\Database\BaseConnection.php(666): CodeIgniter\Database\MySQLi\Connection->execute('INSERT INTO `da...')
#2 C:\Users\10\Desktop\smt 5\E-commerce\Bimbel-ecom\system\Database\BaseConnection.php(593): CodeIgniter\Database\BaseConnection->simpleQuery('INSERT INTO `da...')
#3 C:\Users\10\Desktop\smt 5\E-commerce\Bimbel-ecom\system\Database\BaseBuilder.php(1916): CodeIgniter\Database\BaseConnection->query('INSERT INTO `da...', Array, false)
#4 C:\Users\10\Desktop\smt 5\E-commerce\Bimbel-ecom\system\Model.php(279): CodeIgniter\Database\BaseBuilder->insert()
#5 C:\Users\10\Desktop\smt 5\E-commerce\Bimbel-ecom\system\BaseModel.php(749): CodeIgniter\Model->doInsert(Array)
#6 C:\Users\10\Desktop\smt 5\E-commerce\Bimbel-ecom\system\Model.php(667): CodeIgniter\BaseModel->insert(Array, false)
#7 C:\Users\10\Desktop\smt 5\E-commerce\Bimbel-ecom\system\BaseModel.php(659): CodeIgniter\Model->insert(Array, false)
#8 C:\Users\10\Desktop\smt 5\E-commerce\Bimbel-ecom\app\Controllers\Rangking.php(144): CodeIgniter\BaseModel->save(Array)
#9 C:\Users\10\Desktop\smt 5\E-commerce\Bimbel-ecom\system\CodeIgniter.php(927): App\Controllers\Rangking->simpan()
#10 C:\Users\10\Desktop\smt 5\E-commerce\Bimbel-ecom\system\CodeIgniter.php(482): CodeIgniter\CodeIgniter->runController(Object(App\Controllers\Rangking))
#11 C:\Users\10\Desktop\smt 5\E-commerce\Bimbel-ecom\system\CodeIgniter.php(351): CodeIgniter\CodeIgniter->handleRequest(NULL, Object(Config\Cache), false)
#12 C:\Users\10\Desktop\smt 5\E-commerce\Bimbel-ecom\public\index.php(67): CodeIgniter\CodeIgniter->run()
#13 C:\Users\10\Desktop\smt 5\E-commerce\Bimbel-ecom\system\Commands\Server\rewrite.php(46): require_once('C:\\Users\\10\\Des...')
#14 {main}
CRITICAL - 2023-10-14 07:52:11 --> Column 'alias' cannot be null
in SYSTEMPATH\Database\MySQLi\Connection.php on line 292.
 1 SYSTEMPATH\Database\MySQLi\Connection.php(292): mysqli->query('INSERT INTO `daftar` (`nama_lengkap`, `no_hp`, `email`, `alias`) VALUES (\'Bagus Setiawan\', \'088777\', \'arasalrsal@gmail.com\', NULL)', 0)
 2 SYSTEMPATH\Database\BaseConnection.php(666): CodeIgniter\Database\MySQLi\Connection->execute('INSERT INTO `daftar` (`nama_lengkap`, `no_hp`, `email`, `alias`) VALUES (\'Bagus Setiawan\', \'088777\', \'arasalrsal@gmail.com\', NULL)')
 3 SYSTEMPATH\Database\BaseConnection.php(593): CodeIgniter\Database\BaseConnection->simpleQuery('INSERT INTO `daftar` (`nama_lengkap`, `no_hp`, `email`, `alias`) VALUES (\'Bagus Setiawan\', \'088777\', \'arasalrsal@gmail.com\', NULL)')
 4 SYSTEMPATH\Database\BaseBuilder.php(1916): CodeIgniter\Database\BaseConnection->query('INSERT INTO `daftar` (`nama_lengkap`, `no_hp`, `email`, `alias`) VALUES (:nama_lengkap:, :no_hp:, :email:, :alias:)', [...], false)
 5 SYSTEMPATH\Model.php(279): CodeIgniter\Database\BaseBuilder->insert()
 6 SYSTEMPATH\BaseModel.php(749): CodeIgniter\Model->doInsert([...])
 7 SYSTEMPATH\Model.php(667): CodeIgniter\BaseModel->insert([...], false)
 8 SYSTEMPATH\BaseModel.php(659): CodeIgniter\Model->insert([...], false)
 9 APPPATH\Controllers\Rangking.php(144): CodeIgniter\BaseModel->save([...])
10 SYSTEMPATH\CodeIgniter.php(927): App\Controllers\Rangking->simpan()
11 SYSTEMPATH\CodeIgniter.php(482): CodeIgniter\CodeIgniter->runController(Object(App\Controllers\Rangking))
12 SYSTEMPATH\CodeIgniter.php(351): CodeIgniter\CodeIgniter->handleRequest(null, Object(Config\Cache), false)
13 FCPATH\index.php(67): CodeIgniter\CodeIgniter->run()
14 SYSTEMPATH\Commands\Server\rewrite.php(46): require_once('FCPATH\\index.php')
ERROR - 2023-10-14 07:53:18 --> mysqli_sql_exception: Column 'alias' cannot be null in C:\Users\10\Desktop\smt 5\E-commerce\Bimbel-ecom\system\Database\MySQLi\Connection.php:292
Stack trace:
#0 C:\Users\10\Desktop\smt 5\E-commerce\Bimbel-ecom\system\Database\MySQLi\Connection.php(292): mysqli->query('INSERT INTO `da...', 0)
#1 C:\Users\10\Desktop\smt 5\E-commerce\Bimbel-ecom\system\Database\BaseConnection.php(666): CodeIgniter\Database\MySQLi\Connection->execute('INSERT INTO `da...')
#2 C:\Users\10\Desktop\smt 5\E-commerce\Bimbel-ecom\system\Database\BaseConnection.php(593): CodeIgniter\Database\BaseConnection->simpleQuery('INSERT INTO `da...')
#3 C:\Users\10\Desktop\smt 5\E-commerce\Bimbel-ecom\system\Database\BaseBuilder.php(1916): CodeIgniter\Database\BaseConnection->query('INSERT INTO `da...', Array, false)
#4 C:\Users\10\Desktop\smt 5\E-commerce\Bimbel-ecom\system\Model.php(279): CodeIgniter\Database\BaseBuilder->insert()
#5 C:\Users\10\Desktop\smt 5\E-commerce\Bimbel-ecom\system\BaseModel.php(749): CodeIgniter\Model->doInsert(Array)
#6 C:\Users\10\Desktop\smt 5\E-commerce\Bimbel-ecom\system\Model.php(667): CodeIgniter\BaseModel->insert(Array, false)
#7 C:\Users\10\Desktop\smt 5\E-commerce\Bimbel-ecom\system\BaseModel.php(659): CodeIgniter\Model->insert(Array, false)
#8 C:\Users\10\Desktop\smt 5\E-commerce\Bimbel-ecom\app\Controllers\Rangking.php(144): CodeIgniter\BaseModel->save(Array)
#9 C:\Users\10\Desktop\smt 5\E-commerce\Bimbel-ecom\system\CodeIgniter.php(927): App\Controllers\Rangking->simpan()
#10 C:\Users\10\Desktop\smt 5\E-commerce\Bimbel-ecom\system\CodeIgniter.php(482): CodeIgniter\CodeIgniter->runController(Object(App\Controllers\Rangking))
#11 C:\Users\10\Desktop\smt 5\E-commerce\Bimbel-ecom\system\CodeIgniter.php(351): CodeIgniter\CodeIgniter->handleRequest(NULL, Object(Config\Cache), false)
#12 C:\Users\10\Desktop\smt 5\E-commerce\Bimbel-ecom\public\index.php(67): CodeIgniter\CodeIgniter->run()
#13 C:\Users\10\Desktop\smt 5\E-commerce\Bimbel-ecom\system\Commands\Server\rewrite.php(46): require_once('C:\\Users\\10\\Des...')
#14 {main}
CRITICAL - 2023-10-14 07:53:18 --> Column 'alias' cannot be null
in SYSTEMPATH\Database\MySQLi\Connection.php on line 292.
 1 SYSTEMPATH\Database\MySQLi\Connection.php(292): mysqli->query('INSERT INTO `daftar` (`nama_lengkap`, `no_hp`, `email`, `alias`) VALUES (\'Bagus Setiawan\', \'088777\', \'arasalrsal@gmail.com\', NULL)', 0)
 2 SYSTEMPATH\Database\BaseConnection.php(666): CodeIgniter\Database\MySQLi\Connection->execute('INSERT INTO `daftar` (`nama_lengkap`, `no_hp`, `email`, `alias`) VALUES (\'Bagus Setiawan\', \'088777\', \'arasalrsal@gmail.com\', NULL)')
 3 SYSTEMPATH\Database\BaseConnection.php(593): CodeIgniter\Database\BaseConnection->simpleQuery('INSERT INTO `daftar` (`nama_lengkap`, `no_hp`, `email`, `alias`) VALUES (\'Bagus Setiawan\', \'088777\', \'arasalrsal@gmail.com\', NULL)')
 4 SYSTEMPATH\Database\BaseBuilder.php(1916): CodeIgniter\Database\BaseConnection->query('INSERT INTO `daftar` (`nama_lengkap`, `no_hp`, `email`, `alias`) VALUES (:nama_lengkap:, :no_hp:, :email:, :alias:)', [...], false)
 5 SYSTEMPATH\Model.php(279): CodeIgniter\Database\BaseBuilder->insert()
 6 SYSTEMPATH\BaseModel.php(749): CodeIgniter\Model->doInsert([...])
 7 SYSTEMPATH\Model.php(667): CodeIgniter\BaseModel->insert([...], false)
 8 SYSTEMPATH\BaseModel.php(659): CodeIgniter\Model->insert([...], false)
 9 APPPATH\Controllers\Rangking.php(144): CodeIgniter\BaseModel->save([...])
10 SYSTEMPATH\CodeIgniter.php(927): App\Controllers\Rangking->simpan()
11 SYSTEMPATH\CodeIgniter.php(482): CodeIgniter\CodeIgniter->runController(Object(App\Controllers\Rangking))
12 SYSTEMPATH\CodeIgniter.php(351): CodeIgniter\CodeIgniter->handleRequest(null, Object(Config\Cache), false)
13 FCPATH\index.php(67): CodeIgniter\CodeIgniter->run()
14 SYSTEMPATH\Commands\Server\rewrite.php(46): require_once('FCPATH\\index.php')
CRITICAL - 2023-10-14 08:06:58 --> Undefined variable $snapToken
in APPPATH\Views\Users\Create.php on line 115.
 1 APPPATH\Views\Users\Create.php(115): CodeIgniter\Debug\Exceptions->errorHandler(2, 'Undefined variable $snapToken', 'APPPATH\\Views\\Users\\Create.php', 115)
 2 SYSTEMPATH\View\View.php(213): include('APPPATH\\Views\\Users\\Create.php')
 3 SYSTEMPATH\View\View.php(216): CodeIgniter\View\View->CodeIgniter\View\{closure}()
 4 SYSTEMPATH\Common.php(1134): CodeIgniter\View\View->render('Users/Create', [], true)
 5 APPPATH\Controllers\Rangking.php(126): view('Users/Create')
 6 SYSTEMPATH\CodeIgniter.php(927): App\Controllers\Rangking->Create()
 7 SYSTEMPATH\CodeIgniter.php(482): CodeIgniter\CodeIgniter->runController(Object(App\Controllers\Rangking))
 8 SYSTEMPATH\CodeIgniter.php(351): CodeIgniter\CodeIgniter->handleRequest(null, Object(Config\Cache), false)
 9 FCPATH\index.php(67): CodeIgniter\CodeIgniter->run()
10 SYSTEMPATH\Commands\Server\rewrite.php(46): require_once('FCPATH\\index.php')
CRITICAL - 2023-10-14 08:11:26 --> Midtrans API is returning API error. HTTP status code: 400 API response: {"error_messages":["transaction_details.gross_amount is required","transaction_details.gross_amount is not a number"]}
in VENDORPATH\midtrans\midtrans-php\Midtrans\ApiRequestor.php on line 167.
 1 VENDORPATH\midtrans\midtrans-php\Midtrans\ApiRequestor.php(39): Midtrans\ApiRequestor::remoteCall('https://app.sandbox.midtrans.com/snap/v1/transactions', 'SB-Mid-server-II_md8vOI_7aaHmQaiOp0XHZ', [...], 'POST')
 2 VENDORPATH\midtrans\midtrans-php\Midtrans\Snap.php(109): Midtrans\ApiRequestor::post('https://app.sandbox.midtrans.com/snap/v1/transactions', 'SB-Mid-server-II_md8vOI_7aaHmQaiOp0XHZ', [...])
 3 VENDORPATH\midtrans\midtrans-php\Midtrans\Snap.php(36): Midtrans\Snap::createTransaction([...])
 4 APPPATH\Controllers\Rangking.php(150): Midtrans\Snap::getSnapToken([...])
 5 SYSTEMPATH\CodeIgniter.php(927): App\Controllers\Rangking->Create()
 6 SYSTEMPATH\CodeIgniter.php(482): CodeIgniter\CodeIgniter->runController(Object(App\Controllers\Rangking))
 7 SYSTEMPATH\CodeIgniter.php(351): CodeIgniter\CodeIgniter->handleRequest(null, Object(Config\Cache), false)
 8 FCPATH\index.php(67): CodeIgniter\CodeIgniter->run()
 9 SYSTEMPATH\Commands\Server\rewrite.php(46): require_once('FCPATH\\index.php')
CRITICAL - 2023-10-14 17:32:52 --> Too few arguments to function App\Controllers\Rangking::formedit(), 0 passed in C:\Users\10\Desktop\smt 5\E-commerce\Bimbel-ecom\system\CodeIgniter.php on line 927 and exactly 1 expected
in APPPATH\Controllers\Rangking.php on line 153.
 1 SYSTEMPATH\CodeIgniter.php(927): App\Controllers\Rangking->formedit()
 2 SYSTEMPATH\CodeIgniter.php(482): CodeIgniter\CodeIgniter->runController(Object(App\Controllers\Rangking))
 3 SYSTEMPATH\CodeIgniter.php(351): CodeIgniter\CodeIgniter->handleRequest(null, Object(Config\Cache), false)
 4 FCPATH\index.php(67): CodeIgniter\CodeIgniter->run()
 5 SYSTEMPATH\Commands\Server\rewrite.php(46): require_once('FCPATH\\index.php')
CRITICAL - 2023-10-14 17:33:41 --> Undefined array key "jurusan"
in APPPATH\Views\Admin\edit.php on line 48.
 1 APPPATH\Views\Admin\edit.php(48): CodeIgniter\Debug\Exceptions->errorHandler(2, 'Undefined array key "jurusan"', 'APPPATH\\Views\\Admin\\edit.php', 48)
 2 SYSTEMPATH\View\View.php(213): include('APPPATH\\Views\\Admin\\edit.php')
 3 SYSTEMPATH\View\View.php(216): CodeIgniter\View\View->CodeIgniter\View\{closure}()
 4 SYSTEMPATH\Common.php(1134): CodeIgniter\View\View->render('Admin/edit', [], true)
 5 APPPATH\Controllers\Rangking.php(160): view('Admin/edit', [...])
 6 SYSTEMPATH\CodeIgniter.php(927): App\Controllers\Rangking->formedit('13')
 7 SYSTEMPATH\CodeIgniter.php(482): CodeIgniter\CodeIgniter->runController(Object(App\Controllers\Rangking))
 8 SYSTEMPATH\CodeIgniter.php(351): CodeIgniter\CodeIgniter->handleRequest(null, Object(Config\Cache), false)
 9 FCPATH\index.php(67): CodeIgniter\CodeIgniter->run()
10 SYSTEMPATH\Commands\Server\rewrite.php(46): require_once('FCPATH\\index.php')
CRITICAL - 2023-10-14 17:34:51 --> Undefined array key "paket"
in APPPATH\Views\Admin\edit.php on line 48.
 1 APPPATH\Views\Admin\edit.php(48): CodeIgniter\Debug\Exceptions->errorHandler(2, 'Undefined array key "paket"', 'APPPATH\\Views\\Admin\\edit.php', 48)
 2 SYSTEMPATH\View\View.php(213): include('APPPATH\\Views\\Admin\\edit.php')
 3 SYSTEMPATH\View\View.php(216): CodeIgniter\View\View->CodeIgniter\View\{closure}()
 4 SYSTEMPATH\Common.php(1134): CodeIgniter\View\View->render('Admin/edit', [], true)
 5 APPPATH\Controllers\Rangking.php(160): view('Admin/edit', [...])
 6 SYSTEMPATH\CodeIgniter.php(927): App\Controllers\Rangking->formedit('14')
 7 SYSTEMPATH\CodeIgniter.php(482): CodeIgniter\CodeIgniter->runController(Object(App\Controllers\Rangking))
 8 SYSTEMPATH\CodeIgniter.php(351): CodeIgniter\CodeIgniter->handleRequest(null, Object(Config\Cache), false)
 9 FCPATH\index.php(67): CodeIgniter\CodeIgniter->run()
10 SYSTEMPATH\Commands\Server\rewrite.php(46): require_once('FCPATH\\index.php')
CRITICAL - 2023-10-14 17:35:16 --> Trying to access array offset on value of type null
in APPPATH\Views\Admin\edit.php on line 7.
 1 APPPATH\Views\Admin\edit.php(7): CodeIgniter\Debug\Exceptions->errorHandler(2, 'Trying to access array offset on value of type null', 'APPPATH\\Views\\Admin\\edit.php', 7)
 2 SYSTEMPATH\View\View.php(213): include('APPPATH\\Views\\Admin\\edit.php')
 3 SYSTEMPATH\View\View.php(216): CodeIgniter\View\View->CodeIgniter\View\{closure}()
 4 SYSTEMPATH\Common.php(1134): CodeIgniter\View\View->render('Admin/edit', [], true)
 5 APPPATH\Controllers\Rangking.php(160): view('Admin/edit', [...])
 6 SYSTEMPATH\CodeIgniter.php(927): App\Controllers\Rangking->formedit('FCPATH\\assets', 'static', 'FCPATH\\js', 'initTheme.js')
 7 SYSTEMPATH\CodeIgniter.php(482): CodeIgniter\CodeIgniter->runController(Object(App\Controllers\Rangking))
 8 SYSTEMPATH\CodeIgniter.php(351): CodeIgniter\CodeIgniter->handleRequest(null, Object(Config\Cache), false)
 9 FCPATH\index.php(67): CodeIgniter\CodeIgniter->run()
10 SYSTEMPATH\Commands\Server\rewrite.php(46): require_once('FCPATH\\index.php')
CRITICAL - 2023-10-14 17:35:17 --> Trying to access array offset on value of type null
in APPPATH\Views\Admin\edit.php on line 7.
 1 APPPATH\Views\Admin\edit.php(7): CodeIgniter\Debug\Exceptions->errorHandler(2, 'Trying to access array offset on value of type null', 'APPPATH\\Views\\Admin\\edit.php', 7)
 2 SYSTEMPATH\View\View.php(213): include('APPPATH\\Views\\Admin\\edit.php')
 3 SYSTEMPATH\View\View.php(216): CodeIgniter\View\View->CodeIgniter\View\{closure}()
 4 SYSTEMPATH\Common.php(1134): CodeIgniter\View\View->render('Admin/edit', [], true)
 5 APPPATH\Controllers\Rangking.php(160): view('Admin/edit', [...])
 6 SYSTEMPATH\CodeIgniter.php(927): App\Controllers\Rangking->formedit('FCPATH\\assets', 'static', 'FCPATH\\js', 'components', 'dark.js')
 7 SYSTEMPATH\CodeIgniter.php(482): CodeIgniter\CodeIgniter->runController(Object(App\Controllers\Rangking))
 8 SYSTEMPATH\CodeIgniter.php(351): CodeIgniter\CodeIgniter->handleRequest(null, Object(Config\Cache), false)
 9 FCPATH\index.php(67): CodeIgniter\CodeIgniter->run()
10 SYSTEMPATH\Commands\Server\rewrite.php(46): require_once('FCPATH\\index.php')
CRITICAL - 2023-10-14 17:35:17 --> Trying to access array offset on value of type null
in APPPATH\Views\Admin\edit.php on line 7.
 1 APPPATH\Views\Admin\edit.php(7): CodeIgniter\Debug\Exceptions->errorHandler(2, 'Trying to access array offset on value of type null', 'APPPATH\\Views\\Admin\\edit.php', 7)
 2 SYSTEMPATH\View\View.php(213): include('APPPATH\\Views\\Admin\\edit.php')
 3 SYSTEMPATH\View\View.php(216): CodeIgniter\View\View->CodeIgniter\View\{closure}()
 4 SYSTEMPATH\Common.php(1134): CodeIgniter\View\View->render('Admin/edit', [], true)
 5 APPPATH\Controllers\Rangking.php(160): view('Admin/edit', [...])
 6 SYSTEMPATH\CodeIgniter.php(927): App\Controllers\Rangking->formedit('FCPATH\\assets', 'extensions', 'perfect-scrollbar', 'perfect-scrollbar.min.js')
 7 SYSTEMPATH\CodeIgniter.php(482): CodeIgniter\CodeIgniter->runController(Object(App\Controllers\Rangking))
 8 SYSTEMPATH\CodeIgniter.php(351): CodeIgniter\CodeIgniter->handleRequest(null, Object(Config\Cache), false)
 9 FCPATH\index.php(67): CodeIgniter\CodeIgniter->run()
10 SYSTEMPATH\Commands\Server\rewrite.php(46): require_once('FCPATH\\index.php')
CRITICAL - 2023-10-14 17:35:18 --> Trying to access array offset on value of type null
in APPPATH\Views\Admin\edit.php on line 7.
 1 APPPATH\Views\Admin\edit.php(7): CodeIgniter\Debug\Exceptions->errorHandler(2, 'Trying to access array offset on value of type null', 'APPPATH\\Views\\Admin\\edit.php', 7)
 2 SYSTEMPATH\View\View.php(213): include('APPPATH\\Views\\Admin\\edit.php')
 3 SYSTEMPATH\View\View.php(216): CodeIgniter\View\View->CodeIgniter\View\{closure}()
 4 SYSTEMPATH\Common.php(1134): CodeIgniter\View\View->render('Admin/edit', [], true)
 5 APPPATH\Controllers\Rangking.php(160): view('Admin/edit', [...])
 6 SYSTEMPATH\CodeIgniter.php(927): App\Controllers\Rangking->formedit('FCPATH\\assets', 'compiled', 'FCPATH\\js', 'app.js')
 7 SYSTEMPATH\CodeIgniter.php(482): CodeIgniter\CodeIgniter->runController(Object(App\Controllers\Rangking))
 8 SYSTEMPATH\CodeIgniter.php(351): CodeIgniter\CodeIgniter->handleRequest(null, Object(Config\Cache), false)
 9 FCPATH\index.php(67): CodeIgniter\CodeIgniter->run()
10 SYSTEMPATH\Commands\Server\rewrite.php(46): require_once('FCPATH\\index.php')
CRITICAL - 2023-10-14 17:35:18 --> Trying to access array offset on value of type null
in APPPATH\Views\Admin\edit.php on line 7.
 1 APPPATH\Views\Admin\edit.php(7): CodeIgniter\Debug\Exceptions->errorHandler(2, 'Trying to access array offset on value of type null', 'APPPATH\\Views\\Admin\\edit.php', 7)
 2 SYSTEMPATH\View\View.php(213): include('APPPATH\\Views\\Admin\\edit.php')
 3 SYSTEMPATH\View\View.php(216): CodeIgniter\View\View->CodeIgniter\View\{closure}()
 4 SYSTEMPATH\Common.php(1134): CodeIgniter\View\View->render('Admin/edit', [], true)
 5 APPPATH\Controllers\Rangking.php(160): view('Admin/edit', [...])
 6 SYSTEMPATH\CodeIgniter.php(927): App\Controllers\Rangking->formedit('FCPATH\\assets', 'extensions', 'apexcharts', 'apexcharts.min.js')
 7 SYSTEMPATH\CodeIgniter.php(482): CodeIgniter\CodeIgniter->runController(Object(App\Controllers\Rangking))
 8 SYSTEMPATH\CodeIgniter.php(351): CodeIgniter\CodeIgniter->handleRequest(null, Object(Config\Cache), false)
 9 FCPATH\index.php(67): CodeIgniter\CodeIgniter->run()
10 SYSTEMPATH\Commands\Server\rewrite.php(46): require_once('FCPATH\\index.php')
CRITICAL - 2023-10-14 17:35:19 --> Trying to access array offset on value of type null
in APPPATH\Views\Admin\edit.php on line 7.
 1 APPPATH\Views\Admin\edit.php(7): CodeIgniter\Debug\Exceptions->errorHandler(2, 'Trying to access array offset on value of type null', 'APPPATH\\Views\\Admin\\edit.php', 7)
 2 SYSTEMPATH\View\View.php(213): include('APPPATH\\Views\\Admin\\edit.php')
 3 SYSTEMPATH\View\View.php(216): CodeIgniter\View\View->CodeIgniter\View\{closure}()
 4 SYSTEMPATH\Common.php(1134): CodeIgniter\View\View->render('Admin/edit', [], true)
 5 APPPATH\Controllers\Rangking.php(160): view('Admin/edit', [...])
 6 SYSTEMPATH\CodeIgniter.php(927): App\Controllers\Rangking->formedit('FCPATH\\assets', 'static', 'FCPATH\\js', 'pages', 'dashboard.js')
 7 SYSTEMPATH\CodeIgniter.php(482): CodeIgniter\CodeIgniter->runController(Object(App\Controllers\Rangking))
 8 SYSTEMPATH\CodeIgniter.php(351): CodeIgniter\CodeIgniter->handleRequest(null, Object(Config\Cache), false)
 9 FCPATH\index.php(67): CodeIgniter\CodeIgniter->run()
10 SYSTEMPATH\Commands\Server\rewrite.php(46): require_once('FCPATH\\index.php')
CRITICAL - 2023-10-14 19:02:13 --> Midtrans API is returning API error. HTTP status code: 400 API response: {"error_messages":["transaction_details.gross_amount is required","transaction_details.gross_amount is not a number"]}
in VENDORPATH\midtrans\midtrans-php\Midtrans\ApiRequestor.php on line 167.
 1 VENDORPATH\midtrans\midtrans-php\Midtrans\ApiRequestor.php(39): Midtrans\ApiRequestor::remoteCall('https://app.sandbox.midtrans.com/snap/v1/transactions', 'SB-Mid-server-II_md8vOI_7aaHmQaiOp0XHZ', [...], 'POST')
 2 VENDORPATH\midtrans\midtrans-php\Midtrans\Snap.php(109): Midtrans\ApiRequestor::post('https://app.sandbox.midtrans.com/snap/v1/transactions', 'SB-Mid-server-II_md8vOI_7aaHmQaiOp0XHZ', [...])
 3 VENDORPATH\midtrans\midtrans-php\Midtrans\Snap.php(36): Midtrans\Snap::createTransaction([...])
 4 APPPATH\Controllers\Rangking.php(157): Midtrans\Snap::getSnapToken([...])
 5 SYSTEMPATH\CodeIgniter.php(927): App\Controllers\Rangking->Create()
 6 SYSTEMPATH\CodeIgniter.php(482): CodeIgniter\CodeIgniter->runController(Object(App\Controllers\Rangking))
 7 SYSTEMPATH\CodeIgniter.php(351): CodeIgniter\CodeIgniter->handleRequest(null, Object(Config\Cache), false)
 8 FCPATH\index.php(67): CodeIgniter\CodeIgniter->run()
 9 SYSTEMPATH\Commands\Server\rewrite.php(46): require_once('FCPATH\\index.php')
CRITICAL - 2023-10-14 19:03:19 --> Midtrans API is returning API error. HTTP status code: 400 API response: {"error_messages":["transaction_details.gross_amount is required","transaction_details.gross_amount is not a number"]}
in VENDORPATH\midtrans\midtrans-php\Midtrans\ApiRequestor.php on line 167.
 1 VENDORPATH\midtrans\midtrans-php\Midtrans\ApiRequestor.php(39): Midtrans\ApiRequestor::remoteCall('https://app.sandbox.midtrans.com/snap/v1/transactions', 'SB-Mid-server-II_md8vOI_7aaHmQaiOp0XHZ', [...], 'POST')
 2 VENDORPATH\midtrans\midtrans-php\Midtrans\Snap.php(109): Midtrans\ApiRequestor::post('https://app.sandbox.midtrans.com/snap/v1/transactions', 'SB-Mid-server-II_md8vOI_7aaHmQaiOp0XHZ', [...])
 3 VENDORPATH\midtrans\midtrans-php\Midtrans\Snap.php(36): Midtrans\Snap::createTransaction([...])
 4 APPPATH\Controllers\Rangking.php(157): Midtrans\Snap::getSnapToken([...])
 5 SYSTEMPATH\CodeIgniter.php(927): App\Controllers\Rangking->Create()
 6 SYSTEMPATH\CodeIgniter.php(482): CodeIgniter\CodeIgniter->runController(Object(App\Controllers\Rangking))
 7 SYSTEMPATH\CodeIgniter.php(351): CodeIgniter\CodeIgniter->handleRequest(null, Object(Config\Cache), false)
 8 FCPATH\index.php(67): CodeIgniter\CodeIgniter->run()
 9 SYSTEMPATH\Commands\Server\rewrite.php(46): require_once('FCPATH\\index.php')
CRITICAL - 2023-10-14 20:14:14 --> CURL Error: Could not resolve host: app.sandbox.midtrans.com
in VENDORPATH\midtrans\midtrans-php\Midtrans\ApiRequestor.php on line 156.
 1 VENDORPATH\midtrans\midtrans-php\Midtrans\ApiRequestor.php(39): Midtrans\ApiRequestor::remoteCall('https://app.sandbox.midtrans.com/snap/v1/transactions', 'SB-Mid-server-II_md8vOI_7aaHmQaiOp0XHZ', [...], 'POST')
 2 VENDORPATH\midtrans\midtrans-php\Midtrans\Snap.php(109): Midtrans\ApiRequestor::post('https://app.sandbox.midtrans.com/snap/v1/transactions', 'SB-Mid-server-II_md8vOI_7aaHmQaiOp0XHZ', [...])
 3 VENDORPATH\midtrans\midtrans-php\Midtrans\Snap.php(36): Midtrans\Snap::createTransaction([...])
 4 APPPATH\Controllers\User.php(28): Midtrans\Snap::getSnapToken([...])
 5 SYSTEMPATH\CodeIgniter.php(927): App\Controllers\User->Create()
 6 SYSTEMPATH\CodeIgniter.php(482): CodeIgniter\CodeIgniter->runController(Object(App\Controllers\User))
 7 SYSTEMPATH\CodeIgniter.php(351): CodeIgniter\CodeIgniter->handleRequest(null, Object(Config\Cache), false)
 8 FCPATH\index.php(67): CodeIgniter\CodeIgniter->run()
 9 SYSTEMPATH\Commands\Server\rewrite.php(46): require_once('FCPATH\\index.php')
CRITICAL - 2023-10-14 20:24:43 --> Undefined variable $token
in APPPATH\Views\Admin\index.php on line 38.
 1 APPPATH\Views\Admin\index.php(38): CodeIgniter\Debug\Exceptions->errorHandler(2, 'Undefined variable $token', 'APPPATH\\Views\\Admin\\index.php', 38)
 2 SYSTEMPATH\View\View.php(213): include('APPPATH\\Views\\Admin\\index.php')
 3 SYSTEMPATH\View\View.php(216): CodeIgniter\View\View->CodeIgniter\View\{closure}()
 4 SYSTEMPATH\Common.php(1134): CodeIgniter\View\View->render('Admin/index', [], true)
 5 APPPATH\Controllers\Rangking.php(36): view('Admin/index', [...])
 6 SYSTEMPATH\CodeIgniter.php(927): App\Controllers\Rangking->index()
 7 SYSTEMPATH\CodeIgniter.php(482): CodeIgniter\CodeIgniter->runController(Object(App\Controllers\Rangking))
 8 SYSTEMPATH\CodeIgniter.php(351): CodeIgniter\CodeIgniter->handleRequest(null, Object(Config\Cache), false)
 9 FCPATH\index.php(67): CodeIgniter\CodeIgniter->run()
10 SYSTEMPATH\Commands\Server\rewrite.php(46): require_once('FCPATH\\index.php')
