CRITICAL - 2023-10-13 06:08:28 --> Trying to access array offset on value of type null
in APPPATH\Views\Admin\edit.php on line 7.
 1 APPPATH\Views\Admin\edit.php(7): CodeIgniter\Debug\Exceptions->errorHandler(2, 'Trying to access array offset on value of type null', 'APPPATH\\Views\\Admin\\edit.php', 7)
 2 SYSTEMPATH\View\View.php(213): include('APPPATH\\Views\\Admin\\edit.php')
 3 SYSTEMPATH\View\View.php(216): CodeIgniter\View\View->CodeIgniter\View\{closure}()
 4 SYSTEMPATH\Common.php(1134): CodeIgniter\View\View->render('Admin/edit', [], true)
 5 APPPATH\Controllers\Rangking.php(136): view('Admin/edit', [...])
 6 SYSTEMPATH\CodeIgniter.php(927): App\Controllers\Rangking->formedit('FCPATH\\assets', 'static', 'FCPATH\\js', 'initTheme.js')
 7 SYSTEMPATH\CodeIgniter.php(482): CodeIgniter\CodeIgniter->runController(Object(App\Controllers\Rangking))
 8 SYSTEMPATH\CodeIgniter.php(351): CodeIgniter\CodeIgniter->handleRequest(null, Object(Config\Cache), false)
 9 FCPATH\index.php(67): CodeIgniter\CodeIgniter->run()
10 SYSTEMPATH\Commands\Server\rewrite.php(46): require_once('FCPATH\\index.php')
CRITICAL - 2023-10-13 06:08:28 --> Trying to access array offset on value of type null
in APPPATH\Views\Admin\edit.php on line 7.
 1 APPPATH\Views\Admin\edit.php(7): CodeIgniter\Debug\Exceptions->errorHandler(2, 'Trying to access array offset on value of type null', 'APPPATH\\Views\\Admin\\edit.php', 7)
 2 SYSTEMPATH\View\View.php(213): include('APPPATH\\Views\\Admin\\edit.php')
 3 SYSTEMPATH\View\View.php(216): CodeIgniter\View\View->CodeIgniter\View\{closure}()
 4 SYSTEMPATH\Common.php(1134): CodeIgniter\View\View->render('Admin/edit', [], true)
 5 APPPATH\Controllers\Rangking.php(136): view('Admin/edit', [...])
 6 SYSTEMPATH\CodeIgniter.php(927): App\Controllers\Rangking->formedit('FCPATH\\assets', 'static', 'FCPATH\\js', 'components', 'dark.js')
 7 SYSTEMPATH\CodeIgniter.php(482): CodeIgniter\CodeIgniter->runController(Object(App\Controllers\Rangking))
 8 SYSTEMPATH\CodeIgniter.php(351): CodeIgniter\CodeIgniter->handleRequest(null, Object(Config\Cache), false)
 9 FCPATH\index.php(67): CodeIgniter\CodeIgniter->run()
10 SYSTEMPATH\Commands\Server\rewrite.php(46): require_once('FCPATH\\index.php')
CRITICAL - 2023-10-13 06:08:29 --> Trying to access array offset on value of type null
in APPPATH\Views\Admin\edit.php on line 7.
 1 APPPATH\Views\Admin\edit.php(7): CodeIgniter\Debug\Exceptions->errorHandler(2, 'Trying to access array offset on value of type null', 'APPPATH\\Views\\Admin\\edit.php', 7)
 2 SYSTEMPATH\View\View.php(213): include('APPPATH\\Views\\Admin\\edit.php')
 3 SYSTEMPATH\View\View.php(216): CodeIgniter\View\View->CodeIgniter\View\{closure}()
 4 SYSTEMPATH\Common.php(1134): CodeIgniter\View\View->render('Admin/edit', [], true)
 5 APPPATH\Controllers\Rangking.php(136): view('Admin/edit', [...])
 6 SYSTEMPATH\CodeIgniter.php(927): App\Controllers\Rangking->formedit('FCPATH\\assets', 'extensions', 'perfect-scrollbar', 'perfect-scrollbar.min.js')
 7 SYSTEMPATH\CodeIgniter.php(482): CodeIgniter\CodeIgniter->runController(Object(App\Controllers\Rangking))
 8 SYSTEMPATH\CodeIgniter.php(351): CodeIgniter\CodeIgniter->handleRequest(null, Object(Config\Cache), false)
 9 FCPATH\index.php(67): CodeIgniter\CodeIgniter->run()
10 SYSTEMPATH\Commands\Server\rewrite.php(46): require_once('FCPATH\\index.php')
CRITICAL - 2023-10-13 06:08:29 --> Trying to access array offset on value of type null
in APPPATH\Views\Admin\edit.php on line 7.
 1 APPPATH\Views\Admin\edit.php(7): CodeIgniter\Debug\Exceptions->errorHandler(2, 'Trying to access array offset on value of type null', 'APPPATH\\Views\\Admin\\edit.php', 7)
 2 SYSTEMPATH\View\View.php(213): include('APPPATH\\Views\\Admin\\edit.php')
 3 SYSTEMPATH\View\View.php(216): CodeIgniter\View\View->CodeIgniter\View\{closure}()
 4 SYSTEMPATH\Common.php(1134): CodeIgniter\View\View->render('Admin/edit', [], true)
 5 APPPATH\Controllers\Rangking.php(136): view('Admin/edit', [...])
 6 SYSTEMPATH\CodeIgniter.php(927): App\Controllers\Rangking->formedit('FCPATH\\assets', 'compiled', 'FCPATH\\js', 'app.js')
 7 SYSTEMPATH\CodeIgniter.php(482): CodeIgniter\CodeIgniter->runController(Object(App\Controllers\Rangking))
 8 SYSTEMPATH\CodeIgniter.php(351): CodeIgniter\CodeIgniter->handleRequest(null, Object(Config\Cache), false)
 9 FCPATH\index.php(67): CodeIgniter\CodeIgniter->run()
10 SYSTEMPATH\Commands\Server\rewrite.php(46): require_once('FCPATH\\index.php')
CRITICAL - 2023-10-13 06:08:29 --> Trying to access array offset on value of type null
in APPPATH\Views\Admin\edit.php on line 7.
 1 APPPATH\Views\Admin\edit.php(7): CodeIgniter\Debug\Exceptions->errorHandler(2, 'Trying to access array offset on value of type null', 'APPPATH\\Views\\Admin\\edit.php', 7)
 2 SYSTEMPATH\View\View.php(213): include('APPPATH\\Views\\Admin\\edit.php')
 3 SYSTEMPATH\View\View.php(216): CodeIgniter\View\View->CodeIgniter\View\{closure}()
 4 SYSTEMPATH\Common.php(1134): CodeIgniter\View\View->render('Admin/edit', [], true)
 5 APPPATH\Controllers\Rangking.php(136): view('Admin/edit', [...])
 6 SYSTEMPATH\CodeIgniter.php(927): App\Controllers\Rangking->formedit('FCPATH\\assets', 'extensions', 'apexcharts', 'apexcharts.min.js')
 7 SYSTEMPATH\CodeIgniter.php(482): CodeIgniter\CodeIgniter->runController(Object(App\Controllers\Rangking))
 8 SYSTEMPATH\CodeIgniter.php(351): CodeIgniter\CodeIgniter->handleRequest(null, Object(Config\Cache), false)
 9 FCPATH\index.php(67): CodeIgniter\CodeIgniter->run()
10 SYSTEMPATH\Commands\Server\rewrite.php(46): require_once('FCPATH\\index.php')
CRITICAL - 2023-10-13 06:08:30 --> Trying to access array offset on value of type null
in APPPATH\Views\Admin\edit.php on line 7.
 1 APPPATH\Views\Admin\edit.php(7): CodeIgniter\Debug\Exceptions->errorHandler(2, 'Trying to access array offset on value of type null', 'APPPATH\\Views\\Admin\\edit.php', 7)
 2 SYSTEMPATH\View\View.php(213): include('APPPATH\\Views\\Admin\\edit.php')
 3 SYSTEMPATH\View\View.php(216): CodeIgniter\View\View->CodeIgniter\View\{closure}()
 4 SYSTEMPATH\Common.php(1134): CodeIgniter\View\View->render('Admin/edit', [], true)
 5 APPPATH\Controllers\Rangking.php(136): view('Admin/edit', [...])
 6 SYSTEMPATH\CodeIgniter.php(927): App\Controllers\Rangking->formedit('FCPATH\\assets', 'static', 'FCPATH\\js', 'pages', 'dashboard.js')
 7 SYSTEMPATH\CodeIgniter.php(482): CodeIgniter\CodeIgniter->runController(Object(App\Controllers\Rangking))
 8 SYSTEMPATH\CodeIgniter.php(351): CodeIgniter\CodeIgniter->handleRequest(null, Object(Config\Cache), false)
 9 FCPATH\index.php(67): CodeIgniter\CodeIgniter->run()
10 SYSTEMPATH\Commands\Server\rewrite.php(46): require_once('FCPATH\\index.php')
ERROR - 2023-10-13 08:10:08 --> Error connecting to the database: mysqli_sql_exception: No connection could be made because the target machine actively refused it in C:\Users\10\Downloads\Bimbel-ecom\system\Database\MySQLi\Connection.php:171
Stack trace:
#0 C:\Users\10\Downloads\Bimbel-ecom\system\Database\MySQLi\Connection.php(171): mysqli->real_connect('localhost', 'root', '', 'bimbel-e', 3306, '', 0)
#1 C:\Users\10\Downloads\Bimbel-ecom\system\Database\BaseConnection.php(382): CodeIgniter\Database\MySQLi\Connection->connect(false)
#2 C:\Users\10\Downloads\Bimbel-ecom\system\Database\BaseConnection.php(561): CodeIgniter\Database\BaseConnection->initialize()
#3 C:\Users\10\Downloads\Bimbel-ecom\system\Database\BaseBuilder.php(1669): CodeIgniter\Database\BaseConnection->query('SELECT COUNT(*)...', Array, false)
#4 C:\Users\10\Downloads\Bimbel-ecom\system\Model.php(551): CodeIgniter\Database\BaseBuilder->countAllResults(false)
#5 C:\Users\10\Downloads\Bimbel-ecom\system\BaseModel.php(1106): CodeIgniter\Model->countAllResults(false)
#6 C:\Users\10\Downloads\Bimbel-ecom\app\Controllers\Rangking.php(28): CodeIgniter\BaseModel->paginate(5, 'daftar')
#7 C:\Users\10\Downloads\Bimbel-ecom\system\CodeIgniter.php(927): App\Controllers\Rangking->index()
#8 C:\Users\10\Downloads\Bimbel-ecom\system\CodeIgniter.php(482): CodeIgniter\CodeIgniter->runController(Object(App\Controllers\Rangking))
#9 C:\Users\10\Downloads\Bimbel-ecom\system\CodeIgniter.php(351): CodeIgniter\CodeIgniter->handleRequest(NULL, Object(Config\Cache), false)
#10 C:\Users\10\Downloads\Bimbel-ecom\public\index.php(67): CodeIgniter\CodeIgniter->run()
#11 C:\Users\10\Downloads\Bimbel-ecom\system\Commands\Server\rewrite.php(46): require_once('C:\\Users\\10\\Dow...')
#12 {main}

Next CodeIgniter\Database\Exceptions\DatabaseException: No connection could be made because the target machine actively refused it in C:\Users\10\Downloads\Bimbel-ecom\system\Database\MySQLi\Connection.php:215
Stack trace:
#0 C:\Users\10\Downloads\Bimbel-ecom\system\Database\BaseConnection.php(382): CodeIgniter\Database\MySQLi\Connection->connect(false)
#1 C:\Users\10\Downloads\Bimbel-ecom\system\Database\BaseConnection.php(561): CodeIgniter\Database\BaseConnection->initialize()
#2 C:\Users\10\Downloads\Bimbel-ecom\system\Database\BaseBuilder.php(1669): CodeIgniter\Database\BaseConnection->query('SELECT COUNT(*)...', Array, false)
#3 C:\Users\10\Downloads\Bimbel-ecom\system\Model.php(551): CodeIgniter\Database\BaseBuilder->countAllResults(false)
#4 C:\Users\10\Downloads\Bimbel-ecom\system\BaseModel.php(1106): CodeIgniter\Model->countAllResults(false)
#5 C:\Users\10\Downloads\Bimbel-ecom\app\Controllers\Rangking.php(28): CodeIgniter\BaseModel->paginate(5, 'daftar')
#6 C:\Users\10\Downloads\Bimbel-ecom\system\CodeIgniter.php(927): App\Controllers\Rangking->index()
#7 C:\Users\10\Downloads\Bimbel-ecom\system\CodeIgniter.php(482): CodeIgniter\CodeIgniter->runController(Object(App\Controllers\Rangking))
#8 C:\Users\10\Downloads\Bimbel-ecom\system\CodeIgniter.php(351): CodeIgniter\CodeIgniter->handleRequest(NULL, Object(Config\Cache), false)
#9 C:\Users\10\Downloads\Bimbel-ecom\public\index.php(67): CodeIgniter\CodeIgniter->run()
#10 C:\Users\10\Downloads\Bimbel-ecom\system\Commands\Server\rewrite.php(46): require_once('C:\\Users\\10\\Dow...')
#11 {main}
CRITICAL - 2023-10-13 08:10:08 --> Unable to connect to the database.
Main connection [MySQLi]: No connection could be made because the target machine actively refused it
in SYSTEMPATH\Database\BaseConnection.php on line 418.
 1 SYSTEMPATH\Database\BaseConnection.php(561): CodeIgniter\Database\BaseConnection->initialize()
 2 SYSTEMPATH\Database\BaseBuilder.php(1669): CodeIgniter\Database\BaseConnection->query('SELECT COUNT(*) AS `numrows`
FROM `daftar`', [], false)
 3 SYSTEMPATH\Model.php(551): CodeIgniter\Database\BaseBuilder->countAllResults(false)
 4 SYSTEMPATH\BaseModel.php(1106): CodeIgniter\Model->countAllResults(false)
 5 APPPATH\Controllers\Rangking.php(28): CodeIgniter\BaseModel->paginate(5, 'daftar')
 6 SYSTEMPATH\CodeIgniter.php(927): App\Controllers\Rangking->index()
 7 SYSTEMPATH\CodeIgniter.php(482): CodeIgniter\CodeIgniter->runController(Object(App\Controllers\Rangking))
 8 SYSTEMPATH\CodeIgniter.php(351): CodeIgniter\CodeIgniter->handleRequest(null, Object(Config\Cache), false)
 9 FCPATH\index.php(67): CodeIgniter\CodeIgniter->run()
10 SYSTEMPATH\Commands\Server\rewrite.php(46): require_once('FCPATH\\index.php')
CRITICAL - 2023-10-13 08:11:41 --> Trying to access array offset on value of type null
in APPPATH\Views\Admin\edit.php on line 7.
 1 APPPATH\Views\Admin\edit.php(7): CodeIgniter\Debug\Exceptions->errorHandler(2, 'Trying to access array offset on value of type null', 'APPPATH\\Views\\Admin\\edit.php', 7)
 2 SYSTEMPATH\View\View.php(213): include('APPPATH\\Views\\Admin\\edit.php')
 3 SYSTEMPATH\View\View.php(216): CodeIgniter\View\View->CodeIgniter\View\{closure}()
 4 SYSTEMPATH\Common.php(1134): CodeIgniter\View\View->render('Admin/edit', [], true)
 5 APPPATH\Controllers\Rangking.php(136): view('Admin/edit', [...])
 6 SYSTEMPATH\CodeIgniter.php(927): App\Controllers\Rangking->formedit('FCPATH\\assets', 'static', 'FCPATH\\js', 'initTheme.js')
 7 SYSTEMPATH\CodeIgniter.php(482): CodeIgniter\CodeIgniter->runController(Object(App\Controllers\Rangking))
 8 SYSTEMPATH\CodeIgniter.php(351): CodeIgniter\CodeIgniter->handleRequest(null, Object(Config\Cache), false)
 9 FCPATH\index.php(67): CodeIgniter\CodeIgniter->run()
10 SYSTEMPATH\Commands\Server\rewrite.php(46): require_once('FCPATH\\index.php')
CRITICAL - 2023-10-13 08:11:41 --> Trying to access array offset on value of type null
in APPPATH\Views\Admin\edit.php on line 7.
 1 APPPATH\Views\Admin\edit.php(7): CodeIgniter\Debug\Exceptions->errorHandler(2, 'Trying to access array offset on value of type null', 'APPPATH\\Views\\Admin\\edit.php', 7)
 2 SYSTEMPATH\View\View.php(213): include('APPPATH\\Views\\Admin\\edit.php')
 3 SYSTEMPATH\View\View.php(216): CodeIgniter\View\View->CodeIgniter\View\{closure}()
 4 SYSTEMPATH\Common.php(1134): CodeIgniter\View\View->render('Admin/edit', [], true)
 5 APPPATH\Controllers\Rangking.php(136): view('Admin/edit', [...])
 6 SYSTEMPATH\CodeIgniter.php(927): App\Controllers\Rangking->formedit('FCPATH\\assets', 'static', 'FCPATH\\js', 'components', 'dark.js')
 7 SYSTEMPATH\CodeIgniter.php(482): CodeIgniter\CodeIgniter->runController(Object(App\Controllers\Rangking))
 8 SYSTEMPATH\CodeIgniter.php(351): CodeIgniter\CodeIgniter->handleRequest(null, Object(Config\Cache), false)
 9 FCPATH\index.php(67): CodeIgniter\CodeIgniter->run()
10 SYSTEMPATH\Commands\Server\rewrite.php(46): require_once('FCPATH\\index.php')
CRITICAL - 2023-10-13 08:11:42 --> Trying to access array offset on value of type null
in APPPATH\Views\Admin\edit.php on line 7.
 1 APPPATH\Views\Admin\edit.php(7): CodeIgniter\Debug\Exceptions->errorHandler(2, 'Trying to access array offset on value of type null', 'APPPATH\\Views\\Admin\\edit.php', 7)
 2 SYSTEMPATH\View\View.php(213): include('APPPATH\\Views\\Admin\\edit.php')
 3 SYSTEMPATH\View\View.php(216): CodeIgniter\View\View->CodeIgniter\View\{closure}()
 4 SYSTEMPATH\Common.php(1134): CodeIgniter\View\View->render('Admin/edit', [], true)
 5 APPPATH\Controllers\Rangking.php(136): view('Admin/edit', [...])
 6 SYSTEMPATH\CodeIgniter.php(927): App\Controllers\Rangking->formedit('FCPATH\\assets', 'extensions', 'perfect-scrollbar', 'perfect-scrollbar.min.js')
 7 SYSTEMPATH\CodeIgniter.php(482): CodeIgniter\CodeIgniter->runController(Object(App\Controllers\Rangking))
 8 SYSTEMPATH\CodeIgniter.php(351): CodeIgniter\CodeIgniter->handleRequest(null, Object(Config\Cache), false)
 9 FCPATH\index.php(67): CodeIgniter\CodeIgniter->run()
10 SYSTEMPATH\Commands\Server\rewrite.php(46): require_once('FCPATH\\index.php')
CRITICAL - 2023-10-13 08:11:42 --> Trying to access array offset on value of type null
in APPPATH\Views\Admin\edit.php on line 7.
 1 APPPATH\Views\Admin\edit.php(7): CodeIgniter\Debug\Exceptions->errorHandler(2, 'Trying to access array offset on value of type null', 'APPPATH\\Views\\Admin\\edit.php', 7)
 2 SYSTEMPATH\View\View.php(213): include('APPPATH\\Views\\Admin\\edit.php')
 3 SYSTEMPATH\View\View.php(216): CodeIgniter\View\View->CodeIgniter\View\{closure}()
 4 SYSTEMPATH\Common.php(1134): CodeIgniter\View\View->render('Admin/edit', [], true)
 5 APPPATH\Controllers\Rangking.php(136): view('Admin/edit', [...])
 6 SYSTEMPATH\CodeIgniter.php(927): App\Controllers\Rangking->formedit('FCPATH\\assets', 'compiled', 'FCPATH\\js', 'app.js')
 7 SYSTEMPATH\CodeIgniter.php(482): CodeIgniter\CodeIgniter->runController(Object(App\Controllers\Rangking))
 8 SYSTEMPATH\CodeIgniter.php(351): CodeIgniter\CodeIgniter->handleRequest(null, Object(Config\Cache), false)
 9 FCPATH\index.php(67): CodeIgniter\CodeIgniter->run()
10 SYSTEMPATH\Commands\Server\rewrite.php(46): require_once('FCPATH\\index.php')
CRITICAL - 2023-10-13 08:11:42 --> Trying to access array offset on value of type null
in APPPATH\Views\Admin\edit.php on line 7.
 1 APPPATH\Views\Admin\edit.php(7): CodeIgniter\Debug\Exceptions->errorHandler(2, 'Trying to access array offset on value of type null', 'APPPATH\\Views\\Admin\\edit.php', 7)
 2 SYSTEMPATH\View\View.php(213): include('APPPATH\\Views\\Admin\\edit.php')
 3 SYSTEMPATH\View\View.php(216): CodeIgniter\View\View->CodeIgniter\View\{closure}()
 4 SYSTEMPATH\Common.php(1134): CodeIgniter\View\View->render('Admin/edit', [], true)
 5 APPPATH\Controllers\Rangking.php(136): view('Admin/edit', [...])
 6 SYSTEMPATH\CodeIgniter.php(927): App\Controllers\Rangking->formedit('FCPATH\\assets', 'extensions', 'apexcharts', 'apexcharts.min.js')
 7 SYSTEMPATH\CodeIgniter.php(482): CodeIgniter\CodeIgniter->runController(Object(App\Controllers\Rangking))
 8 SYSTEMPATH\CodeIgniter.php(351): CodeIgniter\CodeIgniter->handleRequest(null, Object(Config\Cache), false)
 9 FCPATH\index.php(67): CodeIgniter\CodeIgniter->run()
10 SYSTEMPATH\Commands\Server\rewrite.php(46): require_once('FCPATH\\index.php')
CRITICAL - 2023-10-13 08:11:43 --> Trying to access array offset on value of type null
in APPPATH\Views\Admin\edit.php on line 7.
 1 APPPATH\Views\Admin\edit.php(7): CodeIgniter\Debug\Exceptions->errorHandler(2, 'Trying to access array offset on value of type null', 'APPPATH\\Views\\Admin\\edit.php', 7)
 2 SYSTEMPATH\View\View.php(213): include('APPPATH\\Views\\Admin\\edit.php')
 3 SYSTEMPATH\View\View.php(216): CodeIgniter\View\View->CodeIgniter\View\{closure}()
 4 SYSTEMPATH\Common.php(1134): CodeIgniter\View\View->render('Admin/edit', [], true)
 5 APPPATH\Controllers\Rangking.php(136): view('Admin/edit', [...])
 6 SYSTEMPATH\CodeIgniter.php(927): App\Controllers\Rangking->formedit('FCPATH\\assets', 'static', 'FCPATH\\js', 'pages', 'dashboard.js')
 7 SYSTEMPATH\CodeIgniter.php(482): CodeIgniter\CodeIgniter->runController(Object(App\Controllers\Rangking))
 8 SYSTEMPATH\CodeIgniter.php(351): CodeIgniter\CodeIgniter->handleRequest(null, Object(Config\Cache), false)
 9 FCPATH\index.php(67): CodeIgniter\CodeIgniter->run()
10 SYSTEMPATH\Commands\Server\rewrite.php(46): require_once('FCPATH\\index.php')
CRITICAL - 2023-10-13 18:28:03 --> Trying to access array offset on value of type null
in APPPATH\Views\Admin\edit.php on line 7.
 1 APPPATH\Views\Admin\edit.php(7): CodeIgniter\Debug\Exceptions->errorHandler(2, 'Trying to access array offset on value of type null', 'APPPATH\\Views\\Admin\\edit.php', 7)
 2 SYSTEMPATH\View\View.php(213): include('APPPATH\\Views\\Admin\\edit.php')
 3 SYSTEMPATH\View\View.php(216): CodeIgniter\View\View->CodeIgniter\View\{closure}()
 4 SYSTEMPATH\Common.php(1134): CodeIgniter\View\View->render('Admin/edit', [], true)
 5 APPPATH\Controllers\Rangking.php(136): view('Admin/edit', [...])
 6 SYSTEMPATH\CodeIgniter.php(927): App\Controllers\Rangking->formedit('FCPATH\\assets', 'static', 'FCPATH\\js', 'initTheme.js')
 7 SYSTEMPATH\CodeIgniter.php(482): CodeIgniter\CodeIgniter->runController(Object(App\Controllers\Rangking))
 8 SYSTEMPATH\CodeIgniter.php(351): CodeIgniter\CodeIgniter->handleRequest(null, Object(Config\Cache), false)
 9 FCPATH\index.php(67): CodeIgniter\CodeIgniter->run()
10 SYSTEMPATH\Commands\Server\rewrite.php(46): require_once('FCPATH\\index.php')
CRITICAL - 2023-10-13 18:28:03 --> Trying to access array offset on value of type null
in APPPATH\Views\Admin\edit.php on line 7.
 1 APPPATH\Views\Admin\edit.php(7): CodeIgniter\Debug\Exceptions->errorHandler(2, 'Trying to access array offset on value of type null', 'APPPATH\\Views\\Admin\\edit.php', 7)
 2 SYSTEMPATH\View\View.php(213): include('APPPATH\\Views\\Admin\\edit.php')
 3 SYSTEMPATH\View\View.php(216): CodeIgniter\View\View->CodeIgniter\View\{closure}()
 4 SYSTEMPATH\Common.php(1134): CodeIgniter\View\View->render('Admin/edit', [], true)
 5 APPPATH\Controllers\Rangking.php(136): view('Admin/edit', [...])
 6 SYSTEMPATH\CodeIgniter.php(927): App\Controllers\Rangking->formedit('FCPATH\\assets', 'static', 'FCPATH\\js', 'components', 'dark.js')
 7 SYSTEMPATH\CodeIgniter.php(482): CodeIgniter\CodeIgniter->runController(Object(App\Controllers\Rangking))
 8 SYSTEMPATH\CodeIgniter.php(351): CodeIgniter\CodeIgniter->handleRequest(null, Object(Config\Cache), false)
 9 FCPATH\index.php(67): CodeIgniter\CodeIgniter->run()
10 SYSTEMPATH\Commands\Server\rewrite.php(46): require_once('FCPATH\\index.php')
CRITICAL - 2023-10-13 18:28:04 --> Trying to access array offset on value of type null
in APPPATH\Views\Admin\edit.php on line 7.
 1 APPPATH\Views\Admin\edit.php(7): CodeIgniter\Debug\Exceptions->errorHandler(2, 'Trying to access array offset on value of type null', 'APPPATH\\Views\\Admin\\edit.php', 7)
 2 SYSTEMPATH\View\View.php(213): include('APPPATH\\Views\\Admin\\edit.php')
 3 SYSTEMPATH\View\View.php(216): CodeIgniter\View\View->CodeIgniter\View\{closure}()
 4 SYSTEMPATH\Common.php(1134): CodeIgniter\View\View->render('Admin/edit', [], true)
 5 APPPATH\Controllers\Rangking.php(136): view('Admin/edit', [...])
 6 SYSTEMPATH\CodeIgniter.php(927): App\Controllers\Rangking->formedit('FCPATH\\assets', 'extensions', 'perfect-scrollbar', 'perfect-scrollbar.min.js')
 7 SYSTEMPATH\CodeIgniter.php(482): CodeIgniter\CodeIgniter->runController(Object(App\Controllers\Rangking))
 8 SYSTEMPATH\CodeIgniter.php(351): CodeIgniter\CodeIgniter->handleRequest(null, Object(Config\Cache), false)
 9 FCPATH\index.php(67): CodeIgniter\CodeIgniter->run()
10 SYSTEMPATH\Commands\Server\rewrite.php(46): require_once('FCPATH\\index.php')
CRITICAL - 2023-10-13 18:28:04 --> Trying to access array offset on value of type null
in APPPATH\Views\Admin\edit.php on line 7.
 1 APPPATH\Views\Admin\edit.php(7): CodeIgniter\Debug\Exceptions->errorHandler(2, 'Trying to access array offset on value of type null', 'APPPATH\\Views\\Admin\\edit.php', 7)
 2 SYSTEMPATH\View\View.php(213): include('APPPATH\\Views\\Admin\\edit.php')
 3 SYSTEMPATH\View\View.php(216): CodeIgniter\View\View->CodeIgniter\View\{closure}()
 4 SYSTEMPATH\Common.php(1134): CodeIgniter\View\View->render('Admin/edit', [], true)
 5 APPPATH\Controllers\Rangking.php(136): view('Admin/edit', [...])
 6 SYSTEMPATH\CodeIgniter.php(927): App\Controllers\Rangking->formedit('FCPATH\\assets', 'compiled', 'FCPATH\\js', 'app.js')
 7 SYSTEMPATH\CodeIgniter.php(482): CodeIgniter\CodeIgniter->runController(Object(App\Controllers\Rangking))
 8 SYSTEMPATH\CodeIgniter.php(351): CodeIgniter\CodeIgniter->handleRequest(null, Object(Config\Cache), false)
 9 FCPATH\index.php(67): CodeIgniter\CodeIgniter->run()
10 SYSTEMPATH\Commands\Server\rewrite.php(46): require_once('FCPATH\\index.php')
CRITICAL - 2023-10-13 18:28:04 --> Trying to access array offset on value of type null
in APPPATH\Views\Admin\edit.php on line 7.
 1 APPPATH\Views\Admin\edit.php(7): CodeIgniter\Debug\Exceptions->errorHandler(2, 'Trying to access array offset on value of type null', 'APPPATH\\Views\\Admin\\edit.php', 7)
 2 SYSTEMPATH\View\View.php(213): include('APPPATH\\Views\\Admin\\edit.php')
 3 SYSTEMPATH\View\View.php(216): CodeIgniter\View\View->CodeIgniter\View\{closure}()
 4 SYSTEMPATH\Common.php(1134): CodeIgniter\View\View->render('Admin/edit', [], true)
 5 APPPATH\Controllers\Rangking.php(136): view('Admin/edit', [...])
 6 SYSTEMPATH\CodeIgniter.php(927): App\Controllers\Rangking->formedit('FCPATH\\assets', 'extensions', 'apexcharts', 'apexcharts.min.js')
 7 SYSTEMPATH\CodeIgniter.php(482): CodeIgniter\CodeIgniter->runController(Object(App\Controllers\Rangking))
 8 SYSTEMPATH\CodeIgniter.php(351): CodeIgniter\CodeIgniter->handleRequest(null, Object(Config\Cache), false)
 9 FCPATH\index.php(67): CodeIgniter\CodeIgniter->run()
10 SYSTEMPATH\Commands\Server\rewrite.php(46): require_once('FCPATH\\index.php')
CRITICAL - 2023-10-13 18:28:05 --> Trying to access array offset on value of type null
in APPPATH\Views\Admin\edit.php on line 7.
 1 APPPATH\Views\Admin\edit.php(7): CodeIgniter\Debug\Exceptions->errorHandler(2, 'Trying to access array offset on value of type null', 'APPPATH\\Views\\Admin\\edit.php', 7)
 2 SYSTEMPATH\View\View.php(213): include('APPPATH\\Views\\Admin\\edit.php')
 3 SYSTEMPATH\View\View.php(216): CodeIgniter\View\View->CodeIgniter\View\{closure}()
 4 SYSTEMPATH\Common.php(1134): CodeIgniter\View\View->render('Admin/edit', [], true)
 5 APPPATH\Controllers\Rangking.php(136): view('Admin/edit', [...])
 6 SYSTEMPATH\CodeIgniter.php(927): App\Controllers\Rangking->formedit('FCPATH\\assets', 'static', 'FCPATH\\js', 'pages', 'dashboard.js')
 7 SYSTEMPATH\CodeIgniter.php(482): CodeIgniter\CodeIgniter->runController(Object(App\Controllers\Rangking))
 8 SYSTEMPATH\CodeIgniter.php(351): CodeIgniter\CodeIgniter->handleRequest(null, Object(Config\Cache), false)
 9 FCPATH\index.php(67): CodeIgniter\CodeIgniter->run()
10 SYSTEMPATH\Commands\Server\rewrite.php(46): require_once('FCPATH\\index.php')
CRITICAL - 2023-10-13 19:45:36 --> Trying to access array offset on value of type null
in APPPATH\Views\Admin\edit.php on line 7.
 1 APPPATH\Views\Admin\edit.php(7): CodeIgniter\Debug\Exceptions->errorHandler(2, 'Trying to access array offset on value of type null', 'APPPATH\\Views\\Admin\\edit.php', 7)
 2 SYSTEMPATH\View\View.php(213): include('APPPATH\\Views\\Admin\\edit.php')
 3 SYSTEMPATH\View\View.php(216): CodeIgniter\View\View->CodeIgniter\View\{closure}()
 4 SYSTEMPATH\Common.php(1134): CodeIgniter\View\View->render('Admin/edit', [], true)
 5 APPPATH\Controllers\Rangking.php(131): view('Admin/edit', [...])
 6 SYSTEMPATH\CodeIgniter.php(927): App\Controllers\Rangking->formedit('FCPATH\\assets', 'static', 'FCPATH\\js', 'initTheme.js')
 7 SYSTEMPATH\CodeIgniter.php(482): CodeIgniter\CodeIgniter->runController(Object(App\Controllers\Rangking))
 8 SYSTEMPATH\CodeIgniter.php(351): CodeIgniter\CodeIgniter->handleRequest(null, Object(Config\Cache), false)
 9 FCPATH\index.php(67): CodeIgniter\CodeIgniter->run()
10 SYSTEMPATH\Commands\Server\rewrite.php(46): require_once('FCPATH\\index.php')
CRITICAL - 2023-10-13 19:45:36 --> Trying to access array offset on value of type null
in APPPATH\Views\Admin\edit.php on line 7.
 1 APPPATH\Views\Admin\edit.php(7): CodeIgniter\Debug\Exceptions->errorHandler(2, 'Trying to access array offset on value of type null', 'APPPATH\\Views\\Admin\\edit.php', 7)
 2 SYSTEMPATH\View\View.php(213): include('APPPATH\\Views\\Admin\\edit.php')
 3 SYSTEMPATH\View\View.php(216): CodeIgniter\View\View->CodeIgniter\View\{closure}()
 4 SYSTEMPATH\Common.php(1134): CodeIgniter\View\View->render('Admin/edit', [], true)
 5 APPPATH\Controllers\Rangking.php(131): view('Admin/edit', [...])
 6 SYSTEMPATH\CodeIgniter.php(927): App\Controllers\Rangking->formedit('FCPATH\\assets', 'static', 'FCPATH\\js', 'components', 'dark.js')
 7 SYSTEMPATH\CodeIgniter.php(482): CodeIgniter\CodeIgniter->runController(Object(App\Controllers\Rangking))
 8 SYSTEMPATH\CodeIgniter.php(351): CodeIgniter\CodeIgniter->handleRequest(null, Object(Config\Cache), false)
 9 FCPATH\index.php(67): CodeIgniter\CodeIgniter->run()
10 SYSTEMPATH\Commands\Server\rewrite.php(46): require_once('FCPATH\\index.php')
CRITICAL - 2023-10-13 19:45:37 --> Trying to access array offset on value of type null
in APPPATH\Views\Admin\edit.php on line 7.
 1 APPPATH\Views\Admin\edit.php(7): CodeIgniter\Debug\Exceptions->errorHandler(2, 'Trying to access array offset on value of type null', 'APPPATH\\Views\\Admin\\edit.php', 7)
 2 SYSTEMPATH\View\View.php(213): include('APPPATH\\Views\\Admin\\edit.php')
 3 SYSTEMPATH\View\View.php(216): CodeIgniter\View\View->CodeIgniter\View\{closure}()
 4 SYSTEMPATH\Common.php(1134): CodeIgniter\View\View->render('Admin/edit', [], true)
 5 APPPATH\Controllers\Rangking.php(131): view('Admin/edit', [...])
 6 SYSTEMPATH\CodeIgniter.php(927): App\Controllers\Rangking->formedit('FCPATH\\assets', 'extensions', 'perfect-scrollbar', 'perfect-scrollbar.min.js')
 7 SYSTEMPATH\CodeIgniter.php(482): CodeIgniter\CodeIgniter->runController(Object(App\Controllers\Rangking))
 8 SYSTEMPATH\CodeIgniter.php(351): CodeIgniter\CodeIgniter->handleRequest(null, Object(Config\Cache), false)
 9 FCPATH\index.php(67): CodeIgniter\CodeIgniter->run()
10 SYSTEMPATH\Commands\Server\rewrite.php(46): require_once('FCPATH\\index.php')
CRITICAL - 2023-10-13 19:45:37 --> Trying to access array offset on value of type null
in APPPATH\Views\Admin\edit.php on line 7.
 1 APPPATH\Views\Admin\edit.php(7): CodeIgniter\Debug\Exceptions->errorHandler(2, 'Trying to access array offset on value of type null', 'APPPATH\\Views\\Admin\\edit.php', 7)
 2 SYSTEMPATH\View\View.php(213): include('APPPATH\\Views\\Admin\\edit.php')
 3 SYSTEMPATH\View\View.php(216): CodeIgniter\View\View->CodeIgniter\View\{closure}()
 4 SYSTEMPATH\Common.php(1134): CodeIgniter\View\View->render('Admin/edit', [], true)
 5 APPPATH\Controllers\Rangking.php(131): view('Admin/edit', [...])
 6 SYSTEMPATH\CodeIgniter.php(927): App\Controllers\Rangking->formedit('FCPATH\\assets', 'compiled', 'FCPATH\\js', 'app.js')
 7 SYSTEMPATH\CodeIgniter.php(482): CodeIgniter\CodeIgniter->runController(Object(App\Controllers\Rangking))
 8 SYSTEMPATH\CodeIgniter.php(351): CodeIgniter\CodeIgniter->handleRequest(null, Object(Config\Cache), false)
 9 FCPATH\index.php(67): CodeIgniter\CodeIgniter->run()
10 SYSTEMPATH\Commands\Server\rewrite.php(46): require_once('FCPATH\\index.php')
CRITICAL - 2023-10-13 19:45:37 --> Trying to access array offset on value of type null
in APPPATH\Views\Admin\edit.php on line 7.
 1 APPPATH\Views\Admin\edit.php(7): CodeIgniter\Debug\Exceptions->errorHandler(2, 'Trying to access array offset on value of type null', 'APPPATH\\Views\\Admin\\edit.php', 7)
 2 SYSTEMPATH\View\View.php(213): include('APPPATH\\Views\\Admin\\edit.php')
 3 SYSTEMPATH\View\View.php(216): CodeIgniter\View\View->CodeIgniter\View\{closure}()
 4 SYSTEMPATH\Common.php(1134): CodeIgniter\View\View->render('Admin/edit', [], true)
 5 APPPATH\Controllers\Rangking.php(131): view('Admin/edit', [...])
 6 SYSTEMPATH\CodeIgniter.php(927): App\Controllers\Rangking->formedit('FCPATH\\assets', 'extensions', 'apexcharts', 'apexcharts.min.js')
 7 SYSTEMPATH\CodeIgniter.php(482): CodeIgniter\CodeIgniter->runController(Object(App\Controllers\Rangking))
 8 SYSTEMPATH\CodeIgniter.php(351): CodeIgniter\CodeIgniter->handleRequest(null, Object(Config\Cache), false)
 9 FCPATH\index.php(67): CodeIgniter\CodeIgniter->run()
10 SYSTEMPATH\Commands\Server\rewrite.php(46): require_once('FCPATH\\index.php')
CRITICAL - 2023-10-13 19:45:38 --> Trying to access array offset on value of type null
in APPPATH\Views\Admin\edit.php on line 7.
 1 APPPATH\Views\Admin\edit.php(7): CodeIgniter\Debug\Exceptions->errorHandler(2, 'Trying to access array offset on value of type null', 'APPPATH\\Views\\Admin\\edit.php', 7)
 2 SYSTEMPATH\View\View.php(213): include('APPPATH\\Views\\Admin\\edit.php')
 3 SYSTEMPATH\View\View.php(216): CodeIgniter\View\View->CodeIgniter\View\{closure}()
 4 SYSTEMPATH\Common.php(1134): CodeIgniter\View\View->render('Admin/edit', [], true)
 5 APPPATH\Controllers\Rangking.php(131): view('Admin/edit', [...])
 6 SYSTEMPATH\CodeIgniter.php(927): App\Controllers\Rangking->formedit('FCPATH\\assets', 'static', 'FCPATH\\js', 'pages', 'dashboard.js')
 7 SYSTEMPATH\CodeIgniter.php(482): CodeIgniter\CodeIgniter->runController(Object(App\Controllers\Rangking))
 8 SYSTEMPATH\CodeIgniter.php(351): CodeIgniter\CodeIgniter->handleRequest(null, Object(Config\Cache), false)
 9 FCPATH\index.php(67): CodeIgniter\CodeIgniter->run()
10 SYSTEMPATH\Commands\Server\rewrite.php(46): require_once('FCPATH\\index.php')
CRITICAL - 2023-10-13 19:47:37 --> Trying to access array offset on value of type null
in APPPATH\Views\Admin\edit.php on line 7.
 1 APPPATH\Views\Admin\edit.php(7): CodeIgniter\Debug\Exceptions->errorHandler(2, 'Trying to access array offset on value of type null', 'APPPATH\\Views\\Admin\\edit.php', 7)
 2 SYSTEMPATH\View\View.php(213): include('APPPATH\\Views\\Admin\\edit.php')
 3 SYSTEMPATH\View\View.php(216): CodeIgniter\View\View->CodeIgniter\View\{closure}()
 4 SYSTEMPATH\Common.php(1134): CodeIgniter\View\View->render('Admin/edit', [], true)
 5 APPPATH\Controllers\Rangking.php(131): view('Admin/edit', [...])
 6 SYSTEMPATH\CodeIgniter.php(927): App\Controllers\Rangking->formedit('FCPATH\\assets', 'static', 'FCPATH\\js', 'initTheme.js')
 7 SYSTEMPATH\CodeIgniter.php(482): CodeIgniter\CodeIgniter->runController(Object(App\Controllers\Rangking))
 8 SYSTEMPATH\CodeIgniter.php(351): CodeIgniter\CodeIgniter->handleRequest(null, Object(Config\Cache), false)
 9 FCPATH\index.php(67): CodeIgniter\CodeIgniter->run()
10 SYSTEMPATH\Commands\Server\rewrite.php(46): require_once('FCPATH\\index.php')
CRITICAL - 2023-10-13 19:47:38 --> Trying to access array offset on value of type null
in APPPATH\Views\Admin\edit.php on line 7.
 1 APPPATH\Views\Admin\edit.php(7): CodeIgniter\Debug\Exceptions->errorHandler(2, 'Trying to access array offset on value of type null', 'APPPATH\\Views\\Admin\\edit.php', 7)
 2 SYSTEMPATH\View\View.php(213): include('APPPATH\\Views\\Admin\\edit.php')
 3 SYSTEMPATH\View\View.php(216): CodeIgniter\View\View->CodeIgniter\View\{closure}()
 4 SYSTEMPATH\Common.php(1134): CodeIgniter\View\View->render('Admin/edit', [], true)
 5 APPPATH\Controllers\Rangking.php(131): view('Admin/edit', [...])
 6 SYSTEMPATH\CodeIgniter.php(927): App\Controllers\Rangking->formedit('FCPATH\\assets', 'static', 'FCPATH\\js', 'components', 'dark.js')
 7 SYSTEMPATH\CodeIgniter.php(482): CodeIgniter\CodeIgniter->runController(Object(App\Controllers\Rangking))
 8 SYSTEMPATH\CodeIgniter.php(351): CodeIgniter\CodeIgniter->handleRequest(null, Object(Config\Cache), false)
 9 FCPATH\index.php(67): CodeIgniter\CodeIgniter->run()
10 SYSTEMPATH\Commands\Server\rewrite.php(46): require_once('FCPATH\\index.php')
CRITICAL - 2023-10-13 19:47:38 --> Trying to access array offset on value of type null
in APPPATH\Views\Admin\edit.php on line 7.
 1 APPPATH\Views\Admin\edit.php(7): CodeIgniter\Debug\Exceptions->errorHandler(2, 'Trying to access array offset on value of type null', 'APPPATH\\Views\\Admin\\edit.php', 7)
 2 SYSTEMPATH\View\View.php(213): include('APPPATH\\Views\\Admin\\edit.php')
 3 SYSTEMPATH\View\View.php(216): CodeIgniter\View\View->CodeIgniter\View\{closure}()
 4 SYSTEMPATH\Common.php(1134): CodeIgniter\View\View->render('Admin/edit', [], true)
 5 APPPATH\Controllers\Rangking.php(131): view('Admin/edit', [...])
 6 SYSTEMPATH\CodeIgniter.php(927): App\Controllers\Rangking->formedit('FCPATH\\assets', 'extensions', 'perfect-scrollbar', 'perfect-scrollbar.min.js')
 7 SYSTEMPATH\CodeIgniter.php(482): CodeIgniter\CodeIgniter->runController(Object(App\Controllers\Rangking))
 8 SYSTEMPATH\CodeIgniter.php(351): CodeIgniter\CodeIgniter->handleRequest(null, Object(Config\Cache), false)
 9 FCPATH\index.php(67): CodeIgniter\CodeIgniter->run()
10 SYSTEMPATH\Commands\Server\rewrite.php(46): require_once('FCPATH\\index.php')
CRITICAL - 2023-10-13 19:47:38 --> Trying to access array offset on value of type null
in APPPATH\Views\Admin\edit.php on line 7.
 1 APPPATH\Views\Admin\edit.php(7): CodeIgniter\Debug\Exceptions->errorHandler(2, 'Trying to access array offset on value of type null', 'APPPATH\\Views\\Admin\\edit.php', 7)
 2 SYSTEMPATH\View\View.php(213): include('APPPATH\\Views\\Admin\\edit.php')
 3 SYSTEMPATH\View\View.php(216): CodeIgniter\View\View->CodeIgniter\View\{closure}()
 4 SYSTEMPATH\Common.php(1134): CodeIgniter\View\View->render('Admin/edit', [], true)
 5 APPPATH\Controllers\Rangking.php(131): view('Admin/edit', [...])
 6 SYSTEMPATH\CodeIgniter.php(927): App\Controllers\Rangking->formedit('FCPATH\\assets', 'compiled', 'FCPATH\\js', 'app.js')
 7 SYSTEMPATH\CodeIgniter.php(482): CodeIgniter\CodeIgniter->runController(Object(App\Controllers\Rangking))
 8 SYSTEMPATH\CodeIgniter.php(351): CodeIgniter\CodeIgniter->handleRequest(null, Object(Config\Cache), false)
 9 FCPATH\index.php(67): CodeIgniter\CodeIgniter->run()
10 SYSTEMPATH\Commands\Server\rewrite.php(46): require_once('FCPATH\\index.php')
CRITICAL - 2023-10-13 19:47:39 --> Trying to access array offset on value of type null
in APPPATH\Views\Admin\edit.php on line 7.
 1 APPPATH\Views\Admin\edit.php(7): CodeIgniter\Debug\Exceptions->errorHandler(2, 'Trying to access array offset on value of type null', 'APPPATH\\Views\\Admin\\edit.php', 7)
 2 SYSTEMPATH\View\View.php(213): include('APPPATH\\Views\\Admin\\edit.php')
 3 SYSTEMPATH\View\View.php(216): CodeIgniter\View\View->CodeIgniter\View\{closure}()
 4 SYSTEMPATH\Common.php(1134): CodeIgniter\View\View->render('Admin/edit', [], true)
 5 APPPATH\Controllers\Rangking.php(131): view('Admin/edit', [...])
 6 SYSTEMPATH\CodeIgniter.php(927): App\Controllers\Rangking->formedit('FCPATH\\assets', 'extensions', 'apexcharts', 'apexcharts.min.js')
 7 SYSTEMPATH\CodeIgniter.php(482): CodeIgniter\CodeIgniter->runController(Object(App\Controllers\Rangking))
 8 SYSTEMPATH\CodeIgniter.php(351): CodeIgniter\CodeIgniter->handleRequest(null, Object(Config\Cache), false)
 9 FCPATH\index.php(67): CodeIgniter\CodeIgniter->run()
10 SYSTEMPATH\Commands\Server\rewrite.php(46): require_once('FCPATH\\index.php')
CRITICAL - 2023-10-13 19:47:39 --> Trying to access array offset on value of type null
in APPPATH\Views\Admin\edit.php on line 7.
 1 APPPATH\Views\Admin\edit.php(7): CodeIgniter\Debug\Exceptions->errorHandler(2, 'Trying to access array offset on value of type null', 'APPPATH\\Views\\Admin\\edit.php', 7)
 2 SYSTEMPATH\View\View.php(213): include('APPPATH\\Views\\Admin\\edit.php')
 3 SYSTEMPATH\View\View.php(216): CodeIgniter\View\View->CodeIgniter\View\{closure}()
 4 SYSTEMPATH\Common.php(1134): CodeIgniter\View\View->render('Admin/edit', [], true)
 5 APPPATH\Controllers\Rangking.php(131): view('Admin/edit', [...])
 6 SYSTEMPATH\CodeIgniter.php(927): App\Controllers\Rangking->formedit('FCPATH\\assets', 'static', 'FCPATH\\js', 'pages', 'dashboard.js')
 7 SYSTEMPATH\CodeIgniter.php(482): CodeIgniter\CodeIgniter->runController(Object(App\Controllers\Rangking))
 8 SYSTEMPATH\CodeIgniter.php(351): CodeIgniter\CodeIgniter->handleRequest(null, Object(Config\Cache), false)
 9 FCPATH\index.php(67): CodeIgniter\CodeIgniter->run()
10 SYSTEMPATH\Commands\Server\rewrite.php(46): require_once('FCPATH\\index.php')
CRITICAL - 2023-10-13 20:38:06 --> Trying to access array offset on value of type null
in APPPATH\Views\Admin\edit.php on line 7.
 1 APPPATH\Views\Admin\edit.php(7): CodeIgniter\Debug\Exceptions->errorHandler(2, 'Trying to access array offset on value of type null', 'APPPATH\\Views\\Admin\\edit.php', 7)
 2 SYSTEMPATH\View\View.php(213): include('APPPATH\\Views\\Admin\\edit.php')
 3 SYSTEMPATH\View\View.php(216): CodeIgniter\View\View->CodeIgniter\View\{closure}()
 4 SYSTEMPATH\Common.php(1134): CodeIgniter\View\View->render('Admin/edit', [], true)
 5 APPPATH\Controllers\Rangking.php(131): view('Admin/edit', [...])
 6 SYSTEMPATH\CodeIgniter.php(927): App\Controllers\Rangking->formedit('FCPATH\\assets', 'static', 'FCPATH\\js', 'initTheme.js')
 7 SYSTEMPATH\CodeIgniter.php(482): CodeIgniter\CodeIgniter->runController(Object(App\Controllers\Rangking))
 8 SYSTEMPATH\CodeIgniter.php(351): CodeIgniter\CodeIgniter->handleRequest(null, Object(Config\Cache), false)
 9 FCPATH\index.php(67): CodeIgniter\CodeIgniter->run()
10 SYSTEMPATH\Commands\Server\rewrite.php(46): require_once('FCPATH\\index.php')
CRITICAL - 2023-10-13 20:38:06 --> Trying to access array offset on value of type null
in APPPATH\Views\Admin\edit.php on line 7.
 1 APPPATH\Views\Admin\edit.php(7): CodeIgniter\Debug\Exceptions->errorHandler(2, 'Trying to access array offset on value of type null', 'APPPATH\\Views\\Admin\\edit.php', 7)
 2 SYSTEMPATH\View\View.php(213): include('APPPATH\\Views\\Admin\\edit.php')
 3 SYSTEMPATH\View\View.php(216): CodeIgniter\View\View->CodeIgniter\View\{closure}()
 4 SYSTEMPATH\Common.php(1134): CodeIgniter\View\View->render('Admin/edit', [], true)
 5 APPPATH\Controllers\Rangking.php(131): view('Admin/edit', [...])
 6 SYSTEMPATH\CodeIgniter.php(927): App\Controllers\Rangking->formedit('FCPATH\\assets', 'static', 'FCPATH\\js', 'components', 'dark.js')
 7 SYSTEMPATH\CodeIgniter.php(482): CodeIgniter\CodeIgniter->runController(Object(App\Controllers\Rangking))
 8 SYSTEMPATH\CodeIgniter.php(351): CodeIgniter\CodeIgniter->handleRequest(null, Object(Config\Cache), false)
 9 FCPATH\index.php(67): CodeIgniter\CodeIgniter->run()
10 SYSTEMPATH\Commands\Server\rewrite.php(46): require_once('FCPATH\\index.php')
CRITICAL - 2023-10-13 20:38:06 --> Trying to access array offset on value of type null
in APPPATH\Views\Admin\edit.php on line 7.
 1 APPPATH\Views\Admin\edit.php(7): CodeIgniter\Debug\Exceptions->errorHandler(2, 'Trying to access array offset on value of type null', 'APPPATH\\Views\\Admin\\edit.php', 7)
 2 SYSTEMPATH\View\View.php(213): include('APPPATH\\Views\\Admin\\edit.php')
 3 SYSTEMPATH\View\View.php(216): CodeIgniter\View\View->CodeIgniter\View\{closure}()
 4 SYSTEMPATH\Common.php(1134): CodeIgniter\View\View->render('Admin/edit', [], true)
 5 APPPATH\Controllers\Rangking.php(131): view('Admin/edit', [...])
 6 SYSTEMPATH\CodeIgniter.php(927): App\Controllers\Rangking->formedit('FCPATH\\assets', 'extensions', 'perfect-scrollbar', 'perfect-scrollbar.min.js')
 7 SYSTEMPATH\CodeIgniter.php(482): CodeIgniter\CodeIgniter->runController(Object(App\Controllers\Rangking))
 8 SYSTEMPATH\CodeIgniter.php(351): CodeIgniter\CodeIgniter->handleRequest(null, Object(Config\Cache), false)
 9 FCPATH\index.php(67): CodeIgniter\CodeIgniter->run()
10 SYSTEMPATH\Commands\Server\rewrite.php(46): require_once('FCPATH\\index.php')
CRITICAL - 2023-10-13 20:38:07 --> Trying to access array offset on value of type null
in APPPATH\Views\Admin\edit.php on line 7.
 1 APPPATH\Views\Admin\edit.php(7): CodeIgniter\Debug\Exceptions->errorHandler(2, 'Trying to access array offset on value of type null', 'APPPATH\\Views\\Admin\\edit.php', 7)
 2 SYSTEMPATH\View\View.php(213): include('APPPATH\\Views\\Admin\\edit.php')
 3 SYSTEMPATH\View\View.php(216): CodeIgniter\View\View->CodeIgniter\View\{closure}()
 4 SYSTEMPATH\Common.php(1134): CodeIgniter\View\View->render('Admin/edit', [], true)
 5 APPPATH\Controllers\Rangking.php(131): view('Admin/edit', [...])
 6 SYSTEMPATH\CodeIgniter.php(927): App\Controllers\Rangking->formedit('FCPATH\\assets', 'extensions', 'apexcharts', 'apexcharts.min.js')
 7 SYSTEMPATH\CodeIgniter.php(482): CodeIgniter\CodeIgniter->runController(Object(App\Controllers\Rangking))
 8 SYSTEMPATH\CodeIgniter.php(351): CodeIgniter\CodeIgniter->handleRequest(null, Object(Config\Cache), false)
 9 FCPATH\index.php(67): CodeIgniter\CodeIgniter->run()
10 SYSTEMPATH\Commands\Server\rewrite.php(46): require_once('FCPATH\\index.php')
CRITICAL - 2023-10-13 20:38:07 --> Trying to access array offset on value of type null
in APPPATH\Views\Admin\edit.php on line 7.
 1 APPPATH\Views\Admin\edit.php(7): CodeIgniter\Debug\Exceptions->errorHandler(2, 'Trying to access array offset on value of type null', 'APPPATH\\Views\\Admin\\edit.php', 7)
 2 SYSTEMPATH\View\View.php(213): include('APPPATH\\Views\\Admin\\edit.php')
 3 SYSTEMPATH\View\View.php(216): CodeIgniter\View\View->CodeIgniter\View\{closure}()
 4 SYSTEMPATH\Common.php(1134): CodeIgniter\View\View->render('Admin/edit', [], true)
 5 APPPATH\Controllers\Rangking.php(131): view('Admin/edit', [...])
 6 SYSTEMPATH\CodeIgniter.php(927): App\Controllers\Rangking->formedit('FCPATH\\assets', 'compiled', 'FCPATH\\js', 'app.js')
 7 SYSTEMPATH\CodeIgniter.php(482): CodeIgniter\CodeIgniter->runController(Object(App\Controllers\Rangking))
 8 SYSTEMPATH\CodeIgniter.php(351): CodeIgniter\CodeIgniter->handleRequest(null, Object(Config\Cache), false)
 9 FCPATH\index.php(67): CodeIgniter\CodeIgniter->run()
10 SYSTEMPATH\Commands\Server\rewrite.php(46): require_once('FCPATH\\index.php')
CRITICAL - 2023-10-13 20:38:07 --> Trying to access array offset on value of type null
in APPPATH\Views\Admin\edit.php on line 7.
 1 APPPATH\Views\Admin\edit.php(7): CodeIgniter\Debug\Exceptions->errorHandler(2, 'Trying to access array offset on value of type null', 'APPPATH\\Views\\Admin\\edit.php', 7)
 2 SYSTEMPATH\View\View.php(213): include('APPPATH\\Views\\Admin\\edit.php')
 3 SYSTEMPATH\View\View.php(216): CodeIgniter\View\View->CodeIgniter\View\{closure}()
 4 SYSTEMPATH\Common.php(1134): CodeIgniter\View\View->render('Admin/edit', [], true)
 5 APPPATH\Controllers\Rangking.php(131): view('Admin/edit', [...])
 6 SYSTEMPATH\CodeIgniter.php(927): App\Controllers\Rangking->formedit('FCPATH\\assets', 'static', 'FCPATH\\js', 'pages', 'dashboard.js')
 7 SYSTEMPATH\CodeIgniter.php(482): CodeIgniter\CodeIgniter->runController(Object(App\Controllers\Rangking))
 8 SYSTEMPATH\CodeIgniter.php(351): CodeIgniter\CodeIgniter->handleRequest(null, Object(Config\Cache), false)
 9 FCPATH\index.php(67): CodeIgniter\CodeIgniter->run()
10 SYSTEMPATH\Commands\Server\rewrite.php(46): require_once('FCPATH\\index.php')
CRITICAL - 2023-10-13 20:39:58 --> Trying to access array offset on value of type null
in APPPATH\Views\Admin\edit.php on line 7.
 1 APPPATH\Views\Admin\edit.php(7): CodeIgniter\Debug\Exceptions->errorHandler(2, 'Trying to access array offset on value of type null', 'APPPATH\\Views\\Admin\\edit.php', 7)
 2 SYSTEMPATH\View\View.php(213): include('APPPATH\\Views\\Admin\\edit.php')
 3 SYSTEMPATH\View\View.php(216): CodeIgniter\View\View->CodeIgniter\View\{closure}()
 4 SYSTEMPATH\Common.php(1134): CodeIgniter\View\View->render('Admin/edit', [], true)
 5 APPPATH\Controllers\Rangking.php(131): view('Admin/edit', [...])
 6 SYSTEMPATH\CodeIgniter.php(927): App\Controllers\Rangking->formedit('FCPATH\\assets', 'static', 'FCPATH\\js', 'initTheme.js')
 7 SYSTEMPATH\CodeIgniter.php(482): CodeIgniter\CodeIgniter->runController(Object(App\Controllers\Rangking))
 8 SYSTEMPATH\CodeIgniter.php(351): CodeIgniter\CodeIgniter->handleRequest(null, Object(Config\Cache), false)
 9 FCPATH\index.php(67): CodeIgniter\CodeIgniter->run()
10 SYSTEMPATH\Commands\Server\rewrite.php(46): require_once('FCPATH\\index.php')
CRITICAL - 2023-10-13 20:39:58 --> Trying to access array offset on value of type null
in APPPATH\Views\Admin\edit.php on line 7.
 1 APPPATH\Views\Admin\edit.php(7): CodeIgniter\Debug\Exceptions->errorHandler(2, 'Trying to access array offset on value of type null', 'APPPATH\\Views\\Admin\\edit.php', 7)
 2 SYSTEMPATH\View\View.php(213): include('APPPATH\\Views\\Admin\\edit.php')
 3 SYSTEMPATH\View\View.php(216): CodeIgniter\View\View->CodeIgniter\View\{closure}()
 4 SYSTEMPATH\Common.php(1134): CodeIgniter\View\View->render('Admin/edit', [], true)
 5 APPPATH\Controllers\Rangking.php(131): view('Admin/edit', [...])
 6 SYSTEMPATH\CodeIgniter.php(927): App\Controllers\Rangking->formedit('FCPATH\\assets', 'static', 'FCPATH\\js', 'components', 'dark.js')
 7 SYSTEMPATH\CodeIgniter.php(482): CodeIgniter\CodeIgniter->runController(Object(App\Controllers\Rangking))
 8 SYSTEMPATH\CodeIgniter.php(351): CodeIgniter\CodeIgniter->handleRequest(null, Object(Config\Cache), false)
 9 FCPATH\index.php(67): CodeIgniter\CodeIgniter->run()
10 SYSTEMPATH\Commands\Server\rewrite.php(46): require_once('FCPATH\\index.php')
CRITICAL - 2023-10-13 20:39:59 --> Trying to access array offset on value of type null
in APPPATH\Views\Admin\edit.php on line 7.
 1 APPPATH\Views\Admin\edit.php(7): CodeIgniter\Debug\Exceptions->errorHandler(2, 'Trying to access array offset on value of type null', 'APPPATH\\Views\\Admin\\edit.php', 7)
 2 SYSTEMPATH\View\View.php(213): include('APPPATH\\Views\\Admin\\edit.php')
 3 SYSTEMPATH\View\View.php(216): CodeIgniter\View\View->CodeIgniter\View\{closure}()
 4 SYSTEMPATH\Common.php(1134): CodeIgniter\View\View->render('Admin/edit', [], true)
 5 APPPATH\Controllers\Rangking.php(131): view('Admin/edit', [...])
 6 SYSTEMPATH\CodeIgniter.php(927): App\Controllers\Rangking->formedit('FCPATH\\assets', 'extensions', 'perfect-scrollbar', 'perfect-scrollbar.min.js')
 7 SYSTEMPATH\CodeIgniter.php(482): CodeIgniter\CodeIgniter->runController(Object(App\Controllers\Rangking))
 8 SYSTEMPATH\CodeIgniter.php(351): CodeIgniter\CodeIgniter->handleRequest(null, Object(Config\Cache), false)
 9 FCPATH\index.php(67): CodeIgniter\CodeIgniter->run()
10 SYSTEMPATH\Commands\Server\rewrite.php(46): require_once('FCPATH\\index.php')
CRITICAL - 2023-10-13 20:39:59 --> Trying to access array offset on value of type null
in APPPATH\Views\Admin\edit.php on line 7.
 1 APPPATH\Views\Admin\edit.php(7): CodeIgniter\Debug\Exceptions->errorHandler(2, 'Trying to access array offset on value of type null', 'APPPATH\\Views\\Admin\\edit.php', 7)
 2 SYSTEMPATH\View\View.php(213): include('APPPATH\\Views\\Admin\\edit.php')
 3 SYSTEMPATH\View\View.php(216): CodeIgniter\View\View->CodeIgniter\View\{closure}()
 4 SYSTEMPATH\Common.php(1134): CodeIgniter\View\View->render('Admin/edit', [], true)
 5 APPPATH\Controllers\Rangking.php(131): view('Admin/edit', [...])
 6 SYSTEMPATH\CodeIgniter.php(927): App\Controllers\Rangking->formedit('FCPATH\\assets', 'compiled', 'FCPATH\\js', 'app.js')
 7 SYSTEMPATH\CodeIgniter.php(482): CodeIgniter\CodeIgniter->runController(Object(App\Controllers\Rangking))
 8 SYSTEMPATH\CodeIgniter.php(351): CodeIgniter\CodeIgniter->handleRequest(null, Object(Config\Cache), false)
 9 FCPATH\index.php(67): CodeIgniter\CodeIgniter->run()
10 SYSTEMPATH\Commands\Server\rewrite.php(46): require_once('FCPATH\\index.php')
CRITICAL - 2023-10-13 20:39:59 --> Trying to access array offset on value of type null
in APPPATH\Views\Admin\edit.php on line 7.
 1 APPPATH\Views\Admin\edit.php(7): CodeIgniter\Debug\Exceptions->errorHandler(2, 'Trying to access array offset on value of type null', 'APPPATH\\Views\\Admin\\edit.php', 7)
 2 SYSTEMPATH\View\View.php(213): include('APPPATH\\Views\\Admin\\edit.php')
 3 SYSTEMPATH\View\View.php(216): CodeIgniter\View\View->CodeIgniter\View\{closure}()
 4 SYSTEMPATH\Common.php(1134): CodeIgniter\View\View->render('Admin/edit', [], true)
 5 APPPATH\Controllers\Rangking.php(131): view('Admin/edit', [...])
 6 SYSTEMPATH\CodeIgniter.php(927): App\Controllers\Rangking->formedit('FCPATH\\assets', 'extensions', 'apexcharts', 'apexcharts.min.js')
 7 SYSTEMPATH\CodeIgniter.php(482): CodeIgniter\CodeIgniter->runController(Object(App\Controllers\Rangking))
 8 SYSTEMPATH\CodeIgniter.php(351): CodeIgniter\CodeIgniter->handleRequest(null, Object(Config\Cache), false)
 9 FCPATH\index.php(67): CodeIgniter\CodeIgniter->run()
10 SYSTEMPATH\Commands\Server\rewrite.php(46): require_once('FCPATH\\index.php')
CRITICAL - 2023-10-13 20:40:00 --> Trying to access array offset on value of type null
in APPPATH\Views\Admin\edit.php on line 7.
 1 APPPATH\Views\Admin\edit.php(7): CodeIgniter\Debug\Exceptions->errorHandler(2, 'Trying to access array offset on value of type null', 'APPPATH\\Views\\Admin\\edit.php', 7)
 2 SYSTEMPATH\View\View.php(213): include('APPPATH\\Views\\Admin\\edit.php')
 3 SYSTEMPATH\View\View.php(216): CodeIgniter\View\View->CodeIgniter\View\{closure}()
 4 SYSTEMPATH\Common.php(1134): CodeIgniter\View\View->render('Admin/edit', [], true)
 5 APPPATH\Controllers\Rangking.php(131): view('Admin/edit', [...])
 6 SYSTEMPATH\CodeIgniter.php(927): App\Controllers\Rangking->formedit('FCPATH\\assets', 'static', 'FCPATH\\js', 'pages', 'dashboard.js')
 7 SYSTEMPATH\CodeIgniter.php(482): CodeIgniter\CodeIgniter->runController(Object(App\Controllers\Rangking))
 8 SYSTEMPATH\CodeIgniter.php(351): CodeIgniter\CodeIgniter->handleRequest(null, Object(Config\Cache), false)
 9 FCPATH\index.php(67): CodeIgniter\CodeIgniter->run()
10 SYSTEMPATH\Commands\Server\rewrite.php(46): require_once('FCPATH\\index.php')
CRITICAL - 2023-10-13 20:40:40 --> Trying to access array offset on value of type null
in APPPATH\Views\Admin\edit.php on line 7.
 1 APPPATH\Views\Admin\edit.php(7): CodeIgniter\Debug\Exceptions->errorHandler(2, 'Trying to access array offset on value of type null', 'APPPATH\\Views\\Admin\\edit.php', 7)
 2 SYSTEMPATH\View\View.php(213): include('APPPATH\\Views\\Admin\\edit.php')
 3 SYSTEMPATH\View\View.php(216): CodeIgniter\View\View->CodeIgniter\View\{closure}()
 4 SYSTEMPATH\Common.php(1134): CodeIgniter\View\View->render('Admin/edit', [], true)
 5 APPPATH\Controllers\Rangking.php(131): view('Admin/edit', [...])
 6 SYSTEMPATH\CodeIgniter.php(927): App\Controllers\Rangking->formedit('FCPATH\\assets', 'static', 'FCPATH\\js', 'initTheme.js')
 7 SYSTEMPATH\CodeIgniter.php(482): CodeIgniter\CodeIgniter->runController(Object(App\Controllers\Rangking))
 8 SYSTEMPATH\CodeIgniter.php(351): CodeIgniter\CodeIgniter->handleRequest(null, Object(Config\Cache), false)
 9 FCPATH\index.php(67): CodeIgniter\CodeIgniter->run()
10 SYSTEMPATH\Commands\Server\rewrite.php(46): require_once('FCPATH\\index.php')
CRITICAL - 2023-10-13 20:40:41 --> Trying to access array offset on value of type null
in APPPATH\Views\Admin\edit.php on line 7.
 1 APPPATH\Views\Admin\edit.php(7): CodeIgniter\Debug\Exceptions->errorHandler(2, 'Trying to access array offset on value of type null', 'APPPATH\\Views\\Admin\\edit.php', 7)
 2 SYSTEMPATH\View\View.php(213): include('APPPATH\\Views\\Admin\\edit.php')
 3 SYSTEMPATH\View\View.php(216): CodeIgniter\View\View->CodeIgniter\View\{closure}()
 4 SYSTEMPATH\Common.php(1134): CodeIgniter\View\View->render('Admin/edit', [], true)
 5 APPPATH\Controllers\Rangking.php(131): view('Admin/edit', [...])
 6 SYSTEMPATH\CodeIgniter.php(927): App\Controllers\Rangking->formedit('FCPATH\\assets', 'static', 'FCPATH\\js', 'components', 'dark.js')
 7 SYSTEMPATH\CodeIgniter.php(482): CodeIgniter\CodeIgniter->runController(Object(App\Controllers\Rangking))
 8 SYSTEMPATH\CodeIgniter.php(351): CodeIgniter\CodeIgniter->handleRequest(null, Object(Config\Cache), false)
 9 FCPATH\index.php(67): CodeIgniter\CodeIgniter->run()
10 SYSTEMPATH\Commands\Server\rewrite.php(46): require_once('FCPATH\\index.php')
CRITICAL - 2023-10-13 20:40:41 --> Trying to access array offset on value of type null
in APPPATH\Views\Admin\edit.php on line 7.
 1 APPPATH\Views\Admin\edit.php(7): CodeIgniter\Debug\Exceptions->errorHandler(2, 'Trying to access array offset on value of type null', 'APPPATH\\Views\\Admin\\edit.php', 7)
 2 SYSTEMPATH\View\View.php(213): include('APPPATH\\Views\\Admin\\edit.php')
 3 SYSTEMPATH\View\View.php(216): CodeIgniter\View\View->CodeIgniter\View\{closure}()
 4 SYSTEMPATH\Common.php(1134): CodeIgniter\View\View->render('Admin/edit', [], true)
 5 APPPATH\Controllers\Rangking.php(131): view('Admin/edit', [...])
 6 SYSTEMPATH\CodeIgniter.php(927): App\Controllers\Rangking->formedit('FCPATH\\assets', 'extensions', 'perfect-scrollbar', 'perfect-scrollbar.min.js')
 7 SYSTEMPATH\CodeIgniter.php(482): CodeIgniter\CodeIgniter->runController(Object(App\Controllers\Rangking))
 8 SYSTEMPATH\CodeIgniter.php(351): CodeIgniter\CodeIgniter->handleRequest(null, Object(Config\Cache), false)
 9 FCPATH\index.php(67): CodeIgniter\CodeIgniter->run()
10 SYSTEMPATH\Commands\Server\rewrite.php(46): require_once('FCPATH\\index.php')
CRITICAL - 2023-10-13 20:40:41 --> Trying to access array offset on value of type null
in APPPATH\Views\Admin\edit.php on line 7.
 1 APPPATH\Views\Admin\edit.php(7): CodeIgniter\Debug\Exceptions->errorHandler(2, 'Trying to access array offset on value of type null', 'APPPATH\\Views\\Admin\\edit.php', 7)
 2 SYSTEMPATH\View\View.php(213): include('APPPATH\\Views\\Admin\\edit.php')
 3 SYSTEMPATH\View\View.php(216): CodeIgniter\View\View->CodeIgniter\View\{closure}()
 4 SYSTEMPATH\Common.php(1134): CodeIgniter\View\View->render('Admin/edit', [], true)
 5 APPPATH\Controllers\Rangking.php(131): view('Admin/edit', [...])
 6 SYSTEMPATH\CodeIgniter.php(927): App\Controllers\Rangking->formedit('FCPATH\\assets', 'compiled', 'FCPATH\\js', 'app.js')
 7 SYSTEMPATH\CodeIgniter.php(482): CodeIgniter\CodeIgniter->runController(Object(App\Controllers\Rangking))
 8 SYSTEMPATH\CodeIgniter.php(351): CodeIgniter\CodeIgniter->handleRequest(null, Object(Config\Cache), false)
 9 FCPATH\index.php(67): CodeIgniter\CodeIgniter->run()
10 SYSTEMPATH\Commands\Server\rewrite.php(46): require_once('FCPATH\\index.php')
CRITICAL - 2023-10-13 20:40:42 --> Trying to access array offset on value of type null
in APPPATH\Views\Admin\edit.php on line 7.
 1 APPPATH\Views\Admin\edit.php(7): CodeIgniter\Debug\Exceptions->errorHandler(2, 'Trying to access array offset on value of type null', 'APPPATH\\Views\\Admin\\edit.php', 7)
 2 SYSTEMPATH\View\View.php(213): include('APPPATH\\Views\\Admin\\edit.php')
 3 SYSTEMPATH\View\View.php(216): CodeIgniter\View\View->CodeIgniter\View\{closure}()
 4 SYSTEMPATH\Common.php(1134): CodeIgniter\View\View->render('Admin/edit', [], true)
 5 APPPATH\Controllers\Rangking.php(131): view('Admin/edit', [...])
 6 SYSTEMPATH\CodeIgniter.php(927): App\Controllers\Rangking->formedit('FCPATH\\assets', 'extensions', 'apexcharts', 'apexcharts.min.js')
 7 SYSTEMPATH\CodeIgniter.php(482): CodeIgniter\CodeIgniter->runController(Object(App\Controllers\Rangking))
 8 SYSTEMPATH\CodeIgniter.php(351): CodeIgniter\CodeIgniter->handleRequest(null, Object(Config\Cache), false)
 9 FCPATH\index.php(67): CodeIgniter\CodeIgniter->run()
10 SYSTEMPATH\Commands\Server\rewrite.php(46): require_once('FCPATH\\index.php')
CRITICAL - 2023-10-13 20:40:42 --> Trying to access array offset on value of type null
in APPPATH\Views\Admin\edit.php on line 7.
 1 APPPATH\Views\Admin\edit.php(7): CodeIgniter\Debug\Exceptions->errorHandler(2, 'Trying to access array offset on value of type null', 'APPPATH\\Views\\Admin\\edit.php', 7)
 2 SYSTEMPATH\View\View.php(213): include('APPPATH\\Views\\Admin\\edit.php')
 3 SYSTEMPATH\View\View.php(216): CodeIgniter\View\View->CodeIgniter\View\{closure}()
 4 SYSTEMPATH\Common.php(1134): CodeIgniter\View\View->render('Admin/edit', [], true)
 5 APPPATH\Controllers\Rangking.php(131): view('Admin/edit', [...])
 6 SYSTEMPATH\CodeIgniter.php(927): App\Controllers\Rangking->formedit('FCPATH\\assets', 'static', 'FCPATH\\js', 'pages', 'dashboard.js')
 7 SYSTEMPATH\CodeIgniter.php(482): CodeIgniter\CodeIgniter->runController(Object(App\Controllers\Rangking))
 8 SYSTEMPATH\CodeIgniter.php(351): CodeIgniter\CodeIgniter->handleRequest(null, Object(Config\Cache), false)
 9 FCPATH\index.php(67): CodeIgniter\CodeIgniter->run()
10 SYSTEMPATH\Commands\Server\rewrite.php(46): require_once('FCPATH\\index.php')
