CRITICAL - 2023-12-01 03:15:51 --> Undefined variable $dataGrafik
in APPPATH/Views/Admin/grafik.php on line 13.
 1 APPPATH/Views/Admin/grafik.php(13): CodeIgniter\Debug\Exceptions->errorHandler(2, 'Undefined variable $dataGrafik', 'APPPATH/Views/Admin/grafik.php', 13)
 2 SYSTEMPATH/View/View.php(213): include('APPPATH/Views/Admin/grafik.php')
 3 SYSTEMPATH/View/View.php(216): CodeIgniter\View\View->CodeIgniter\View\{closure}()
 4 SYSTEMPATH/Common.php(1134): CodeIgniter\View\View->render('Admin/grafik', [], true)
 5 APPPATH/Controllers/Rangking.php(241): view('Admin/grafik')
 6 SYSTEMPATH/CodeIgniter.php(927): App\Controllers\Rangking->Grafik()
 7 SYSTEMPATH/CodeIgniter.php(482): CodeIgniter\CodeIgniter->runController(Object(App\Controllers\Rangking))
 8 SYSTEMPATH/CodeIgniter.php(351): CodeIgniter\CodeIgniter->handleRequest(null, Object(Config\Cache), false)
 9 FCPATH/index.php(67): CodeIgniter\CodeIgniter->run()
10 SYSTEMPATH/Commands/Server/rewrite.php(46): require_once('FCPATH/index.php')
CRITICAL - 2023-12-01 05:31:37 --> CURL Error: Could not resolve host: app.sandbox.midtrans.com
in VENDORPATH/midtrans/midtrans-php/Midtrans/ApiRequestor.php on line 156.
 1 VENDORPATH/midtrans/midtrans-php/Midtrans/ApiRequestor.php(39): Midtrans\ApiRequestor::remoteCall('https://app.sandbox.midtrans.com/snap/v1/transactions', 'SB-Mid-server-II_md8vOI_7aaHmQaiOp0XHZ', [...], 'POST')
 2 VENDORPATH/midtrans/midtrans-php/Midtrans/Snap.php(108): Midtrans\ApiRequestor::post('https://app.sandbox.midtrans.com/snap/v1/transactions', 'SB-Mid-server-II_md8vOI_7aaHmQaiOp0XHZ', [...])
 3 VENDORPATH/midtrans/midtrans-php/Midtrans/Snap.php(36): Midtrans\Snap::createTransaction([...])
 4 APPPATH/Controllers/Rangking.php(130): Midtrans\Snap::getSnapToken([...])
 5 SYSTEMPATH/CodeIgniter.php(927): App\Controllers\Rangking->simpan()
 6 SYSTEMPATH/CodeIgniter.php(482): CodeIgniter\CodeIgniter->runController(Object(App\Controllers\Rangking))
 7 SYSTEMPATH/CodeIgniter.php(351): CodeIgniter\CodeIgniter->handleRequest(null, Object(Config\Cache), false)
 8 FCPATH/index.php(67): CodeIgniter\CodeIgniter->run()
 9 SYSTEMPATH/Commands/Server/rewrite.php(46): require_once('FCPATH/index.php')
