CRITICAL - 2023-10-24 07:24:33 --> Trying to access array offset on value of type null
in APPPATH/Views/Admin/edit.php on line 7.
 1 APPPATH/Views/Admin/edit.php(7): CodeIgniter\Debug\Exceptions->errorHandler(2, 'Trying to access array offset on value of type null', 'APPPATH/Views/Admin/edit.php', 7)
 2 SYSTEMPATH/View/View.php(213): include('APPPATH/Views/Admin/edit.php')
 3 SYSTEMPATH/View/View.php(216): CodeIgniter\View\View->CodeIgniter\View\{closure}()
 4 SYSTEMPATH/Common.php(1134): CodeIgniter\View\View->render('Admin/edit', [], true)
 5 APPPATH/Controllers/Rangking.php(157): view('Admin/edit', [...])
 6 SYSTEMPATH/CodeIgniter.php(927): App\Controllers\Rangking->formedit('FCPATH/assets', 'static', 'FCPATH/js', 'initTheme.js')
 7 SYSTEMPATH/CodeIgniter.php(482): CodeIgniter\CodeIgniter->runController(Object(App\Controllers\Rangking))
 8 SYSTEMPATH/CodeIgniter.php(351): CodeIgniter\CodeIgniter->handleRequest(null, Object(Config\Cache), false)
 9 FCPATH/index.php(67): CodeIgniter\CodeIgniter->run()
10 SYSTEMPATH/Commands/Server/rewrite.php(46): require_once('FCPATH/index.php')
CRITICAL - 2023-10-24 07:24:33 --> Trying to access array offset on value of type null
in APPPATH/Views/Admin/edit.php on line 7.
 1 APPPATH/Views/Admin/edit.php(7): CodeIgniter\Debug\Exceptions->errorHandler(2, 'Trying to access array offset on value of type null', 'APPPATH/Views/Admin/edit.php', 7)
 2 SYSTEMPATH/View/View.php(213): include('APPPATH/Views/Admin/edit.php')
 3 SYSTEMPATH/View/View.php(216): CodeIgniter\View\View->CodeIgniter\View\{closure}()
 4 SYSTEMPATH/Common.php(1134): CodeIgniter\View\View->render('Admin/edit', [], true)
 5 APPPATH/Controllers/Rangking.php(157): view('Admin/edit', [...])
 6 SYSTEMPATH/CodeIgniter.php(927): App\Controllers\Rangking->formedit('FCPATH/assets', 'static', 'FCPATH/js', 'components', 'dark.js')
 7 SYSTEMPATH/CodeIgniter.php(482): CodeIgniter\CodeIgniter->runController(Object(App\Controllers\Rangking))
 8 SYSTEMPATH/CodeIgniter.php(351): CodeIgniter\CodeIgniter->handleRequest(null, Object(Config\Cache), false)
 9 FCPATH/index.php(67): CodeIgniter\CodeIgniter->run()
10 SYSTEMPATH/Commands/Server/rewrite.php(46): require_once('FCPATH/index.php')
CRITICAL - 2023-10-24 07:24:33 --> Trying to access array offset on value of type null
in APPPATH/Views/Admin/edit.php on line 7.
 1 APPPATH/Views/Admin/edit.php(7): CodeIgniter\Debug\Exceptions->errorHandler(2, 'Trying to access array offset on value of type null', 'APPPATH/Views/Admin/edit.php', 7)
 2 SYSTEMPATH/View/View.php(213): include('APPPATH/Views/Admin/edit.php')
 3 SYSTEMPATH/View/View.php(216): CodeIgniter\View\View->CodeIgniter\View\{closure}()
 4 SYSTEMPATH/Common.php(1134): CodeIgniter\View\View->render('Admin/edit', [], true)
 5 APPPATH/Controllers/Rangking.php(157): view('Admin/edit', [...])
 6 SYSTEMPATH/CodeIgniter.php(927): App\Controllers\Rangking->formedit('FCPATH/assets', 'extensions', 'perfect-scrollbar', 'perfect-scrollbar.min.js')
 7 SYSTEMPATH/CodeIgniter.php(482): CodeIgniter\CodeIgniter->runController(Object(App\Controllers\Rangking))
 8 SYSTEMPATH/CodeIgniter.php(351): CodeIgniter\CodeIgniter->handleRequest(null, Object(Config\Cache), false)
 9 FCPATH/index.php(67): CodeIgniter\CodeIgniter->run()
10 SYSTEMPATH/Commands/Server/rewrite.php(46): require_once('FCPATH/index.php')
CRITICAL - 2023-10-24 07:24:33 --> Trying to access array offset on value of type null
in APPPATH/Views/Admin/edit.php on line 7.
 1 APPPATH/Views/Admin/edit.php(7): CodeIgniter\Debug\Exceptions->errorHandler(2, 'Trying to access array offset on value of type null', 'APPPATH/Views/Admin/edit.php', 7)
 2 SYSTEMPATH/View/View.php(213): include('APPPATH/Views/Admin/edit.php')
 3 SYSTEMPATH/View/View.php(216): CodeIgniter\View\View->CodeIgniter\View\{closure}()
 4 SYSTEMPATH/Common.php(1134): CodeIgniter\View\View->render('Admin/edit', [], true)
 5 APPPATH/Controllers/Rangking.php(157): view('Admin/edit', [...])
 6 SYSTEMPATH/CodeIgniter.php(927): App\Controllers\Rangking->formedit('FCPATH/assets', 'compiled', 'FCPATH/js', 'app.js')
 7 SYSTEMPATH/CodeIgniter.php(482): CodeIgniter\CodeIgniter->runController(Object(App\Controllers\Rangking))
 8 SYSTEMPATH/CodeIgniter.php(351): CodeIgniter\CodeIgniter->handleRequest(null, Object(Config\Cache), false)
 9 FCPATH/index.php(67): CodeIgniter\CodeIgniter->run()
10 SYSTEMPATH/Commands/Server/rewrite.php(46): require_once('FCPATH/index.php')
CRITICAL - 2023-10-24 07:24:33 --> Trying to access array offset on value of type null
in APPPATH/Views/Admin/edit.php on line 7.
 1 APPPATH/Views/Admin/edit.php(7): CodeIgniter\Debug\Exceptions->errorHandler(2, 'Trying to access array offset on value of type null', 'APPPATH/Views/Admin/edit.php', 7)
 2 SYSTEMPATH/View/View.php(213): include('APPPATH/Views/Admin/edit.php')
 3 SYSTEMPATH/View/View.php(216): CodeIgniter\View\View->CodeIgniter\View\{closure}()
 4 SYSTEMPATH/Common.php(1134): CodeIgniter\View\View->render('Admin/edit', [], true)
 5 APPPATH/Controllers/Rangking.php(157): view('Admin/edit', [...])
 6 SYSTEMPATH/CodeIgniter.php(927): App\Controllers\Rangking->formedit('FCPATH/assets', 'extensions', 'apexcharts', 'apexcharts.min.js')
 7 SYSTEMPATH/CodeIgniter.php(482): CodeIgniter\CodeIgniter->runController(Object(App\Controllers\Rangking))
 8 SYSTEMPATH/CodeIgniter.php(351): CodeIgniter\CodeIgniter->handleRequest(null, Object(Config\Cache), false)
 9 FCPATH/index.php(67): CodeIgniter\CodeIgniter->run()
10 SYSTEMPATH/Commands/Server/rewrite.php(46): require_once('FCPATH/index.php')
CRITICAL - 2023-10-24 07:24:33 --> Trying to access array offset on value of type null
in APPPATH/Views/Admin/edit.php on line 7.
 1 APPPATH/Views/Admin/edit.php(7): CodeIgniter\Debug\Exceptions->errorHandler(2, 'Trying to access array offset on value of type null', 'APPPATH/Views/Admin/edit.php', 7)
 2 SYSTEMPATH/View/View.php(213): include('APPPATH/Views/Admin/edit.php')
 3 SYSTEMPATH/View/View.php(216): CodeIgniter\View\View->CodeIgniter\View\{closure}()
 4 SYSTEMPATH/Common.php(1134): CodeIgniter\View\View->render('Admin/edit', [], true)
 5 APPPATH/Controllers/Rangking.php(157): view('Admin/edit', [...])
 6 SYSTEMPATH/CodeIgniter.php(927): App\Controllers\Rangking->formedit('FCPATH/assets', 'static', 'FCPATH/js', 'pages', 'dashboard.js')
 7 SYSTEMPATH/CodeIgniter.php(482): CodeIgniter\CodeIgniter->runController(Object(App\Controllers\Rangking))
 8 SYSTEMPATH/CodeIgniter.php(351): CodeIgniter\CodeIgniter->handleRequest(null, Object(Config\Cache), false)
 9 FCPATH/index.php(67): CodeIgniter\CodeIgniter->run()
10 SYSTEMPATH/Commands/Server/rewrite.php(46): require_once('FCPATH/index.php')
CRITICAL - 2023-10-24 07:24:50 --> Trying to access array offset on value of type null
in APPPATH/Views/Admin/edit.php on line 7.
 1 APPPATH/Views/Admin/edit.php(7): CodeIgniter\Debug\Exceptions->errorHandler(2, 'Trying to access array offset on value of type null', 'APPPATH/Views/Admin/edit.php', 7)
 2 SYSTEMPATH/View/View.php(213): include('APPPATH/Views/Admin/edit.php')
 3 SYSTEMPATH/View/View.php(216): CodeIgniter\View\View->CodeIgniter\View\{closure}()
 4 SYSTEMPATH/Common.php(1134): CodeIgniter\View\View->render('Admin/edit', [], true)
 5 APPPATH/Controllers/Rangking.php(157): view('Admin/edit', [...])
 6 SYSTEMPATH/CodeIgniter.php(927): App\Controllers\Rangking->formedit('FCPATH/assets', 'static', 'FCPATH/js', 'initTheme.js')
 7 SYSTEMPATH/CodeIgniter.php(482): CodeIgniter\CodeIgniter->runController(Object(App\Controllers\Rangking))
 8 SYSTEMPATH/CodeIgniter.php(351): CodeIgniter\CodeIgniter->handleRequest(null, Object(Config\Cache), false)
 9 FCPATH/index.php(67): CodeIgniter\CodeIgniter->run()
10 SYSTEMPATH/Commands/Server/rewrite.php(46): require_once('FCPATH/index.php')
CRITICAL - 2023-10-24 07:24:50 --> Trying to access array offset on value of type null
in APPPATH/Views/Admin/edit.php on line 7.
 1 APPPATH/Views/Admin/edit.php(7): CodeIgniter\Debug\Exceptions->errorHandler(2, 'Trying to access array offset on value of type null', 'APPPATH/Views/Admin/edit.php', 7)
 2 SYSTEMPATH/View/View.php(213): include('APPPATH/Views/Admin/edit.php')
 3 SYSTEMPATH/View/View.php(216): CodeIgniter\View\View->CodeIgniter\View\{closure}()
 4 SYSTEMPATH/Common.php(1134): CodeIgniter\View\View->render('Admin/edit', [], true)
 5 APPPATH/Controllers/Rangking.php(157): view('Admin/edit', [...])
 6 SYSTEMPATH/CodeIgniter.php(927): App\Controllers\Rangking->formedit('FCPATH/assets', 'static', 'FCPATH/js', 'components', 'dark.js')
 7 SYSTEMPATH/CodeIgniter.php(482): CodeIgniter\CodeIgniter->runController(Object(App\Controllers\Rangking))
 8 SYSTEMPATH/CodeIgniter.php(351): CodeIgniter\CodeIgniter->handleRequest(null, Object(Config\Cache), false)
 9 FCPATH/index.php(67): CodeIgniter\CodeIgniter->run()
10 SYSTEMPATH/Commands/Server/rewrite.php(46): require_once('FCPATH/index.php')
CRITICAL - 2023-10-24 07:24:50 --> Trying to access array offset on value of type null
in APPPATH/Views/Admin/edit.php on line 7.
 1 APPPATH/Views/Admin/edit.php(7): CodeIgniter\Debug\Exceptions->errorHandler(2, 'Trying to access array offset on value of type null', 'APPPATH/Views/Admin/edit.php', 7)
 2 SYSTEMPATH/View/View.php(213): include('APPPATH/Views/Admin/edit.php')
 3 SYSTEMPATH/View/View.php(216): CodeIgniter\View\View->CodeIgniter\View\{closure}()
 4 SYSTEMPATH/Common.php(1134): CodeIgniter\View\View->render('Admin/edit', [], true)
 5 APPPATH/Controllers/Rangking.php(157): view('Admin/edit', [...])
 6 SYSTEMPATH/CodeIgniter.php(927): App\Controllers\Rangking->formedit('FCPATH/assets', 'extensions', 'perfect-scrollbar', 'perfect-scrollbar.min.js')
 7 SYSTEMPATH/CodeIgniter.php(482): CodeIgniter\CodeIgniter->runController(Object(App\Controllers\Rangking))
 8 SYSTEMPATH/CodeIgniter.php(351): CodeIgniter\CodeIgniter->handleRequest(null, Object(Config\Cache), false)
 9 FCPATH/index.php(67): CodeIgniter\CodeIgniter->run()
10 SYSTEMPATH/Commands/Server/rewrite.php(46): require_once('FCPATH/index.php')
CRITICAL - 2023-10-24 07:24:50 --> Trying to access array offset on value of type null
in APPPATH/Views/Admin/edit.php on line 7.
 1 APPPATH/Views/Admin/edit.php(7): CodeIgniter\Debug\Exceptions->errorHandler(2, 'Trying to access array offset on value of type null', 'APPPATH/Views/Admin/edit.php', 7)
 2 SYSTEMPATH/View/View.php(213): include('APPPATH/Views/Admin/edit.php')
 3 SYSTEMPATH/View/View.php(216): CodeIgniter\View\View->CodeIgniter\View\{closure}()
 4 SYSTEMPATH/Common.php(1134): CodeIgniter\View\View->render('Admin/edit', [], true)
 5 APPPATH/Controllers/Rangking.php(157): view('Admin/edit', [...])
 6 SYSTEMPATH/CodeIgniter.php(927): App\Controllers\Rangking->formedit('FCPATH/assets', 'compiled', 'FCPATH/js', 'app.js')
 7 SYSTEMPATH/CodeIgniter.php(482): CodeIgniter\CodeIgniter->runController(Object(App\Controllers\Rangking))
 8 SYSTEMPATH/CodeIgniter.php(351): CodeIgniter\CodeIgniter->handleRequest(null, Object(Config\Cache), false)
 9 FCPATH/index.php(67): CodeIgniter\CodeIgniter->run()
10 SYSTEMPATH/Commands/Server/rewrite.php(46): require_once('FCPATH/index.php')
CRITICAL - 2023-10-24 07:24:50 --> Trying to access array offset on value of type null
in APPPATH/Views/Admin/edit.php on line 7.
 1 APPPATH/Views/Admin/edit.php(7): CodeIgniter\Debug\Exceptions->errorHandler(2, 'Trying to access array offset on value of type null', 'APPPATH/Views/Admin/edit.php', 7)
 2 SYSTEMPATH/View/View.php(213): include('APPPATH/Views/Admin/edit.php')
 3 SYSTEMPATH/View/View.php(216): CodeIgniter\View\View->CodeIgniter\View\{closure}()
 4 SYSTEMPATH/Common.php(1134): CodeIgniter\View\View->render('Admin/edit', [], true)
 5 APPPATH/Controllers/Rangking.php(157): view('Admin/edit', [...])
 6 SYSTEMPATH/CodeIgniter.php(927): App\Controllers\Rangking->formedit('FCPATH/assets', 'extensions', 'apexcharts', 'apexcharts.min.js')
 7 SYSTEMPATH/CodeIgniter.php(482): CodeIgniter\CodeIgniter->runController(Object(App\Controllers\Rangking))
 8 SYSTEMPATH/CodeIgniter.php(351): CodeIgniter\CodeIgniter->handleRequest(null, Object(Config\Cache), false)
 9 FCPATH/index.php(67): CodeIgniter\CodeIgniter->run()
10 SYSTEMPATH/Commands/Server/rewrite.php(46): require_once('FCPATH/index.php')
CRITICAL - 2023-10-24 07:24:50 --> Trying to access array offset on value of type null
in APPPATH/Views/Admin/edit.php on line 7.
 1 APPPATH/Views/Admin/edit.php(7): CodeIgniter\Debug\Exceptions->errorHandler(2, 'Trying to access array offset on value of type null', 'APPPATH/Views/Admin/edit.php', 7)
 2 SYSTEMPATH/View/View.php(213): include('APPPATH/Views/Admin/edit.php')
 3 SYSTEMPATH/View/View.php(216): CodeIgniter\View\View->CodeIgniter\View\{closure}()
 4 SYSTEMPATH/Common.php(1134): CodeIgniter\View\View->render('Admin/edit', [], true)
 5 APPPATH/Controllers/Rangking.php(157): view('Admin/edit', [...])
 6 SYSTEMPATH/CodeIgniter.php(927): App\Controllers\Rangking->formedit('FCPATH/assets', 'static', 'FCPATH/js', 'pages', 'dashboard.js')
 7 SYSTEMPATH/CodeIgniter.php(482): CodeIgniter\CodeIgniter->runController(Object(App\Controllers\Rangking))
 8 SYSTEMPATH/CodeIgniter.php(351): CodeIgniter\CodeIgniter->handleRequest(null, Object(Config\Cache), false)
 9 FCPATH/index.php(67): CodeIgniter\CodeIgniter->run()
10 SYSTEMPATH/Commands/Server/rewrite.php(46): require_once('FCPATH/index.php')
CRITICAL - 2023-10-24 07:25:06 --> Trying to access array offset on value of type null
in APPPATH/Views/Admin/edit.php on line 7.
 1 APPPATH/Views/Admin/edit.php(7): CodeIgniter\Debug\Exceptions->errorHandler(2, 'Trying to access array offset on value of type null', 'APPPATH/Views/Admin/edit.php', 7)
 2 SYSTEMPATH/View/View.php(213): include('APPPATH/Views/Admin/edit.php')
 3 SYSTEMPATH/View/View.php(216): CodeIgniter\View\View->CodeIgniter\View\{closure}()
 4 SYSTEMPATH/Common.php(1134): CodeIgniter\View\View->render('Admin/edit', [], true)
 5 APPPATH/Controllers/Rangking.php(157): view('Admin/edit', [...])
 6 SYSTEMPATH/CodeIgniter.php(927): App\Controllers\Rangking->formedit('FCPATH/assets', 'static', 'FCPATH/js', 'initTheme.js')
 7 SYSTEMPATH/CodeIgniter.php(482): CodeIgniter\CodeIgniter->runController(Object(App\Controllers\Rangking))
 8 SYSTEMPATH/CodeIgniter.php(351): CodeIgniter\CodeIgniter->handleRequest(null, Object(Config\Cache), false)
 9 FCPATH/index.php(67): CodeIgniter\CodeIgniter->run()
10 SYSTEMPATH/Commands/Server/rewrite.php(46): require_once('FCPATH/index.php')
CRITICAL - 2023-10-24 07:25:06 --> Trying to access array offset on value of type null
in APPPATH/Views/Admin/edit.php on line 7.
 1 APPPATH/Views/Admin/edit.php(7): CodeIgniter\Debug\Exceptions->errorHandler(2, 'Trying to access array offset on value of type null', 'APPPATH/Views/Admin/edit.php', 7)
 2 SYSTEMPATH/View/View.php(213): include('APPPATH/Views/Admin/edit.php')
 3 SYSTEMPATH/View/View.php(216): CodeIgniter\View\View->CodeIgniter\View\{closure}()
 4 SYSTEMPATH/Common.php(1134): CodeIgniter\View\View->render('Admin/edit', [], true)
 5 APPPATH/Controllers/Rangking.php(157): view('Admin/edit', [...])
 6 SYSTEMPATH/CodeIgniter.php(927): App\Controllers\Rangking->formedit('FCPATH/assets', 'static', 'FCPATH/js', 'components', 'dark.js')
 7 SYSTEMPATH/CodeIgniter.php(482): CodeIgniter\CodeIgniter->runController(Object(App\Controllers\Rangking))
 8 SYSTEMPATH/CodeIgniter.php(351): CodeIgniter\CodeIgniter->handleRequest(null, Object(Config\Cache), false)
 9 FCPATH/index.php(67): CodeIgniter\CodeIgniter->run()
10 SYSTEMPATH/Commands/Server/rewrite.php(46): require_once('FCPATH/index.php')
CRITICAL - 2023-10-24 07:25:06 --> Trying to access array offset on value of type null
in APPPATH/Views/Admin/edit.php on line 7.
 1 APPPATH/Views/Admin/edit.php(7): CodeIgniter\Debug\Exceptions->errorHandler(2, 'Trying to access array offset on value of type null', 'APPPATH/Views/Admin/edit.php', 7)
 2 SYSTEMPATH/View/View.php(213): include('APPPATH/Views/Admin/edit.php')
 3 SYSTEMPATH/View/View.php(216): CodeIgniter\View\View->CodeIgniter\View\{closure}()
 4 SYSTEMPATH/Common.php(1134): CodeIgniter\View\View->render('Admin/edit', [], true)
 5 APPPATH/Controllers/Rangking.php(157): view('Admin/edit', [...])
 6 SYSTEMPATH/CodeIgniter.php(927): App\Controllers\Rangking->formedit('FCPATH/assets', 'extensions', 'perfect-scrollbar', 'perfect-scrollbar.min.js')
 7 SYSTEMPATH/CodeIgniter.php(482): CodeIgniter\CodeIgniter->runController(Object(App\Controllers\Rangking))
 8 SYSTEMPATH/CodeIgniter.php(351): CodeIgniter\CodeIgniter->handleRequest(null, Object(Config\Cache), false)
 9 FCPATH/index.php(67): CodeIgniter\CodeIgniter->run()
10 SYSTEMPATH/Commands/Server/rewrite.php(46): require_once('FCPATH/index.php')
CRITICAL - 2023-10-24 07:25:06 --> Trying to access array offset on value of type null
in APPPATH/Views/Admin/edit.php on line 7.
 1 APPPATH/Views/Admin/edit.php(7): CodeIgniter\Debug\Exceptions->errorHandler(2, 'Trying to access array offset on value of type null', 'APPPATH/Views/Admin/edit.php', 7)
 2 SYSTEMPATH/View/View.php(213): include('APPPATH/Views/Admin/edit.php')
 3 SYSTEMPATH/View/View.php(216): CodeIgniter\View\View->CodeIgniter\View\{closure}()
 4 SYSTEMPATH/Common.php(1134): CodeIgniter\View\View->render('Admin/edit', [], true)
 5 APPPATH/Controllers/Rangking.php(157): view('Admin/edit', [...])
 6 SYSTEMPATH/CodeIgniter.php(927): App\Controllers\Rangking->formedit('FCPATH/assets', 'compiled', 'FCPATH/js', 'app.js')
 7 SYSTEMPATH/CodeIgniter.php(482): CodeIgniter\CodeIgniter->runController(Object(App\Controllers\Rangking))
 8 SYSTEMPATH/CodeIgniter.php(351): CodeIgniter\CodeIgniter->handleRequest(null, Object(Config\Cache), false)
 9 FCPATH/index.php(67): CodeIgniter\CodeIgniter->run()
10 SYSTEMPATH/Commands/Server/rewrite.php(46): require_once('FCPATH/index.php')
CRITICAL - 2023-10-24 07:25:06 --> Trying to access array offset on value of type null
in APPPATH/Views/Admin/edit.php on line 7.
 1 APPPATH/Views/Admin/edit.php(7): CodeIgniter\Debug\Exceptions->errorHandler(2, 'Trying to access array offset on value of type null', 'APPPATH/Views/Admin/edit.php', 7)
 2 SYSTEMPATH/View/View.php(213): include('APPPATH/Views/Admin/edit.php')
 3 SYSTEMPATH/View/View.php(216): CodeIgniter\View\View->CodeIgniter\View\{closure}()
 4 SYSTEMPATH/Common.php(1134): CodeIgniter\View\View->render('Admin/edit', [], true)
 5 APPPATH/Controllers/Rangking.php(157): view('Admin/edit', [...])
 6 SYSTEMPATH/CodeIgniter.php(927): App\Controllers\Rangking->formedit('FCPATH/assets', 'extensions', 'apexcharts', 'apexcharts.min.js')
 7 SYSTEMPATH/CodeIgniter.php(482): CodeIgniter\CodeIgniter->runController(Object(App\Controllers\Rangking))
 8 SYSTEMPATH/CodeIgniter.php(351): CodeIgniter\CodeIgniter->handleRequest(null, Object(Config\Cache), false)
 9 FCPATH/index.php(67): CodeIgniter\CodeIgniter->run()
10 SYSTEMPATH/Commands/Server/rewrite.php(46): require_once('FCPATH/index.php')
CRITICAL - 2023-10-24 07:25:06 --> Trying to access array offset on value of type null
in APPPATH/Views/Admin/edit.php on line 7.
 1 APPPATH/Views/Admin/edit.php(7): CodeIgniter\Debug\Exceptions->errorHandler(2, 'Trying to access array offset on value of type null', 'APPPATH/Views/Admin/edit.php', 7)
 2 SYSTEMPATH/View/View.php(213): include('APPPATH/Views/Admin/edit.php')
 3 SYSTEMPATH/View/View.php(216): CodeIgniter\View\View->CodeIgniter\View\{closure}()
 4 SYSTEMPATH/Common.php(1134): CodeIgniter\View\View->render('Admin/edit', [], true)
 5 APPPATH/Controllers/Rangking.php(157): view('Admin/edit', [...])
 6 SYSTEMPATH/CodeIgniter.php(927): App\Controllers\Rangking->formedit('FCPATH/assets', 'static', 'FCPATH/js', 'pages', 'dashboard.js')
 7 SYSTEMPATH/CodeIgniter.php(482): CodeIgniter\CodeIgniter->runController(Object(App\Controllers\Rangking))
 8 SYSTEMPATH/CodeIgniter.php(351): CodeIgniter\CodeIgniter->handleRequest(null, Object(Config\Cache), false)
 9 FCPATH/index.php(67): CodeIgniter\CodeIgniter->run()
10 SYSTEMPATH/Commands/Server/rewrite.php(46): require_once('FCPATH/index.php')
