CRITICAL - 2023-10-29 00:20:04 --> Trying to access array offset on value of type bool
in APPPATH/Views/Admin/index.php on line 52.
 1 APPPATH/Views/Admin/index.php(52): CodeIgniter\Debug\Exceptions->errorHandler(2, 'Trying to access array offset on value of type bool', 'APPPATH/Views/Admin/index.php', 52)
 2 SYSTEMPATH/View/View.php(213): include('APPPATH/Views/Admin/index.php')
 3 SYSTEMPATH/View/View.php(216): CodeIgniter\View\View->CodeIgniter\View\{closure}()
 4 SYSTEMPATH/Common.php(1134): CodeIgniter\View\View->render('Admin/index', [], true)
 5 APPPATH/Controllers/Rangking.php(35): view('Admin/index', [...])
 6 SYSTEMPATH/CodeIgniter.php(927): App\Controllers\Rangking->index()
 7 SYSTEMPATH/CodeIgniter.php(482): CodeIgniter\CodeIgniter->runController(Object(App\Controllers\Rangking))
 8 SYSTEMPATH/CodeIgniter.php(351): CodeIgniter\CodeIgniter->handleRequest(null, Object(Config\Cache), false)
 9 FCPATH/index.php(67): CodeIgniter\CodeIgniter->run()
10 SYSTEMPATH/Commands/Server/rewrite.php(46): require_once('FCPATH/index.php')
CRITICAL - 2023-10-29 00:20:04 --> Trying to access array offset on value of type bool
in APPPATH/Views/Admin/index.php on line 52.
 1 APPPATH/Views/Admin/index.php(52): CodeIgniter\Debug\Exceptions->errorHandler(2, 'Trying to access array offset on value of type bool', 'APPPATH/Views/Admin/index.php', 52)
 2 SYSTEMPATH/View/View.php(213): include('APPPATH/Views/Admin/index.php')
 3 SYSTEMPATH/View/View.php(216): CodeIgniter\View\View->CodeIgniter\View\{closure}()
 4 SYSTEMPATH/Common.php(1134): CodeIgniter\View\View->render('Admin/index', [], true)
 5 APPPATH/Controllers/Rangking.php(35): view('Admin/index', [...])
 6 SYSTEMPATH/CodeIgniter.php(927): App\Controllers\Rangking->index()
 7 SYSTEMPATH/CodeIgniter.php(482): CodeIgniter\CodeIgniter->runController(Object(App\Controllers\Rangking))
 8 SYSTEMPATH/CodeIgniter.php(351): CodeIgniter\CodeIgniter->handleRequest(null, Object(Config\Cache), false)
 9 FCPATH/index.php(67): CodeIgniter\CodeIgniter->run()
10 SYSTEMPATH/Commands/Server/rewrite.php(46): require_once('FCPATH/index.php')
CRITICAL - 2023-10-29 00:33:05 --> Attempt to read property "id_order" on array
in APPPATH/Views/Admin/index.php on line 28.
 1 APPPATH/Views/Admin/index.php(28): CodeIgniter\Debug\Exceptions->errorHandler(2, 'Attempt to read property "id_order" on array', 'APPPATH/Views/Admin/index.php', 28)
 2 SYSTEMPATH/View/View.php(213): include('APPPATH/Views/Admin/index.php')
 3 SYSTEMPATH/View/View.php(216): CodeIgniter\View\View->CodeIgniter\View\{closure}()
 4 SYSTEMPATH/Common.php(1134): CodeIgniter\View\View->render('Admin/index', [], true)
 5 APPPATH/Controllers/Rangking.php(35): view('Admin/index', [...])
 6 SYSTEMPATH/CodeIgniter.php(927): App\Controllers\Rangking->index()
 7 SYSTEMPATH/CodeIgniter.php(482): CodeIgniter\CodeIgniter->runController(Object(App\Controllers\Rangking))
 8 SYSTEMPATH/CodeIgniter.php(351): CodeIgniter\CodeIgniter->handleRequest(null, Object(Config\Cache), false)
 9 FCPATH/index.php(67): CodeIgniter\CodeIgniter->run()
10 SYSTEMPATH/Commands/Server/rewrite.php(46): require_once('FCPATH/index.php')
CRITICAL - 2023-10-29 00:33:06 --> Attempt to read property "id_order" on array
in APPPATH/Views/Admin/index.php on line 28.
 1 APPPATH/Views/Admin/index.php(28): CodeIgniter\Debug\Exceptions->errorHandler(2, 'Attempt to read property "id_order" on array', 'APPPATH/Views/Admin/index.php', 28)
 2 SYSTEMPATH/View/View.php(213): include('APPPATH/Views/Admin/index.php')
 3 SYSTEMPATH/View/View.php(216): CodeIgniter\View\View->CodeIgniter\View\{closure}()
 4 SYSTEMPATH/Common.php(1134): CodeIgniter\View\View->render('Admin/index', [], true)
 5 APPPATH/Controllers/Rangking.php(35): view('Admin/index', [...])
 6 SYSTEMPATH/CodeIgniter.php(927): App\Controllers\Rangking->index()
 7 SYSTEMPATH/CodeIgniter.php(482): CodeIgniter\CodeIgniter->runController(Object(App\Controllers\Rangking))
 8 SYSTEMPATH/CodeIgniter.php(351): CodeIgniter\CodeIgniter->handleRequest(null, Object(Config\Cache), false)
 9 FCPATH/index.php(67): CodeIgniter\CodeIgniter->run()
10 SYSTEMPATH/Commands/Server/rewrite.php(46): require_once('FCPATH/index.php')
CRITICAL - 2023-10-29 00:39:27 --> Attempt to read property "id_order" on array
in APPPATH/Views/Admin/index.php on line 28.
 1 APPPATH/Views/Admin/index.php(28): CodeIgniter\Debug\Exceptions->errorHandler(2, 'Attempt to read property "id_order" on array', 'APPPATH/Views/Admin/index.php', 28)
 2 SYSTEMPATH/View/View.php(213): include('APPPATH/Views/Admin/index.php')
 3 SYSTEMPATH/View/View.php(216): CodeIgniter\View\View->CodeIgniter\View\{closure}()
 4 SYSTEMPATH/Common.php(1134): CodeIgniter\View\View->render('Admin/index', [], true)
 5 APPPATH/Controllers/Rangking.php(35): view('Admin/index', [...])
 6 SYSTEMPATH/CodeIgniter.php(927): App\Controllers\Rangking->index()
 7 SYSTEMPATH/CodeIgniter.php(482): CodeIgniter\CodeIgniter->runController(Object(App\Controllers\Rangking))
 8 SYSTEMPATH/CodeIgniter.php(351): CodeIgniter\CodeIgniter->handleRequest(null, Object(Config\Cache), false)
 9 FCPATH/index.php(67): CodeIgniter\CodeIgniter->run()
10 SYSTEMPATH/Commands/Server/rewrite.php(46): require_once('FCPATH/index.php')
CRITICAL - 2023-10-29 00:39:41 --> Attempt to read property "id_order" on array
in APPPATH/Views/Admin/index.php on line 28.
 1 APPPATH/Views/Admin/index.php(28): CodeIgniter\Debug\Exceptions->errorHandler(2, 'Attempt to read property "id_order" on array', 'APPPATH/Views/Admin/index.php', 28)
 2 SYSTEMPATH/View/View.php(213): include('APPPATH/Views/Admin/index.php')
 3 SYSTEMPATH/View/View.php(216): CodeIgniter\View\View->CodeIgniter\View\{closure}()
 4 SYSTEMPATH/Common.php(1134): CodeIgniter\View\View->render('Admin/index', [], true)
 5 APPPATH/Controllers/Rangking.php(35): view('Admin/index', [...])
 6 SYSTEMPATH/CodeIgniter.php(927): App\Controllers\Rangking->index()
 7 SYSTEMPATH/CodeIgniter.php(482): CodeIgniter\CodeIgniter->runController(Object(App\Controllers\Rangking))
 8 SYSTEMPATH/CodeIgniter.php(351): CodeIgniter\CodeIgniter->handleRequest(null, Object(Config\Cache), false)
 9 FCPATH/index.php(67): CodeIgniter\CodeIgniter->run()
10 SYSTEMPATH/Commands/Server/rewrite.php(46): require_once('FCPATH/index.php')
CRITICAL - 2023-10-29 00:41:59 --> Attempt to read property "id_order" on array
in APPPATH/Views/Admin/index.php on line 28.
 1 APPPATH/Views/Admin/index.php(28): CodeIgniter\Debug\Exceptions->errorHandler(2, 'Attempt to read property "id_order" on array', 'APPPATH/Views/Admin/index.php', 28)
 2 SYSTEMPATH/View/View.php(213): include('APPPATH/Views/Admin/index.php')
 3 SYSTEMPATH/View/View.php(216): CodeIgniter\View\View->CodeIgniter\View\{closure}()
 4 SYSTEMPATH/Common.php(1134): CodeIgniter\View\View->render('Admin/index', [], true)
 5 APPPATH/Controllers/Rangking.php(35): view('Admin/index', [...])
 6 SYSTEMPATH/CodeIgniter.php(927): App\Controllers\Rangking->index()
 7 SYSTEMPATH/CodeIgniter.php(482): CodeIgniter\CodeIgniter->runController(Object(App\Controllers\Rangking))
 8 SYSTEMPATH/CodeIgniter.php(351): CodeIgniter\CodeIgniter->handleRequest(null, Object(Config\Cache), false)
 9 FCPATH/index.php(67): CodeIgniter\CodeIgniter->run()
10 SYSTEMPATH/Commands/Server/rewrite.php(46): require_once('FCPATH/index.php')
CRITICAL - 2023-10-29 00:45:01 --> Cannot access offset of type string on string
in APPPATH/Views/Admin/index.php on line 55.
 1 SYSTEMPATH/View/View.php(213): include()
 2 SYSTEMPATH/View/View.php(216): CodeIgniter\View\View->CodeIgniter\View\{closure}()
 3 SYSTEMPATH/Common.php(1134): CodeIgniter\View\View->render('Admin/index', [], true)
 4 APPPATH/Controllers/Rangking.php(35): view('Admin/index', [...])
 5 SYSTEMPATH/CodeIgniter.php(927): App\Controllers\Rangking->index()
 6 SYSTEMPATH/CodeIgniter.php(482): CodeIgniter\CodeIgniter->runController(Object(App\Controllers\Rangking))
 7 SYSTEMPATH/CodeIgniter.php(351): CodeIgniter\CodeIgniter->handleRequest(null, Object(Config\Cache), false)
 8 FCPATH/index.php(67): CodeIgniter\CodeIgniter->run()
 9 SYSTEMPATH/Commands/Server/rewrite.php(46): require_once('FCPATH/index.php')
CRITICAL - 2023-10-29 00:51:08 --> Attempt to read property "id_order" on array
in APPPATH/Views/Admin/index.php on line 28.
 1 APPPATH/Views/Admin/index.php(28): CodeIgniter\Debug\Exceptions->errorHandler(2, 'Attempt to read property "id_order" on array', 'APPPATH/Views/Admin/index.php', 28)
 2 SYSTEMPATH/View/View.php(213): include('APPPATH/Views/Admin/index.php')
 3 SYSTEMPATH/View/View.php(216): CodeIgniter\View\View->CodeIgniter\View\{closure}()
 4 SYSTEMPATH/Common.php(1134): CodeIgniter\View\View->render('Admin/index', [], true)
 5 APPPATH/Controllers/Rangking.php(35): view('Admin/index', [...])
 6 SYSTEMPATH/CodeIgniter.php(927): App\Controllers\Rangking->index()
 7 SYSTEMPATH/CodeIgniter.php(482): CodeIgniter\CodeIgniter->runController(Object(App\Controllers\Rangking))
 8 SYSTEMPATH/CodeIgniter.php(351): CodeIgniter\CodeIgniter->handleRequest(null, Object(Config\Cache), false)
 9 FCPATH/index.php(67): CodeIgniter\CodeIgniter->run()
10 SYSTEMPATH/Commands/Server/rewrite.php(46): require_once('FCPATH/index.php')
CRITICAL - 2023-10-29 15:42:15 --> Attempt to read property "id_order" on array
in APPPATH/Views/Admin/index.php on line 28.
 1 APPPATH/Views/Admin/index.php(28): CodeIgniter\Debug\Exceptions->errorHandler(2, 'Attempt to read property "id_order" on array', 'APPPATH/Views/Admin/index.php', 28)
 2 SYSTEMPATH/View/View.php(213): include('APPPATH/Views/Admin/index.php')
 3 SYSTEMPATH/View/View.php(216): CodeIgniter\View\View->CodeIgniter\View\{closure}()
 4 SYSTEMPATH/Common.php(1134): CodeIgniter\View\View->render('Admin/index', [], true)
 5 APPPATH/Controllers/Rangking.php(35): view('Admin/index', [...])
 6 SYSTEMPATH/CodeIgniter.php(927): App\Controllers\Rangking->index()
 7 SYSTEMPATH/CodeIgniter.php(482): CodeIgniter\CodeIgniter->runController(Object(App\Controllers\Rangking))
 8 SYSTEMPATH/CodeIgniter.php(351): CodeIgniter\CodeIgniter->handleRequest(null, Object(Config\Cache), false)
 9 FCPATH/index.php(67): CodeIgniter\CodeIgniter->run()
10 SYSTEMPATH/Commands/Server/rewrite.php(46): require_once('FCPATH/index.php')
CRITICAL - 2023-10-29 15:45:51 --> Attempt to read property "id_order" on array
in APPPATH/Views/Admin/index.php on line 28.
 1 APPPATH/Views/Admin/index.php(28): CodeIgniter\Debug\Exceptions->errorHandler(2, 'Attempt to read property "id_order" on array', 'APPPATH/Views/Admin/index.php', 28)
 2 SYSTEMPATH/View/View.php(213): include('APPPATH/Views/Admin/index.php')
 3 SYSTEMPATH/View/View.php(216): CodeIgniter\View\View->CodeIgniter\View\{closure}()
 4 SYSTEMPATH/Common.php(1134): CodeIgniter\View\View->render('Admin/index', [], true)
 5 APPPATH/Controllers/Rangking.php(35): view('Admin/index', [...])
 6 SYSTEMPATH/CodeIgniter.php(927): App\Controllers\Rangking->index()
 7 SYSTEMPATH/CodeIgniter.php(482): CodeIgniter\CodeIgniter->runController(Object(App\Controllers\Rangking))
 8 SYSTEMPATH/CodeIgniter.php(351): CodeIgniter\CodeIgniter->handleRequest(null, Object(Config\Cache), false)
 9 FCPATH/index.php(67): CodeIgniter\CodeIgniter->run()
10 SYSTEMPATH/Commands/Server/rewrite.php(46): require_once('FCPATH/index.php')
