ERROR - 2023-11-02 01:11:35 --> mysqli_sql_exception: You have an error in your SQL syntax; check the manual that corresponds to your MariaDB server version for the right syntax to use near 'varchar(50) NOT NULL,
	CONSTRAINT `pk_daftar` PRIMARY KEY(`id`)
) DEFAULT CHA...' at line 3 in /Users/mymac/Documents/semester 5/ecomer/Bimbel-ecom/system/Database/MySQLi/Connection.php:292
Stack trace:
#0 /Users/mymac/Documents/semester 5/ecomer/Bimbel-ecom/system/Database/MySQLi/Connection.php(292): mysqli->query('CREATE TABLE `d...', 0)
#1 /Users/mymac/Documents/semester 5/ecomer/Bimbel-ecom/system/Database/BaseConnection.php(666): CodeIgniter\Database\MySQLi\Connection->execute('CREATE TABLE `d...')
#2 /Users/mymac/Documents/semester 5/ecomer/Bimbel-ecom/system/Database/BaseConnection.php(593): CodeIgniter\Database\BaseConnection->simpleQuery('CREATE TABLE `d...')
#3 /Users/mymac/Documents/semester 5/ecomer/Bimbel-ecom/system/Database/Forge.php(509): CodeIgniter\Database\BaseConnection->query('CREATE TABLE `d...')
#4 /Users/mymac/Documents/semester 5/ecomer/Bimbel-ecom/app/Database/Migrations/2022-11-12-234811_Kategori.php(23): CodeIgniter\Database\Forge->createTable('daftar')
#5 /Users/mymac/Documents/semester 5/ecomer/Bimbel-ecom/system/Database/MigrationRunner.php(868): App\Database\Migrations\Kategori->up()
#6 /Users/mymac/Documents/semester 5/ecomer/Bimbel-ecom/system/Database/MigrationRunner.php(187): CodeIgniter\Database\MigrationRunner->migrate('up', Object(stdClass))
#7 /Users/mymac/Documents/semester 5/ecomer/Bimbel-ecom/system/Commands/Database/Migrate.php(84): CodeIgniter\Database\MigrationRunner->latest(NULL)
#8 /Users/mymac/Documents/semester 5/ecomer/Bimbel-ecom/system/CLI/Commands.php(63): CodeIgniter\Commands\Database\Migrate->run(Array)
#9 /Users/mymac/Documents/semester 5/ecomer/Bimbel-ecom/system/CLI/CommandRunner.php(65): CodeIgniter\CLI\Commands->run('migrate', Array)
#10 /Users/mymac/Documents/semester 5/ecomer/Bimbel-ecom/system/CLI/CommandRunner.php(51): CodeIgniter\CLI\CommandRunner->index(Array)
#11 /Users/mymac/Documents/semester 5/ecomer/Bimbel-ecom/system/CodeIgniter.php(920): CodeIgniter\CLI\CommandRunner->_remap('index', Array)
#12 /Users/mymac/Documents/semester 5/ecomer/Bimbel-ecom/system/CodeIgniter.php(482): CodeIgniter\CodeIgniter->runController(Object(CodeIgniter\CLI\CommandRunner))
#13 /Users/mymac/Documents/semester 5/ecomer/Bimbel-ecom/system/CodeIgniter.php(347): CodeIgniter\CodeIgniter->handleRequest(NULL, Object(Config\Cache), false)
#14 /Users/mymac/Documents/semester 5/ecomer/Bimbel-ecom/system/CLI/Console.php(48): CodeIgniter\CodeIgniter->run()
#15 /Users/mymac/Documents/semester 5/ecomer/Bimbel-ecom/spark(98): CodeIgniter\CLI\Console->run()
#16 {main}
CRITICAL - 2023-11-02 02:28:39 --> Trying to access array offset on value of type null
in APPPATH/Views/Admin/edit.php on line 7.
 1 APPPATH/Views/Admin/edit.php(7): CodeIgniter\Debug\Exceptions->errorHandler(2, 'Trying to access array offset on value of type null', 'APPPATH/Views/Admin/edit.php', 7)
 2 SYSTEMPATH/View/View.php(213): include('APPPATH/Views/Admin/edit.php')
 3 SYSTEMPATH/View/View.php(216): CodeIgniter\View\View->CodeIgniter\View\{closure}()
 4 SYSTEMPATH/Common.php(1134): CodeIgniter\View\View->render('Admin/edit', [], true)
 5 APPPATH/Controllers/Rangking.php(160): view('Admin/edit', [...])
 6 SYSTEMPATH/CodeIgniter.php(927): App\Controllers\Rangking->formedit('FCPATH/assets', 'static', 'FCPATH/js', 'initTheme.js')
 7 SYSTEMPATH/CodeIgniter.php(482): CodeIgniter\CodeIgniter->runController(Object(App\Controllers\Rangking))
 8 SYSTEMPATH/CodeIgniter.php(351): CodeIgniter\CodeIgniter->handleRequest(null, Object(Config\Cache), false)
 9 FCPATH/index.php(67): CodeIgniter\CodeIgniter->run()
10 SYSTEMPATH/Commands/Server/rewrite.php(46): require_once('FCPATH/index.php')
CRITICAL - 2023-11-02 02:28:39 --> Trying to access array offset on value of type null
in APPPATH/Views/Admin/edit.php on line 7.
 1 APPPATH/Views/Admin/edit.php(7): CodeIgniter\Debug\Exceptions->errorHandler(2, 'Trying to access array offset on value of type null', 'APPPATH/Views/Admin/edit.php', 7)
 2 SYSTEMPATH/View/View.php(213): include('APPPATH/Views/Admin/edit.php')
 3 SYSTEMPATH/View/View.php(216): CodeIgniter\View\View->CodeIgniter\View\{closure}()
 4 SYSTEMPATH/Common.php(1134): CodeIgniter\View\View->render('Admin/edit', [], true)
 5 APPPATH/Controllers/Rangking.php(160): view('Admin/edit', [...])
 6 SYSTEMPATH/CodeIgniter.php(927): App\Controllers\Rangking->formedit('FCPATH/assets', 'static', 'FCPATH/js', 'components', 'dark.js')
 7 SYSTEMPATH/CodeIgniter.php(482): CodeIgniter\CodeIgniter->runController(Object(App\Controllers\Rangking))
 8 SYSTEMPATH/CodeIgniter.php(351): CodeIgniter\CodeIgniter->handleRequest(null, Object(Config\Cache), false)
 9 FCPATH/index.php(67): CodeIgniter\CodeIgniter->run()
10 SYSTEMPATH/Commands/Server/rewrite.php(46): require_once('FCPATH/index.php')
CRITICAL - 2023-11-02 02:28:39 --> Trying to access array offset on value of type null
in APPPATH/Views/Admin/edit.php on line 7.
 1 APPPATH/Views/Admin/edit.php(7): CodeIgniter\Debug\Exceptions->errorHandler(2, 'Trying to access array offset on value of type null', 'APPPATH/Views/Admin/edit.php', 7)
 2 SYSTEMPATH/View/View.php(213): include('APPPATH/Views/Admin/edit.php')
 3 SYSTEMPATH/View/View.php(216): CodeIgniter\View\View->CodeIgniter\View\{closure}()
 4 SYSTEMPATH/Common.php(1134): CodeIgniter\View\View->render('Admin/edit', [], true)
 5 APPPATH/Controllers/Rangking.php(160): view('Admin/edit', [...])
 6 SYSTEMPATH/CodeIgniter.php(927): App\Controllers\Rangking->formedit('FCPATH/assets', 'extensions', 'perfect-scrollbar', 'perfect-scrollbar.min.js')
 7 SYSTEMPATH/CodeIgniter.php(482): CodeIgniter\CodeIgniter->runController(Object(App\Controllers\Rangking))
 8 SYSTEMPATH/CodeIgniter.php(351): CodeIgniter\CodeIgniter->handleRequest(null, Object(Config\Cache), false)
 9 FCPATH/index.php(67): CodeIgniter\CodeIgniter->run()
10 SYSTEMPATH/Commands/Server/rewrite.php(46): require_once('FCPATH/index.php')
CRITICAL - 2023-11-02 02:28:39 --> Trying to access array offset on value of type null
in APPPATH/Views/Admin/edit.php on line 7.
 1 APPPATH/Views/Admin/edit.php(7): CodeIgniter\Debug\Exceptions->errorHandler(2, 'Trying to access array offset on value of type null', 'APPPATH/Views/Admin/edit.php', 7)
 2 SYSTEMPATH/View/View.php(213): include('APPPATH/Views/Admin/edit.php')
 3 SYSTEMPATH/View/View.php(216): CodeIgniter\View\View->CodeIgniter\View\{closure}()
 4 SYSTEMPATH/Common.php(1134): CodeIgniter\View\View->render('Admin/edit', [], true)
 5 APPPATH/Controllers/Rangking.php(160): view('Admin/edit', [...])
 6 SYSTEMPATH/CodeIgniter.php(927): App\Controllers\Rangking->formedit('FCPATH/assets', 'compiled', 'FCPATH/js', 'app.js')
 7 SYSTEMPATH/CodeIgniter.php(482): CodeIgniter\CodeIgniter->runController(Object(App\Controllers\Rangking))
 8 SYSTEMPATH/CodeIgniter.php(351): CodeIgniter\CodeIgniter->handleRequest(null, Object(Config\Cache), false)
 9 FCPATH/index.php(67): CodeIgniter\CodeIgniter->run()
10 SYSTEMPATH/Commands/Server/rewrite.php(46): require_once('FCPATH/index.php')
CRITICAL - 2023-11-02 02:28:39 --> Trying to access array offset on value of type null
in APPPATH/Views/Admin/edit.php on line 7.
 1 APPPATH/Views/Admin/edit.php(7): CodeIgniter\Debug\Exceptions->errorHandler(2, 'Trying to access array offset on value of type null', 'APPPATH/Views/Admin/edit.php', 7)
 2 SYSTEMPATH/View/View.php(213): include('APPPATH/Views/Admin/edit.php')
 3 SYSTEMPATH/View/View.php(216): CodeIgniter\View\View->CodeIgniter\View\{closure}()
 4 SYSTEMPATH/Common.php(1134): CodeIgniter\View\View->render('Admin/edit', [], true)
 5 APPPATH/Controllers/Rangking.php(160): view('Admin/edit', [...])
 6 SYSTEMPATH/CodeIgniter.php(927): App\Controllers\Rangking->formedit('FCPATH/assets', 'extensions', 'apexcharts', 'apexcharts.min.js')
 7 SYSTEMPATH/CodeIgniter.php(482): CodeIgniter\CodeIgniter->runController(Object(App\Controllers\Rangking))
 8 SYSTEMPATH/CodeIgniter.php(351): CodeIgniter\CodeIgniter->handleRequest(null, Object(Config\Cache), false)
 9 FCPATH/index.php(67): CodeIgniter\CodeIgniter->run()
10 SYSTEMPATH/Commands/Server/rewrite.php(46): require_once('FCPATH/index.php')
CRITICAL - 2023-11-02 02:28:39 --> Trying to access array offset on value of type null
in APPPATH/Views/Admin/edit.php on line 7.
 1 APPPATH/Views/Admin/edit.php(7): CodeIgniter\Debug\Exceptions->errorHandler(2, 'Trying to access array offset on value of type null', 'APPPATH/Views/Admin/edit.php', 7)
 2 SYSTEMPATH/View/View.php(213): include('APPPATH/Views/Admin/edit.php')
 3 SYSTEMPATH/View/View.php(216): CodeIgniter\View\View->CodeIgniter\View\{closure}()
 4 SYSTEMPATH/Common.php(1134): CodeIgniter\View\View->render('Admin/edit', [], true)
 5 APPPATH/Controllers/Rangking.php(160): view('Admin/edit', [...])
 6 SYSTEMPATH/CodeIgniter.php(927): App\Controllers\Rangking->formedit('FCPATH/assets', 'static', 'FCPATH/js', 'pages', 'dashboard.js')
 7 SYSTEMPATH/CodeIgniter.php(482): CodeIgniter\CodeIgniter->runController(Object(App\Controllers\Rangking))
 8 SYSTEMPATH/CodeIgniter.php(351): CodeIgniter\CodeIgniter->handleRequest(null, Object(Config\Cache), false)
 9 FCPATH/index.php(67): CodeIgniter\CodeIgniter->run()
10 SYSTEMPATH/Commands/Server/rewrite.php(46): require_once('FCPATH/index.php')
CRITICAL - 2023-11-02 05:56:26 --> Trying to access array offset on value of type null
in APPPATH/Views/Admin/formemail.php on line 8.
 1 APPPATH/Views/Admin/formemail.php(8): CodeIgniter\Debug\Exceptions->errorHandler(2, 'Trying to access array offset on value of type null', 'APPPATH/Views/Admin/formemail.php', 8)
 2 SYSTEMPATH/View/View.php(213): include('APPPATH/Views/Admin/formemail.php')
 3 SYSTEMPATH/View/View.php(216): CodeIgniter\View\View->CodeIgniter\View\{closure}()
 4 SYSTEMPATH/Common.php(1134): CodeIgniter\View\View->render('Admin/formemail', [], true)
 5 APPPATH/Controllers/Rangking.php(190): view('Admin/formemail', [...])
 6 SYSTEMPATH/CodeIgniter.php(927): App\Controllers\Rangking->formemail('FCPATH/assets', 'static', 'FCPATH/js', 'initTheme.js')
 7 SYSTEMPATH/CodeIgniter.php(482): CodeIgniter\CodeIgniter->runController(Object(App\Controllers\Rangking))
 8 SYSTEMPATH/CodeIgniter.php(351): CodeIgniter\CodeIgniter->handleRequest(null, Object(Config\Cache), false)
 9 FCPATH/index.php(67): CodeIgniter\CodeIgniter->run()
10 SYSTEMPATH/Commands/Server/rewrite.php(46): require_once('FCPATH/index.php')
CRITICAL - 2023-11-02 05:56:26 --> Trying to access array offset on value of type null
in APPPATH/Views/Admin/formemail.php on line 8.
 1 APPPATH/Views/Admin/formemail.php(8): CodeIgniter\Debug\Exceptions->errorHandler(2, 'Trying to access array offset on value of type null', 'APPPATH/Views/Admin/formemail.php', 8)
 2 SYSTEMPATH/View/View.php(213): include('APPPATH/Views/Admin/formemail.php')
 3 SYSTEMPATH/View/View.php(216): CodeIgniter\View\View->CodeIgniter\View\{closure}()
 4 SYSTEMPATH/Common.php(1134): CodeIgniter\View\View->render('Admin/formemail', [], true)
 5 APPPATH/Controllers/Rangking.php(190): view('Admin/formemail', [...])
 6 SYSTEMPATH/CodeIgniter.php(927): App\Controllers\Rangking->formemail('FCPATH/assets', 'static', 'FCPATH/js', 'components', 'dark.js')
 7 SYSTEMPATH/CodeIgniter.php(482): CodeIgniter\CodeIgniter->runController(Object(App\Controllers\Rangking))
 8 SYSTEMPATH/CodeIgniter.php(351): CodeIgniter\CodeIgniter->handleRequest(null, Object(Config\Cache), false)
 9 FCPATH/index.php(67): CodeIgniter\CodeIgniter->run()
10 SYSTEMPATH/Commands/Server/rewrite.php(46): require_once('FCPATH/index.php')
CRITICAL - 2023-11-02 05:56:26 --> Trying to access array offset on value of type null
in APPPATH/Views/Admin/formemail.php on line 8.
 1 APPPATH/Views/Admin/formemail.php(8): CodeIgniter\Debug\Exceptions->errorHandler(2, 'Trying to access array offset on value of type null', 'APPPATH/Views/Admin/formemail.php', 8)
 2 SYSTEMPATH/View/View.php(213): include('APPPATH/Views/Admin/formemail.php')
 3 SYSTEMPATH/View/View.php(216): CodeIgniter\View\View->CodeIgniter\View\{closure}()
 4 SYSTEMPATH/Common.php(1134): CodeIgniter\View\View->render('Admin/formemail', [], true)
 5 APPPATH/Controllers/Rangking.php(190): view('Admin/formemail', [...])
 6 SYSTEMPATH/CodeIgniter.php(927): App\Controllers\Rangking->formemail('FCPATH/assets', 'extensions', 'perfect-scrollbar', 'perfect-scrollbar.min.js')
 7 SYSTEMPATH/CodeIgniter.php(482): CodeIgniter\CodeIgniter->runController(Object(App\Controllers\Rangking))
 8 SYSTEMPATH/CodeIgniter.php(351): CodeIgniter\CodeIgniter->handleRequest(null, Object(Config\Cache), false)
 9 FCPATH/index.php(67): CodeIgniter\CodeIgniter->run()
10 SYSTEMPATH/Commands/Server/rewrite.php(46): require_once('FCPATH/index.php')
CRITICAL - 2023-11-02 05:56:26 --> Trying to access array offset on value of type null
in APPPATH/Views/Admin/formemail.php on line 8.
 1 APPPATH/Views/Admin/formemail.php(8): CodeIgniter\Debug\Exceptions->errorHandler(2, 'Trying to access array offset on value of type null', 'APPPATH/Views/Admin/formemail.php', 8)
 2 SYSTEMPATH/View/View.php(213): include('APPPATH/Views/Admin/formemail.php')
 3 SYSTEMPATH/View/View.php(216): CodeIgniter\View\View->CodeIgniter\View\{closure}()
 4 SYSTEMPATH/Common.php(1134): CodeIgniter\View\View->render('Admin/formemail', [], true)
 5 APPPATH/Controllers/Rangking.php(190): view('Admin/formemail', [...])
 6 SYSTEMPATH/CodeIgniter.php(927): App\Controllers\Rangking->formemail('FCPATH/assets', 'compiled', 'FCPATH/js', 'app.js')
 7 SYSTEMPATH/CodeIgniter.php(482): CodeIgniter\CodeIgniter->runController(Object(App\Controllers\Rangking))
 8 SYSTEMPATH/CodeIgniter.php(351): CodeIgniter\CodeIgniter->handleRequest(null, Object(Config\Cache), false)
 9 FCPATH/index.php(67): CodeIgniter\CodeIgniter->run()
10 SYSTEMPATH/Commands/Server/rewrite.php(46): require_once('FCPATH/index.php')
CRITICAL - 2023-11-02 05:56:26 --> Trying to access array offset on value of type null
in APPPATH/Views/Admin/formemail.php on line 8.
 1 APPPATH/Views/Admin/formemail.php(8): CodeIgniter\Debug\Exceptions->errorHandler(2, 'Trying to access array offset on value of type null', 'APPPATH/Views/Admin/formemail.php', 8)
 2 SYSTEMPATH/View/View.php(213): include('APPPATH/Views/Admin/formemail.php')
 3 SYSTEMPATH/View/View.php(216): CodeIgniter\View\View->CodeIgniter\View\{closure}()
 4 SYSTEMPATH/Common.php(1134): CodeIgniter\View\View->render('Admin/formemail', [], true)
 5 APPPATH/Controllers/Rangking.php(190): view('Admin/formemail', [...])
 6 SYSTEMPATH/CodeIgniter.php(927): App\Controllers\Rangking->formemail('FCPATH/assets', 'extensions', 'apexcharts', 'apexcharts.min.js')
 7 SYSTEMPATH/CodeIgniter.php(482): CodeIgniter\CodeIgniter->runController(Object(App\Controllers\Rangking))
 8 SYSTEMPATH/CodeIgniter.php(351): CodeIgniter\CodeIgniter->handleRequest(null, Object(Config\Cache), false)
 9 FCPATH/index.php(67): CodeIgniter\CodeIgniter->run()
10 SYSTEMPATH/Commands/Server/rewrite.php(46): require_once('FCPATH/index.php')
CRITICAL - 2023-11-02 05:56:26 --> Trying to access array offset on value of type null
in APPPATH/Views/Admin/formemail.php on line 8.
 1 APPPATH/Views/Admin/formemail.php(8): CodeIgniter\Debug\Exceptions->errorHandler(2, 'Trying to access array offset on value of type null', 'APPPATH/Views/Admin/formemail.php', 8)
 2 SYSTEMPATH/View/View.php(213): include('APPPATH/Views/Admin/formemail.php')
 3 SYSTEMPATH/View/View.php(216): CodeIgniter\View\View->CodeIgniter\View\{closure}()
 4 SYSTEMPATH/Common.php(1134): CodeIgniter\View\View->render('Admin/formemail', [], true)
 5 APPPATH/Controllers/Rangking.php(190): view('Admin/formemail', [...])
 6 SYSTEMPATH/CodeIgniter.php(927): App\Controllers\Rangking->formemail('FCPATH/assets', 'static', 'FCPATH/js', 'pages', 'dashboard.js')
 7 SYSTEMPATH/CodeIgniter.php(482): CodeIgniter\CodeIgniter->runController(Object(App\Controllers\Rangking))
 8 SYSTEMPATH/CodeIgniter.php(351): CodeIgniter\CodeIgniter->handleRequest(null, Object(Config\Cache), false)
 9 FCPATH/index.php(67): CodeIgniter\CodeIgniter->run()
10 SYSTEMPATH/Commands/Server/rewrite.php(46): require_once('FCPATH/index.php')
CRITICAL - 2023-11-02 05:59:28 --> Invalid file: Myth\Auth\Views\layout.php
in SYSTEMPATH/Exceptions/FrameworkException.php on line 33.
 1 SYSTEMPATH/View/View.php(201): CodeIgniter\Exceptions\FrameworkException::forInvalidFile('Myth\\Auth\\Views\\layout.php')
 2 SYSTEMPATH/View/View.php(229): CodeIgniter\View\View->render('Myth\\Auth\\Views\\layout', [], true)
 3 SYSTEMPATH/Common.php(1134): CodeIgniter\View\View->render('Myth\\Auth\\Views\\register', [], true)
 4 VENDORPATH/myth/auth/src/Controllers/AuthController.php(412): view('Myth\\Auth\\Views\\register', [...])
 5 VENDORPATH/myth/auth/src/Controllers/AuthController.php(133): Myth\Auth\Controllers\AuthController->_render('Myth\\Auth\\Views\\register', [...])
 6 SYSTEMPATH/CodeIgniter.php(927): Myth\Auth\Controllers\AuthController->register()
 7 SYSTEMPATH/CodeIgniter.php(482): CodeIgniter\CodeIgniter->runController(Object(Myth\Auth\Controllers\AuthController))
 8 SYSTEMPATH/CodeIgniter.php(351): CodeIgniter\CodeIgniter->handleRequest(null, Object(Config\Cache), false)
 9 FCPATH/index.php(67): CodeIgniter\CodeIgniter->run()
10 SYSTEMPATH/Commands/Server/rewrite.php(46): require_once('FCPATH/index.php')
CRITICAL - 2023-11-02 06:07:39 --> Trying to access array offset on value of type null
in APPPATH/Views/Admin/edit.php on line 7.
 1 APPPATH/Views/Admin/edit.php(7): CodeIgniter\Debug\Exceptions->errorHandler(2, 'Trying to access array offset on value of type null', 'APPPATH/Views/Admin/edit.php', 7)
 2 SYSTEMPATH/View/View.php(213): include('APPPATH/Views/Admin/edit.php')
 3 SYSTEMPATH/View/View.php(216): CodeIgniter\View\View->CodeIgniter\View\{closure}()
 4 SYSTEMPATH/Common.php(1134): CodeIgniter\View\View->render('Admin/edit', [], true)
 5 APPPATH/Controllers/Rangking.php(160): view('Admin/edit', [...])
 6 SYSTEMPATH/CodeIgniter.php(927): App\Controllers\Rangking->formedit('FCPATH/assets', 'static', 'FCPATH/js', 'initTheme.js')
 7 SYSTEMPATH/CodeIgniter.php(482): CodeIgniter\CodeIgniter->runController(Object(App\Controllers\Rangking))
 8 SYSTEMPATH/CodeIgniter.php(351): CodeIgniter\CodeIgniter->handleRequest(null, Object(Config\Cache), false)
 9 FCPATH/index.php(67): CodeIgniter\CodeIgniter->run()
10 SYSTEMPATH/Commands/Server/rewrite.php(46): require_once('FCPATH/index.php')
CRITICAL - 2023-11-02 06:07:39 --> Trying to access array offset on value of type null
in APPPATH/Views/Admin/edit.php on line 7.
 1 APPPATH/Views/Admin/edit.php(7): CodeIgniter\Debug\Exceptions->errorHandler(2, 'Trying to access array offset on value of type null', 'APPPATH/Views/Admin/edit.php', 7)
 2 SYSTEMPATH/View/View.php(213): include('APPPATH/Views/Admin/edit.php')
 3 SYSTEMPATH/View/View.php(216): CodeIgniter\View\View->CodeIgniter\View\{closure}()
 4 SYSTEMPATH/Common.php(1134): CodeIgniter\View\View->render('Admin/edit', [], true)
 5 APPPATH/Controllers/Rangking.php(160): view('Admin/edit', [...])
 6 SYSTEMPATH/CodeIgniter.php(927): App\Controllers\Rangking->formedit('FCPATH/assets', 'static', 'FCPATH/js', 'components', 'dark.js')
 7 SYSTEMPATH/CodeIgniter.php(482): CodeIgniter\CodeIgniter->runController(Object(App\Controllers\Rangking))
 8 SYSTEMPATH/CodeIgniter.php(351): CodeIgniter\CodeIgniter->handleRequest(null, Object(Config\Cache), false)
 9 FCPATH/index.php(67): CodeIgniter\CodeIgniter->run()
10 SYSTEMPATH/Commands/Server/rewrite.php(46): require_once('FCPATH/index.php')
CRITICAL - 2023-11-02 06:07:39 --> Trying to access array offset on value of type null
in APPPATH/Views/Admin/edit.php on line 7.
 1 APPPATH/Views/Admin/edit.php(7): CodeIgniter\Debug\Exceptions->errorHandler(2, 'Trying to access array offset on value of type null', 'APPPATH/Views/Admin/edit.php', 7)
 2 SYSTEMPATH/View/View.php(213): include('APPPATH/Views/Admin/edit.php')
 3 SYSTEMPATH/View/View.php(216): CodeIgniter\View\View->CodeIgniter\View\{closure}()
 4 SYSTEMPATH/Common.php(1134): CodeIgniter\View\View->render('Admin/edit', [], true)
 5 APPPATH/Controllers/Rangking.php(160): view('Admin/edit', [...])
 6 SYSTEMPATH/CodeIgniter.php(927): App\Controllers\Rangking->formedit('FCPATH/assets', 'extensions', 'perfect-scrollbar', 'perfect-scrollbar.min.js')
 7 SYSTEMPATH/CodeIgniter.php(482): CodeIgniter\CodeIgniter->runController(Object(App\Controllers\Rangking))
 8 SYSTEMPATH/CodeIgniter.php(351): CodeIgniter\CodeIgniter->handleRequest(null, Object(Config\Cache), false)
 9 FCPATH/index.php(67): CodeIgniter\CodeIgniter->run()
10 SYSTEMPATH/Commands/Server/rewrite.php(46): require_once('FCPATH/index.php')
CRITICAL - 2023-11-02 06:07:39 --> Trying to access array offset on value of type null
in APPPATH/Views/Admin/edit.php on line 7.
 1 APPPATH/Views/Admin/edit.php(7): CodeIgniter\Debug\Exceptions->errorHandler(2, 'Trying to access array offset on value of type null', 'APPPATH/Views/Admin/edit.php', 7)
 2 SYSTEMPATH/View/View.php(213): include('APPPATH/Views/Admin/edit.php')
 3 SYSTEMPATH/View/View.php(216): CodeIgniter\View\View->CodeIgniter\View\{closure}()
 4 SYSTEMPATH/Common.php(1134): CodeIgniter\View\View->render('Admin/edit', [], true)
 5 APPPATH/Controllers/Rangking.php(160): view('Admin/edit', [...])
 6 SYSTEMPATH/CodeIgniter.php(927): App\Controllers\Rangking->formedit('FCPATH/assets', 'compiled', 'FCPATH/js', 'app.js')
 7 SYSTEMPATH/CodeIgniter.php(482): CodeIgniter\CodeIgniter->runController(Object(App\Controllers\Rangking))
 8 SYSTEMPATH/CodeIgniter.php(351): CodeIgniter\CodeIgniter->handleRequest(null, Object(Config\Cache), false)
 9 FCPATH/index.php(67): CodeIgniter\CodeIgniter->run()
10 SYSTEMPATH/Commands/Server/rewrite.php(46): require_once('FCPATH/index.php')
CRITICAL - 2023-11-02 06:07:39 --> Trying to access array offset on value of type null
in APPPATH/Views/Admin/edit.php on line 7.
 1 APPPATH/Views/Admin/edit.php(7): CodeIgniter\Debug\Exceptions->errorHandler(2, 'Trying to access array offset on value of type null', 'APPPATH/Views/Admin/edit.php', 7)
 2 SYSTEMPATH/View/View.php(213): include('APPPATH/Views/Admin/edit.php')
 3 SYSTEMPATH/View/View.php(216): CodeIgniter\View\View->CodeIgniter\View\{closure}()
 4 SYSTEMPATH/Common.php(1134): CodeIgniter\View\View->render('Admin/edit', [], true)
 5 APPPATH/Controllers/Rangking.php(160): view('Admin/edit', [...])
 6 SYSTEMPATH/CodeIgniter.php(927): App\Controllers\Rangking->formedit('FCPATH/assets', 'extensions', 'apexcharts', 'apexcharts.min.js')
 7 SYSTEMPATH/CodeIgniter.php(482): CodeIgniter\CodeIgniter->runController(Object(App\Controllers\Rangking))
 8 SYSTEMPATH/CodeIgniter.php(351): CodeIgniter\CodeIgniter->handleRequest(null, Object(Config\Cache), false)
 9 FCPATH/index.php(67): CodeIgniter\CodeIgniter->run()
10 SYSTEMPATH/Commands/Server/rewrite.php(46): require_once('FCPATH/index.php')
CRITICAL - 2023-11-02 06:07:40 --> Trying to access array offset on value of type null
in APPPATH/Views/Admin/edit.php on line 7.
 1 APPPATH/Views/Admin/edit.php(7): CodeIgniter\Debug\Exceptions->errorHandler(2, 'Trying to access array offset on value of type null', 'APPPATH/Views/Admin/edit.php', 7)
 2 SYSTEMPATH/View/View.php(213): include('APPPATH/Views/Admin/edit.php')
 3 SYSTEMPATH/View/View.php(216): CodeIgniter\View\View->CodeIgniter\View\{closure}()
 4 SYSTEMPATH/Common.php(1134): CodeIgniter\View\View->render('Admin/edit', [], true)
 5 APPPATH/Controllers/Rangking.php(160): view('Admin/edit', [...])
 6 SYSTEMPATH/CodeIgniter.php(927): App\Controllers\Rangking->formedit('FCPATH/assets', 'static', 'FCPATH/js', 'pages', 'dashboard.js')
 7 SYSTEMPATH/CodeIgniter.php(482): CodeIgniter\CodeIgniter->runController(Object(App\Controllers\Rangking))
 8 SYSTEMPATH/CodeIgniter.php(351): CodeIgniter\CodeIgniter->handleRequest(null, Object(Config\Cache), false)
 9 FCPATH/index.php(67): CodeIgniter\CodeIgniter->run()
10 SYSTEMPATH/Commands/Server/rewrite.php(46): require_once('FCPATH/index.php')
CRITICAL - 2023-11-02 06:46:34 --> Trying to access array offset on value of type null
in APPPATH/Views/Admin/formemail.php on line 8.
 1 APPPATH/Views/Admin/formemail.php(8): CodeIgniter\Debug\Exceptions->errorHandler(2, 'Trying to access array offset on value of type null', 'APPPATH/Views/Admin/formemail.php', 8)
 2 SYSTEMPATH/View/View.php(213): include('APPPATH/Views/Admin/formemail.php')
 3 SYSTEMPATH/View/View.php(216): CodeIgniter\View\View->CodeIgniter\View\{closure}()
 4 SYSTEMPATH/Common.php(1134): CodeIgniter\View\View->render('Admin/formemail', [], true)
 5 APPPATH/Controllers/Rangking.php(190): view('Admin/formemail', [...])
 6 SYSTEMPATH/CodeIgniter.php(927): App\Controllers\Rangking->formemail('18')
 7 SYSTEMPATH/CodeIgniter.php(482): CodeIgniter\CodeIgniter->runController(Object(App\Controllers\Rangking))
 8 SYSTEMPATH/CodeIgniter.php(351): CodeIgniter\CodeIgniter->handleRequest(null, Object(Config\Cache), false)
 9 FCPATH/index.php(67): CodeIgniter\CodeIgniter->run()
10 SYSTEMPATH/Commands/Server/rewrite.php(46): require_once('FCPATH/index.php')
CRITICAL - 2023-11-02 07:07:40 --> Trying to access array offset on value of type null
in APPPATH/Views/Admin/formemail.php on line 8.
 1 APPPATH/Views/Admin/formemail.php(8): CodeIgniter\Debug\Exceptions->errorHandler(2, 'Trying to access array offset on value of type null', 'APPPATH/Views/Admin/formemail.php', 8)
 2 SYSTEMPATH/View/View.php(213): include('APPPATH/Views/Admin/formemail.php')
 3 SYSTEMPATH/View/View.php(216): CodeIgniter\View\View->CodeIgniter\View\{closure}()
 4 SYSTEMPATH/Common.php(1134): CodeIgniter\View\View->render('Admin/formemail', [], true)
 5 APPPATH/Controllers/Rangking.php(190): view('Admin/formemail', [...])
 6 SYSTEMPATH/CodeIgniter.php(927): App\Controllers\Rangking->formemail('18')
 7 SYSTEMPATH/CodeIgniter.php(482): CodeIgniter\CodeIgniter->runController(Object(App\Controllers\Rangking))
 8 SYSTEMPATH/CodeIgniter.php(351): CodeIgniter\CodeIgniter->handleRequest(null, Object(Config\Cache), false)
 9 FCPATH/index.php(67): CodeIgniter\CodeIgniter->run()
10 SYSTEMPATH/Commands/Server/rewrite.php(46): require_once('FCPATH/index.php')
CRITICAL - 2023-11-02 07:10:15 --> Trying to access array offset on value of type null
in APPPATH/Views/Admin/formemail.php on line 8.
 1 APPPATH/Views/Admin/formemail.php(8): CodeIgniter\Debug\Exceptions->errorHandler(2, 'Trying to access array offset on value of type null', 'APPPATH/Views/Admin/formemail.php', 8)
 2 SYSTEMPATH/View/View.php(213): include('APPPATH/Views/Admin/formemail.php')
 3 SYSTEMPATH/View/View.php(216): CodeIgniter\View\View->CodeIgniter\View\{closure}()
 4 SYSTEMPATH/Common.php(1134): CodeIgniter\View\View->render('Admin/formemail', [], true)
 5 APPPATH/Controllers/Rangking.php(190): view('Admin/formemail', [...])
 6 SYSTEMPATH/CodeIgniter.php(927): App\Controllers\Rangking->formemail('18')
 7 SYSTEMPATH/CodeIgniter.php(482): CodeIgniter\CodeIgniter->runController(Object(App\Controllers\Rangking))
 8 SYSTEMPATH/CodeIgniter.php(351): CodeIgniter\CodeIgniter->handleRequest(null, Object(Config\Cache), false)
 9 FCPATH/index.php(67): CodeIgniter\CodeIgniter->run()
10 SYSTEMPATH/Commands/Server/rewrite.php(46): require_once('FCPATH/index.php')
CRITICAL - 2023-11-02 10:34:36 --> Trying to access array offset on value of type null
in APPPATH/Views/Admin/formemail.php on line 8.
 1 APPPATH/Views/Admin/formemail.php(8): CodeIgniter\Debug\Exceptions->errorHandler(2, 'Trying to access array offset on value of type null', 'APPPATH/Views/Admin/formemail.php', 8)
 2 SYSTEMPATH/View/View.php(213): include('APPPATH/Views/Admin/formemail.php')
 3 SYSTEMPATH/View/View.php(216): CodeIgniter\View\View->CodeIgniter\View\{closure}()
 4 SYSTEMPATH/Common.php(1134): CodeIgniter\View\View->render('Admin/formemail', [], true)
 5 APPPATH/Controllers/Rangking.php(190): view('Admin/formemail', [...])
 6 SYSTEMPATH/CodeIgniter.php(927): App\Controllers\Rangking->formemail('18')
 7 SYSTEMPATH/CodeIgniter.php(482): CodeIgniter\CodeIgniter->runController(Object(App\Controllers\Rangking))
 8 SYSTEMPATH/CodeIgniter.php(351): CodeIgniter\CodeIgniter->handleRequest(null, Object(Config\Cache), false)
 9 FCPATH/index.php(67): CodeIgniter\CodeIgniter->run()
10 SYSTEMPATH/Commands/Server/rewrite.php(46): require_once('FCPATH/index.php')
CRITICAL - 2023-11-02 15:36:44 --> Undefined variable $s
in APPPATH/Views/Users/index.php on line 275.
 1 APPPATH/Views/Users/index.php(275): CodeIgniter\Debug\Exceptions->errorHandler(2, 'Undefined variable $s', 'APPPATH/Views/Users/index.php', 275)
 2 SYSTEMPATH/View/View.php(213): include('APPPATH/Views/Users/index.php')
 3 SYSTEMPATH/View/View.php(216): CodeIgniter\View\View->CodeIgniter\View\{closure}()
 4 SYSTEMPATH/Common.php(1134): CodeIgniter\View\View->render('Users/index', [], true)
 5 APPPATH/Controllers/User.php(17): view('Users/index', [...])
 6 SYSTEMPATH/CodeIgniter.php(927): App\Controllers\User->index()
 7 SYSTEMPATH/CodeIgniter.php(482): CodeIgniter\CodeIgniter->runController(Object(App\Controllers\User))
 8 SYSTEMPATH/CodeIgniter.php(351): CodeIgniter\CodeIgniter->handleRequest(null, Object(Config\Cache), false)
 9 FCPATH/index.php(67): CodeIgniter\CodeIgniter->run()
10 SYSTEMPATH/Commands/Server/rewrite.php(46): require_once('FCPATH/index.php')
CRITICAL - 2023-11-02 15:40:08 --> syntax error, unexpected end of file
in APPPATH/Views/Users/index.php on line 447.
 1 SYSTEMPATH/View/View.php(216): CodeIgniter\View\View->CodeIgniter\View\{closure}()
 2 SYSTEMPATH/Common.php(1134): CodeIgniter\View\View->render('Users/index', [], true)
 3 APPPATH/Controllers/User.php(17): view('Users/index', [...])
 4 SYSTEMPATH/CodeIgniter.php(927): App\Controllers\User->index()
 5 SYSTEMPATH/CodeIgniter.php(482): CodeIgniter\CodeIgniter->runController(Object(App\Controllers\User))
 6 SYSTEMPATH/CodeIgniter.php(351): CodeIgniter\CodeIgniter->handleRequest(null, Object(Config\Cache), false)
 7 FCPATH/index.php(67): CodeIgniter\CodeIgniter->run()
 8 SYSTEMPATH/Commands/Server/rewrite.php(46): require_once('FCPATH/index.php')
