ERROR - 2023-10-12 17:15:45 --> Error connecting to the database: mysqli_sql_exception: No connection could be made because the target machine actively refused it in C:\Users\10\Downloads\CI-Arsal\system\Database\MySQLi\Connection.php:171
Stack trace:
#0 C:\Users\10\Downloads\CI-Arsal\system\Database\MySQLi\Connection.php(171): mysqli->real_connect('localhost', 'root', '', 'db', 3306, '', 0)
#1 C:\Users\10\Downloads\CI-Arsal\system\Database\BaseConnection.php(382): CodeIgniter\Database\MySQLi\Connection->connect(false)
#2 C:\Users\10\Downloads\CI-Arsal\system\Database\BaseConnection.php(561): CodeIgniter\Database\BaseConnection->initialize()
#3 C:\Users\10\Downloads\CI-Arsal\system\Database\BaseBuilder.php(1669): CodeIgniter\Database\BaseConnection->query('SELECT COUNT(*)...', Array, false)
#4 C:\Users\10\Downloads\CI-Arsal\system\Model.php(551): CodeIgniter\Database\BaseBuilder->countAllResults(false)
#5 C:\Users\10\Downloads\CI-Arsal\system\BaseModel.php(1106): CodeIgniter\Model->countAllResults(false)
#6 C:\Users\10\Downloads\CI-Arsal\app\Controllers\Rangking.php(28): CodeIgniter\BaseModel->paginate(5, 'daftar')
#7 C:\Users\10\Downloads\CI-Arsal\system\CodeIgniter.php(927): App\Controllers\Rangking->index()
#8 C:\Users\10\Downloads\CI-Arsal\system\CodeIgniter.php(482): CodeIgniter\CodeIgniter->runController(Object(App\Controllers\Rangking))
#9 C:\Users\10\Downloads\CI-Arsal\system\CodeIgniter.php(351): CodeIgniter\CodeIgniter->handleRequest(NULL, Object(Config\Cache), false)
#10 C:\Users\10\Downloads\CI-Arsal\public\index.php(67): CodeIgniter\CodeIgniter->run()
#11 C:\Users\10\Downloads\CI-Arsal\system\Commands\Server\rewrite.php(46): require_once('C:\\Users\\10\\Dow...')
#12 {main}

Next CodeIgniter\Database\Exceptions\DatabaseException: No connection could be made because the target machine actively refused it in C:\Users\10\Downloads\CI-Arsal\system\Database\MySQLi\Connection.php:215
Stack trace:
#0 C:\Users\10\Downloads\CI-Arsal\system\Database\BaseConnection.php(382): CodeIgniter\Database\MySQLi\Connection->connect(false)
#1 C:\Users\10\Downloads\CI-Arsal\system\Database\BaseConnection.php(561): CodeIgniter\Database\BaseConnection->initialize()
#2 C:\Users\10\Downloads\CI-Arsal\system\Database\BaseBuilder.php(1669): CodeIgniter\Database\BaseConnection->query('SELECT COUNT(*)...', Array, false)
#3 C:\Users\10\Downloads\CI-Arsal\system\Model.php(551): CodeIgniter\Database\BaseBuilder->countAllResults(false)
#4 C:\Users\10\Downloads\CI-Arsal\system\BaseModel.php(1106): CodeIgniter\Model->countAllResults(false)
#5 C:\Users\10\Downloads\CI-Arsal\app\Controllers\Rangking.php(28): CodeIgniter\BaseModel->paginate(5, 'daftar')
#6 C:\Users\10\Downloads\CI-Arsal\system\CodeIgniter.php(927): App\Controllers\Rangking->index()
#7 C:\Users\10\Downloads\CI-Arsal\system\CodeIgniter.php(482): CodeIgniter\CodeIgniter->runController(Object(App\Controllers\Rangking))
#8 C:\Users\10\Downloads\CI-Arsal\system\CodeIgniter.php(351): CodeIgniter\CodeIgniter->handleRequest(NULL, Object(Config\Cache), false)
#9 C:\Users\10\Downloads\CI-Arsal\public\index.php(67): CodeIgniter\CodeIgniter->run()
#10 C:\Users\10\Downloads\CI-Arsal\system\Commands\Server\rewrite.php(46): require_once('C:\\Users\\10\\Dow...')
#11 {main}
CRITICAL - 2023-10-12 17:15:45 --> Unable to connect to the database.
Main connection [MySQLi]: No connection could be made because the target machine actively refused it
in SYSTEMPATH\Database\BaseConnection.php on line 418.
 1 SYSTEMPATH\Database\BaseConnection.php(561): CodeIgniter\Database\BaseConnection->initialize()
 2 SYSTEMPATH\Database\BaseBuilder.php(1669): CodeIgniter\Database\BaseConnection->query('SELECT COUNT(*) AS `numrows`
FROM `barang`', [], false)
 3 SYSTEMPATH\Model.php(551): CodeIgniter\Database\BaseBuilder->countAllResults(false)
 4 SYSTEMPATH\BaseModel.php(1106): CodeIgniter\Model->countAllResults(false)
 5 APPPATH\Controllers\Rangking.php(28): CodeIgniter\BaseModel->paginate(5, 'daftar')
 6 SYSTEMPATH\CodeIgniter.php(927): App\Controllers\Rangking->index()
 7 SYSTEMPATH\CodeIgniter.php(482): CodeIgniter\CodeIgniter->runController(Object(App\Controllers\Rangking))
 8 SYSTEMPATH\CodeIgniter.php(351): CodeIgniter\CodeIgniter->handleRequest(null, Object(Config\Cache), false)
 9 FCPATH\index.php(67): CodeIgniter\CodeIgniter->run()
10 SYSTEMPATH\Commands\Server\rewrite.php(46): require_once('FCPATH\\index.php')
ERROR - 2023-10-12 17:17:06 --> Error connecting to the database: mysqli_sql_exception: No connection could be made because the target machine actively refused it in C:\Users\10\Downloads\CI-Arsal\system\Database\MySQLi\Connection.php:171
Stack trace:
#0 C:\Users\10\Downloads\CI-Arsal\system\Database\MySQLi\Connection.php(171): mysqli->real_connect('localhost', 'root', '', 'bimbel-e', 3306, '', 0)
#1 C:\Users\10\Downloads\CI-Arsal\system\Database\BaseConnection.php(382): CodeIgniter\Database\MySQLi\Connection->connect(false)
#2 C:\Users\10\Downloads\CI-Arsal\system\Database\BaseConnection.php(561): CodeIgniter\Database\BaseConnection->initialize()
#3 C:\Users\10\Downloads\CI-Arsal\system\Database\BaseBuilder.php(1669): CodeIgniter\Database\BaseConnection->query('SELECT COUNT(*)...', Array, false)
#4 C:\Users\10\Downloads\CI-Arsal\system\Model.php(551): CodeIgniter\Database\BaseBuilder->countAllResults(false)
#5 C:\Users\10\Downloads\CI-Arsal\system\BaseModel.php(1106): CodeIgniter\Model->countAllResults(false)
#6 C:\Users\10\Downloads\CI-Arsal\app\Controllers\Rangking.php(28): CodeIgniter\BaseModel->paginate(5, 'daftar')
#7 C:\Users\10\Downloads\CI-Arsal\system\CodeIgniter.php(927): App\Controllers\Rangking->index()
#8 C:\Users\10\Downloads\CI-Arsal\system\CodeIgniter.php(482): CodeIgniter\CodeIgniter->runController(Object(App\Controllers\Rangking))
#9 C:\Users\10\Downloads\CI-Arsal\system\CodeIgniter.php(351): CodeIgniter\CodeIgniter->handleRequest(NULL, Object(Config\Cache), false)
#10 C:\Users\10\Downloads\CI-Arsal\public\index.php(67): CodeIgniter\CodeIgniter->run()
#11 C:\Users\10\Downloads\CI-Arsal\system\Commands\Server\rewrite.php(46): require_once('C:\\Users\\10\\Dow...')
#12 {main}

Next CodeIgniter\Database\Exceptions\DatabaseException: No connection could be made because the target machine actively refused it in C:\Users\10\Downloads\CI-Arsal\system\Database\MySQLi\Connection.php:215
Stack trace:
#0 C:\Users\10\Downloads\CI-Arsal\system\Database\BaseConnection.php(382): CodeIgniter\Database\MySQLi\Connection->connect(false)
#1 C:\Users\10\Downloads\CI-Arsal\system\Database\BaseConnection.php(561): CodeIgniter\Database\BaseConnection->initialize()
#2 C:\Users\10\Downloads\CI-Arsal\system\Database\BaseBuilder.php(1669): CodeIgniter\Database\BaseConnection->query('SELECT COUNT(*)...', Array, false)
#3 C:\Users\10\Downloads\CI-Arsal\system\Model.php(551): CodeIgniter\Database\BaseBuilder->countAllResults(false)
#4 C:\Users\10\Downloads\CI-Arsal\system\BaseModel.php(1106): CodeIgniter\Model->countAllResults(false)
#5 C:\Users\10\Downloads\CI-Arsal\app\Controllers\Rangking.php(28): CodeIgniter\BaseModel->paginate(5, 'daftar')
#6 C:\Users\10\Downloads\CI-Arsal\system\CodeIgniter.php(927): App\Controllers\Rangking->index()
#7 C:\Users\10\Downloads\CI-Arsal\system\CodeIgniter.php(482): CodeIgniter\CodeIgniter->runController(Object(App\Controllers\Rangking))
#8 C:\Users\10\Downloads\CI-Arsal\system\CodeIgniter.php(351): CodeIgniter\CodeIgniter->handleRequest(NULL, Object(Config\Cache), false)
#9 C:\Users\10\Downloads\CI-Arsal\public\index.php(67): CodeIgniter\CodeIgniter->run()
#10 C:\Users\10\Downloads\CI-Arsal\system\Commands\Server\rewrite.php(46): require_once('C:\\Users\\10\\Dow...')
#11 {main}
CRITICAL - 2023-10-12 17:17:06 --> Unable to connect to the database.
Main connection [MySQLi]: No connection could be made because the target machine actively refused it
in SYSTEMPATH\Database\BaseConnection.php on line 418.
 1 SYSTEMPATH\Database\BaseConnection.php(561): CodeIgniter\Database\BaseConnection->initialize()
 2 SYSTEMPATH\Database\BaseBuilder.php(1669): CodeIgniter\Database\BaseConnection->query('SELECT COUNT(*) AS `numrows`
FROM `daftar`', [], false)
 3 SYSTEMPATH\Model.php(551): CodeIgniter\Database\BaseBuilder->countAllResults(false)
 4 SYSTEMPATH\BaseModel.php(1106): CodeIgniter\Model->countAllResults(false)
 5 APPPATH\Controllers\Rangking.php(28): CodeIgniter\BaseModel->paginate(5, 'daftar')
 6 SYSTEMPATH\CodeIgniter.php(927): App\Controllers\Rangking->index()
 7 SYSTEMPATH\CodeIgniter.php(482): CodeIgniter\CodeIgniter->runController(Object(App\Controllers\Rangking))
 8 SYSTEMPATH\CodeIgniter.php(351): CodeIgniter\CodeIgniter->handleRequest(null, Object(Config\Cache), false)
 9 FCPATH\index.php(67): CodeIgniter\CodeIgniter->run()
10 SYSTEMPATH\Commands\Server\rewrite.php(46): require_once('FCPATH\\index.php')
CRITICAL - 2023-10-12 17:25:17 --> Invalid file: User/index.php
in SYSTEMPATH\Exceptions\FrameworkException.php on line 33.
 1 SYSTEMPATH\View\View.php(201): CodeIgniter\Exceptions\FrameworkException::forInvalidFile('User/index.php')
 2 SYSTEMPATH\Common.php(1134): CodeIgniter\View\View->render('User/index', [], true)
 3 APPPATH\Controllers\User.php(11): view('User/index')
 4 SYSTEMPATH\CodeIgniter.php(927): App\Controllers\User->index()
 5 SYSTEMPATH\CodeIgniter.php(482): CodeIgniter\CodeIgniter->runController(Object(App\Controllers\User))
 6 SYSTEMPATH\CodeIgniter.php(351): CodeIgniter\CodeIgniter->handleRequest(null, Object(Config\Cache), false)
 7 FCPATH\index.php(67): CodeIgniter\CodeIgniter->run()
 8 SYSTEMPATH\Commands\Server\rewrite.php(46): require_once('FCPATH\\index.php')
CRITICAL - 2023-10-12 17:46:40 --> Trying to access array offset on value of type null
in APPPATH\Views\Admin\edit.php on line 7.
 1 APPPATH\Views\Admin\edit.php(7): CodeIgniter\Debug\Exceptions->errorHandler(2, 'Trying to access array offset on value of type null', 'APPPATH\\Views\\Admin\\edit.php', 7)
 2 SYSTEMPATH\View\View.php(213): include('APPPATH\\Views\\Admin\\edit.php')
 3 SYSTEMPATH\View\View.php(216): CodeIgniter\View\View->CodeIgniter\View\{closure}()
 4 SYSTEMPATH\Common.php(1134): CodeIgniter\View\View->render('Admin/edit', [], true)
 5 APPPATH\Controllers\Rangking.php(135): view('Admin/edit', [...])
 6 SYSTEMPATH\CodeIgniter.php(927): App\Controllers\Rangking->formedit('FCPATH\\assets', 'compiled', 'FCPATH\\css', 'app.css')
 7 SYSTEMPATH\CodeIgniter.php(482): CodeIgniter\CodeIgniter->runController(Object(App\Controllers\Rangking))
 8 SYSTEMPATH\CodeIgniter.php(351): CodeIgniter\CodeIgniter->handleRequest(null, Object(Config\Cache), false)
 9 FCPATH\index.php(67): CodeIgniter\CodeIgniter->run()
10 SYSTEMPATH\Commands\Server\rewrite.php(46): require_once('FCPATH\\index.php')
CRITICAL - 2023-10-12 17:46:40 --> Trying to access array offset on value of type null
in APPPATH\Views\Admin\edit.php on line 7.
 1 APPPATH\Views\Admin\edit.php(7): CodeIgniter\Debug\Exceptions->errorHandler(2, 'Trying to access array offset on value of type null', 'APPPATH\\Views\\Admin\\edit.php', 7)
 2 SYSTEMPATH\View\View.php(213): include('APPPATH\\Views\\Admin\\edit.php')
 3 SYSTEMPATH\View\View.php(216): CodeIgniter\View\View->CodeIgniter\View\{closure}()
 4 SYSTEMPATH\Common.php(1134): CodeIgniter\View\View->render('Admin/edit', [], true)
 5 APPPATH\Controllers\Rangking.php(135): view('Admin/edit', [...])
 6 SYSTEMPATH\CodeIgniter.php(927): App\Controllers\Rangking->formedit('FCPATH\\assets', 'compiled', 'FCPATH\\css', 'app-dark.css')
 7 SYSTEMPATH\CodeIgniter.php(482): CodeIgniter\CodeIgniter->runController(Object(App\Controllers\Rangking))
 8 SYSTEMPATH\CodeIgniter.php(351): CodeIgniter\CodeIgniter->handleRequest(null, Object(Config\Cache), false)
 9 FCPATH\index.php(67): CodeIgniter\CodeIgniter->run()
10 SYSTEMPATH\Commands\Server\rewrite.php(46): require_once('FCPATH\\index.php')
CRITICAL - 2023-10-12 17:46:40 --> Trying to access array offset on value of type null
in APPPATH\Views\Admin\edit.php on line 7.
 1 APPPATH\Views\Admin\edit.php(7): CodeIgniter\Debug\Exceptions->errorHandler(2, 'Trying to access array offset on value of type null', 'APPPATH\\Views\\Admin\\edit.php', 7)
 2 SYSTEMPATH\View\View.php(213): include('APPPATH\\Views\\Admin\\edit.php')
 3 SYSTEMPATH\View\View.php(216): CodeIgniter\View\View->CodeIgniter\View\{closure}()
 4 SYSTEMPATH\Common.php(1134): CodeIgniter\View\View->render('Admin/edit', [], true)
 5 APPPATH\Controllers\Rangking.php(135): view('Admin/edit', [...])
 6 SYSTEMPATH\CodeIgniter.php(927): App\Controllers\Rangking->formedit('FCPATH\\assets', 'compiled', 'FCPATH\\css', 'iconly.css')
 7 SYSTEMPATH\CodeIgniter.php(482): CodeIgniter\CodeIgniter->runController(Object(App\Controllers\Rangking))
 8 SYSTEMPATH\CodeIgniter.php(351): CodeIgniter\CodeIgniter->handleRequest(null, Object(Config\Cache), false)
 9 FCPATH\index.php(67): CodeIgniter\CodeIgniter->run()
10 SYSTEMPATH\Commands\Server\rewrite.php(46): require_once('FCPATH\\index.php')
CRITICAL - 2023-10-12 17:46:41 --> Trying to access array offset on value of type null
in APPPATH\Views\Admin\edit.php on line 7.
 1 APPPATH\Views\Admin\edit.php(7): CodeIgniter\Debug\Exceptions->errorHandler(2, 'Trying to access array offset on value of type null', 'APPPATH\\Views\\Admin\\edit.php', 7)
 2 SYSTEMPATH\View\View.php(213): include('APPPATH\\Views\\Admin\\edit.php')
 3 SYSTEMPATH\View\View.php(216): CodeIgniter\View\View->CodeIgniter\View\{closure}()
 4 SYSTEMPATH\Common.php(1134): CodeIgniter\View\View->render('Admin/edit', [], true)
 5 APPPATH\Controllers\Rangking.php(135): view('Admin/edit', [...])
 6 SYSTEMPATH\CodeIgniter.php(927): App\Controllers\Rangking->formedit('FCPATH\\assets', 'static', 'FCPATH\\js', 'initTheme.js')
 7 SYSTEMPATH\CodeIgniter.php(482): CodeIgniter\CodeIgniter->runController(Object(App\Controllers\Rangking))
 8 SYSTEMPATH\CodeIgniter.php(351): CodeIgniter\CodeIgniter->handleRequest(null, Object(Config\Cache), false)
 9 FCPATH\index.php(67): CodeIgniter\CodeIgniter->run()
10 SYSTEMPATH\Commands\Server\rewrite.php(46): require_once('FCPATH\\index.php')
CRITICAL - 2023-10-12 17:46:41 --> Trying to access array offset on value of type null
in APPPATH\Views\Admin\edit.php on line 7.
 1 APPPATH\Views\Admin\edit.php(7): CodeIgniter\Debug\Exceptions->errorHandler(2, 'Trying to access array offset on value of type null', 'APPPATH\\Views\\Admin\\edit.php', 7)
 2 SYSTEMPATH\View\View.php(213): include('APPPATH\\Views\\Admin\\edit.php')
 3 SYSTEMPATH\View\View.php(216): CodeIgniter\View\View->CodeIgniter\View\{closure}()
 4 SYSTEMPATH\Common.php(1134): CodeIgniter\View\View->render('Admin/edit', [], true)
 5 APPPATH\Controllers\Rangking.php(135): view('Admin/edit', [...])
 6 SYSTEMPATH\CodeIgniter.php(927): App\Controllers\Rangking->formedit('FCPATH\\assets', 'compiled', 'svg', 'logo.jpg')
 7 SYSTEMPATH\CodeIgniter.php(482): CodeIgniter\CodeIgniter->runController(Object(App\Controllers\Rangking))
 8 SYSTEMPATH\CodeIgniter.php(351): CodeIgniter\CodeIgniter->handleRequest(null, Object(Config\Cache), false)
 9 FCPATH\index.php(67): CodeIgniter\CodeIgniter->run()
10 SYSTEMPATH\Commands\Server\rewrite.php(46): require_once('FCPATH\\index.php')
CRITICAL - 2023-10-12 17:46:41 --> Trying to access array offset on value of type null
in APPPATH\Views\Admin\edit.php on line 7.
 1 APPPATH\Views\Admin\edit.php(7): CodeIgniter\Debug\Exceptions->errorHandler(2, 'Trying to access array offset on value of type null', 'APPPATH\\Views\\Admin\\edit.php', 7)
 2 SYSTEMPATH\View\View.php(213): include('APPPATH\\Views\\Admin\\edit.php')
 3 SYSTEMPATH\View\View.php(216): CodeIgniter\View\View->CodeIgniter\View\{closure}()
 4 SYSTEMPATH\Common.php(1134): CodeIgniter\View\View->render('Admin/edit', [], true)
 5 APPPATH\Controllers\Rangking.php(135): view('Admin/edit', [...])
 6 SYSTEMPATH\CodeIgniter.php(927): App\Controllers\Rangking->formedit('FCPATH\\assets', 'static', 'FCPATH\\js', 'components', 'dark.js')
 7 SYSTEMPATH\CodeIgniter.php(482): CodeIgniter\CodeIgniter->runController(Object(App\Controllers\Rangking))
 8 SYSTEMPATH\CodeIgniter.php(351): CodeIgniter\CodeIgniter->handleRequest(null, Object(Config\Cache), false)
 9 FCPATH\index.php(67): CodeIgniter\CodeIgniter->run()
10 SYSTEMPATH\Commands\Server\rewrite.php(46): require_once('FCPATH\\index.php')
CRITICAL - 2023-10-12 17:46:41 --> Trying to access array offset on value of type null
in APPPATH\Views\Admin\edit.php on line 7.
 1 APPPATH\Views\Admin\edit.php(7): CodeIgniter\Debug\Exceptions->errorHandler(2, 'Trying to access array offset on value of type null', 'APPPATH\\Views\\Admin\\edit.php', 7)
 2 SYSTEMPATH\View\View.php(213): include('APPPATH\\Views\\Admin\\edit.php')
 3 SYSTEMPATH\View\View.php(216): CodeIgniter\View\View->CodeIgniter\View\{closure}()
 4 SYSTEMPATH\Common.php(1134): CodeIgniter\View\View->render('Admin/edit', [], true)
 5 APPPATH\Controllers\Rangking.php(135): view('Admin/edit', [...])
 6 SYSTEMPATH\CodeIgniter.php(927): App\Controllers\Rangking->formedit('FCPATH\\assets', 'extensions', 'perfect-scrollbar', 'perfect-scrollbar.min.js')
 7 SYSTEMPATH\CodeIgniter.php(482): CodeIgniter\CodeIgniter->runController(Object(App\Controllers\Rangking))
 8 SYSTEMPATH\CodeIgniter.php(351): CodeIgniter\CodeIgniter->handleRequest(null, Object(Config\Cache), false)
 9 FCPATH\index.php(67): CodeIgniter\CodeIgniter->run()
10 SYSTEMPATH\Commands\Server\rewrite.php(46): require_once('FCPATH\\index.php')
CRITICAL - 2023-10-12 17:46:42 --> Trying to access array offset on value of type null
in APPPATH\Views\Admin\edit.php on line 7.
 1 APPPATH\Views\Admin\edit.php(7): CodeIgniter\Debug\Exceptions->errorHandler(2, 'Trying to access array offset on value of type null', 'APPPATH\\Views\\Admin\\edit.php', 7)
 2 SYSTEMPATH\View\View.php(213): include('APPPATH\\Views\\Admin\\edit.php')
 3 SYSTEMPATH\View\View.php(216): CodeIgniter\View\View->CodeIgniter\View\{closure}()
 4 SYSTEMPATH\Common.php(1134): CodeIgniter\View\View->render('Admin/edit', [], true)
 5 APPPATH\Controllers\Rangking.php(135): view('Admin/edit', [...])
 6 SYSTEMPATH\CodeIgniter.php(927): App\Controllers\Rangking->formedit('FCPATH\\assets', 'compiled', 'FCPATH\\js', 'app.js')
 7 SYSTEMPATH\CodeIgniter.php(482): CodeIgniter\CodeIgniter->runController(Object(App\Controllers\Rangking))
 8 SYSTEMPATH\CodeIgniter.php(351): CodeIgniter\CodeIgniter->handleRequest(null, Object(Config\Cache), false)
 9 FCPATH\index.php(67): CodeIgniter\CodeIgniter->run()
10 SYSTEMPATH\Commands\Server\rewrite.php(46): require_once('FCPATH\\index.php')
CRITICAL - 2023-10-12 17:46:42 --> Trying to access array offset on value of type null
in APPPATH\Views\Admin\edit.php on line 7.
 1 APPPATH\Views\Admin\edit.php(7): CodeIgniter\Debug\Exceptions->errorHandler(2, 'Trying to access array offset on value of type null', 'APPPATH\\Views\\Admin\\edit.php', 7)
 2 SYSTEMPATH\View\View.php(213): include('APPPATH\\Views\\Admin\\edit.php')
 3 SYSTEMPATH\View\View.php(216): CodeIgniter\View\View->CodeIgniter\View\{closure}()
 4 SYSTEMPATH\Common.php(1134): CodeIgniter\View\View->render('Admin/edit', [], true)
 5 APPPATH\Controllers\Rangking.php(135): view('Admin/edit', [...])
 6 SYSTEMPATH\CodeIgniter.php(927): App\Controllers\Rangking->formedit('FCPATH\\assets', 'extensions', 'apexcharts', 'apexcharts.min.js')
 7 SYSTEMPATH\CodeIgniter.php(482): CodeIgniter\CodeIgniter->runController(Object(App\Controllers\Rangking))
 8 SYSTEMPATH\CodeIgniter.php(351): CodeIgniter\CodeIgniter->handleRequest(null, Object(Config\Cache), false)
 9 FCPATH\index.php(67): CodeIgniter\CodeIgniter->run()
10 SYSTEMPATH\Commands\Server\rewrite.php(46): require_once('FCPATH\\index.php')
CRITICAL - 2023-10-12 17:46:42 --> Trying to access array offset on value of type null
in APPPATH\Views\Admin\edit.php on line 7.
 1 APPPATH\Views\Admin\edit.php(7): CodeIgniter\Debug\Exceptions->errorHandler(2, 'Trying to access array offset on value of type null', 'APPPATH\\Views\\Admin\\edit.php', 7)
 2 SYSTEMPATH\View\View.php(213): include('APPPATH\\Views\\Admin\\edit.php')
 3 SYSTEMPATH\View\View.php(216): CodeIgniter\View\View->CodeIgniter\View\{closure}()
 4 SYSTEMPATH\Common.php(1134): CodeIgniter\View\View->render('Admin/edit', [], true)
 5 APPPATH\Controllers\Rangking.php(135): view('Admin/edit', [...])
 6 SYSTEMPATH\CodeIgniter.php(927): App\Controllers\Rangking->formedit('FCPATH\\assets', 'static', 'FCPATH\\js', 'pages', 'dashboard.js')
 7 SYSTEMPATH\CodeIgniter.php(482): CodeIgniter\CodeIgniter->runController(Object(App\Controllers\Rangking))
 8 SYSTEMPATH\CodeIgniter.php(351): CodeIgniter\CodeIgniter->handleRequest(null, Object(Config\Cache), false)
 9 FCPATH\index.php(67): CodeIgniter\CodeIgniter->run()
10 SYSTEMPATH\Commands\Server\rewrite.php(46): require_once('FCPATH\\index.php')
CRITICAL - 2023-10-12 17:46:43 --> Trying to access array offset on value of type null
in APPPATH\Views\Admin\edit.php on line 7.
 1 APPPATH\Views\Admin\edit.php(7): CodeIgniter\Debug\Exceptions->errorHandler(2, 'Trying to access array offset on value of type null', 'APPPATH\\Views\\Admin\\edit.php', 7)
 2 SYSTEMPATH\View\View.php(213): include('APPPATH\\Views\\Admin\\edit.php')
 3 SYSTEMPATH\View\View.php(216): CodeIgniter\View\View->CodeIgniter\View\{closure}()
 4 SYSTEMPATH\Common.php(1134): CodeIgniter\View\View->render('Admin/edit', [], true)
 5 APPPATH\Controllers\Rangking.php(135): view('Admin/edit', [...])
 6 SYSTEMPATH\CodeIgniter.php(927): App\Controllers\Rangking->formedit('FCPATH\\assets', 'compiled', 'svg', 'favicon.svg')
 7 SYSTEMPATH\CodeIgniter.php(482): CodeIgniter\CodeIgniter->runController(Object(App\Controllers\Rangking))
 8 SYSTEMPATH\CodeIgniter.php(351): CodeIgniter\CodeIgniter->handleRequest(null, Object(Config\Cache), false)
 9 FCPATH\index.php(67): CodeIgniter\CodeIgniter->run()
10 SYSTEMPATH\Commands\Server\rewrite.php(46): require_once('FCPATH\\index.php')
CRITICAL - 2023-10-12 17:55:46 --> Trying to access array offset on value of type null
in APPPATH\Views\Admin\edit.php on line 7.
 1 APPPATH\Views\Admin\edit.php(7): CodeIgniter\Debug\Exceptions->errorHandler(2, 'Trying to access array offset on value of type null', 'APPPATH\\Views\\Admin\\edit.php', 7)
 2 SYSTEMPATH\View\View.php(213): include('APPPATH\\Views\\Admin\\edit.php')
 3 SYSTEMPATH\View\View.php(216): CodeIgniter\View\View->CodeIgniter\View\{closure}()
 4 SYSTEMPATH\Common.php(1134): CodeIgniter\View\View->render('Admin/edit', [], true)
 5 APPPATH\Controllers\Rangking.php(135): view('Admin/edit', [...])
 6 SYSTEMPATH\CodeIgniter.php(927): App\Controllers\Rangking->formedit('FCPATH\\assets', 'compiled', 'svg', 'logo.jpg')
 7 SYSTEMPATH\CodeIgniter.php(482): CodeIgniter\CodeIgniter->runController(Object(App\Controllers\Rangking))
 8 SYSTEMPATH\CodeIgniter.php(351): CodeIgniter\CodeIgniter->handleRequest(null, Object(Config\Cache), false)
 9 FCPATH\index.php(67): CodeIgniter\CodeIgniter->run()
10 SYSTEMPATH\Commands\Server\rewrite.php(46): require_once('FCPATH\\index.php')
CRITICAL - 2023-10-12 17:56:33 --> Trying to access array offset on value of type null
in APPPATH\Views\Admin\edit.php on line 7.
 1 APPPATH\Views\Admin\edit.php(7): CodeIgniter\Debug\Exceptions->errorHandler(2, 'Trying to access array offset on value of type null', 'APPPATH\\Views\\Admin\\edit.php', 7)
 2 SYSTEMPATH\View\View.php(213): include('APPPATH\\Views\\Admin\\edit.php')
 3 SYSTEMPATH\View\View.php(216): CodeIgniter\View\View->CodeIgniter\View\{closure}()
 4 SYSTEMPATH\Common.php(1134): CodeIgniter\View\View->render('Admin/edit', [], true)
 5 APPPATH\Controllers\Rangking.php(135): view('Admin/edit', [...])
 6 SYSTEMPATH\CodeIgniter.php(927): App\Controllers\Rangking->formedit('FCPATH\\assets', 'compiled', 'svg', 'logo.jpg')
 7 SYSTEMPATH\CodeIgniter.php(482): CodeIgniter\CodeIgniter->runController(Object(App\Controllers\Rangking))
 8 SYSTEMPATH\CodeIgniter.php(351): CodeIgniter\CodeIgniter->handleRequest(null, Object(Config\Cache), false)
 9 FCPATH\index.php(67): CodeIgniter\CodeIgniter->run()
10 SYSTEMPATH\Commands\Server\rewrite.php(46): require_once('FCPATH\\index.php')
CRITICAL - 2023-10-12 17:56:35 --> Trying to access array offset on value of type null
in APPPATH\Views\Admin\edit.php on line 7.
 1 APPPATH\Views\Admin\edit.php(7): CodeIgniter\Debug\Exceptions->errorHandler(2, 'Trying to access array offset on value of type null', 'APPPATH\\Views\\Admin\\edit.php', 7)
 2 SYSTEMPATH\View\View.php(213): include('APPPATH\\Views\\Admin\\edit.php')
 3 SYSTEMPATH\View\View.php(216): CodeIgniter\View\View->CodeIgniter\View\{closure}()
 4 SYSTEMPATH\Common.php(1134): CodeIgniter\View\View->render('Admin/edit', [], true)
 5 APPPATH\Controllers\Rangking.php(135): view('Admin/edit', [...])
 6 SYSTEMPATH\CodeIgniter.php(927): App\Controllers\Rangking->formedit('FCPATH\\assets', 'compiled', 'svg', 'logo.jpg')
 7 SYSTEMPATH\CodeIgniter.php(482): CodeIgniter\CodeIgniter->runController(Object(App\Controllers\Rangking))
 8 SYSTEMPATH\CodeIgniter.php(351): CodeIgniter\CodeIgniter->handleRequest(null, Object(Config\Cache), false)
 9 FCPATH\index.php(67): CodeIgniter\CodeIgniter->run()
10 SYSTEMPATH\Commands\Server\rewrite.php(46): require_once('FCPATH\\index.php')
CRITICAL - 2023-10-12 17:57:14 --> Trying to access array offset on value of type null
in APPPATH\Views\Admin\edit.php on line 7.
 1 APPPATH\Views\Admin\edit.php(7): CodeIgniter\Debug\Exceptions->errorHandler(2, 'Trying to access array offset on value of type null', 'APPPATH\\Views\\Admin\\edit.php', 7)
 2 SYSTEMPATH\View\View.php(213): include('APPPATH\\Views\\Admin\\edit.php')
 3 SYSTEMPATH\View\View.php(216): CodeIgniter\View\View->CodeIgniter\View\{closure}()
 4 SYSTEMPATH\Common.php(1134): CodeIgniter\View\View->render('Admin/edit', [], true)
 5 APPPATH\Controllers\Rangking.php(135): view('Admin/edit', [...])
 6 SYSTEMPATH\CodeIgniter.php(927): App\Controllers\Rangking->formedit('yusuf')
 7 SYSTEMPATH\CodeIgniter.php(482): CodeIgniter\CodeIgniter->runController(Object(App\Controllers\Rangking))
 8 SYSTEMPATH\CodeIgniter.php(351): CodeIgniter\CodeIgniter->handleRequest(null, Object(Config\Cache), false)
 9 FCPATH\index.php(67): CodeIgniter\CodeIgniter->run()
10 SYSTEMPATH\Commands\Server\rewrite.php(46): require_once('FCPATH\\index.php')
CRITICAL - 2023-10-12 17:57:20 --> Trying to access array offset on value of type null
in APPPATH\Views\Admin\edit.php on line 7.
 1 APPPATH\Views\Admin\edit.php(7): CodeIgniter\Debug\Exceptions->errorHandler(2, 'Trying to access array offset on value of type null', 'APPPATH\\Views\\Admin\\edit.php', 7)
 2 SYSTEMPATH\View\View.php(213): include('APPPATH\\Views\\Admin\\edit.php')
 3 SYSTEMPATH\View\View.php(216): CodeIgniter\View\View->CodeIgniter\View\{closure}()
 4 SYSTEMPATH\Common.php(1134): CodeIgniter\View\View->render('Admin/edit', [], true)
 5 APPPATH\Controllers\Rangking.php(135): view('Admin/edit', [...])
 6 SYSTEMPATH\CodeIgniter.php(927): App\Controllers\Rangking->formedit('FCPATH\\assets', 'compiled', 'svg', 'logo.jpg')
 7 SYSTEMPATH\CodeIgniter.php(482): CodeIgniter\CodeIgniter->runController(Object(App\Controllers\Rangking))
 8 SYSTEMPATH\CodeIgniter.php(351): CodeIgniter\CodeIgniter->handleRequest(null, Object(Config\Cache), false)
 9 FCPATH\index.php(67): CodeIgniter\CodeIgniter->run()
10 SYSTEMPATH\Commands\Server\rewrite.php(46): require_once('FCPATH\\index.php')
CRITICAL - 2023-10-12 17:58:29 --> Trying to access array offset on value of type null
in APPPATH\Views\Admin\edit.php on line 7.
 1 APPPATH\Views\Admin\edit.php(7): CodeIgniter\Debug\Exceptions->errorHandler(2, 'Trying to access array offset on value of type null', 'APPPATH\\Views\\Admin\\edit.php', 7)
 2 SYSTEMPATH\View\View.php(213): include('APPPATH\\Views\\Admin\\edit.php')
 3 SYSTEMPATH\View\View.php(216): CodeIgniter\View\View->CodeIgniter\View\{closure}()
 4 SYSTEMPATH\Common.php(1134): CodeIgniter\View\View->render('Admin/edit', [], true)
 5 APPPATH\Controllers\Rangking.php(135): view('Admin/edit', [...])
 6 SYSTEMPATH\CodeIgniter.php(927): App\Controllers\Rangking->formedit('FCPATH\\assets', 'compiled', 'svg', 'logo.jpg')
 7 SYSTEMPATH\CodeIgniter.php(482): CodeIgniter\CodeIgniter->runController(Object(App\Controllers\Rangking))
 8 SYSTEMPATH\CodeIgniter.php(351): CodeIgniter\CodeIgniter->handleRequest(null, Object(Config\Cache), false)
 9 FCPATH\index.php(67): CodeIgniter\CodeIgniter->run()
10 SYSTEMPATH\Commands\Server\rewrite.php(46): require_once('FCPATH\\index.php')
CRITICAL - 2023-10-12 17:58:40 --> Trying to access array offset on value of type null
in APPPATH\Views\Admin\edit.php on line 7.
 1 APPPATH\Views\Admin\edit.php(7): CodeIgniter\Debug\Exceptions->errorHandler(2, 'Trying to access array offset on value of type null', 'APPPATH\\Views\\Admin\\edit.php', 7)
 2 SYSTEMPATH\View\View.php(213): include('APPPATH\\Views\\Admin\\edit.php')
 3 SYSTEMPATH\View\View.php(216): CodeIgniter\View\View->CodeIgniter\View\{closure}()
 4 SYSTEMPATH\Common.php(1134): CodeIgniter\View\View->render('Admin/edit', [], true)
 5 APPPATH\Controllers\Rangking.php(135): view('Admin/edit', [...])
 6 SYSTEMPATH\CodeIgniter.php(927): App\Controllers\Rangking->formedit('FCPATH\\assets', 'compiled', 'svg', 'logo.jpg')
 7 SYSTEMPATH\CodeIgniter.php(482): CodeIgniter\CodeIgniter->runController(Object(App\Controllers\Rangking))
 8 SYSTEMPATH\CodeIgniter.php(351): CodeIgniter\CodeIgniter->handleRequest(null, Object(Config\Cache), false)
 9 FCPATH\index.php(67): CodeIgniter\CodeIgniter->run()
10 SYSTEMPATH\Commands\Server\rewrite.php(46): require_once('FCPATH\\index.php')
CRITICAL - 2023-10-12 18:05:04 --> Trying to access array offset on value of type null
in APPPATH\Views\Admin\edit.php on line 7.
 1 APPPATH\Views\Admin\edit.php(7): CodeIgniter\Debug\Exceptions->errorHandler(2, 'Trying to access array offset on value of type null', 'APPPATH\\Views\\Admin\\edit.php', 7)
 2 SYSTEMPATH\View\View.php(213): include('APPPATH\\Views\\Admin\\edit.php')
 3 SYSTEMPATH\View\View.php(216): CodeIgniter\View\View->CodeIgniter\View\{closure}()
 4 SYSTEMPATH\Common.php(1134): CodeIgniter\View\View->render('Admin/edit', [], true)
 5 APPPATH\Controllers\Rangking.php(135): view('Admin/edit', [...])
 6 SYSTEMPATH\CodeIgniter.php(927): App\Controllers\Rangking->formedit('FCPATH\\assets', 'compiled', 'svg', 'logo.jpg')
 7 SYSTEMPATH\CodeIgniter.php(482): CodeIgniter\CodeIgniter->runController(Object(App\Controllers\Rangking))
 8 SYSTEMPATH\CodeIgniter.php(351): CodeIgniter\CodeIgniter->handleRequest(null, Object(Config\Cache), false)
 9 FCPATH\index.php(67): CodeIgniter\CodeIgniter->run()
10 SYSTEMPATH\Commands\Server\rewrite.php(46): require_once('FCPATH\\index.php')
CRITICAL - 2023-10-12 18:05:22 --> Trying to access array offset on value of type null
in APPPATH\Views\Admin\edit.php on line 7.
 1 APPPATH\Views\Admin\edit.php(7): CodeIgniter\Debug\Exceptions->errorHandler(2, 'Trying to access array offset on value of type null', 'APPPATH\\Views\\Admin\\edit.php', 7)
 2 SYSTEMPATH\View\View.php(213): include('APPPATH\\Views\\Admin\\edit.php')
 3 SYSTEMPATH\View\View.php(216): CodeIgniter\View\View->CodeIgniter\View\{closure}()
 4 SYSTEMPATH\Common.php(1134): CodeIgniter\View\View->render('Admin/edit', [], true)
 5 APPPATH\Controllers\Rangking.php(135): view('Admin/edit', [...])
 6 SYSTEMPATH\CodeIgniter.php(927): App\Controllers\Rangking->formedit('FCPATH\\assets', 'compiled', 'svg', 'logo.jpg')
 7 SYSTEMPATH\CodeIgniter.php(482): CodeIgniter\CodeIgniter->runController(Object(App\Controllers\Rangking))
 8 SYSTEMPATH\CodeIgniter.php(351): CodeIgniter\CodeIgniter->handleRequest(null, Object(Config\Cache), false)
 9 FCPATH\index.php(67): CodeIgniter\CodeIgniter->run()
10 SYSTEMPATH\Commands\Server\rewrite.php(46): require_once('FCPATH\\index.php')
CRITICAL - 2023-10-12 18:10:31 --> Trying to access array offset on value of type null
in APPPATH\Views\Admin\edit.php on line 7.
 1 APPPATH\Views\Admin\edit.php(7): CodeIgniter\Debug\Exceptions->errorHandler(2, 'Trying to access array offset on value of type null', 'APPPATH\\Views\\Admin\\edit.php', 7)
 2 SYSTEMPATH\View\View.php(213): include('APPPATH\\Views\\Admin\\edit.php')
 3 SYSTEMPATH\View\View.php(216): CodeIgniter\View\View->CodeIgniter\View\{closure}()
 4 SYSTEMPATH\Common.php(1134): CodeIgniter\View\View->render('Admin/edit', [], true)
 5 APPPATH\Controllers\Rangking.php(135): view('Admin/edit', [...])
 6 SYSTEMPATH\CodeIgniter.php(927): App\Controllers\Rangking->formedit('FCPATH\\assets', 'compiled', 'svg', 'logo.jpg')
 7 SYSTEMPATH\CodeIgniter.php(482): CodeIgniter\CodeIgniter->runController(Object(App\Controllers\Rangking))
 8 SYSTEMPATH\CodeIgniter.php(351): CodeIgniter\CodeIgniter->handleRequest(null, Object(Config\Cache), false)
 9 FCPATH\index.php(67): CodeIgniter\CodeIgniter->run()
10 SYSTEMPATH\Commands\Server\rewrite.php(46): require_once('FCPATH\\index.php')
CRITICAL - 2023-10-12 18:46:38 --> Trying to access array offset on value of type null
in APPPATH\Views\Admin\edit.php on line 7.
 1 APPPATH\Views\Admin\edit.php(7): CodeIgniter\Debug\Exceptions->errorHandler(2, 'Trying to access array offset on value of type null', 'APPPATH\\Views\\Admin\\edit.php', 7)
 2 SYSTEMPATH\View\View.php(213): include('APPPATH\\Views\\Admin\\edit.php')
 3 SYSTEMPATH\View\View.php(216): CodeIgniter\View\View->CodeIgniter\View\{closure}()
 4 SYSTEMPATH\Common.php(1134): CodeIgniter\View\View->render('Admin/edit', [], true)
 5 APPPATH\Controllers\Rangking.php(135): view('Admin/edit', [...])
 6 SYSTEMPATH\CodeIgniter.php(927): App\Controllers\Rangking->formedit('FCPATH\\assets', 'compiled', 'svg', 'logo.jpg')
 7 SYSTEMPATH\CodeIgniter.php(482): CodeIgniter\CodeIgniter->runController(Object(App\Controllers\Rangking))
 8 SYSTEMPATH\CodeIgniter.php(351): CodeIgniter\CodeIgniter->handleRequest(null, Object(Config\Cache), false)
 9 FCPATH\index.php(67): CodeIgniter\CodeIgniter->run()
10 SYSTEMPATH\Commands\Server\rewrite.php(46): require_once('FCPATH\\index.php')
CRITICAL - 2023-10-12 18:48:17 --> Trying to access array offset on value of type null
in APPPATH\Views\Admin\edit.php on line 7.
 1 APPPATH\Views\Admin\edit.php(7): CodeIgniter\Debug\Exceptions->errorHandler(2, 'Trying to access array offset on value of type null', 'APPPATH\\Views\\Admin\\edit.php', 7)
 2 SYSTEMPATH\View\View.php(213): include('APPPATH\\Views\\Admin\\edit.php')
 3 SYSTEMPATH\View\View.php(216): CodeIgniter\View\View->CodeIgniter\View\{closure}()
 4 SYSTEMPATH\Common.php(1134): CodeIgniter\View\View->render('Admin/edit', [], true)
 5 APPPATH\Controllers\Rangking.php(135): view('Admin/edit', [...])
 6 SYSTEMPATH\CodeIgniter.php(927): App\Controllers\Rangking->formedit('FCPATH\\assets', 'compiled', 'svg', 'logo.jpg')
 7 SYSTEMPATH\CodeIgniter.php(482): CodeIgniter\CodeIgniter->runController(Object(App\Controllers\Rangking))
 8 SYSTEMPATH\CodeIgniter.php(351): CodeIgniter\CodeIgniter->handleRequest(null, Object(Config\Cache), false)
 9 FCPATH\index.php(67): CodeIgniter\CodeIgniter->run()
10 SYSTEMPATH\Commands\Server\rewrite.php(46): require_once('FCPATH\\index.php')
CRITICAL - 2023-10-12 18:48:26 --> Trying to access array offset on value of type null
in APPPATH\Views\Admin\edit.php on line 7.
 1 APPPATH\Views\Admin\edit.php(7): CodeIgniter\Debug\Exceptions->errorHandler(2, 'Trying to access array offset on value of type null', 'APPPATH\\Views\\Admin\\edit.php', 7)
 2 SYSTEMPATH\View\View.php(213): include('APPPATH\\Views\\Admin\\edit.php')
 3 SYSTEMPATH\View\View.php(216): CodeIgniter\View\View->CodeIgniter\View\{closure}()
 4 SYSTEMPATH\Common.php(1134): CodeIgniter\View\View->render('Admin/edit', [], true)
 5 APPPATH\Controllers\Rangking.php(135): view('Admin/edit', [...])
 6 SYSTEMPATH\CodeIgniter.php(927): App\Controllers\Rangking->formedit('FCPATH\\assets', 'compiled', 'svg', 'logo.jpg')
 7 SYSTEMPATH\CodeIgniter.php(482): CodeIgniter\CodeIgniter->runController(Object(App\Controllers\Rangking))
 8 SYSTEMPATH\CodeIgniter.php(351): CodeIgniter\CodeIgniter->handleRequest(null, Object(Config\Cache), false)
 9 FCPATH\index.php(67): CodeIgniter\CodeIgniter->run()
10 SYSTEMPATH\Commands\Server\rewrite.php(46): require_once('FCPATH\\index.php')
CRITICAL - 2023-10-12 19:22:01 --> Trying to access array offset on value of type null
in APPPATH\Views\Admin\edit.php on line 7.
 1 APPPATH\Views\Admin\edit.php(7): CodeIgniter\Debug\Exceptions->errorHandler(2, 'Trying to access array offset on value of type null', 'APPPATH\\Views\\Admin\\edit.php', 7)
 2 SYSTEMPATH\View\View.php(213): include('APPPATH\\Views\\Admin\\edit.php')
 3 SYSTEMPATH\View\View.php(216): CodeIgniter\View\View->CodeIgniter\View\{closure}()
 4 SYSTEMPATH\Common.php(1134): CodeIgniter\View\View->render('Admin/edit', [], true)
 5 APPPATH\Controllers\Rangking.php(135): view('Admin/edit', [...])
 6 SYSTEMPATH\CodeIgniter.php(927): App\Controllers\Rangking->formedit('FCPATH\\assets', 'compiled', 'svg', 'logo.jpg')
 7 SYSTEMPATH\CodeIgniter.php(482): CodeIgniter\CodeIgniter->runController(Object(App\Controllers\Rangking))
 8 SYSTEMPATH\CodeIgniter.php(351): CodeIgniter\CodeIgniter->handleRequest(null, Object(Config\Cache), false)
 9 FCPATH\index.php(67): CodeIgniter\CodeIgniter->run()
10 SYSTEMPATH\Commands\Server\rewrite.php(46): require_once('FCPATH\\index.php')
CRITICAL - 2023-10-12 19:38:51 --> Trying to access array offset on value of type null
in APPPATH\Views\Admin\edit.php on line 7.
 1 APPPATH\Views\Admin\edit.php(7): CodeIgniter\Debug\Exceptions->errorHandler(2, 'Trying to access array offset on value of type null', 'APPPATH\\Views\\Admin\\edit.php', 7)
 2 SYSTEMPATH\View\View.php(213): include('APPPATH\\Views\\Admin\\edit.php')
 3 SYSTEMPATH\View\View.php(216): CodeIgniter\View\View->CodeIgniter\View\{closure}()
 4 SYSTEMPATH\Common.php(1134): CodeIgniter\View\View->render('Admin/edit', [], true)
 5 APPPATH\Controllers\Rangking.php(135): view('Admin/edit', [...])
 6 SYSTEMPATH\CodeIgniter.php(927): App\Controllers\Rangking->formedit('FCPATH\\assets', 'static', 'FCPATH\\js', 'initTheme.js')
 7 SYSTEMPATH\CodeIgniter.php(482): CodeIgniter\CodeIgniter->runController(Object(App\Controllers\Rangking))
 8 SYSTEMPATH\CodeIgniter.php(351): CodeIgniter\CodeIgniter->handleRequest(null, Object(Config\Cache), false)
 9 FCPATH\index.php(67): CodeIgniter\CodeIgniter->run()
10 SYSTEMPATH\Commands\Server\rewrite.php(46): require_once('FCPATH\\index.php')
CRITICAL - 2023-10-12 19:38:51 --> Trying to access array offset on value of type null
in APPPATH\Views\Admin\edit.php on line 7.
 1 APPPATH\Views\Admin\edit.php(7): CodeIgniter\Debug\Exceptions->errorHandler(2, 'Trying to access array offset on value of type null', 'APPPATH\\Views\\Admin\\edit.php', 7)
 2 SYSTEMPATH\View\View.php(213): include('APPPATH\\Views\\Admin\\edit.php')
 3 SYSTEMPATH\View\View.php(216): CodeIgniter\View\View->CodeIgniter\View\{closure}()
 4 SYSTEMPATH\Common.php(1134): CodeIgniter\View\View->render('Admin/edit', [], true)
 5 APPPATH\Controllers\Rangking.php(135): view('Admin/edit', [...])
 6 SYSTEMPATH\CodeIgniter.php(927): App\Controllers\Rangking->formedit('FCPATH\\assets', 'static', 'FCPATH\\js', 'components', 'dark.js')
 7 SYSTEMPATH\CodeIgniter.php(482): CodeIgniter\CodeIgniter->runController(Object(App\Controllers\Rangking))
 8 SYSTEMPATH\CodeIgniter.php(351): CodeIgniter\CodeIgniter->handleRequest(null, Object(Config\Cache), false)
 9 FCPATH\index.php(67): CodeIgniter\CodeIgniter->run()
10 SYSTEMPATH\Commands\Server\rewrite.php(46): require_once('FCPATH\\index.php')
CRITICAL - 2023-10-12 19:38:51 --> Trying to access array offset on value of type null
in APPPATH\Views\Admin\edit.php on line 7.
 1 APPPATH\Views\Admin\edit.php(7): CodeIgniter\Debug\Exceptions->errorHandler(2, 'Trying to access array offset on value of type null', 'APPPATH\\Views\\Admin\\edit.php', 7)
 2 SYSTEMPATH\View\View.php(213): include('APPPATH\\Views\\Admin\\edit.php')
 3 SYSTEMPATH\View\View.php(216): CodeIgniter\View\View->CodeIgniter\View\{closure}()
 4 SYSTEMPATH\Common.php(1134): CodeIgniter\View\View->render('Admin/edit', [], true)
 5 APPPATH\Controllers\Rangking.php(135): view('Admin/edit', [...])
 6 SYSTEMPATH\CodeIgniter.php(927): App\Controllers\Rangking->formedit('FCPATH\\assets', 'extensions', 'perfect-scrollbar', 'perfect-scrollbar.min.js')
 7 SYSTEMPATH\CodeIgniter.php(482): CodeIgniter\CodeIgniter->runController(Object(App\Controllers\Rangking))
 8 SYSTEMPATH\CodeIgniter.php(351): CodeIgniter\CodeIgniter->handleRequest(null, Object(Config\Cache), false)
 9 FCPATH\index.php(67): CodeIgniter\CodeIgniter->run()
10 SYSTEMPATH\Commands\Server\rewrite.php(46): require_once('FCPATH\\index.php')
CRITICAL - 2023-10-12 19:38:52 --> Trying to access array offset on value of type null
in APPPATH\Views\Admin\edit.php on line 7.
 1 APPPATH\Views\Admin\edit.php(7): CodeIgniter\Debug\Exceptions->errorHandler(2, 'Trying to access array offset on value of type null', 'APPPATH\\Views\\Admin\\edit.php', 7)
 2 SYSTEMPATH\View\View.php(213): include('APPPATH\\Views\\Admin\\edit.php')
 3 SYSTEMPATH\View\View.php(216): CodeIgniter\View\View->CodeIgniter\View\{closure}()
 4 SYSTEMPATH\Common.php(1134): CodeIgniter\View\View->render('Admin/edit', [], true)
 5 APPPATH\Controllers\Rangking.php(135): view('Admin/edit', [...])
 6 SYSTEMPATH\CodeIgniter.php(927): App\Controllers\Rangking->formedit('FCPATH\\assets', 'compiled', 'FCPATH\\js', 'app.js')
 7 SYSTEMPATH\CodeIgniter.php(482): CodeIgniter\CodeIgniter->runController(Object(App\Controllers\Rangking))
 8 SYSTEMPATH\CodeIgniter.php(351): CodeIgniter\CodeIgniter->handleRequest(null, Object(Config\Cache), false)
 9 FCPATH\index.php(67): CodeIgniter\CodeIgniter->run()
10 SYSTEMPATH\Commands\Server\rewrite.php(46): require_once('FCPATH\\index.php')
CRITICAL - 2023-10-12 19:38:52 --> Trying to access array offset on value of type null
in APPPATH\Views\Admin\edit.php on line 7.
 1 APPPATH\Views\Admin\edit.php(7): CodeIgniter\Debug\Exceptions->errorHandler(2, 'Trying to access array offset on value of type null', 'APPPATH\\Views\\Admin\\edit.php', 7)
 2 SYSTEMPATH\View\View.php(213): include('APPPATH\\Views\\Admin\\edit.php')
 3 SYSTEMPATH\View\View.php(216): CodeIgniter\View\View->CodeIgniter\View\{closure}()
 4 SYSTEMPATH\Common.php(1134): CodeIgniter\View\View->render('Admin/edit', [], true)
 5 APPPATH\Controllers\Rangking.php(135): view('Admin/edit', [...])
 6 SYSTEMPATH\CodeIgniter.php(927): App\Controllers\Rangking->formedit('FCPATH\\assets', 'extensions', 'apexcharts', 'apexcharts.min.js')
 7 SYSTEMPATH\CodeIgniter.php(482): CodeIgniter\CodeIgniter->runController(Object(App\Controllers\Rangking))
 8 SYSTEMPATH\CodeIgniter.php(351): CodeIgniter\CodeIgniter->handleRequest(null, Object(Config\Cache), false)
 9 FCPATH\index.php(67): CodeIgniter\CodeIgniter->run()
10 SYSTEMPATH\Commands\Server\rewrite.php(46): require_once('FCPATH\\index.php')
CRITICAL - 2023-10-12 19:38:52 --> Trying to access array offset on value of type null
in APPPATH\Views\Admin\edit.php on line 7.
 1 APPPATH\Views\Admin\edit.php(7): CodeIgniter\Debug\Exceptions->errorHandler(2, 'Trying to access array offset on value of type null', 'APPPATH\\Views\\Admin\\edit.php', 7)
 2 SYSTEMPATH\View\View.php(213): include('APPPATH\\Views\\Admin\\edit.php')
 3 SYSTEMPATH\View\View.php(216): CodeIgniter\View\View->CodeIgniter\View\{closure}()
 4 SYSTEMPATH\Common.php(1134): CodeIgniter\View\View->render('Admin/edit', [], true)
 5 APPPATH\Controllers\Rangking.php(135): view('Admin/edit', [...])
 6 SYSTEMPATH\CodeIgniter.php(927): App\Controllers\Rangking->formedit('FCPATH\\assets', 'static', 'FCPATH\\js', 'pages', 'dashboard.js')
 7 SYSTEMPATH\CodeIgniter.php(482): CodeIgniter\CodeIgniter->runController(Object(App\Controllers\Rangking))
 8 SYSTEMPATH\CodeIgniter.php(351): CodeIgniter\CodeIgniter->handleRequest(null, Object(Config\Cache), false)
 9 FCPATH\index.php(67): CodeIgniter\CodeIgniter->run()
10 SYSTEMPATH\Commands\Server\rewrite.php(46): require_once('FCPATH\\index.php')
CRITICAL - 2023-10-12 21:30:01 --> Undefined variable $validation
in APPPATH\Views\Users\Create.php on line 24.
 1 APPPATH\Views\Users\Create.php(24): CodeIgniter\Debug\Exceptions->errorHandler(2, 'Undefined variable $validation', 'APPPATH\\Views\\Users\\Create.php', 24)
 2 SYSTEMPATH\View\View.php(213): include('APPPATH\\Views\\Users\\Create.php')
 3 SYSTEMPATH\View\View.php(216): CodeIgniter\View\View->CodeIgniter\View\{closure}()
 4 SYSTEMPATH\Common.php(1134): CodeIgniter\View\View->render('Users/Create', [], true)
 5 APPPATH\Controllers\User.php(25): view('Users/Create', [...])
 6 SYSTEMPATH\CodeIgniter.php(927): App\Controllers\User->Create()
 7 SYSTEMPATH\CodeIgniter.php(482): CodeIgniter\CodeIgniter->runController(Object(App\Controllers\User))
 8 SYSTEMPATH\CodeIgniter.php(351): CodeIgniter\CodeIgniter->handleRequest(null, Object(Config\Cache), false)
 9 FCPATH\index.php(67): CodeIgniter\CodeIgniter->run()
10 SYSTEMPATH\Commands\Server\rewrite.php(46): require_once('FCPATH\\index.php')
CRITICAL - 2023-10-12 21:30:35 --> Undefined variable $validation
in APPPATH\Views\Users\Create.php on line 24.
 1 APPPATH\Views\Users\Create.php(24): CodeIgniter\Debug\Exceptions->errorHandler(2, 'Undefined variable $validation', 'APPPATH\\Views\\Users\\Create.php', 24)
 2 SYSTEMPATH\View\View.php(213): include('APPPATH\\Views\\Users\\Create.php')
 3 SYSTEMPATH\View\View.php(216): CodeIgniter\View\View->CodeIgniter\View\{closure}()
 4 SYSTEMPATH\Common.php(1134): CodeIgniter\View\View->render('Users/Create', [], true)
 5 APPPATH\Controllers\User.php(25): view('Users/Create', [...])
 6 SYSTEMPATH\CodeIgniter.php(927): App\Controllers\User->Create()
 7 SYSTEMPATH\CodeIgniter.php(482): CodeIgniter\CodeIgniter->runController(Object(App\Controllers\User))
 8 SYSTEMPATH\CodeIgniter.php(351): CodeIgniter\CodeIgniter->handleRequest(null, Object(Config\Cache), false)
 9 FCPATH\index.php(67): CodeIgniter\CodeIgniter->run()
10 SYSTEMPATH\Commands\Server\rewrite.php(46): require_once('FCPATH\\index.php')
CRITICAL - 2023-10-12 21:40:16 --> Trying to access array offset on value of type null
in APPPATH\Views\Admin\edit.php on line 7.
 1 APPPATH\Views\Admin\edit.php(7): CodeIgniter\Debug\Exceptions->errorHandler(2, 'Trying to access array offset on value of type null', 'APPPATH\\Views\\Admin\\edit.php', 7)
 2 SYSTEMPATH\View\View.php(213): include('APPPATH\\Views\\Admin\\edit.php')
 3 SYSTEMPATH\View\View.php(216): CodeIgniter\View\View->CodeIgniter\View\{closure}()
 4 SYSTEMPATH\Common.php(1134): CodeIgniter\View\View->render('Admin/edit', [], true)
 5 APPPATH\Controllers\Rangking.php(135): view('Admin/edit', [...])
 6 SYSTEMPATH\CodeIgniter.php(927): App\Controllers\Rangking->formedit('FCPATH\\assets', 'static', 'FCPATH\\js', 'initTheme.js')
 7 SYSTEMPATH\CodeIgniter.php(482): CodeIgniter\CodeIgniter->runController(Object(App\Controllers\Rangking))
 8 SYSTEMPATH\CodeIgniter.php(351): CodeIgniter\CodeIgniter->handleRequest(null, Object(Config\Cache), false)
 9 FCPATH\index.php(67): CodeIgniter\CodeIgniter->run()
10 SYSTEMPATH\Commands\Server\rewrite.php(46): require_once('FCPATH\\index.php')
CRITICAL - 2023-10-12 21:40:16 --> Trying to access array offset on value of type null
in APPPATH\Views\Admin\edit.php on line 7.
 1 APPPATH\Views\Admin\edit.php(7): CodeIgniter\Debug\Exceptions->errorHandler(2, 'Trying to access array offset on value of type null', 'APPPATH\\Views\\Admin\\edit.php', 7)
 2 SYSTEMPATH\View\View.php(213): include('APPPATH\\Views\\Admin\\edit.php')
 3 SYSTEMPATH\View\View.php(216): CodeIgniter\View\View->CodeIgniter\View\{closure}()
 4 SYSTEMPATH\Common.php(1134): CodeIgniter\View\View->render('Admin/edit', [], true)
 5 APPPATH\Controllers\Rangking.php(135): view('Admin/edit', [...])
 6 SYSTEMPATH\CodeIgniter.php(927): App\Controllers\Rangking->formedit('FCPATH\\assets', 'static', 'FCPATH\\js', 'components', 'dark.js')
 7 SYSTEMPATH\CodeIgniter.php(482): CodeIgniter\CodeIgniter->runController(Object(App\Controllers\Rangking))
 8 SYSTEMPATH\CodeIgniter.php(351): CodeIgniter\CodeIgniter->handleRequest(null, Object(Config\Cache), false)
 9 FCPATH\index.php(67): CodeIgniter\CodeIgniter->run()
10 SYSTEMPATH\Commands\Server\rewrite.php(46): require_once('FCPATH\\index.php')
CRITICAL - 2023-10-12 21:40:17 --> Trying to access array offset on value of type null
in APPPATH\Views\Admin\edit.php on line 7.
 1 APPPATH\Views\Admin\edit.php(7): CodeIgniter\Debug\Exceptions->errorHandler(2, 'Trying to access array offset on value of type null', 'APPPATH\\Views\\Admin\\edit.php', 7)
 2 SYSTEMPATH\View\View.php(213): include('APPPATH\\Views\\Admin\\edit.php')
 3 SYSTEMPATH\View\View.php(216): CodeIgniter\View\View->CodeIgniter\View\{closure}()
 4 SYSTEMPATH\Common.php(1134): CodeIgniter\View\View->render('Admin/edit', [], true)
 5 APPPATH\Controllers\Rangking.php(135): view('Admin/edit', [...])
 6 SYSTEMPATH\CodeIgniter.php(927): App\Controllers\Rangking->formedit('FCPATH\\assets', 'extensions', 'perfect-scrollbar', 'perfect-scrollbar.min.js')
 7 SYSTEMPATH\CodeIgniter.php(482): CodeIgniter\CodeIgniter->runController(Object(App\Controllers\Rangking))
 8 SYSTEMPATH\CodeIgniter.php(351): CodeIgniter\CodeIgniter->handleRequest(null, Object(Config\Cache), false)
 9 FCPATH\index.php(67): CodeIgniter\CodeIgniter->run()
10 SYSTEMPATH\Commands\Server\rewrite.php(46): require_once('FCPATH\\index.php')
CRITICAL - 2023-10-12 21:40:17 --> Trying to access array offset on value of type null
in APPPATH\Views\Admin\edit.php on line 7.
 1 APPPATH\Views\Admin\edit.php(7): CodeIgniter\Debug\Exceptions->errorHandler(2, 'Trying to access array offset on value of type null', 'APPPATH\\Views\\Admin\\edit.php', 7)
 2 SYSTEMPATH\View\View.php(213): include('APPPATH\\Views\\Admin\\edit.php')
 3 SYSTEMPATH\View\View.php(216): CodeIgniter\View\View->CodeIgniter\View\{closure}()
 4 SYSTEMPATH\Common.php(1134): CodeIgniter\View\View->render('Admin/edit', [], true)
 5 APPPATH\Controllers\Rangking.php(135): view('Admin/edit', [...])
 6 SYSTEMPATH\CodeIgniter.php(927): App\Controllers\Rangking->formedit('FCPATH\\assets', 'compiled', 'FCPATH\\js', 'app.js')
 7 SYSTEMPATH\CodeIgniter.php(482): CodeIgniter\CodeIgniter->runController(Object(App\Controllers\Rangking))
 8 SYSTEMPATH\CodeIgniter.php(351): CodeIgniter\CodeIgniter->handleRequest(null, Object(Config\Cache), false)
 9 FCPATH\index.php(67): CodeIgniter\CodeIgniter->run()
10 SYSTEMPATH\Commands\Server\rewrite.php(46): require_once('FCPATH\\index.php')
CRITICAL - 2023-10-12 21:40:18 --> Trying to access array offset on value of type null
in APPPATH\Views\Admin\edit.php on line 7.
 1 APPPATH\Views\Admin\edit.php(7): CodeIgniter\Debug\Exceptions->errorHandler(2, 'Trying to access array offset on value of type null', 'APPPATH\\Views\\Admin\\edit.php', 7)
 2 SYSTEMPATH\View\View.php(213): include('APPPATH\\Views\\Admin\\edit.php')
 3 SYSTEMPATH\View\View.php(216): CodeIgniter\View\View->CodeIgniter\View\{closure}()
 4 SYSTEMPATH\Common.php(1134): CodeIgniter\View\View->render('Admin/edit', [], true)
 5 APPPATH\Controllers\Rangking.php(135): view('Admin/edit', [...])
 6 SYSTEMPATH\CodeIgniter.php(927): App\Controllers\Rangking->formedit('FCPATH\\assets', 'extensions', 'apexcharts', 'apexcharts.min.js')
 7 SYSTEMPATH\CodeIgniter.php(482): CodeIgniter\CodeIgniter->runController(Object(App\Controllers\Rangking))
 8 SYSTEMPATH\CodeIgniter.php(351): CodeIgniter\CodeIgniter->handleRequest(null, Object(Config\Cache), false)
 9 FCPATH\index.php(67): CodeIgniter\CodeIgniter->run()
10 SYSTEMPATH\Commands\Server\rewrite.php(46): require_once('FCPATH\\index.php')
CRITICAL - 2023-10-12 21:40:18 --> Trying to access array offset on value of type null
in APPPATH\Views\Admin\edit.php on line 7.
 1 APPPATH\Views\Admin\edit.php(7): CodeIgniter\Debug\Exceptions->errorHandler(2, 'Trying to access array offset on value of type null', 'APPPATH\\Views\\Admin\\edit.php', 7)
 2 SYSTEMPATH\View\View.php(213): include('APPPATH\\Views\\Admin\\edit.php')
 3 SYSTEMPATH\View\View.php(216): CodeIgniter\View\View->CodeIgniter\View\{closure}()
 4 SYSTEMPATH\Common.php(1134): CodeIgniter\View\View->render('Admin/edit', [], true)
 5 APPPATH\Controllers\Rangking.php(135): view('Admin/edit', [...])
 6 SYSTEMPATH\CodeIgniter.php(927): App\Controllers\Rangking->formedit('FCPATH\\assets', 'static', 'FCPATH\\js', 'pages', 'dashboard.js')
 7 SYSTEMPATH\CodeIgniter.php(482): CodeIgniter\CodeIgniter->runController(Object(App\Controllers\Rangking))
 8 SYSTEMPATH\CodeIgniter.php(351): CodeIgniter\CodeIgniter->handleRequest(null, Object(Config\Cache), false)
 9 FCPATH\index.php(67): CodeIgniter\CodeIgniter->run()
10 SYSTEMPATH\Commands\Server\rewrite.php(46): require_once('FCPATH\\index.php')
