ERROR - 2023-12-17 02:32:44 --> mysqli_sql_exception: Duplicate entry '1' for key 'id_mentor' in /Users/mymac/Documents/semester 5/ecomer/Bimbel-ecom/system/Database/MySQLi/Connection.php:292
Stack trace:
#0 /Users/mymac/Documents/semester 5/ecomer/Bimbel-ecom/system/Database/MySQLi/Connection.php(292): mysqli->query('INSERT INTO `da...', 0)
#1 /Users/mymac/Documents/semester 5/ecomer/Bimbel-ecom/system/Database/BaseConnection.php(666): CodeIgniter\Database\MySQLi\Connection->execute('INSERT INTO `da...')
#2 /Users/mymac/Documents/semester 5/ecomer/Bimbel-ecom/system/Database/BaseConnection.php(593): CodeIgniter\Database\BaseConnection->simpleQuery('INSERT INTO `da...')
#3 /Users/mymac/Documents/semester 5/ecomer/Bimbel-ecom/system/Database/BaseBuilder.php(1916): CodeIgniter\Database\BaseConnection->query('INSERT INTO `da...', Array, false)
#4 /Users/mymac/Documents/semester 5/ecomer/Bimbel-ecom/system/Model.php(279): CodeIgniter\Database\BaseBuilder->insert()
#5 /Users/mymac/Documents/semester 5/ecomer/Bimbel-ecom/system/BaseModel.php(749): CodeIgniter\Model->doInsert(Array)
#6 /Users/mymac/Documents/semester 5/ecomer/Bimbel-ecom/system/Model.php(667): CodeIgniter\BaseModel->insert(Array, false)
#7 /Users/mymac/Documents/semester 5/ecomer/Bimbel-ecom/system/BaseModel.php(659): CodeIgniter\Model->insert(Array, false)
#8 /Users/mymac/Documents/semester 5/ecomer/Bimbel-ecom/app/Controllers/Rangking.php(146): CodeIgniter\BaseModel->save(Array)
#9 /Users/mymac/Documents/semester 5/ecomer/Bimbel-ecom/system/CodeIgniter.php(927): App\Controllers\Rangking->simpan()
#10 /Users/mymac/Documents/semester 5/ecomer/Bimbel-ecom/system/CodeIgniter.php(482): CodeIgniter\CodeIgniter->runController(Object(App\Controllers\Rangking))
#11 /Users/mymac/Documents/semester 5/ecomer/Bimbel-ecom/system/CodeIgniter.php(351): CodeIgniter\CodeIgniter->handleRequest(NULL, Object(Config\Cache), false)
#12 /Users/mymac/Documents/semester 5/ecomer/Bimbel-ecom/public/index.php(67): CodeIgniter\CodeIgniter->run()
#13 /Users/mymac/Documents/semester 5/ecomer/Bimbel-ecom/system/Commands/Server/rewrite.php(46): require_once('/Users/mymac/Do...')
#14 {main}
CRITICAL - 2023-12-17 02:32:44 --> Duplicate entry '1' for key 'id_mentor'
in SYSTEMPATH/Database/MySQLi/Connection.php on line 292.
 1 SYSTEMPATH/Database/MySQLi/Connection.php(292): mysqli->query('INSERT INTO `daftar` (`nama_lengkap`, `nominal`, `no_hp`, `email`, `alamat`, `asal_sekolah`, `token`, `id_order`, `id_mentor`, `alias`, `tipe_bimbel`, `created_at`, `updated_at`) VALUES (\'Rahman z\', \'2000000\', \'08998775433324788\', \'test@admin3.com\', \'Bojong lor\', \'SMK Maarif  NU\', \'1057926e-727c-4b3c-8b5a-81116b52d197\', 1702801963, \'1\', \'rahman-z\', \'Class Rangking\', \'2023-12-17 02:32:44\', \'2023-12-17 02:32:44\')', 0)
 2 SYSTEMPATH/Database/BaseConnection.php(666): CodeIgniter\Database\MySQLi\Connection->execute('INSERT INTO `daftar` (`nama_lengkap`, `nominal`, `no_hp`, `email`, `alamat`, `asal_sekolah`, `token`, `id_order`, `id_mentor`, `alias`, `tipe_bimbel`, `created_at`, `updated_at`) VALUES (\'Rahman z\', \'2000000\', \'08998775433324788\', \'test@admin3.com\', \'Bojong lor\', \'SMK Maarif  NU\', \'1057926e-727c-4b3c-8b5a-81116b52d197\', 1702801963, \'1\', \'rahman-z\', \'Class Rangking\', \'2023-12-17 02:32:44\', \'2023-12-17 02:32:44\')')
 3 SYSTEMPATH/Database/BaseConnection.php(593): CodeIgniter\Database\BaseConnection->simpleQuery('INSERT INTO `daftar` (`nama_lengkap`, `nominal`, `no_hp`, `email`, `alamat`, `asal_sekolah`, `token`, `id_order`, `id_mentor`, `alias`, `tipe_bimbel`, `created_at`, `updated_at`) VALUES (\'Rahman z\', \'2000000\', \'08998775433324788\', \'test@admin3.com\', \'Bojong lor\', \'SMK Maarif  NU\', \'1057926e-727c-4b3c-8b5a-81116b52d197\', 1702801963, \'1\', \'rahman-z\', \'Class Rangking\', \'2023-12-17 02:32:44\', \'2023-12-17 02:32:44\')')
 4 SYSTEMPATH/Database/BaseBuilder.php(1916): CodeIgniter\Database\BaseConnection->query('INSERT INTO `daftar` (`nama_lengkap`, `nominal`, `no_hp`, `email`, `alamat`, `asal_sekolah`, `token`, `id_order`, `id_mentor`, `alias`, `tipe_bimbel`, `created_at`, `updated_at`) VALUES (:nama_lengkap:, :nominal:, :no_hp:, :email:, :alamat:, :asal_sekolah:, :token:, :id_order:, :id_mentor:, :alias:, :tipe_bimbel:, :created_at:, :updated_at:)', [...], false)
 5 SYSTEMPATH/Model.php(279): CodeIgniter\Database\BaseBuilder->insert()
 6 SYSTEMPATH/BaseModel.php(749): CodeIgniter\Model->doInsert([...])
 7 SYSTEMPATH/Model.php(667): CodeIgniter\BaseModel->insert([...], false)
 8 SYSTEMPATH/BaseModel.php(659): CodeIgniter\Model->insert([...], false)
 9 APPPATH/Controllers/Rangking.php(146): CodeIgniter\BaseModel->save([...])
10 SYSTEMPATH/CodeIgniter.php(927): App\Controllers\Rangking->simpan()
11 SYSTEMPATH/CodeIgniter.php(482): CodeIgniter\CodeIgniter->runController(Object(App\Controllers\Rangking))
12 SYSTEMPATH/CodeIgniter.php(351): CodeIgniter\CodeIgniter->handleRequest(null, Object(Config\Cache), false)
13 FCPATH/index.php(67): CodeIgniter\CodeIgniter->run()
14 SYSTEMPATH/Commands/Server/rewrite.php(46): require_once('FCPATH/index.php')
