ERROR - 2023-12-16 06:06:07 --> mysqli_sql_exception: Cannot delete or update a parent row: a foreign key constraint fails (`bimbel_rangking`.`daftar`, CONSTRAINT `daftar_ibfk_1` FOREIGN KEY (`id_mentor`) REFERENCES `mentor` (`id`)) in /Users/mymac/Documents/semester 5/ecomer/Bimbel-ecom/system/Database/MySQLi/Connection.php:292
Stack trace:
#0 /Users/mymac/Documents/semester 5/ecomer/Bimbel-ecom/system/Database/MySQLi/Connection.php(292): mysqli->query('DELETE FROM `me...', 0)
#1 /Users/mymac/Documents/semester 5/ecomer/Bimbel-ecom/system/Database/BaseConnection.php(666): CodeIgniter\Database\MySQLi\Connection->execute('DELETE FROM `me...')
#2 /Users/mymac/Documents/semester 5/ecomer/Bimbel-ecom/system/Database/BaseConnection.php(593): CodeIgniter\Database\BaseConnection->simpleQuery('DELETE FROM `me...')
#3 /Users/mymac/Documents/semester 5/ecomer/Bimbel-ecom/system/Database/BaseBuilder.php(2391): CodeIgniter\Database\BaseConnection->query('DELETE FROM `me...', Array, false)
#4 /Users/mymac/Documents/semester 5/ecomer/Bimbel-ecom/system/Model.php(401): CodeIgniter\Database\BaseBuilder->delete()
#5 /Users/mymac/Documents/semester 5/ecomer/Bimbel-ecom/system/BaseModel.php(984): CodeIgniter\Model->doDelete(Array, false)
#6 /Users/mymac/Documents/semester 5/ecomer/Bimbel-ecom/app/Controllers/TaskControll.php(117): CodeIgniter\BaseModel->delete(Array)
#7 /Users/mymac/Documents/semester 5/ecomer/Bimbel-ecom/system/CodeIgniter.php(927): App\Controllers\TaskControll->delete('3')
#8 /Users/mymac/Documents/semester 5/ecomer/Bimbel-ecom/system/CodeIgniter.php(482): CodeIgniter\CodeIgniter->runController(Object(App\Controllers\TaskControll))
#9 /Users/mymac/Documents/semester 5/ecomer/Bimbel-ecom/system/CodeIgniter.php(351): CodeIgniter\CodeIgniter->handleRequest(NULL, Object(Config\Cache), false)
#10 /Users/mymac/Documents/semester 5/ecomer/Bimbel-ecom/public/index.php(67): CodeIgniter\CodeIgniter->run()
#11 /Users/mymac/Documents/semester 5/ecomer/Bimbel-ecom/system/Commands/Server/rewrite.php(46): require_once('/Users/mymac/Do...')
#12 {main}
CRITICAL - 2023-12-16 06:06:07 --> Cannot delete or update a parent row: a foreign key constraint fails (`bimbel_rangking`.`daftar`, CONSTRAINT `daftar_ibfk_1` FOREIGN KEY (`id_mentor`) REFERENCES `mentor` (`id`))
in SYSTEMPATH/Database/MySQLi/Connection.php on line 292.
 1 SYSTEMPATH/Database/MySQLi/Connection.php(292): mysqli->query('DELETE FROM `mentor`
WHERE `id` IN (\'3\')', 0)
 2 SYSTEMPATH/Database/BaseConnection.php(666): CodeIgniter\Database\MySQLi\Connection->execute('DELETE FROM `mentor`
WHERE `id` IN (\'3\')')
 3 SYSTEMPATH/Database/BaseConnection.php(593): CodeIgniter\Database\BaseConnection->simpleQuery('DELETE FROM `mentor`
WHERE `id` IN (\'3\')')
 4 SYSTEMPATH/Database/BaseBuilder.php(2391): CodeIgniter\Database\BaseConnection->query('DELETE FROM `mentor`
WHERE `id` IN :id:', [...], false)
 5 SYSTEMPATH/Model.php(401): CodeIgniter\Database\BaseBuilder->delete()
 6 SYSTEMPATH/BaseModel.php(984): CodeIgniter\Model->doDelete([...], false)
 7 APPPATH/Controllers/TaskControll.php(117): CodeIgniter\BaseModel->delete([...])
 8 SYSTEMPATH/CodeIgniter.php(927): App\Controllers\TaskControll->delete('3')
 9 SYSTEMPATH/CodeIgniter.php(482): CodeIgniter\CodeIgniter->runController(Object(App\Controllers\TaskControll))
10 SYSTEMPATH/CodeIgniter.php(351): CodeIgniter\CodeIgniter->handleRequest(null, Object(Config\Cache), false)
11 FCPATH/index.php(67): CodeIgniter\CodeIgniter->run()
12 SYSTEMPATH/Commands/Server/rewrite.php(46): require_once('FCPATH/index.php')
CRITICAL - 2023-12-16 06:20:47 --> Undefined array key "created_at"
in APPPATH/Controllers/User.php on line 70.
 1 APPPATH/Controllers/User.php(70): CodeIgniter\Debug\Exceptions->errorHandler(2, 'Undefined array key "created_at"', 'APPPATH/Controllers/User.php', 70)
 2 [internal function]: App\Controllers\User->App\Controllers\{closure}([...])
 3 APPPATH/Controllers/User.php(69): array_filter([...], Object(Closure))
 4 SYSTEMPATH/CodeIgniter.php(927): App\Controllers\User->Print()
 5 SYSTEMPATH/CodeIgniter.php(482): CodeIgniter\CodeIgniter->runController(Object(App\Controllers\User))
 6 SYSTEMPATH/CodeIgniter.php(351): CodeIgniter\CodeIgniter->handleRequest(null, Object(Config\Cache), false)
 7 FCPATH/index.php(67): CodeIgniter\CodeIgniter->run()
 8 SYSTEMPATH/Commands/Server/rewrite.php(46): require_once('FCPATH/index.php')
CRITICAL - 2023-12-16 06:22:21 --> Undefined array key "pelajaran"
in APPPATH/Views/Admin/print.php on line 60.
 1 APPPATH/Views/Admin/print.php(60): CodeIgniter\Debug\Exceptions->errorHandler(2, 'Undefined array key "pelajaran"', 'APPPATH/Views/Admin/print.php', 60)
 2 SYSTEMPATH/View/View.php(213): include('APPPATH/Views/Admin/print.php')
 3 SYSTEMPATH/View/View.php(216): CodeIgniter\View\View->CodeIgniter\View\{closure}()
 4 SYSTEMPATH/Common.php(1134): CodeIgniter\View\View->render('Admin/print', [], true)
 5 APPPATH/Controllers/User.php(78): view('Admin/print', [...])
 6 SYSTEMPATH/CodeIgniter.php(927): App\Controllers\User->Print()
 7 SYSTEMPATH/CodeIgniter.php(482): CodeIgniter\CodeIgniter->runController(Object(App\Controllers\User))
 8 SYSTEMPATH/CodeIgniter.php(351): CodeIgniter\CodeIgniter->handleRequest(null, Object(Config\Cache), false)
 9 FCPATH/index.php(67): CodeIgniter\CodeIgniter->run()
10 SYSTEMPATH/Commands/Server/rewrite.php(46): require_once('FCPATH/index.php')
CRITICAL - 2023-12-16 06:22:57 --> Undefined array key "nama"
in APPPATH/Views/Admin/print.php on line 61.
 1 APPPATH/Views/Admin/print.php(61): CodeIgniter\Debug\Exceptions->errorHandler(2, 'Undefined array key "nama"', 'APPPATH/Views/Admin/print.php', 61)
 2 SYSTEMPATH/View/View.php(213): include('APPPATH/Views/Admin/print.php')
 3 SYSTEMPATH/View/View.php(216): CodeIgniter\View\View->CodeIgniter\View\{closure}()
 4 SYSTEMPATH/Common.php(1134): CodeIgniter\View\View->render('Admin/print', [], true)
 5 APPPATH/Controllers/User.php(78): view('Admin/print', [...])
 6 SYSTEMPATH/CodeIgniter.php(927): App\Controllers\User->Print()
 7 SYSTEMPATH/CodeIgniter.php(482): CodeIgniter\CodeIgniter->runController(Object(App\Controllers\User))
 8 SYSTEMPATH/CodeIgniter.php(351): CodeIgniter\CodeIgniter->handleRequest(null, Object(Config\Cache), false)
 9 FCPATH/index.php(67): CodeIgniter\CodeIgniter->run()
10 SYSTEMPATH/Commands/Server/rewrite.php(46): require_once('FCPATH/index.php')
CRITICAL - 2023-12-16 08:39:22 --> Trying to access array offset on value of type null
in APPPATH/Views/Admin/index.php on line 55.
 1 APPPATH/Views/Admin/index.php(55): CodeIgniter\Debug\Exceptions->errorHandler(2, 'Trying to access array offset on value of type null', 'APPPATH/Views/Admin/index.php', 55)
 2 SYSTEMPATH/View/View.php(213): include('APPPATH/Views/Admin/index.php')
 3 SYSTEMPATH/View/View.php(216): CodeIgniter\View\View->CodeIgniter\View\{closure}()
 4 SYSTEMPATH/Common.php(1134): CodeIgniter\View\View->render('Admin/index', [], true)
 5 APPPATH/Controllers/Rangking.php(39): view('Admin/index', [...])
 6 SYSTEMPATH/CodeIgniter.php(927): App\Controllers\Rangking->index()
 7 SYSTEMPATH/CodeIgniter.php(482): CodeIgniter\CodeIgniter->runController(Object(App\Controllers\Rangking))
 8 SYSTEMPATH/CodeIgniter.php(351): CodeIgniter\CodeIgniter->handleRequest(null, Object(Config\Cache), false)
 9 FCPATH/index.php(67): CodeIgniter\CodeIgniter->run()
10 SYSTEMPATH/Commands/Server/rewrite.php(46): require_once('FCPATH/index.php')
CRITICAL - 2023-12-16 09:12:43 --> Undefined variable $s
in APPPATH/Views/Users/Daftar.php on line 30.
 1 APPPATH/Views/Users/Daftar.php(30): CodeIgniter\Debug\Exceptions->errorHandler(2, 'Undefined variable $s', 'APPPATH/Views/Users/Daftar.php', 30)
 2 SYSTEMPATH/View/View.php(213): include('APPPATH/Views/Users/Daftar.php')
 3 SYSTEMPATH/View/View.php(216): CodeIgniter\View\View->CodeIgniter\View\{closure}()
 4 SYSTEMPATH/Common.php(1134): CodeIgniter\View\View->render('Users/Daftar', [], true)
 5 APPPATH/Controllers/User.php(37): view('Users/Daftar', [...])
 6 SYSTEMPATH/CodeIgniter.php(927): App\Controllers\User->daftar()
 7 SYSTEMPATH/CodeIgniter.php(482): CodeIgniter\CodeIgniter->runController(Object(App\Controllers\User))
 8 SYSTEMPATH/CodeIgniter.php(351): CodeIgniter\CodeIgniter->handleRequest(null, Object(Config\Cache), false)
 9 FCPATH/index.php(67): CodeIgniter\CodeIgniter->run()
10 SYSTEMPATH/Commands/Server/rewrite.php(46): require_once('FCPATH/index.php')
CRITICAL - 2023-12-16 09:19:30 --> Undefined variable $s
in APPPATH/Views/Users/Daftar.php on line 30.
 1 APPPATH/Views/Users/Daftar.php(30): CodeIgniter\Debug\Exceptions->errorHandler(2, 'Undefined variable $s', 'APPPATH/Views/Users/Daftar.php', 30)
 2 SYSTEMPATH/View/View.php(213): include('APPPATH/Views/Users/Daftar.php')
 3 SYSTEMPATH/View/View.php(216): CodeIgniter\View\View->CodeIgniter\View\{closure}()
 4 SYSTEMPATH/Common.php(1134): CodeIgniter\View\View->render('Users/Daftar', [], true)
 5 APPPATH/Controllers/User.php(37): view('Users/Daftar', [...])
 6 SYSTEMPATH/CodeIgniter.php(927): App\Controllers\User->daftar()
 7 SYSTEMPATH/CodeIgniter.php(482): CodeIgniter\CodeIgniter->runController(Object(App\Controllers\User))
 8 SYSTEMPATH/CodeIgniter.php(351): CodeIgniter\CodeIgniter->handleRequest(null, Object(Config\Cache), false)
 9 FCPATH/index.php(67): CodeIgniter\CodeIgniter->run()
10 SYSTEMPATH/Commands/Server/rewrite.php(46): require_once('FCPATH/index.php')
CRITICAL - 2023-12-16 09:19:35 --> Undefined variable $s
in APPPATH/Views/Users/Daftar.php on line 30.
 1 APPPATH/Views/Users/Daftar.php(30): CodeIgniter\Debug\Exceptions->errorHandler(2, 'Undefined variable $s', 'APPPATH/Views/Users/Daftar.php', 30)
 2 SYSTEMPATH/View/View.php(213): include('APPPATH/Views/Users/Daftar.php')
 3 SYSTEMPATH/View/View.php(216): CodeIgniter\View\View->CodeIgniter\View\{closure}()
 4 SYSTEMPATH/Common.php(1134): CodeIgniter\View\View->render('Users/Daftar', [], true)
 5 APPPATH/Controllers/User.php(37): view('Users/Daftar', [...])
 6 SYSTEMPATH/CodeIgniter.php(927): App\Controllers\User->daftar()
 7 SYSTEMPATH/CodeIgniter.php(482): CodeIgniter\CodeIgniter->runController(Object(App\Controllers\User))
 8 SYSTEMPATH/CodeIgniter.php(351): CodeIgniter\CodeIgniter->handleRequest(null, Object(Config\Cache), false)
 9 FCPATH/index.php(67): CodeIgniter\CodeIgniter->run()
10 SYSTEMPATH/Commands/Server/rewrite.php(46): require_once('FCPATH/index.php')
CRITICAL - 2023-12-16 14:16:15 --> Undefined variable $s
in APPPATH/Views/Users/Daftar.php on line 30.
 1 APPPATH/Views/Users/Daftar.php(30): CodeIgniter\Debug\Exceptions->errorHandler(2, 'Undefined variable $s', 'APPPATH/Views/Users/Daftar.php', 30)
 2 SYSTEMPATH/View/View.php(213): include('APPPATH/Views/Users/Daftar.php')
 3 SYSTEMPATH/View/View.php(216): CodeIgniter\View\View->CodeIgniter\View\{closure}()
 4 SYSTEMPATH/Common.php(1134): CodeIgniter\View\View->render('Users/Daftar', [], true)
 5 APPPATH/Controllers/User.php(37): view('Users/Daftar', [...])
 6 SYSTEMPATH/CodeIgniter.php(927): App\Controllers\User->daftar()
 7 SYSTEMPATH/CodeIgniter.php(482): CodeIgniter\CodeIgniter->runController(Object(App\Controllers\User))
 8 SYSTEMPATH/CodeIgniter.php(351): CodeIgniter\CodeIgniter->handleRequest(null, Object(Config\Cache), false)
 9 FCPATH/index.php(67): CodeIgniter\CodeIgniter->run()
10 SYSTEMPATH/Commands/Server/rewrite.php(46): require_once('FCPATH/index.php')
CRITICAL - 2023-12-16 18:26:50 --> Trying to access array offset on value of type null
in APPPATH/Views/Users/Create.php on line 68.
 1 APPPATH/Views/Users/Create.php(68): CodeIgniter\Debug\Exceptions->errorHandler(2, 'Trying to access array offset on value of type null', 'APPPATH/Views/Users/Create.php', 68)
 2 SYSTEMPATH/View/View.php(213): include('APPPATH/Views/Users/Create.php')
 3 SYSTEMPATH/View/View.php(216): CodeIgniter\View\View->CodeIgniter\View\{closure}()
 4 SYSTEMPATH/Common.php(1134): CodeIgniter\View\View->render('Users/Create', [], true)
 5 APPPATH/Controllers/User.php(27): view('Users/Create', [...])
 6 SYSTEMPATH/CodeIgniter.php(927): App\Controllers\User->Create()
 7 SYSTEMPATH/CodeIgniter.php(482): CodeIgniter\CodeIgniter->runController(Object(App\Controllers\User))
 8 SYSTEMPATH/CodeIgniter.php(351): CodeIgniter\CodeIgniter->handleRequest(null, Object(Config\Cache), false)
 9 FCPATH/index.php(67): CodeIgniter\CodeIgniter->run()
10 SYSTEMPATH/Commands/Server/rewrite.php(46): require_once('FCPATH/index.php')
CRITICAL - 2023-12-16 18:29:00 --> Trying to access array offset on value of type null
in APPPATH/Views/Users/Create.php on line 68.
 1 APPPATH/Views/Users/Create.php(68): CodeIgniter\Debug\Exceptions->errorHandler(2, 'Trying to access array offset on value of type null', 'APPPATH/Views/Users/Create.php', 68)
 2 SYSTEMPATH/View/View.php(213): include('APPPATH/Views/Users/Create.php')
 3 SYSTEMPATH/View/View.php(216): CodeIgniter\View\View->CodeIgniter\View\{closure}()
 4 SYSTEMPATH/Common.php(1134): CodeIgniter\View\View->render('Users/Create', [], true)
 5 APPPATH/Controllers/User.php(27): view('Users/Create', [...])
 6 SYSTEMPATH/CodeIgniter.php(927): App\Controllers\User->Create()
 7 SYSTEMPATH/CodeIgniter.php(482): CodeIgniter\CodeIgniter->runController(Object(App\Controllers\User))
 8 SYSTEMPATH/CodeIgniter.php(351): CodeIgniter\CodeIgniter->handleRequest(null, Object(Config\Cache), false)
 9 FCPATH/index.php(67): CodeIgniter\CodeIgniter->run()
10 SYSTEMPATH/Commands/Server/rewrite.php(46): require_once('FCPATH/index.php')
ERROR - 2023-12-16 18:39:46 --> mysqli_sql_exception: Column 'tipe_bimbel' cannot be null in /Users/mymac/Documents/semester 5/ecomer/Bimbel-ecom/system/Database/MySQLi/Connection.php:292
Stack trace:
#0 /Users/mymac/Documents/semester 5/ecomer/Bimbel-ecom/system/Database/MySQLi/Connection.php(292): mysqli->query('INSERT INTO `da...', 0)
#1 /Users/mymac/Documents/semester 5/ecomer/Bimbel-ecom/system/Database/BaseConnection.php(666): CodeIgniter\Database\MySQLi\Connection->execute('INSERT INTO `da...')
#2 /Users/mymac/Documents/semester 5/ecomer/Bimbel-ecom/system/Database/BaseConnection.php(593): CodeIgniter\Database\BaseConnection->simpleQuery('INSERT INTO `da...')
#3 /Users/mymac/Documents/semester 5/ecomer/Bimbel-ecom/system/Database/BaseBuilder.php(1916): CodeIgniter\Database\BaseConnection->query('INSERT INTO `da...', Array, false)
#4 /Users/mymac/Documents/semester 5/ecomer/Bimbel-ecom/system/Model.php(279): CodeIgniter\Database\BaseBuilder->insert()
#5 /Users/mymac/Documents/semester 5/ecomer/Bimbel-ecom/system/BaseModel.php(749): CodeIgniter\Model->doInsert(Array)
#6 /Users/mymac/Documents/semester 5/ecomer/Bimbel-ecom/system/Model.php(667): CodeIgniter\BaseModel->insert(Array, false)
#7 /Users/mymac/Documents/semester 5/ecomer/Bimbel-ecom/system/BaseModel.php(659): CodeIgniter\Model->insert(Array, false)
#8 /Users/mymac/Documents/semester 5/ecomer/Bimbel-ecom/app/Controllers/Rangking.php(146): CodeIgniter\BaseModel->save(Array)
#9 /Users/mymac/Documents/semester 5/ecomer/Bimbel-ecom/system/CodeIgniter.php(927): App\Controllers\Rangking->simpan()
#10 /Users/mymac/Documents/semester 5/ecomer/Bimbel-ecom/system/CodeIgniter.php(482): CodeIgniter\CodeIgniter->runController(Object(App\Controllers\Rangking))
#11 /Users/mymac/Documents/semester 5/ecomer/Bimbel-ecom/system/CodeIgniter.php(351): CodeIgniter\CodeIgniter->handleRequest(NULL, Object(Config\Cache), false)
#12 /Users/mymac/Documents/semester 5/ecomer/Bimbel-ecom/public/index.php(67): CodeIgniter\CodeIgniter->run()
#13 /Users/mymac/Documents/semester 5/ecomer/Bimbel-ecom/system/Commands/Server/rewrite.php(46): require_once('/Users/mymac/Do...')
#14 {main}
CRITICAL - 2023-12-16 18:39:46 --> Column 'tipe_bimbel' cannot be null
in SYSTEMPATH/Database/MySQLi/Connection.php on line 292.
 1 SYSTEMPATH/Database/MySQLi/Connection.php(292): mysqli->query('INSERT INTO `daftar` (`nama_lengkap`, `nominal`, `no_hp`, `email`, `alamat`, `asal_sekolah`, `token`, `id_order`, `id_mentor`, `alias`, `tipe_bimbel`, `created_at`, `updated_at`) VALUES (\'Akmal Arrahman\', \'1000000\', \'0987\', \'akmal@gmail.com\', \'Limas\', \'SMK Maarif  NU\', \'aee4dfdc-ac69-4e49-bc87-262988c7ed58\', 1702773586, \'3\', \'akmal-arrahman\', NULL, \'2023-12-16 18:39:46\', \'2023-12-16 18:39:46\')', 0)
 2 SYSTEMPATH/Database/BaseConnection.php(666): CodeIgniter\Database\MySQLi\Connection->execute('INSERT INTO `daftar` (`nama_lengkap`, `nominal`, `no_hp`, `email`, `alamat`, `asal_sekolah`, `token`, `id_order`, `id_mentor`, `alias`, `tipe_bimbel`, `created_at`, `updated_at`) VALUES (\'Akmal Arrahman\', \'1000000\', \'0987\', \'akmal@gmail.com\', \'Limas\', \'SMK Maarif  NU\', \'aee4dfdc-ac69-4e49-bc87-262988c7ed58\', 1702773586, \'3\', \'akmal-arrahman\', NULL, \'2023-12-16 18:39:46\', \'2023-12-16 18:39:46\')')
 3 SYSTEMPATH/Database/BaseConnection.php(593): CodeIgniter\Database\BaseConnection->simpleQuery('INSERT INTO `daftar` (`nama_lengkap`, `nominal`, `no_hp`, `email`, `alamat`, `asal_sekolah`, `token`, `id_order`, `id_mentor`, `alias`, `tipe_bimbel`, `created_at`, `updated_at`) VALUES (\'Akmal Arrahman\', \'1000000\', \'0987\', \'akmal@gmail.com\', \'Limas\', \'SMK Maarif  NU\', \'aee4dfdc-ac69-4e49-bc87-262988c7ed58\', 1702773586, \'3\', \'akmal-arrahman\', NULL, \'2023-12-16 18:39:46\', \'2023-12-16 18:39:46\')')
 4 SYSTEMPATH/Database/BaseBuilder.php(1916): CodeIgniter\Database\BaseConnection->query('INSERT INTO `daftar` (`nama_lengkap`, `nominal`, `no_hp`, `email`, `alamat`, `asal_sekolah`, `token`, `id_order`, `id_mentor`, `alias`, `tipe_bimbel`, `created_at`, `updated_at`) VALUES (:nama_lengkap:, :nominal:, :no_hp:, :email:, :alamat:, :asal_sekolah:, :token:, :id_order:, :id_mentor:, :alias:, :tipe_bimbel:, :created_at:, :updated_at:)', [...], false)
 5 SYSTEMPATH/Model.php(279): CodeIgniter\Database\BaseBuilder->insert()
 6 SYSTEMPATH/BaseModel.php(749): CodeIgniter\Model->doInsert([...])
 7 SYSTEMPATH/Model.php(667): CodeIgniter\BaseModel->insert([...], false)
 8 SYSTEMPATH/BaseModel.php(659): CodeIgniter\Model->insert([...], false)
 9 APPPATH/Controllers/Rangking.php(146): CodeIgniter\BaseModel->save([...])
10 SYSTEMPATH/CodeIgniter.php(927): App\Controllers\Rangking->simpan()
11 SYSTEMPATH/CodeIgniter.php(482): CodeIgniter\CodeIgniter->runController(Object(App\Controllers\Rangking))
12 SYSTEMPATH/CodeIgniter.php(351): CodeIgniter\CodeIgniter->handleRequest(null, Object(Config\Cache), false)
13 FCPATH/index.php(67): CodeIgniter\CodeIgniter->run()
14 SYSTEMPATH/Commands/Server/rewrite.php(46): require_once('FCPATH/index.php')
