CRITICAL - 2023-11-26 00:38:37 --> Call to a member function table() on null
in APPPATH/Models/ModelBimbel.php on line 30.
 1 APPPATH/Controllers/User.php(48): App\Models\ModelBimbel->getTotalNominal()
 2 SYSTEMPATH/CodeIgniter.php(927): App\Controllers\User->cek()
 3 SYSTEMPATH/CodeIgniter.php(482): CodeIgniter\CodeIgniter->runController(Object(App\Controllers\User))
 4 SYSTEMPATH/CodeIgniter.php(351): CodeIgniter\CodeIgniter->handleRequest(null, Object(Config\Cache), false)
 5 FCPATH/index.php(67): CodeIgniter\CodeIgniter->run()
 6 SYSTEMPATH/Commands/Server/rewrite.php(46): require_once('FCPATH/index.php')
CRITICAL - 2023-11-26 00:42:51 --> Array to string conversion
in APPPATH/Views/Admin/cek.php on line 36.
 1 APPPATH/Views/Admin/cek.php(36): CodeIgniter\Debug\Exceptions->errorHandler(2, 'Array to string conversion', 'APPPATH/Views/Admin/cek.php', 36)
 2 SYSTEMPATH/View/View.php(213): include('APPPATH/Views/Admin/cek.php')
 3 SYSTEMPATH/View/View.php(216): CodeIgniter\View\View->CodeIgniter\View\{closure}()
 4 SYSTEMPATH/Common.php(1134): CodeIgniter\View\View->render('Admin/cek', [], true)
 5 APPPATH/Controllers/User.php(56): view('Admin/cek', [...])
 6 SYSTEMPATH/CodeIgniter.php(927): App\Controllers\User->cek()
 7 SYSTEMPATH/CodeIgniter.php(482): CodeIgniter\CodeIgniter->runController(Object(App\Controllers\User))
 8 SYSTEMPATH/CodeIgniter.php(351): CodeIgniter\CodeIgniter->handleRequest(null, Object(Config\Cache), false)
 9 FCPATH/index.php(67): CodeIgniter\CodeIgniter->run()
10 SYSTEMPATH/Commands/Server/rewrite.php(46): require_once('FCPATH/index.php')
CRITICAL - 2023-11-26 00:47:02 --> Undefined variable $totalnominal
in APPPATH/Views/Admin/cek.php on line 49.
 1 APPPATH/Views/Admin/cek.php(49): CodeIgniter\Debug\Exceptions->errorHandler(2, 'Undefined variable $totalnominal', 'APPPATH/Views/Admin/cek.php', 49)
 2 SYSTEMPATH/View/View.php(213): include('APPPATH/Views/Admin/cek.php')
 3 SYSTEMPATH/View/View.php(216): CodeIgniter\View\View->CodeIgniter\View\{closure}()
 4 SYSTEMPATH/Common.php(1134): CodeIgniter\View\View->render('Admin/cek', [], true)
 5 APPPATH/Controllers/User.php(56): view('Admin/cek', [...])
 6 SYSTEMPATH/CodeIgniter.php(927): App\Controllers\User->cek()
 7 SYSTEMPATH/CodeIgniter.php(482): CodeIgniter\CodeIgniter->runController(Object(App\Controllers\User))
 8 SYSTEMPATH/CodeIgniter.php(351): CodeIgniter\CodeIgniter->handleRequest(null, Object(Config\Cache), false)
 9 FCPATH/index.php(67): CodeIgniter\CodeIgniter->run()
10 SYSTEMPATH/Commands/Server/rewrite.php(46): require_once('FCPATH/index.php')
CRITICAL - 2023-11-26 00:47:59 --> foreach() argument must be of type array|object, string given
in APPPATH/Views/Admin/cek.php on line 49.
 1 APPPATH/Views/Admin/cek.php(49): CodeIgniter\Debug\Exceptions->errorHandler(2, 'foreach() argument must be of type array|object, string given', 'APPPATH/Views/Admin/cek.php', 49)
 2 SYSTEMPATH/View/View.php(213): include('APPPATH/Views/Admin/cek.php')
 3 SYSTEMPATH/View/View.php(216): CodeIgniter\View\View->CodeIgniter\View\{closure}()
 4 SYSTEMPATH/Common.php(1134): CodeIgniter\View\View->render('Admin/cek', [], true)
 5 APPPATH/Controllers/User.php(56): view('Admin/cek', [...])
 6 SYSTEMPATH/CodeIgniter.php(927): App\Controllers\User->cek()
 7 SYSTEMPATH/CodeIgniter.php(482): CodeIgniter\CodeIgniter->runController(Object(App\Controllers\User))
 8 SYSTEMPATH/CodeIgniter.php(351): CodeIgniter\CodeIgniter->handleRequest(null, Object(Config\Cache), false)
 9 FCPATH/index.php(67): CodeIgniter\CodeIgniter->run()
10 SYSTEMPATH/Commands/Server/rewrite.php(46): require_once('FCPATH/index.php')
CRITICAL - 2023-11-26 00:48:39 --> foreach() argument must be of type array|object, string given
in APPPATH/Views/Admin/cek.php on line 49.
 1 APPPATH/Views/Admin/cek.php(49): CodeIgniter\Debug\Exceptions->errorHandler(2, 'foreach() argument must be of type array|object, string given', 'APPPATH/Views/Admin/cek.php', 49)
 2 SYSTEMPATH/View/View.php(213): include('APPPATH/Views/Admin/cek.php')
 3 SYSTEMPATH/View/View.php(216): CodeIgniter\View\View->CodeIgniter\View\{closure}()
 4 SYSTEMPATH/Common.php(1134): CodeIgniter\View\View->render('Admin/cek', [], true)
 5 APPPATH/Controllers/User.php(56): view('Admin/cek', [...])
 6 SYSTEMPATH/CodeIgniter.php(927): App\Controllers\User->cek()
 7 SYSTEMPATH/CodeIgniter.php(482): CodeIgniter\CodeIgniter->runController(Object(App\Controllers\User))
 8 SYSTEMPATH/CodeIgniter.php(351): CodeIgniter\CodeIgniter->handleRequest(null, Object(Config\Cache), false)
 9 FCPATH/index.php(67): CodeIgniter\CodeIgniter->run()
10 SYSTEMPATH/Commands/Server/rewrite.php(46): require_once('FCPATH/index.php')
CRITICAL - 2023-11-26 01:02:11 --> Undefined array key "total"
in APPPATH/Views/Admin/cek.php on line 52.
 1 APPPATH/Views/Admin/cek.php(52): CodeIgniter\Debug\Exceptions->errorHandler(2, 'Undefined array key "total"', 'APPPATH/Views/Admin/cek.php', 52)
 2 SYSTEMPATH/View/View.php(213): include('APPPATH/Views/Admin/cek.php')
 3 SYSTEMPATH/View/View.php(216): CodeIgniter\View\View->CodeIgniter\View\{closure}()
 4 SYSTEMPATH/Common.php(1134): CodeIgniter\View\View->render('Admin/cek', [], true)
 5 APPPATH/Controllers/User.php(56): view('Admin/cek', [...])
 6 SYSTEMPATH/CodeIgniter.php(927): App\Controllers\User->cek()
 7 SYSTEMPATH/CodeIgniter.php(482): CodeIgniter\CodeIgniter->runController(Object(App\Controllers\User))
 8 SYSTEMPATH/CodeIgniter.php(351): CodeIgniter\CodeIgniter->handleRequest(null, Object(Config\Cache), false)
 9 FCPATH/index.php(67): CodeIgniter\CodeIgniter->run()
10 SYSTEMPATH/Commands/Server/rewrite.php(46): require_once('FCPATH/index.php')
CRITICAL - 2023-11-26 01:02:59 --> foreach() argument must be of type array|object, string given
in APPPATH/Views/Admin/cek.php on line 50.
 1 APPPATH/Views/Admin/cek.php(50): CodeIgniter\Debug\Exceptions->errorHandler(2, 'foreach() argument must be of type array|object, string given', 'APPPATH/Views/Admin/cek.php', 50)
 2 SYSTEMPATH/View/View.php(213): include('APPPATH/Views/Admin/cek.php')
 3 SYSTEMPATH/View/View.php(216): CodeIgniter\View\View->CodeIgniter\View\{closure}()
 4 SYSTEMPATH/Common.php(1134): CodeIgniter\View\View->render('Admin/cek', [], true)
 5 APPPATH/Controllers/User.php(56): view('Admin/cek', [...])
 6 SYSTEMPATH/CodeIgniter.php(927): App\Controllers\User->cek()
 7 SYSTEMPATH/CodeIgniter.php(482): CodeIgniter\CodeIgniter->runController(Object(App\Controllers\User))
 8 SYSTEMPATH/CodeIgniter.php(351): CodeIgniter\CodeIgniter->handleRequest(null, Object(Config\Cache), false)
 9 FCPATH/index.php(67): CodeIgniter\CodeIgniter->run()
10 SYSTEMPATH/Commands/Server/rewrite.php(46): require_once('FCPATH/index.php')
CRITICAL - 2023-11-26 01:03:31 --> Undefined array key "total"
in APPPATH/Views/Admin/cek.php on line 52.
 1 APPPATH/Views/Admin/cek.php(52): CodeIgniter\Debug\Exceptions->errorHandler(2, 'Undefined array key "total"', 'APPPATH/Views/Admin/cek.php', 52)
 2 SYSTEMPATH/View/View.php(213): include('APPPATH/Views/Admin/cek.php')
 3 SYSTEMPATH/View/View.php(216): CodeIgniter\View\View->CodeIgniter\View\{closure}()
 4 SYSTEMPATH/Common.php(1134): CodeIgniter\View\View->render('Admin/cek', [], true)
 5 APPPATH/Controllers/User.php(56): view('Admin/cek', [...])
 6 SYSTEMPATH/CodeIgniter.php(927): App\Controllers\User->cek()
 7 SYSTEMPATH/CodeIgniter.php(482): CodeIgniter\CodeIgniter->runController(Object(App\Controllers\User))
 8 SYSTEMPATH/CodeIgniter.php(351): CodeIgniter\CodeIgniter->handleRequest(null, Object(Config\Cache), false)
 9 FCPATH/index.php(67): CodeIgniter\CodeIgniter->run()
10 SYSTEMPATH/Commands/Server/rewrite.php(46): require_once('FCPATH/index.php')
CRITICAL - 2023-11-26 02:29:31 --> The original file is not a valid file.
in SYSTEMPATH/HTTP/Files/UploadedFile.php on line 137.
 1 SYSTEMPATH/HTTP/Files/UploadedFile.php(137): CodeIgniter\HTTP\Exceptions\HTTPException::forInvalidFile()
 2 APPPATH/Controllers/TaskControll.php(86): CodeIgniter\HTTP\Files\UploadedFile->move('FCPATH/hasil', '1700987371_4c34826b0584410485a0')
 3 SYSTEMPATH/CodeIgniter.php(927): App\Controllers\TaskControll->simpan()
 4 SYSTEMPATH/CodeIgniter.php(482): CodeIgniter\CodeIgniter->runController(Object(App\Controllers\TaskControll))
 5 SYSTEMPATH/CodeIgniter.php(351): CodeIgniter\CodeIgniter->handleRequest(null, Object(Config\Cache), false)
 6 FCPATH/index.php(67): CodeIgniter\CodeIgniter->run()
 7 SYSTEMPATH/Commands/Server/rewrite.php(46): require_once('FCPATH/index.php')
