ERROR - 2024-01-03 07:05:27 --> Error connecting to the database: mysqli_sql_exception: Connection refused in /Users/mymac/Documents/semester 5/ecomer/Bimbel-ecom/system/Database/MySQLi/Connection.php:170
Stack trace:
#0 /Users/mymac/Documents/semester 5/ecomer/Bimbel-ecom/system/Database/MySQLi/Connection.php(170): mysqli->real_connect('127.0.0.1', 'root', Object(SensitiveParameterValue), 'bimbel_rangking', 3306, '', 0)
#1 /Users/mymac/Documents/semester 5/ecomer/Bimbel-ecom/system/Database/BaseConnection.php(382): CodeIgniter\Database\MySQLi\Connection->connect(false)
#2 /Users/mymac/Documents/semester 5/ecomer/Bimbel-ecom/system/Database/BaseConnection.php(561): CodeIgniter\Database\BaseConnection->initialize()
#3 /Users/mymac/Documents/semester 5/ecomer/Bimbel-ecom/system/Database/BaseBuilder.php(1585): CodeIgniter\Database\BaseConnection->query('SELECT *\nFROM `...', Array, false)
#4 /Users/mymac/Documents/semester 5/ecomer/Bimbel-ecom/system/Model.php(223): CodeIgniter\Database\BaseBuilder->get()
#5 /Users/mymac/Documents/semester 5/ecomer/Bimbel-ecom/system/BaseModel.php(585): CodeIgniter\Model->doFindAll(0, 0)
#6 /Users/mymac/Documents/semester 5/ecomer/Bimbel-ecom/app/Controllers/TaskControll.php(157): CodeIgniter\BaseModel->findAll()
#7 /Users/mymac/Documents/semester 5/ecomer/Bimbel-ecom/system/CodeIgniter.php(927): App\Controllers\TaskControll->Testi()
#8 /Users/mymac/Documents/semester 5/ecomer/Bimbel-ecom/system/CodeIgniter.php(482): CodeIgniter\CodeIgniter->runController(Object(App\Controllers\TaskControll))
#9 /Users/mymac/Documents/semester 5/ecomer/Bimbel-ecom/system/CodeIgniter.php(351): CodeIgniter\CodeIgniter->handleRequest(NULL, Object(Config\Cache), false)
#10 /Users/mymac/Documents/semester 5/ecomer/Bimbel-ecom/public/index.php(67): CodeIgniter\CodeIgniter->run()
#11 /Users/mymac/Documents/semester 5/ecomer/Bimbel-ecom/system/Commands/Server/rewrite.php(46): require_once('/Users/mymac/Do...')
#12 {main}

Next CodeIgniter\Database\Exceptions\DatabaseException: Connection refused in /Users/mymac/Documents/semester 5/ecomer/Bimbel-ecom/system/Database/MySQLi/Connection.php:215
Stack trace:
#0 /Users/mymac/Documents/semester 5/ecomer/Bimbel-ecom/system/Database/BaseConnection.php(382): CodeIgniter\Database\MySQLi\Connection->connect(false)
#1 /Users/mymac/Documents/semester 5/ecomer/Bimbel-ecom/system/Database/BaseConnection.php(561): CodeIgniter\Database\BaseConnection->initialize()
#2 /Users/mymac/Documents/semester 5/ecomer/Bimbel-ecom/system/Database/BaseBuilder.php(1585): CodeIgniter\Database\BaseConnection->query('SELECT *\nFROM `...', Array, false)
#3 /Users/mymac/Documents/semester 5/ecomer/Bimbel-ecom/system/Model.php(223): CodeIgniter\Database\BaseBuilder->get()
#4 /Users/mymac/Documents/semester 5/ecomer/Bimbel-ecom/system/BaseModel.php(585): CodeIgniter\Model->doFindAll(0, 0)
#5 /Users/mymac/Documents/semester 5/ecomer/Bimbel-ecom/app/Controllers/TaskControll.php(157): CodeIgniter\BaseModel->findAll()
#6 /Users/mymac/Documents/semester 5/ecomer/Bimbel-ecom/system/CodeIgniter.php(927): App\Controllers\TaskControll->Testi()
#7 /Users/mymac/Documents/semester 5/ecomer/Bimbel-ecom/system/CodeIgniter.php(482): CodeIgniter\CodeIgniter->runController(Object(App\Controllers\TaskControll))
#8 /Users/mymac/Documents/semester 5/ecomer/Bimbel-ecom/system/CodeIgniter.php(351): CodeIgniter\CodeIgniter->handleRequest(NULL, Object(Config\Cache), false)
#9 /Users/mymac/Documents/semester 5/ecomer/Bimbel-ecom/public/index.php(67): CodeIgniter\CodeIgniter->run()
#10 /Users/mymac/Documents/semester 5/ecomer/Bimbel-ecom/system/Commands/Server/rewrite.php(46): require_once('/Users/mymac/Do...')
#11 {main}
CRITICAL - 2024-01-03 07:05:27 --> Unable to connect to the database.
Main connection [MySQLi]: Connection refused
in SYSTEMPATH/Database/BaseConnection.php on line 418.
 1 SYSTEMPATH/Database/BaseConnection.php(561): CodeIgniter\Database\BaseConnection->initialize()
 2 SYSTEMPATH/Database/BaseBuilder.php(1585): CodeIgniter\Database\BaseConnection->query('SELECT *
FROM `testi`
JOIN `daftar` ON `daftar`.`id`=`testi`.`id`', [], false)
 3 SYSTEMPATH/Model.php(223): CodeIgniter\Database\BaseBuilder->get()
 4 SYSTEMPATH/BaseModel.php(585): CodeIgniter\Model->doFindAll(0, 0)
 5 APPPATH/Controllers/TaskControll.php(157): CodeIgniter\BaseModel->findAll()
 6 SYSTEMPATH/CodeIgniter.php(927): App\Controllers\TaskControll->Testi()
 7 SYSTEMPATH/CodeIgniter.php(482): CodeIgniter\CodeIgniter->runController(Object(App\Controllers\TaskControll))
 8 SYSTEMPATH/CodeIgniter.php(351): CodeIgniter\CodeIgniter->handleRequest(null, Object(Config\Cache), false)
 9 FCPATH/index.php(67): CodeIgniter\CodeIgniter->run()
10 SYSTEMPATH/Commands/Server/rewrite.php(46): require_once('FCPATH/index.php')
